# JRE version: OpenJDK Runtime Environment (8.0_332-b08) (build 1.8.0_332-b08)
# Java VM: OpenJDK 64-Bit Server VM (25.332-b08 mixed mode windows-amd64 compressed oops)
Heap:
 PSYoungGen      total 465408K, used 345698K [0x00000000e0700000, 0x0000000100000000, 0x0000000100000000)
  eden space 418304K, 76% used [0x00000000e0700000,0x00000000f3f730f8,0x00000000f9f80000)
  from space 47104K, 54% used [0x00000000f9f80000,0x00000000fb8a5730,0x00000000fcd80000)
  to   space 47104K, 0% used [0x00000000fd200000,0x00000000fd200000,0x0000000100000000)
 ParOldGen       total 156160K, used 130313K [0x00000000a1400000, 0x00000000aac80000, 0x00000000e0700000)
  object space 156160K, 83% used [0x00000000a1400000,0x00000000a9342660,0x00000000aac80000)
 Metaspace       used 42874K, capacity 43293K, committed 43648K, reserved 1087488K
  class space    used 5345K, capacity 5460K, committed 5504K, reserved 1048576K
GC Heap History (10 events):
Event: 35.365 GC heap before
{Heap before GC invocations=20 (full 3):
 PSYoungGen      total 428544K, used 412401K [0x00000000e0700000, 0x00000000fc500000, 0x0000000100000000)
  eden space 402432K, 100% used [0x00000000e0700000,0x00000000f9000000,0x00000000f9000000)
  from space 26112K, 38% used [0x00000000fa980000,0x00000000fb33c468,0x00000000fc300000)
  to   space 26112K, 0% used [0x00000000f9000000,0x00000000f9000000,0x00000000fa980000)
 ParOldGen       total 156160K, used 82834K [0x00000000a1400000, 0x00000000aac80000, 0x00000000e0700000)
  object space 156160K, 53% used [0x00000000a1400000,0x00000000a64e4b70,0x00000000aac80000)
 Metaspace       used 36402K, capacity 36741K, committed 37248K, reserved 1081344K
  class space    used 4547K, capacity 4647K, committed 4736K, reserved 1048576K
Event: 35.419 GC heap after
Heap after GC invocations=20 (full 3):
 PSYoungGen      total 428544K, used 26084K [0x00000000e0700000, 0x0000000100000000, 0x0000000100000000)
  eden space 402432K, 0% used [0x00000000e0700000,0x00000000e0700000,0x00000000f9000000)
  from space 26112K, 99% used [0x00000000f9000000,0x00000000fa9790a0,0x00000000fa980000)
  to   space 39424K, 0% used [0x00000000fd980000,0x00000000fd980000,0x0000000100000000)
 ParOldGen       total 156160K, used 109294K [0x00000000a1400000, 0x00000000aac80000, 0x00000000e0700000)
  object space 156160K, 69% used [0x00000000a1400000,0x00000000a7ebb958,0x00000000aac80000)
 Metaspace       used 36402K, capacity 36741K, committed 37248K, reserved 1081344K
  class space    used 4547K, capacity 4647K, committed 4736K, reserved 1048576K
}
Event: 88.572 GC heap before
{Heap before GC invocations=21 (full 3):
 PSYoungGen      total 428544K, used 428516K [0x00000000e0700000, 0x0000000100000000, 0x0000000100000000)
  eden space 402432K, 100% used [0x00000000e0700000,0x00000000f9000000,0x00000000f9000000)
  from space 26112K, 99% used [0x00000000f9000000,0x00000000fa9790a0,0x00000000fa980000)
  to   space 39424K, 0% used [0x00000000fd980000,0x00000000fd980000,0x0000000100000000)
 ParOldGen       total 156160K, used 109294K [0x00000000a1400000, 0x00000000aac80000, 0x00000000e0700000)
  object space 156160K, 69% used [0x00000000a1400000,0x00000000a7ebb958,0x00000000aac80000)
 Metaspace       used 38676K, capacity 39033K, committed 39296K, reserved 1083392K
  class space    used 4838K, capacity 4941K, committed 4992K, reserved 1048576K
Event: 88.820 GC heap after
Heap after GC invocations=21 (full 3):
 PSYoungGen      total 456192K, used 39407K [0x00000000e0700000, 0x0000000100000000, 0x0000000100000000)
  eden space 416768K, 0% used [0x00000000e0700000,0x00000000e0700000,0x00000000f9e00000)
  from space 39424K, 99% used [0x00000000fd980000,0x00000000ffffbd88,0x0000000100000000)
  to   space 50176K, 0% used [0x00000000f9e00000,0x00000000f9e00000,0x00000000fcf00000)
 ParOldGen       total 156160K, used 120848K [0x00000000a1400000, 0x00000000aac80000, 0x00000000e0700000)
  object space 156160K, 77% used [0x00000000a1400000,0x00000000a8a04188,0x00000000aac80000)
 Metaspace       used 38676K, capacity 39033K, committed 39296K, reserved 1083392K
  class space    used 4838K, capacity 4941K, committed 4992K, reserved 1048576K
}
Event: 95.874 GC heap before
{Heap before GC invocations=22 (full 3):
 PSYoungGen      total 456192K, used 456175K [0x00000000e0700000, 0x0000000100000000, 0x0000000100000000)
  eden space 416768K, 100% used [0x00000000e0700000,0x00000000f9e00000,0x00000000f9e00000)
  from space 39424K, 99% used [0x00000000fd980000,0x00000000ffffbd88,0x0000000100000000)
  to   space 50176K, 0% used [0x00000000f9e00000,0x00000000f9e00000,0x00000000fcf00000)
 ParOldGen       total 156160K, used 120848K [0x00000000a1400000, 0x00000000aac80000, 0x00000000e0700000)
  object space 156160K, 77% used [0x00000000a1400000,0x00000000a8a04188,0x00000000aac80000)
 Metaspace       used 40457K, capacity 40795K, committed 41344K, reserved 1085440K
  class space    used 5016K, capacity 5138K, committed 5248K, reserved 1048576K
Event: 95.904 GC heap after
Heap after GC invocations=22 (full 3):
 PSYoungGen      total 466944K, used 9761K [0x00000000e0700000, 0x0000000100000000, 0x0000000100000000)
  eden space 416768K, 0% used [0x00000000e0700000,0x00000000e0700000,0x00000000f9e00000)
  from space 50176K, 19% used [0x00000000f9e00000,0x00000000fa788588,0x00000000fcf00000)
  to   space 48640K, 0% used [0x00000000fd080000,0x00000000fd080000,0x0000000100000000)
 ParOldGen       total 156160K, used 130297K [0x00000000a1400000, 0x00000000aac80000, 0x00000000e0700000)
  object space 156160K, 83% used [0x00000000a1400000,0x00000000a933e660,0x00000000aac80000)
 Metaspace       used 40457K, capacity 40795K, committed 41344K, reserved 1085440K
  class space    used 5016K, capacity 5138K, committed 5248K, reserved 1048576K
}
Event: 100.431 GC heap before
{Heap before GC invocations=23 (full 3):
 PSYoungGen      total 466944K, used 426529K [0x00000000e0700000, 0x0000000100000000, 0x0000000100000000)
  eden space 416768K, 100% used [0x00000000e0700000,0x00000000f9e00000,0x00000000f9e00000)
  from space 50176K, 19% used [0x00000000f9e00000,0x00000000fa788588,0x00000000fcf00000)
  to   space 48640K, 0% used [0x00000000fd080000,0x00000000fd080000,0x0000000100000000)
 ParOldGen       total 156160K, used 130297K [0x00000000a1400000, 0x00000000aac80000, 0x00000000e0700000)
  object space 156160K, 83% used [0x00000000a1400000,0x00000000a933e660,0x00000000aac80000)
 Metaspace       used 40564K, capacity 40923K, committed 41344K, reserved 1085440K
  class space    used 5016K, capacity 5138K, committed 5248K, reserved 1048576K
Event: 100.444 GC heap after
Heap after GC invocations=23 (full 3):
 PSYoungGen      total 462336K, used 11091K [0x00000000e0700000, 0x00000000ffb80000, 0x0000000100000000)
  eden space 418304K, 0% used [0x00000000e0700000,0x00000000e0700000,0x00000000f9f80000)
  from space 44032K, 25% used [0x00000000fd080000,0x00000000fdb54f90,0x00000000ffb80000)
  to   space 47104K, 0% used [0x00000000f9f80000,0x00000000f9f80000,0x00000000fcd80000)
 ParOldGen       total 156160K, used 130305K [0x00000000a1400000, 0x00000000aac80000, 0x00000000e0700000)
  object space 156160K, 83% used [0x00000000a1400000,0x00000000a9340660,0x00000000aac80000)
 Metaspace       used 40564K, capacity 40923K, committed 41344K, reserved 1085440K
  class space    used 5016K, capacity 5138K, committed 5248K, reserved 1048576K
}
Event: 106.544 GC heap before
{Heap before GC invocations=24 (full 3):
 PSYoungGen      total 462336K, used 429395K [0x00000000e0700000, 0x00000000ffb80000, 0x0000000100000000)
  eden space 418304K, 100% used [0x00000000e0700000,0x00000000f9f80000,0x00000000f9f80000)
  from space 44032K, 25% used [0x00000000fd080000,0x00000000fdb54f90,0x00000000ffb80000)
  to   space 47104K, 0% used [0x00000000f9f80000,0x00000000f9f80000,0x00000000fcd80000)
 ParOldGen       total 156160K, used 130305K [0x00000000a1400000, 0x00000000aac80000, 0x00000000e0700000)
  object space 156160K, 83% used [0x00000000a1400000,0x00000000a9340660,0x00000000aac80000)
 Metaspace       used 41147K, capacity 41467K, committed 41856K, reserved 1085440K
  class space    used 5073K, capacity 5170K, committed 5248K, reserved 1048576K
Event: 106.562 GC heap after
Heap after GC invocations=24 (full 3):
 PSYoungGen      total 465408K, used 25749K [0x00000000e0700000, 0x0000000100000000, 0x0000000100000000)
  eden space 418304K, 0% used [0x00000000e0700000,0x00000000e0700000,0x00000000f9f80000)
  from space 47104K, 54% used [0x00000000f9f80000,0x00000000fb8a5730,0x00000000fcd80000)
  to   space 47104K, 0% used [0x00000000fd200000,0x00000000fd200000,0x0000000100000000)
 ParOldGen       total 156160K, used 130313K [0x00000000a1400000, 0x00000000aac80000, 0x00000000e0700000)
  object space 156160K, 83% used [0x00000000a1400000,0x00000000a9342660,0x00000000aac80000)
 Metaspace       used 41147K, capacity 41467K, committed 41856K, reserved 1085440K
  class space    used 5073K, capacity 5170K, committed 5248K, reserved 1048576K
}

