# JRE version: OpenJDK Runtime Environment (8.0_332-b08) (build 1.8.0_332-b08)
# Java VM: OpenJDK 64-Bit Server VM (25.332-b08 mixed mode windows-amd64 compressed oops)
Heap:
 PSYoungGen      total 345088K, used 4797K [0x00000000e0700000, 0x0000000100000000, 0x0000000100000000)
  eden space 173056K, 2% used [0x00000000e0700000,0x00000000e0baf708,0x00000000eb000000)
  from space 172032K, 0% used [0x00000000eb000000,0x00000000eb000000,0x00000000f5800000)
  to   space 172032K, 0% used [0x00000000f5800000,0x00000000f5800000,0x0000000100000000)
 ParOldGen       total 815616K, used 474549K [0x00000000a1400000, 0x00000000d3080000, 0x00000000e0700000)
  object space 815616K, 58% used [0x00000000a1400000,0x00000000be36d640,0x00000000d3080000)
 Metaspace       used 53907K, capacity 54291K, committed 54912K, reserved 1097728K
  class space    used 6431K, capacity 6528K, committed 6528K, reserved 1048576K
GC Heap History (10 events):
Event: 116.793 GC heap before
{Heap before GC invocations=53 (full 10):
 PSYoungGen      total 345088K, used 173056K [0x00000000e0700000, 0x0000000100000000, 0x0000000100000000)
  eden space 173056K, 100% used [0x00000000e0700000,0x00000000eb000000,0x00000000eb000000)
  from space 172032K, 0% used [0x00000000f5800000,0x00000000f5800000,0x0000000100000000)
  to   space 172032K, 0% used [0x00000000eb000000,0x00000000eb000000,0x00000000f5800000)
 ParOldGen       total 815616K, used 576741K [0x00000000a1400000, 0x00000000d3080000, 0x00000000e0700000)
  object space 815616K, 70% used [0x00000000a1400000,0x00000000c4739590,0x00000000d3080000)
 Metaspace       used 53893K, capacity 54291K, committed 54912K, reserved 1097728K
  class space    used 6430K, capacity 6528K, committed 6528K, reserved 1048576K
Event: 116.817 GC heap after
Heap after GC invocations=53 (full 10):
 PSYoungGen      total 345088K, used 49490K [0x00000000e0700000, 0x0000000100000000, 0x0000000100000000)
  eden space 173056K, 0% used [0x00000000e0700000,0x00000000e0700000,0x00000000eb000000)
  from space 172032K, 28% used [0x00000000eb000000,0x00000000ee054af0,0x00000000f5800000)
  to   space 172032K, 0% used [0x00000000f5800000,0x00000000f5800000,0x0000000100000000)
 ParOldGen       total 815616K, used 576749K [0x00000000a1400000, 0x00000000d3080000, 0x00000000e0700000)
  object space 815616K, 70% used [0x00000000a1400000,0x00000000c473b590,0x00000000d3080000)
 Metaspace       used 53893K, capacity 54291K, committed 54912K, reserved 1097728K
  class space    used 6430K, capacity 6528K, committed 6528K, reserved 1048576K
}
Event: 118.644 GC heap before
{Heap before GC invocations=54 (full 10):
 PSYoungGen      total 345088K, used 92964K [0x00000000e0700000, 0x0000000100000000, 0x0000000100000000)
  eden space 173056K, 25% used [0x00000000e0700000,0x00000000e3174860,0x00000000eb000000)
  from space 172032K, 28% used [0x00000000eb000000,0x00000000ee054af0,0x00000000f5800000)
  to   space 172032K, 0% used [0x00000000f5800000,0x00000000f5800000,0x0000000100000000)
 ParOldGen       total 815616K, used 576749K [0x00000000a1400000, 0x00000000d3080000, 0x00000000e0700000)
  object space 815616K, 70% used [0x00000000a1400000,0x00000000c473b590,0x00000000d3080000)
 Metaspace       used 53899K, capacity 54291K, committed 54912K, reserved 1097728K
  class space    used 6430K, capacity 6528K, committed 6528K, reserved 1048576K
Event: 118.654 GC heap after
Heap after GC invocations=54 (full 10):
 PSYoungGen      total 345088K, used 576K [0x00000000e0700000, 0x0000000100000000, 0x0000000100000000)
  eden space 173056K, 0% used [0x00000000e0700000,0x00000000e0700000,0x00000000eb000000)
  from space 172032K, 0% used [0x00000000f5800000,0x00000000f5890000,0x0000000100000000)
  to   space 172032K, 0% used [0x00000000eb000000,0x00000000eb000000,0x00000000f5800000)
 ParOldGen       total 815616K, used 588376K [0x00000000a1400000, 0x00000000d3080000, 0x00000000e0700000)
  object space 815616K, 72% used [0x00000000a1400000,0x00000000c5296120,0x00000000d3080000)
 Metaspace       used 53899K, capacity 54291K, committed 54912K, reserved 1097728K
  class space    used 6430K, capacity 6528K, committed 6528K, reserved 1048576K
}
Event: 118.654 GC heap before
{Heap before GC invocations=55 (full 11):
 PSYoungGen      total 345088K, used 576K [0x00000000e0700000, 0x0000000100000000, 0x0000000100000000)
  eden space 173056K, 0% used [0x00000000e0700000,0x00000000e0700000,0x00000000eb000000)
  from space 172032K, 0% used [0x00000000f5800000,0x00000000f5890000,0x0000000100000000)
  to   space 172032K, 0% used [0x00000000eb000000,0x00000000eb000000,0x00000000f5800000)
 ParOldGen       total 815616K, used 588376K [0x00000000a1400000, 0x00000000d3080000, 0x00000000e0700000)
  object space 815616K, 72% used [0x00000000a1400000,0x00000000c5296120,0x00000000d3080000)
 Metaspace       used 53899K, capacity 54291K, committed 54912K, reserved 1097728K
  class space    used 6430K, capacity 6528K, committed 6528K, reserved 1048576K
Event: 119.417 GC heap after
Heap after GC invocations=55 (full 11):
 PSYoungGen      total 345088K, used 0K [0x00000000e0700000, 0x0000000100000000, 0x0000000100000000)
  eden space 173056K, 0% used [0x00000000e0700000,0x00000000e0700000,0x00000000eb000000)
  from space 172032K, 0% used [0x00000000f5800000,0x00000000f5800000,0x0000000100000000)
  to   space 172032K, 0% used [0x00000000eb000000,0x00000000eb000000,0x00000000f5800000)
 ParOldGen       total 815616K, used 474550K [0x00000000a1400000, 0x00000000d3080000, 0x00000000e0700000)
  object space 815616K, 58% used [0x00000000a1400000,0x00000000be36d8a0,0x00000000d3080000)
 Metaspace       used 53899K, capacity 54291K, committed 54912K, reserved 1097728K
  class space    used 6430K, capacity 6528K, committed 6528K, reserved 1048576K
}
Event: 119.417 GC heap before
{Heap before GC invocations=56 (full 11):
 PSYoungGen      total 345088K, used 83K [0x00000000e0700000, 0x0000000100000000, 0x0000000100000000)
  eden space 173056K, 0% used [0x00000000e0700000,0x00000000e0714f48,0x00000000eb000000)
  from space 172032K, 0% used [0x00000000f5800000,0x00000000f5800000,0x0000000100000000)
  to   space 172032K, 0% used [0x00000000eb000000,0x00000000eb000000,0x00000000f5800000)
 ParOldGen       total 815616K, used 474550K [0x00000000a1400000, 0x00000000d3080000, 0x00000000e0700000)
  object space 815616K, 58% used [0x00000000a1400000,0x00000000be36d8a0,0x00000000d3080000)
 Metaspace       used 53899K, capacity 54291K, committed 54912K, reserved 1097728K
  class space    used 6430K, capacity 6528K, committed 6528K, reserved 1048576K
Event: 119.422 GC heap after
Heap after GC invocations=56 (full 11):
 PSYoungGen      total 345088K, used 128K [0x00000000e0700000, 0x0000000100000000, 0x0000000100000000)
  eden space 173056K, 0% used [0x00000000e0700000,0x00000000e0700000,0x00000000eb000000)
  from space 172032K, 0% used [0x00000000eb000000,0x00000000eb020000,0x00000000f5800000)
  to   space 172032K, 0% used [0x00000000f5800000,0x00000000f5800000,0x0000000100000000)
 ParOldGen       total 815616K, used 474550K [0x00000000a1400000, 0x00000000d3080000, 0x00000000e0700000)
  object space 815616K, 58% used [0x00000000a1400000,0x00000000be36d8a0,0x00000000d3080000)
 Metaspace       used 53899K, capacity 54291K, committed 54912K, reserved 1097728K
  class space    used 6430K, capacity 6528K, committed 6528K, reserved 1048576K
}
Event: 119.422 GC heap before
{Heap before GC invocations=57 (full 12):
 PSYoungGen      total 345088K, used 128K [0x00000000e0700000, 0x0000000100000000, 0x0000000100000000)
  eden space 173056K, 0% used [0x00000000e0700000,0x00000000e0700000,0x00000000eb000000)
  from space 172032K, 0% used [0x00000000eb000000,0x00000000eb020000,0x00000000f5800000)
  to   space 172032K, 0% used [0x00000000f5800000,0x00000000f5800000,0x0000000100000000)
 ParOldGen       total 815616K, used 474550K [0x00000000a1400000, 0x00000000d3080000, 0x00000000e0700000)
  object space 815616K, 58% used [0x00000000a1400000,0x00000000be36d8a0,0x00000000d3080000)
 Metaspace       used 53899K, capacity 54291K, committed 54912K, reserved 1097728K
  class space    used 6430K, capacity 6528K, committed 6528K, reserved 1048576K
Event: 119.612 GC heap after
Heap after GC invocations=57 (full 12):
 PSYoungGen      total 345088K, used 0K [0x00000000e0700000, 0x0000000100000000, 0x0000000100000000)
  eden space 173056K, 0% used [0x00000000e0700000,0x00000000e0700000,0x00000000eb000000)
  from space 172032K, 0% used [0x00000000eb000000,0x00000000eb000000,0x00000000f5800000)
  to   space 172032K, 0% used [0x00000000f5800000,0x00000000f5800000,0x0000000100000000)
 ParOldGen       total 815616K, used 474549K [0x00000000a1400000, 0x00000000d3080000, 0x00000000e0700000)
  object space 815616K, 58% used [0x00000000a1400000,0x00000000be36d640,0x00000000d3080000)
 Metaspace       used 53899K, capacity 54291K, committed 54912K, reserved 1097728K
  class space    used 6430K, capacity 6528K, committed 6528K, reserved 1048576K
}

