# JRE version: OpenJDK Runtime Environment (8.0_332-b08) (build 1.8.0_332-b08)
# Java VM: OpenJDK 64-Bit Server VM (25.332-b08 mixed mode windows-amd64 compressed oops)
Heap:
 PSYoungGen      total 428032K, used 324595K [0x00000000e0700000, 0x00000000ff600000, 0x0000000100000000)
  eden space 353280K, 84% used [0x00000000e0700000,0x00000000f2985cc0,0x00000000f6000000)
  from space 74752K, 36% used [0x00000000fad00000,0x00000000fc776f68,0x00000000ff600000)
  to   space 76800K, 0% used [0x00000000f6000000,0x00000000f6000000,0x00000000fab00000)
 ParOldGen       total 515072K, used 426814K [0x00000000a1400000, 0x00000000c0b00000, 0x00000000e0700000)
  object space 515072K, 82% used [0x00000000a1400000,0x00000000bb4cf808,0x00000000c0b00000)
 Metaspace       used 103555K, capacity 106779K, committed 107312K, reserved 1144832K
  class space    used 11715K, capacity 12469K, committed 12592K, reserved 1048576K
GC Heap History (10 events):
Event: 706.878 GC heap before
{Heap before GC invocations=188 (full 12):
 PSYoungGen      total 418816K, used 373378K [0x00000000e0700000, 0x00000000ff580000, 0x0000000100000000)
  eden space 335360K, 100% used [0x00000000e0700000,0x00000000f4e80000,0x00000000f4e80000)
  from space 83456K, 45% used [0x00000000f4e80000,0x00000000f73a08e8,0x00000000fa000000)
  to   space 81920K, 0% used [0x00000000fa580000,0x00000000fa580000,0x00000000ff580000)
 ParOldGen       total 515072K, used 415800K [0x00000000a1400000, 0x00000000c0b00000, 0x00000000e0700000)
  object space 515072K, 80% used [0x00000000a1400000,0x00000000baa0e1a0,0x00000000c0b00000)
 Metaspace       used 103404K, capacity 106579K, committed 106928K, reserved 1144832K
  class space    used 11691K, capacity 12403K, committed 12464K, reserved 1048576K
Event: 706.895 GC heap after
Heap after GC invocations=188 (full 12):
 PSYoungGen      total 420352K, used 36206K [0x00000000e0700000, 0x00000000ff200000, 0x0000000100000000)
  eden space 342016K, 0% used [0x00000000e0700000,0x00000000e0700000,0x00000000f5500000)
  from space 78336K, 46% used [0x00000000fa580000,0x00000000fc8db968,0x00000000ff200000)
  to   space 80384K, 0% used [0x00000000f5500000,0x00000000f5500000,0x00000000fa380000)
 ParOldGen       total 515072K, used 418407K [0x00000000a1400000, 0x00000000c0b00000, 0x00000000e0700000)
  object space 515072K, 81% used [0x00000000a1400000,0x00000000bac99df0,0x00000000c0b00000)
 Metaspace       used 103404K, capacity 106579K, committed 106928K, reserved 1144832K
  class space    used 11691K, capacity 12403K, committed 12464K, reserved 1048576K
}
Event: 713.460 GC heap before
{Heap before GC invocations=189 (full 12):
 PSYoungGen      total 420352K, used 378222K [0x00000000e0700000, 0x00000000ff200000, 0x0000000100000000)
  eden space 342016K, 100% used [0x00000000e0700000,0x00000000f5500000,0x00000000f5500000)
  from space 78336K, 46% used [0x00000000fa580000,0x00000000fc8db968,0x00000000ff200000)
  to   space 80384K, 0% used [0x00000000f5500000,0x00000000f5500000,0x00000000fa380000)
 ParOldGen       total 515072K, used 418407K [0x00000000a1400000, 0x00000000c0b00000, 0x00000000e0700000)
  object space 515072K, 81% used [0x00000000a1400000,0x00000000bac99df0,0x00000000c0b00000)
 Metaspace       used 103408K, capacity 106579K, committed 106928K, reserved 1144832K
  class space    used 11691K, capacity 12403K, committed 12464K, reserved 1048576K
Event: 713.476 GC heap after
Heap after GC invocations=189 (full 12):
 PSYoungGen      total 422400K, used 33635K [0x00000000e0700000, 0x00000000ff580000, 0x0000000100000000)
  eden space 342016K, 0% used [0x00000000e0700000,0x00000000e0700000,0x00000000f5500000)
  from space 80384K, 41% used [0x00000000f5500000,0x00000000f75d8c98,0x00000000fa380000)
  to   space 79360K, 0% used [0x00000000fa800000,0x00000000fa800000,0x00000000ff580000)
 ParOldGen       total 515072K, used 420763K [0x00000000a1400000, 0x00000000c0b00000, 0x00000000e0700000)
  object space 515072K, 81% used [0x00000000a1400000,0x00000000baee6de0,0x00000000c0b00000)
 Metaspace       used 103408K, capacity 106579K, committed 106928K, reserved 1144832K
  class space    used 11691K, capacity 12403K, committed 12464K, reserved 1048576K
}
Event: 724.582 GC heap before
{Heap before GC invocations=190 (full 12):
 PSYoungGen      total 422400K, used 375651K [0x00000000e0700000, 0x00000000ff580000, 0x0000000100000000)
  eden space 342016K, 100% used [0x00000000e0700000,0x00000000f5500000,0x00000000f5500000)
  from space 80384K, 41% used [0x00000000f5500000,0x00000000f75d8c98,0x00000000fa380000)
  to   space 79360K, 0% used [0x00000000fa800000,0x00000000fa800000,0x00000000ff580000)
 ParOldGen       total 515072K, used 420763K [0x00000000a1400000, 0x00000000c0b00000, 0x00000000e0700000)
  object space 515072K, 81% used [0x00000000a1400000,0x00000000baee6de0,0x00000000c0b00000)
 Metaspace       used 103410K, capacity 106579K, committed 106928K, reserved 1144832K
  class space    used 11691K, capacity 12403K, committed 12464K, reserved 1048576K
Event: 724.691 GC heap after
Heap after GC invocations=190 (full 12):
 PSYoungGen      total 427008K, used 30978K [0x00000000e0700000, 0x00000000ff480000, 0x0000000100000000)
  eden space 348672K, 0% used [0x00000000e0700000,0x00000000e0700000,0x00000000f5b80000)
  from space 78336K, 39% used [0x00000000fa800000,0x00000000fc640a48,0x00000000ff480000)
  to   space 78336K, 0% used [0x00000000f5b80000,0x00000000f5b80000,0x00000000fa800000)
 ParOldGen       total 515072K, used 422849K [0x00000000a1400000, 0x00000000c0b00000, 0x00000000e0700000)
  object space 515072K, 82% used [0x00000000a1400000,0x00000000bb0f05a0,0x00000000c0b00000)
 Metaspace       used 103410K, capacity 106579K, committed 106928K, reserved 1144832K
  class space    used 11691K, capacity 12403K, committed 12464K, reserved 1048576K
}
Event: 737.659 GC heap before
{Heap before GC invocations=191 (full 12):
 PSYoungGen      total 427008K, used 379650K [0x00000000e0700000, 0x00000000ff480000, 0x0000000100000000)
  eden space 348672K, 100% used [0x00000000e0700000,0x00000000f5b80000,0x00000000f5b80000)
  from space 78336K, 39% used [0x00000000fa800000,0x00000000fc640a48,0x00000000ff480000)
  to   space 78336K, 0% used [0x00000000f5b80000,0x00000000f5b80000,0x00000000fa800000)
 ParOldGen       total 515072K, used 422849K [0x00000000a1400000, 0x00000000c0b00000, 0x00000000e0700000)
  object space 515072K, 82% used [0x00000000a1400000,0x00000000bb0f05a0,0x00000000c0b00000)
 Metaspace       used 103411K, capacity 106579K, committed 106928K, reserved 1144832K
  class space    used 11691K, capacity 12403K, committed 12464K, reserved 1048576K
Event: 737.680 GC heap after
Heap after GC invocations=191 (full 12):
 PSYoungGen      total 427008K, used 27760K [0x00000000e0700000, 0x00000000ff900000, 0x0000000100000000)
  eden space 348672K, 0% used [0x00000000e0700000,0x00000000e0700000,0x00000000f5b80000)
  from space 78336K, 35% used [0x00000000f5b80000,0x00000000f769c198,0x00000000fa800000)
  to   space 77824K, 0% used [0x00000000fad00000,0x00000000fad00000,0x00000000ff900000)
 ParOldGen       total 515072K, used 426183K [0x00000000a1400000, 0x00000000c0b00000, 0x00000000e0700000)
  object space 515072K, 82% used [0x00000000a1400000,0x00000000bb431e30,0x00000000c0b00000)
 Metaspace       used 103411K, capacity 106579K, committed 106928K, reserved 1144832K
  class space    used 11691K, capacity 12403K, committed 12464K, reserved 1048576K
}
Event: 749.232 GC heap before
{Heap before GC invocations=192 (full 12):
 PSYoungGen      total 427008K, used 376432K [0x00000000e0700000, 0x00000000ff900000, 0x0000000100000000)
  eden space 348672K, 100% used [0x00000000e0700000,0x00000000f5b80000,0x00000000f5b80000)
  from space 78336K, 35% used [0x00000000f5b80000,0x00000000f769c198,0x00000000fa800000)
  to   space 77824K, 0% used [0x00000000fad00000,0x00000000fad00000,0x00000000ff900000)
 ParOldGen       total 515072K, used 426183K [0x00000000a1400000, 0x00000000c0b00000, 0x00000000e0700000)
  object space 515072K, 82% used [0x00000000a1400000,0x00000000bb431e30,0x00000000c0b00000)
 Metaspace       used 103411K, capacity 106579K, committed 106928K, reserved 1144832K
  class space    used 11691K, capacity 12403K, committed 12464K, reserved 1048576K
Event: 749.260 GC heap after
Heap after GC invocations=192 (full 12):
 PSYoungGen      total 428032K, used 27099K [0x00000000e0700000, 0x00000000ff600000, 0x0000000100000000)
  eden space 353280K, 0% used [0x00000000e0700000,0x00000000e0700000,0x00000000f6000000)
  from space 74752K, 36% used [0x00000000fad00000,0x00000000fc776f68,0x00000000ff600000)
  to   space 76800K, 0% used [0x00000000f6000000,0x00000000f6000000,0x00000000fab00000)
 ParOldGen       total 515072K, used 426814K [0x00000000a1400000, 0x00000000c0b00000, 0x00000000e0700000)
  object space 515072K, 82% used [0x00000000a1400000,0x00000000bb4cf808,0x00000000c0b00000)
 Metaspace       used 103411K, capacity 106579K, committed 106928K, reserved 1144832K
  class space    used 11691K, capacity 12403K, committed 12464K, reserved 1048576K
}

