# JRE version: OpenJDK Runtime Environment (8.0_332-b08) (build 1.8.0_332-b08)
# Java VM: OpenJDK 64-Bit Server VM (25.332-b08 mixed mode linux-amd64 compressed oops)
Heap:
 PSYoungGen      total 428544K, used 28121K [0x00000000e1900000, 0x00000000fff80000, 0x0000000100000000)
  eden space 358912K, 6% used [0x00000000e1900000,0x00000000e313aad8,0x00000000f7780000)
  from space 69632K, 4% used [0x00000000fba00000,0x00000000fbd3b980,0x00000000ffe00000)
  to   space 68096K, 0% used [0x00000000f7780000,0x00000000f7780000,0x00000000fba00000)
 ParOldGen       total 247808K, used 209923K [0x00000000a4a00000, 0x00000000b3c00000, 0x00000000e1900000)
  object space 247808K, 84% used [0x00000000a4a00000,0x00000000b1700ec8,0x00000000b3c00000)
 Metaspace       used 53558K, capacity 54223K, committed 55040K, reserved 1097728K
  class space    used 6389K, capacity 6568K, committed 6656K, reserved 1048576K
GC Heap History (10 events):
Event: 122.248 GC heap before
{Heap before GC invocations=60 (full 6):
 PSYoungGen      total 368128K, used 368087K [0x00000000e1900000, 0x0000000100000000, 0x0000000100000000)
  eden space 364032K, 100% used [0x00000000e1900000,0x00000000f7c80000,0x00000000f7c80000)
  from space 4096K, 99% used [0x00000000f7c80000,0x00000000f8075cf0,0x00000000f8080000)
  to   space 69120K, 0% used [0x00000000fbc80000,0x00000000fbc80000,0x0000000100000000)
 ParOldGen       total 247808K, used 209486K [0x00000000a4a00000, 0x00000000b3c00000, 0x00000000e1900000)
  object space 247808K, 84% used [0x00000000a4a00000,0x00000000b1693a38,0x00000000b3c00000)
 Metaspace       used 53546K, capacity 54223K, committed 55040K, reserved 1097728K
  class space    used 6389K, capacity 6568K, committed 6656K, reserved 1048576K
Event: 122.253 GC heap after
Heap after GC invocations=60 (full 6):
 PSYoungGen      total 427520K, used 3608K [0x00000000e1900000, 0x0000000100000000, 0x0000000100000000)
  eden space 358400K, 0% used [0x00000000e1900000,0x00000000e1900000,0x00000000f7700000)
  from space 69120K, 5% used [0x00000000fbc80000,0x00000000fc006150,0x0000000100000000)
  to   space 70144K, 0% used [0x00000000f7700000,0x00000000f7700000,0x00000000fbb80000)
 ParOldGen       total 247808K, used 209592K [0x00000000a4a00000, 0x00000000b3c00000, 0x00000000e1900000)
  object space 247808K, 84% used [0x00000000a4a00000,0x00000000b16ae1c8,0x00000000b3c00000)
 Metaspace       used 53546K, capacity 54223K, committed 55040K, reserved 1097728K
  class space    used 6389K, capacity 6568K, committed 6656K, reserved 1048576K
}
Event: 125.453 GC heap before
{Heap before GC invocations=61 (full 6):
 PSYoungGen      total 427520K, used 362008K [0x00000000e1900000, 0x0000000100000000, 0x0000000100000000)
  eden space 358400K, 100% used [0x00000000e1900000,0x00000000f7700000,0x00000000f7700000)
  from space 69120K, 5% used [0x00000000fbc80000,0x00000000fc006150,0x0000000100000000)
  to   space 70144K, 0% used [0x00000000f7700000,0x00000000f7700000,0x00000000fbb80000)
 ParOldGen       total 247808K, used 209592K [0x00000000a4a00000, 0x00000000b3c00000, 0x00000000e1900000)
  object space 247808K, 84% used [0x00000000a4a00000,0x00000000b16ae1c8,0x00000000b3c00000)
 Metaspace       used 53549K, capacity 54223K, committed 55040K, reserved 1097728K
  class space    used 6389K, capacity 6568K, committed 6656K, reserved 1048576K
Event: 125.461 GC heap after
Heap after GC invocations=61 (full 6):
 PSYoungGen      total 361984K, used 3373K [0x00000000e1900000, 0x0000000100000000, 0x0000000100000000)
  eden space 358400K, 0% used [0x00000000e1900000,0x00000000e1900000,0x00000000f7700000)
  from space 3584K, 94% used [0x00000000f7700000,0x00000000f7a4b560,0x00000000f7a80000)
  to   space 70656K, 0% used [0x00000000fbb00000,0x00000000fbb00000,0x0000000100000000)
 ParOldGen       total 247808K, used 209640K [0x00000000a4a00000, 0x00000000b3c00000, 0x00000000e1900000)
  object space 247808K, 84% used [0x00000000a4a00000,0x00000000b16ba1c8,0x00000000b3c00000)
 Metaspace       used 53549K, capacity 54223K, committed 55040K, reserved 1097728K
  class space    used 6389K, capacity 6568K, committed 6656K, reserved 1048576K
}
Event: 128.639 GC heap before
{Heap before GC invocations=62 (full 6):
 PSYoungGen      total 361984K, used 361773K [0x00000000e1900000, 0x0000000100000000, 0x0000000100000000)
  eden space 358400K, 100% used [0x00000000e1900000,0x00000000f7700000,0x00000000f7700000)
  from space 3584K, 94% used [0x00000000f7700000,0x00000000f7a4b560,0x00000000f7a80000)
  to   space 70656K, 0% used [0x00000000fbb00000,0x00000000fbb00000,0x0000000100000000)
 ParOldGen       total 247808K, used 209640K [0x00000000a4a00000, 0x00000000b3c00000, 0x00000000e1900000)
  object space 247808K, 84% used [0x00000000a4a00000,0x00000000b16ba1c8,0x00000000b3c00000)
 Metaspace       used 53549K, capacity 54223K, committed 55040K, reserved 1097728K
  class space    used 6389K, capacity 6568K, committed 6656K, reserved 1048576K
Event: 128.646 GC heap after
Heap after GC invocations=62 (full 6):
 PSYoungGen      total 428032K, used 3320K [0x00000000e1900000, 0x0000000100000000, 0x0000000100000000)
  eden space 357376K, 0% used [0x00000000e1900000,0x00000000e1900000,0x00000000f7600000)
  from space 70656K, 4% used [0x00000000fbb00000,0x00000000fbe3e150,0x0000000100000000)
  to   space 70656K, 0% used [0x00000000f7600000,0x00000000f7600000,0x00000000fbb00000)
 ParOldGen       total 247808K, used 209672K [0x00000000a4a00000, 0x00000000b3c00000, 0x00000000e1900000)
  object space 247808K, 84% used [0x00000000a4a00000,0x00000000b16c21c8,0x00000000b3c00000)
 Metaspace       used 53549K, capacity 54223K, committed 55040K, reserved 1097728K
  class space    used 6389K, capacity 6568K, committed 6656K, reserved 1048576K
}
Event: 131.767 GC heap before
{Heap before GC invocations=63 (full 6):
 PSYoungGen      total 428032K, used 360696K [0x00000000e1900000, 0x0000000100000000, 0x0000000100000000)
  eden space 357376K, 100% used [0x00000000e1900000,0x00000000f7600000,0x00000000f7600000)
  from space 70656K, 4% used [0x00000000fbb00000,0x00000000fbe3e150,0x0000000100000000)
  to   space 70656K, 0% used [0x00000000f7600000,0x00000000f7600000,0x00000000fbb00000)
 ParOldGen       total 247808K, used 209672K [0x00000000a4a00000, 0x00000000b3c00000, 0x00000000e1900000)
  object space 247808K, 84% used [0x00000000a4a00000,0x00000000b16c21c8,0x00000000b3c00000)
 Metaspace       used 53553K, capacity 54223K, committed 55040K, reserved 1097728K
  class space    used 6389K, capacity 6568K, committed 6656K, reserved 1048576K
Event: 131.774 GC heap after
Heap after GC invocations=63 (full 6):
 PSYoungGen      total 360960K, used 3150K [0x00000000e1900000, 0x00000000ffe00000, 0x0000000100000000)
  eden space 357376K, 0% used [0x00000000e1900000,0x00000000e1900000,0x00000000f7600000)
  from space 3584K, 87% used [0x00000000f7600000,0x00000000f7913980,0x00000000f7980000)
  to   space 69632K, 0% used [0x00000000fba00000,0x00000000fba00000,0x00000000ffe00000)
 ParOldGen       total 247808K, used 209899K [0x00000000a4a00000, 0x00000000b3c00000, 0x00000000e1900000)
  object space 247808K, 84% used [0x00000000a4a00000,0x00000000b16faec8,0x00000000b3c00000)
 Metaspace       used 53553K, capacity 54223K, committed 55040K, reserved 1097728K
  class space    used 6389K, capacity 6568K, committed 6656K, reserved 1048576K
}
Event: 135.148 GC heap before
{Heap before GC invocations=64 (full 6):
 PSYoungGen      total 360960K, used 360526K [0x00000000e1900000, 0x00000000ffe00000, 0x0000000100000000)
  eden space 357376K, 100% used [0x00000000e1900000,0x00000000f7600000,0x00000000f7600000)
  from space 3584K, 87% used [0x00000000f7600000,0x00000000f7913980,0x00000000f7980000)
  to   space 69632K, 0% used [0x00000000fba00000,0x00000000fba00000,0x00000000ffe00000)
 ParOldGen       total 247808K, used 209899K [0x00000000a4a00000, 0x00000000b3c00000, 0x00000000e1900000)
  object space 247808K, 84% used [0x00000000a4a00000,0x00000000b16faec8,0x00000000b3c00000)
 Metaspace       used 53557K, capacity 54223K, committed 55040K, reserved 1097728K
  class space    used 6389K, capacity 6568K, committed 6656K, reserved 1048576K
Event: 135.156 GC heap after
Heap after GC invocations=64 (full 6):
 PSYoungGen      total 428544K, used 3310K [0x00000000e1900000, 0x00000000fff80000, 0x0000000100000000)
  eden space 358912K, 0% used [0x00000000e1900000,0x00000000e1900000,0x00000000f7780000)
  from space 69632K, 4% used [0x00000000fba00000,0x00000000fbd3b980,0x00000000ffe00000)
  to   space 68096K, 0% used [0x00000000f7780000,0x00000000f7780000,0x00000000fba00000)
 ParOldGen       total 247808K, used 209923K [0x00000000a4a00000, 0x00000000b3c00000, 0x00000000e1900000)
  object space 247808K, 84% used [0x00000000a4a00000,0x00000000b1700ec8,0x00000000b3c00000)
 Metaspace       used 53557K, capacity 54223K, committed 55040K, reserved 1097728K
  class space    used 6389K, capacity 6568K, committed 6656K, reserved 1048576K
}

