# JRE version: OpenJDK Runtime Environment (8.0_332-b08) (build 1.8.0_332-b08)
# Java VM: OpenJDK 64-Bit Server VM (25.332-b08 mixed mode windows-amd64 compressed oops)
Heap:
 PSYoungGen      total 403456K, used 70367K [0x00000000e0700000, 0x00000000fc880000, 0x0000000100000000)
  eden space 346112K, 16% used [0x00000000e0700000,0x00000000e3d29be8,0x00000000f5900000)
  from space 57344K, 25% used [0x00000000f9080000,0x00000000f9f0e2a8,0x00000000fc880000)
  to   space 56832K, 0% used [0x00000000f5900000,0x00000000f5900000,0x00000000f9080000)
 ParOldGen       total 393216K, used 308452K [0x00000000a1400000, 0x00000000b9400000, 0x00000000e0700000)
  object space 393216K, 78% used [0x00000000a1400000,0x00000000b41392d0,0x00000000b9400000)
 Metaspace       used 54212K, capacity 54765K, committed 55296K, reserved 1097728K
  class space    used 6395K, capacity 6533K, committed 6656K, reserved 1048576K
GC Heap History (10 events):
Event: 815.607 GC heap before
{Heap before GC invocations=170 (full 34):
 PSYoungGen      total 408064K, used 354777K [0x00000000e0700000, 0x00000000fd780000, 0x0000000100000000)
  eden space 338432K, 100% used [0x00000000e0700000,0x00000000f5180000,0x00000000f5180000)
  from space 69632K, 23% used [0x00000000f5180000,0x00000000f6176760,0x00000000f9580000)
  to   space 67584K, 0% used [0x00000000f9580000,0x00000000f9580000,0x00000000fd780000)
 ParOldGen       total 393216K, used 307482K [0x00000000a1400000, 0x00000000b9400000, 0x00000000e0700000)
  object space 393216K, 78% used [0x00000000a1400000,0x00000000b4046820,0x00000000b9400000)
 Metaspace       used 54202K, capacity 54765K, committed 55296K, reserved 1097728K
  class space    used 6393K, capacity 6533K, committed 6656K, reserved 1048576K
Event: 815.627 GC heap after
Heap after GC invocations=170 (full 34):
 PSYoungGen      total 402944K, used 16949K [0x00000000e0700000, 0x00000000fd280000, 0x0000000100000000)
  eden space 340480K, 0% used [0x00000000e0700000,0x00000000e0700000,0x00000000f5380000)
  from space 62464K, 27% used [0x00000000f9580000,0x00000000fa60d620,0x00000000fd280000)
  to   space 65024K, 0% used [0x00000000f5380000,0x00000000f5380000,0x00000000f9300000)
 ParOldGen       total 393216K, used 307757K [0x00000000a1400000, 0x00000000b9400000, 0x00000000e0700000)
  object space 393216K, 78% used [0x00000000a1400000,0x00000000b408b5b0,0x00000000b9400000)
 Metaspace       used 54202K, capacity 54765K, committed 55296K, reserved 1097728K
  class space    used 6393K, capacity 6533K, committed 6656K, reserved 1048576K
}
Event: 820.473 GC heap before
{Heap before GC invocations=171 (full 34):
 PSYoungGen      total 402944K, used 357429K [0x00000000e0700000, 0x00000000fd280000, 0x0000000100000000)
  eden space 340480K, 100% used [0x00000000e0700000,0x00000000f5380000,0x00000000f5380000)
  from space 62464K, 27% used [0x00000000f9580000,0x00000000fa60d620,0x00000000fd280000)
  to   space 65024K, 0% used [0x00000000f5380000,0x00000000f5380000,0x00000000f9300000)
 ParOldGen       total 393216K, used 307757K [0x00000000a1400000, 0x00000000b9400000, 0x00000000e0700000)
  object space 393216K, 78% used [0x00000000a1400000,0x00000000b408b5b0,0x00000000b9400000)
 Metaspace       used 54202K, capacity 54765K, committed 55296K, reserved 1097728K
  class space    used 6393K, capacity 6533K, committed 6656K, reserved 1048576K
Event: 820.488 GC heap after
Heap after GC invocations=171 (full 34):
 PSYoungGen      total 405504K, used 16809K [0x00000000e0700000, 0x00000000fd080000, 0x0000000100000000)
  eden space 340480K, 0% used [0x00000000e0700000,0x00000000e0700000,0x00000000f5380000)
  from space 65024K, 25% used [0x00000000f5380000,0x00000000f63ea778,0x00000000f9300000)
  to   space 62976K, 0% used [0x00000000f9300000,0x00000000f9300000,0x00000000fd080000)
 ParOldGen       total 393216K, used 307922K [0x00000000a1400000, 0x00000000b9400000, 0x00000000e0700000)
  object space 393216K, 78% used [0x00000000a1400000,0x00000000b40b4b40,0x00000000b9400000)
 Metaspace       used 54202K, capacity 54765K, committed 55296K, reserved 1097728K
  class space    used 6393K, capacity 6533K, committed 6656K, reserved 1048576K
}
Event: 824.065 GC heap before
{Heap before GC invocations=172 (full 34):
 PSYoungGen      total 405504K, used 357289K [0x00000000e0700000, 0x00000000fd080000, 0x0000000100000000)
  eden space 340480K, 100% used [0x00000000e0700000,0x00000000f5380000,0x00000000f5380000)
  from space 65024K, 25% used [0x00000000f5380000,0x00000000f63ea778,0x00000000f9300000)
  to   space 62976K, 0% used [0x00000000f9300000,0x00000000f9300000,0x00000000fd080000)
 ParOldGen       total 393216K, used 307922K [0x00000000a1400000, 0x00000000b9400000, 0x00000000e0700000)
  object space 393216K, 78% used [0x00000000a1400000,0x00000000b40b4b40,0x00000000b9400000)
 Metaspace       used 54203K, capacity 54765K, committed 55296K, reserved 1097728K
  class space    used 6393K, capacity 6533K, committed 6656K, reserved 1048576K
Event: 824.075 GC heap after
Heap after GC invocations=172 (full 34):
 PSYoungGen      total 401408K, used 15044K [0x00000000e0700000, 0x00000000fcc80000, 0x0000000100000000)
  eden space 342528K, 0% used [0x00000000e0700000,0x00000000e0700000,0x00000000f5580000)
  from space 58880K, 25% used [0x00000000f9300000,0x00000000fa1b1038,0x00000000fcc80000)
  to   space 60928K, 0% used [0x00000000f5580000,0x00000000f5580000,0x00000000f9100000)
 ParOldGen       total 393216K, used 308060K [0x00000000a1400000, 0x00000000b9400000, 0x00000000e0700000)
  object space 393216K, 78% used [0x00000000a1400000,0x00000000b40d72d0,0x00000000b9400000)
 Metaspace       used 54203K, capacity 54765K, committed 55296K, reserved 1097728K
  class space    used 6393K, capacity 6533K, committed 6656K, reserved 1048576K
}
Event: 828.001 GC heap before
{Heap before GC invocations=173 (full 34):
 PSYoungGen      total 401408K, used 357572K [0x00000000e0700000, 0x00000000fcc80000, 0x0000000100000000)
  eden space 342528K, 100% used [0x00000000e0700000,0x00000000f5580000,0x00000000f5580000)
  from space 58880K, 25% used [0x00000000f9300000,0x00000000fa1b1038,0x00000000fcc80000)
  to   space 60928K, 0% used [0x00000000f5580000,0x00000000f5580000,0x00000000f9100000)
 ParOldGen       total 393216K, used 308060K [0x00000000a1400000, 0x00000000b9400000, 0x00000000e0700000)
  object space 393216K, 78% used [0x00000000a1400000,0x00000000b40d72d0,0x00000000b9400000)
 Metaspace       used 54203K, capacity 54765K, committed 55296K, reserved 1097728K
  class space    used 6393K, capacity 6533K, committed 6656K, reserved 1048576K
Event: 828.013 GC heap after
Heap after GC invocations=173 (full 34):
 PSYoungGen      total 358400K, used 15388K [0x00000000e0700000, 0x00000000fca00000, 0x0000000100000000)
  eden space 342528K, 0% used [0x00000000e0700000,0x00000000e0700000,0x00000000f5580000)
  from space 15872K, 96% used [0x00000000f5580000,0x00000000f6487160,0x00000000f6500000)
  to   space 58880K, 0% used [0x00000000f9080000,0x00000000f9080000,0x00000000fca00000)
 ParOldGen       total 393216K, used 308204K [0x00000000a1400000, 0x00000000b9400000, 0x00000000e0700000)
  object space 393216K, 78% used [0x00000000a1400000,0x00000000b40fb2d0,0x00000000b9400000)
 Metaspace       used 54203K, capacity 54765K, committed 55296K, reserved 1097728K
  class space    used 6393K, capacity 6533K, committed 6656K, reserved 1048576K
}
Event: 832.247 GC heap before
{Heap before GC invocations=174 (full 34):
 PSYoungGen      total 358400K, used 357916K [0x00000000e0700000, 0x00000000fca00000, 0x0000000100000000)
  eden space 342528K, 100% used [0x00000000e0700000,0x00000000f5580000,0x00000000f5580000)
  from space 15872K, 96% used [0x00000000f5580000,0x00000000f6487160,0x00000000f6500000)
  to   space 58880K, 0% used [0x00000000f9080000,0x00000000f9080000,0x00000000fca00000)
 ParOldGen       total 393216K, used 308204K [0x00000000a1400000, 0x00000000b9400000, 0x00000000e0700000)
  object space 393216K, 78% used [0x00000000a1400000,0x00000000b40fb2d0,0x00000000b9400000)
 Metaspace       used 54205K, capacity 54765K, committed 55296K, reserved 1097728K
  class space    used 6393K, capacity 6533K, committed 6656K, reserved 1048576K
Event: 832.355 GC heap after
Heap after GC invocations=174 (full 34):
 PSYoungGen      total 403456K, used 14904K [0x00000000e0700000, 0x00000000fc880000, 0x0000000100000000)
  eden space 346112K, 0% used [0x00000000e0700000,0x00000000e0700000,0x00000000f5900000)
  from space 57344K, 25% used [0x00000000f9080000,0x00000000f9f0e2a8,0x00000000fc880000)
  to   space 56832K, 0% used [0x00000000f5900000,0x00000000f5900000,0x00000000f9080000)
 ParOldGen       total 393216K, used 308452K [0x00000000a1400000, 0x00000000b9400000, 0x00000000e0700000)
  object space 393216K, 78% used [0x00000000a1400000,0x00000000b41392d0,0x00000000b9400000)
 Metaspace       used 54205K, capacity 54765K, committed 55296K, reserved 1097728K
  class space    used 6393K, capacity 6533K, committed 6656K, reserved 1048576K
}

