# JRE version: OpenJDK Runtime Environment (8.0_332-b08) (build 1.8.0_332-b08)
# Java VM: OpenJDK 64-Bit Server VM (25.332-b08 mixed mode windows-amd64 compressed oops)
Heap:
 PSYoungGen      total 456192K, used 392567K [0x00000000e0700000, 0x0000000100000000, 0x0000000100000000)
  eden space 394240K, 93% used [0x00000000e0700000,0x00000000f6efaff0,0x00000000f8800000)
  from space 61952K, 38% used [0x00000000fc380000,0x00000000fdae2cd8,0x0000000100000000)
  to   space 60928K, 0% used [0x00000000f8800000,0x00000000f8800000,0x00000000fc380000)
 ParOldGen       total 363008K, used 264443K [0x00000000a1400000, 0x00000000b7680000, 0x00000000e0700000)
  object space 363008K, 72% used [0x00000000a1400000,0x00000000b163ed58,0x00000000b7680000)
 Metaspace       used 53009K, capacity 53531K, committed 54144K, reserved 1097728K
  class space    used 6279K, capacity 6440K, committed 6528K, reserved 1048576K
GC Heap History (10 events):
Event: 203.023 GC heap before
{Heap before GC invocations=63 (full 7):
 PSYoungGen      total 460288K, used 426989K [0x00000000e0700000, 0x0000000100000000, 0x0000000100000000)
  eden space 403456K, 100% used [0x00000000e0700000,0x00000000f9100000,0x00000000f9100000)
  from space 56832K, 41% used [0x00000000f9100000,0x00000000fa7fb4d0,0x00000000fc880000)
  to   space 55808K, 0% used [0x00000000fc980000,0x00000000fc980000,0x0000000100000000)
 ParOldGen       total 363008K, used 263884K [0x00000000a1400000, 0x00000000b7680000, 0x00000000e0700000)
  object space 363008K, 72% used [0x00000000a1400000,0x00000000b15b3218,0x00000000b7680000)
 Metaspace       used 52934K, capacity 53513K, committed 54144K, reserved 1097728K
  class space    used 6273K, capacity 6437K, committed 6528K, reserved 1048576K
Event: 203.040 GC heap after
Heap after GC invocations=63 (full 7):
 PSYoungGen      total 460288K, used 39670K [0x00000000e0700000, 0x0000000100000000, 0x0000000100000000)
  eden space 404480K, 0% used [0x00000000e0700000,0x00000000e0700000,0x00000000f9200000)
  from space 55808K, 71% used [0x00000000fc980000,0x00000000ff03da08,0x0000000100000000)
  to   space 56320K, 0% used [0x00000000f9200000,0x00000000f9200000,0x00000000fc900000)
 ParOldGen       total 363008K, used 263996K [0x00000000a1400000, 0x00000000b7680000, 0x00000000e0700000)
  object space 363008K, 72% used [0x00000000a1400000,0x00000000b15cf218,0x00000000b7680000)
 Metaspace       used 52934K, capacity 53513K, committed 54144K, reserved 1097728K
  class space    used 6273K, capacity 6437K, committed 6528K, reserved 1048576K
}
Event: 206.217 GC heap before
{Heap before GC invocations=64 (full 7):
 PSYoungGen      total 460288K, used 444150K [0x00000000e0700000, 0x0000000100000000, 0x0000000100000000)
  eden space 404480K, 100% used [0x00000000e0700000,0x00000000f9200000,0x00000000f9200000)
  from space 55808K, 71% used [0x00000000fc980000,0x00000000ff03da08,0x0000000100000000)
  to   space 56320K, 0% used [0x00000000f9200000,0x00000000f9200000,0x00000000fc900000)
 ParOldGen       total 363008K, used 263996K [0x00000000a1400000, 0x00000000b7680000, 0x00000000e0700000)
  object space 363008K, 72% used [0x00000000a1400000,0x00000000b15cf218,0x00000000b7680000)
 Metaspace       used 52942K, capacity 53513K, committed 54144K, reserved 1097728K
  class space    used 6273K, capacity 6437K, committed 6528K, reserved 1048576K
Event: 206.234 GC heap after
Heap after GC invocations=64 (full 7):
 PSYoungGen      total 449024K, used 44109K [0x00000000e0700000, 0x0000000100000000, 0x0000000100000000)
  eden space 404480K, 0% used [0x00000000e0700000,0x00000000e0700000,0x00000000f9200000)
  from space 44544K, 99% used [0x00000000f9200000,0x00000000fbd134a0,0x00000000fbd80000)
  to   space 58368K, 0% used [0x00000000fc700000,0x00000000fc700000,0x0000000100000000)
 ParOldGen       total 363008K, used 264171K [0x00000000a1400000, 0x00000000b7680000, 0x00000000e0700000)
  object space 363008K, 72% used [0x00000000a1400000,0x00000000b15fad28,0x00000000b7680000)
 Metaspace       used 52942K, capacity 53513K, committed 54144K, reserved 1097728K
  class space    used 6273K, capacity 6437K, committed 6528K, reserved 1048576K
}
Event: 209.836 GC heap before
{Heap before GC invocations=65 (full 7):
 PSYoungGen      total 449024K, used 448589K [0x00000000e0700000, 0x0000000100000000, 0x0000000100000000)
  eden space 404480K, 100% used [0x00000000e0700000,0x00000000f9200000,0x00000000f9200000)
  from space 44544K, 99% used [0x00000000f9200000,0x00000000fbd134a0,0x00000000fbd80000)
  to   space 58368K, 0% used [0x00000000fc700000,0x00000000fc700000,0x0000000100000000)
 ParOldGen       total 363008K, used 264171K [0x00000000a1400000, 0x00000000b7680000, 0x00000000e0700000)
  object space 363008K, 72% used [0x00000000a1400000,0x00000000b15fad28,0x00000000b7680000)
 Metaspace       used 52962K, capacity 53525K, committed 54144K, reserved 1097728K
  class space    used 6274K, capacity 6439K, committed 6528K, reserved 1048576K
Event: 209.849 GC heap after
Heap after GC invocations=65 (full 7):
 PSYoungGen      total 459776K, used 23468K [0x00000000e0700000, 0x0000000100000000, 0x0000000100000000)
  eden space 401408K, 0% used [0x00000000e0700000,0x00000000e0700000,0x00000000f8f00000)
  from space 58368K, 40% used [0x00000000fc700000,0x00000000fddeb1d0,0x0000000100000000)
  to   space 57344K, 0% used [0x00000000f8f00000,0x00000000f8f00000,0x00000000fc700000)
 ParOldGen       total 363008K, used 264299K [0x00000000a1400000, 0x00000000b7680000, 0x00000000e0700000)
  object space 363008K, 72% used [0x00000000a1400000,0x00000000b161ad58,0x00000000b7680000)
 Metaspace       used 52962K, capacity 53525K, committed 54144K, reserved 1097728K
  class space    used 6274K, capacity 6439K, committed 6528K, reserved 1048576K
}
Event: 212.533 GC heap before
{Heap before GC invocations=66 (full 7):
 PSYoungGen      total 459776K, used 424876K [0x00000000e0700000, 0x0000000100000000, 0x0000000100000000)
  eden space 401408K, 100% used [0x00000000e0700000,0x00000000f8f00000,0x00000000f8f00000)
  from space 58368K, 40% used [0x00000000fc700000,0x00000000fddeb1d0,0x0000000100000000)
  to   space 57344K, 0% used [0x00000000f8f00000,0x00000000f8f00000,0x00000000fc700000)
 ParOldGen       total 363008K, used 264299K [0x00000000a1400000, 0x00000000b7680000, 0x00000000e0700000)
  object space 363008K, 72% used [0x00000000a1400000,0x00000000b161ad58,0x00000000b7680000)
 Metaspace       used 52992K, capacity 53525K, committed 54144K, reserved 1097728K
  class space    used 6277K, capacity 6439K, committed 6528K, reserved 1048576K
Event: 212.553 GC heap after
Heap after GC invocations=66 (full 7):
 PSYoungGen      total 452608K, used 50926K [0x00000000e0700000, 0x0000000100000000, 0x0000000100000000)
  eden space 401408K, 0% used [0x00000000e0700000,0x00000000e0700000,0x00000000f8f00000)
  from space 51200K, 99% used [0x00000000f8f00000,0x00000000fc0bb878,0x00000000fc100000)
  to   space 61952K, 0% used [0x00000000fc380000,0x00000000fc380000,0x0000000100000000)
 ParOldGen       total 363008K, used 264379K [0x00000000a1400000, 0x00000000b7680000, 0x00000000e0700000)
  object space 363008K, 72% used [0x00000000a1400000,0x00000000b162ed58,0x00000000b7680000)
 Metaspace       used 52992K, capacity 53525K, committed 54144K, reserved 1097728K
  class space    used 6277K, capacity 6439K, committed 6528K, reserved 1048576K
}
Event: 217.919 GC heap before
{Heap before GC invocations=67 (full 7):
 PSYoungGen      total 452608K, used 452334K [0x00000000e0700000, 0x0000000100000000, 0x0000000100000000)
  eden space 401408K, 100% used [0x00000000e0700000,0x00000000f8f00000,0x00000000f8f00000)
  from space 51200K, 99% used [0x00000000f8f00000,0x00000000fc0bb878,0x00000000fc100000)
  to   space 61952K, 0% used [0x00000000fc380000,0x00000000fc380000,0x0000000100000000)
 ParOldGen       total 363008K, used 264379K [0x00000000a1400000, 0x00000000b7680000, 0x00000000e0700000)
  object space 363008K, 72% used [0x00000000a1400000,0x00000000b162ed58,0x00000000b7680000)
 Metaspace       used 53001K, capacity 53531K, committed 54144K, reserved 1097728K
  class space    used 6277K, capacity 6440K, committed 6528K, reserved 1048576K
Event: 217.945 GC heap after
Heap after GC invocations=67 (full 7):
 PSYoungGen      total 456192K, used 23947K [0x00000000e0700000, 0x0000000100000000, 0x0000000100000000)
  eden space 394240K, 0% used [0x00000000e0700000,0x00000000e0700000,0x00000000f8800000)
  from space 61952K, 38% used [0x00000000fc380000,0x00000000fdae2cd8,0x0000000100000000)
  to   space 60928K, 0% used [0x00000000f8800000,0x00000000f8800000,0x00000000fc380000)
 ParOldGen       total 363008K, used 264443K [0x00000000a1400000, 0x00000000b7680000, 0x00000000e0700000)
  object space 363008K, 72% used [0x00000000a1400000,0x00000000b163ed58,0x00000000b7680000)
 Metaspace       used 53001K, capacity 53531K, committed 54144K, reserved 1097728K
  class space    used 6277K, capacity 6440K, committed 6528K, reserved 1048576K
}

