# JRE version: OpenJDK Runtime Environment (8.0_332-b08) (build 1.8.0_332-b08)
# Java VM: OpenJDK 64-Bit Server VM (25.332-b08 mixed mode windows-amd64 compressed oops)
Heap:
 PSYoungGen      total 194048K, used 20374K [0x00000000e0700000, 0x00000000f4880000, 0x0000000100000000)
  eden space 191488K, 9% used [0x00000000e0700000,0x00000000e187c818,0x00000000ec200000)
  from space 2560K, 96% used [0x00000000f4600000,0x00000000f4869360,0x00000000f4880000)
  to   space 3584K, 0% used [0x00000000f4180000,0x00000000f4180000,0x00000000f4500000)
 ParOldGen       total 307200K, used 254574K [0x00000000a1400000, 0x00000000b4000000, 0x00000000e0700000)
  object space 307200K, 82% used [0x00000000a1400000,0x00000000b0c9b870,0x00000000b4000000)
 Metaspace       used 53745K, capacity 54427K, committed 54704K, reserved 1097728K
  class space    used 6396K, capacity 6576K, committed 6576K, reserved 1048576K
GC Heap History (10 events):
Event: 1636.150 GC heap before
{Heap before GC invocations=397 (full 7):
 PSYoungGen      total 227328K, used 226932K [0x00000000e0700000, 0x00000000f4c00000, 0x0000000100000000)
  eden space 224256K, 100% used [0x00000000e0700000,0x00000000ee200000,0x00000000ee200000)
  from space 3072K, 87% used [0x00000000f4700000,0x00000000f499d3f0,0x00000000f4a00000)
  to   space 2048K, 0% used [0x00000000f4a00000,0x00000000f4a00000,0x00000000f4c00000)
 ParOldGen       total 307200K, used 253924K [0x00000000a1400000, 0x00000000b4000000, 0x00000000e0700000)
  object space 307200K, 82% used [0x00000000a1400000,0x00000000b0bf9030,0x00000000b4000000)
 Metaspace       used 53736K, capacity 54427K, committed 54704K, reserved 1097728K
  class space    used 6394K, capacity 6576K, committed 6576K, reserved 1048576K
Event: 1636.159 GC heap after
Heap after GC invocations=397 (full 7):
 PSYoungGen      total 219136K, used 2022K [0x00000000e0700000, 0x00000000f4c00000, 0x0000000100000000)
  eden space 217088K, 0% used [0x00000000e0700000,0x00000000e0700000,0x00000000edb00000)
  from space 2048K, 98% used [0x00000000f4a00000,0x00000000f4bf9940,0x00000000f4c00000)
  to   space 3584K, 0% used [0x00000000f4500000,0x00000000f4500000,0x00000000f4880000)
 ParOldGen       total 307200K, used 254532K [0x00000000a1400000, 0x00000000b4000000, 0x00000000e0700000)
  object space 307200K, 82% used [0x00000000a1400000,0x00000000b0c91030,0x00000000b4000000)
 Metaspace       used 53736K, capacity 54427K, committed 54704K, reserved 1097728K
  class space    used 6394K, capacity 6576K, committed 6576K, reserved 1048576K
}
Event: 1638.744 GC heap before
{Heap before GC invocations=398 (full 7):
 PSYoungGen      total 219136K, used 219110K [0x00000000e0700000, 0x00000000f4c00000, 0x0000000100000000)
  eden space 217088K, 100% used [0x00000000e0700000,0x00000000edb00000,0x00000000edb00000)
  from space 2048K, 98% used [0x00000000f4a00000,0x00000000f4bf9940,0x00000000f4c00000)
  to   space 3584K, 0% used [0x00000000f4500000,0x00000000f4500000,0x00000000f4880000)
 ParOldGen       total 307200K, used 254532K [0x00000000a1400000, 0x00000000b4000000, 0x00000000e0700000)
  object space 307200K, 82% used [0x00000000a1400000,0x00000000b0c91030,0x00000000b4000000)
 Metaspace       used 53736K, capacity 54427K, committed 54704K, reserved 1097728K
  class space    used 6394K, capacity 6576K, committed 6576K, reserved 1048576K
Event: 1638.753 GC heap after
Heap after GC invocations=398 (full 7):
 PSYoungGen      total 213504K, used 2708K [0x00000000e0700000, 0x00000000f4a80000, 0x0000000100000000)
  eden space 210432K, 0% used [0x00000000e0700000,0x00000000e0700000,0x00000000ed480000)
  from space 3072K, 88% used [0x00000000f4500000,0x00000000f47a53f0,0x00000000f4800000)
  to   space 2560K, 0% used [0x00000000f4800000,0x00000000f4800000,0x00000000f4a80000)
 ParOldGen       total 307200K, used 254566K [0x00000000a1400000, 0x00000000b4000000, 0x00000000e0700000)
  object space 307200K, 82% used [0x00000000a1400000,0x00000000b0c99870,0x00000000b4000000)
 Metaspace       used 53736K, capacity 54427K, committed 54704K, reserved 1097728K
  class space    used 6394K, capacity 6576K, committed 6576K, reserved 1048576K
}
Event: 1641.098 GC heap before
{Heap before GC invocations=399 (full 7):
 PSYoungGen      total 213504K, used 213140K [0x00000000e0700000, 0x00000000f4a80000, 0x0000000100000000)
  eden space 210432K, 100% used [0x00000000e0700000,0x00000000ed480000,0x00000000ed480000)
  from space 3072K, 88% used [0x00000000f4500000,0x00000000f47a53f0,0x00000000f4800000)
  to   space 2560K, 0% used [0x00000000f4800000,0x00000000f4800000,0x00000000f4a80000)
 ParOldGen       total 307200K, used 254566K [0x00000000a1400000, 0x00000000b4000000, 0x00000000e0700000)
  object space 307200K, 82% used [0x00000000a1400000,0x00000000b0c99870,0x00000000b4000000)
 Metaspace       used 53736K, capacity 54427K, committed 54704K, reserved 1097728K
  class space    used 6394K, capacity 6576K, committed 6576K, reserved 1048576K
Event: 1641.104 GC heap after
Heap after GC invocations=399 (full 7):
 PSYoungGen      total 206336K, used 2516K [0x00000000e0700000, 0x00000000f4a80000, 0x0000000100000000)
  eden space 203776K, 0% used [0x00000000e0700000,0x00000000e0700000,0x00000000ece00000)
  from space 2560K, 98% used [0x00000000f4800000,0x00000000f4a75100,0x00000000f4a80000)
  to   space 3584K, 0% used [0x00000000f4380000,0x00000000f4380000,0x00000000f4700000)
 ParOldGen       total 307200K, used 254566K [0x00000000a1400000, 0x00000000b4000000, 0x00000000e0700000)
  object space 307200K, 82% used [0x00000000a1400000,0x00000000b0c99870,0x00000000b4000000)
 Metaspace       used 53736K, capacity 54427K, committed 54704K, reserved 1097728K
  class space    used 6394K, capacity 6576K, committed 6576K, reserved 1048576K
}
Event: 1643.324 GC heap before
{Heap before GC invocations=400 (full 7):
 PSYoungGen      total 206336K, used 206292K [0x00000000e0700000, 0x00000000f4a80000, 0x0000000100000000)
  eden space 203776K, 100% used [0x00000000e0700000,0x00000000ece00000,0x00000000ece00000)
  from space 2560K, 98% used [0x00000000f4800000,0x00000000f4a75100,0x00000000f4a80000)
  to   space 3584K, 0% used [0x00000000f4380000,0x00000000f4380000,0x00000000f4700000)
 ParOldGen       total 307200K, used 254566K [0x00000000a1400000, 0x00000000b4000000, 0x00000000e0700000)
  object space 307200K, 82% used [0x00000000a1400000,0x00000000b0c99870,0x00000000b4000000)
 Metaspace       used 53736K, capacity 54427K, committed 54704K, reserved 1097728K
  class space    used 6394K, capacity 6576K, committed 6576K, reserved 1048576K
Event: 1643.332 GC heap after
Heap after GC invocations=400 (full 7):
 PSYoungGen      total 200192K, used 2516K [0x00000000e0700000, 0x00000000f4880000, 0x0000000100000000)
  eden space 197632K, 0% used [0x00000000e0700000,0x00000000e0700000,0x00000000ec800000)
  from space 2560K, 98% used [0x00000000f4380000,0x00000000f45f5100,0x00000000f4600000)
  to   space 2560K, 0% used [0x00000000f4600000,0x00000000f4600000,0x00000000f4880000)
 ParOldGen       total 307200K, used 254574K [0x00000000a1400000, 0x00000000b4000000, 0x00000000e0700000)
  object space 307200K, 82% used [0x00000000a1400000,0x00000000b0c9b870,0x00000000b4000000)
 Metaspace       used 53736K, capacity 54427K, committed 54704K, reserved 1097728K
  class space    used 6394K, capacity 6576K, committed 6576K, reserved 1048576K
}
Event: 1645.496 GC heap before
{Heap before GC invocations=401 (full 7):
 PSYoungGen      total 200192K, used 200148K [0x00000000e0700000, 0x00000000f4880000, 0x0000000100000000)
  eden space 197632K, 100% used [0x00000000e0700000,0x00000000ec800000,0x00000000ec800000)
  from space 2560K, 98% used [0x00000000f4380000,0x00000000f45f5100,0x00000000f4600000)
  to   space 2560K, 0% used [0x00000000f4600000,0x00000000f4600000,0x00000000f4880000)
 ParOldGen       total 307200K, used 254574K [0x00000000a1400000, 0x00000000b4000000, 0x00000000e0700000)
  object space 307200K, 82% used [0x00000000a1400000,0x00000000b0c9b870,0x00000000b4000000)
 Metaspace       used 53739K, capacity 54427K, committed 54704K, reserved 1097728K
  class space    used 6394K, capacity 6576K, committed 6576K, reserved 1048576K
Event: 1645.504 GC heap after
Heap after GC invocations=401 (full 7):
 PSYoungGen      total 194048K, used 2468K [0x00000000e0700000, 0x00000000f4880000, 0x0000000100000000)
  eden space 191488K, 0% used [0x00000000e0700000,0x00000000e0700000,0x00000000ec200000)
  from space 2560K, 96% used [0x00000000f4600000,0x00000000f4869360,0x00000000f4880000)
  to   space 3584K, 0% used [0x00000000f4180000,0x00000000f4180000,0x00000000f4500000)
 ParOldGen       total 307200K, used 254574K [0x00000000a1400000, 0x00000000b4000000, 0x00000000e0700000)
  object space 307200K, 82% used [0x00000000a1400000,0x00000000b0c9b870,0x00000000b4000000)
 Metaspace       used 53739K, capacity 54427K, committed 54704K, reserved 1097728K
  class space    used 6394K, capacity 6576K, committed 6576K, reserved 1048576K
}

