# JRE version: OpenJDK Runtime Environment (8.0_332-b08) (build 1.8.0_332-b08)
# Java VM: OpenJDK 64-Bit Server VM (25.332-b08 mixed mode windows-amd64 compressed oops)
Heap:
 PSYoungGen      total 492544K, used 201256K [0x00000000e0700000, 0x0000000100000000, 0x0000000100000000)
  eden space 467456K, 43% used [0x00000000e0700000,0x00000000ecb8a350,0x00000000fcf80000)
  from space 25088K, 0% used [0x00000000fe780000,0x00000000fe780000,0x0000000100000000)
  to   space 24576K, 0% used [0x00000000fcf80000,0x00000000fcf80000,0x00000000fe780000)
 ParOldGen       total 598528K, used 330033K [0x00000000a1400000, 0x00000000c5c80000, 0x00000000e0700000)
  object space 598528K, 55% used [0x00000000a1400000,0x00000000b564c638,0x00000000c5c80000)
 Metaspace       used 106974K, capacity 110211K, committed 110512K, reserved 1146880K
  class space    used 11873K, capacity 12593K, committed 12720K, reserved 1048576K
GC Heap History (10 events):
Event: 11766.015 GC heap before
{Heap before GC invocations=3384 (full 171):
 PSYoungGen      total 489472K, used 482612K [0x00000000e0700000, 0x0000000100000000, 0x0000000100000000)
  eden space 464896K, 100% used [0x00000000e0700000,0x00000000fcd00000,0x00000000fcd00000)
  from space 24576K, 72% used [0x00000000fe800000,0x00000000ff94d1c0,0x0000000100000000)
  to   space 26112K, 0% used [0x00000000fcd00000,0x00000000fcd00000,0x00000000fe680000)
 ParOldGen       total 598528K, used 329565K [0x00000000a1400000, 0x00000000c5c80000, 0x00000000e0700000)
  object space 598528K, 55% used [0x00000000a1400000,0x00000000b55d75c0,0x00000000c5c80000)
 Metaspace       used 106857K, capacity 110145K, committed 110512K, reserved 1146880K
  class space    used 11857K, capacity 12592K, committed 12720K, reserved 1048576K
Event: 11766.030 GC heap after
Heap after GC invocations=3384 (full 171):
 PSYoungGen      total 491008K, used 14527K [0x00000000e0700000, 0x0000000100000000, 0x0000000100000000)
  eden space 464896K, 0% used [0x00000000e0700000,0x00000000e0700000,0x00000000fcd00000)
  from space 26112K, 55% used [0x00000000fcd00000,0x00000000fdb2fd60,0x00000000fe680000)
  to   space 25600K, 0% used [0x00000000fe700000,0x00000000fe700000,0x0000000100000000)
 ParOldGen       total 598528K, used 329565K [0x00000000a1400000, 0x00000000c5c80000, 0x00000000e0700000)
  object space 598528K, 55% used [0x00000000a1400000,0x00000000b55d75c0,0x00000000c5c80000)
 Metaspace       used 106857K, capacity 110145K, committed 110512K, reserved 1146880K
  class space    used 11857K, capacity 12592K, committed 12720K, reserved 1048576K
}
Event: 11772.349 GC heap before
{Heap before GC invocations=3385 (full 171):
 PSYoungGen      total 491008K, used 479423K [0x00000000e0700000, 0x0000000100000000, 0x0000000100000000)
  eden space 464896K, 100% used [0x00000000e0700000,0x00000000fcd00000,0x00000000fcd00000)
  from space 26112K, 55% used [0x00000000fcd00000,0x00000000fdb2fd60,0x00000000fe680000)
  to   space 25600K, 0% used [0x00000000fe700000,0x00000000fe700000,0x0000000100000000)
 ParOldGen       total 598528K, used 329565K [0x00000000a1400000, 0x00000000c5c80000, 0x00000000e0700000)
  object space 598528K, 55% used [0x00000000a1400000,0x00000000b55d75c0,0x00000000c5c80000)
 Metaspace       used 106858K, capacity 110145K, committed 110512K, reserved 1146880K
  class space    used 11857K, capacity 12592K, committed 12720K, reserved 1048576K
Event: 11772.362 GC heap after
Heap after GC invocations=3385 (full 171):
 PSYoungGen      total 489472K, used 13909K [0x00000000e0700000, 0x00000000ffe80000, 0x0000000100000000)
  eden space 465408K, 0% used [0x00000000e0700000,0x00000000e0700000,0x00000000fcd80000)
  from space 24064K, 57% used [0x00000000fe700000,0x00000000ff495580,0x00000000ffe80000)
  to   space 25088K, 0% used [0x00000000fcd80000,0x00000000fcd80000,0x00000000fe600000)
 ParOldGen       total 598528K, used 329565K [0x00000000a1400000, 0x00000000c5c80000, 0x00000000e0700000)
  object space 598528K, 55% used [0x00000000a1400000,0x00000000b55d75c0,0x00000000c5c80000)
 Metaspace       used 106858K, capacity 110145K, committed 110512K, reserved 1146880K
  class space    used 11857K, capacity 12592K, committed 12720K, reserved 1048576K
}
Event: 11779.227 GC heap before
{Heap before GC invocations=3386 (full 171):
 PSYoungGen      total 489472K, used 479317K [0x00000000e0700000, 0x00000000ffe80000, 0x0000000100000000)
  eden space 465408K, 100% used [0x00000000e0700000,0x00000000fcd80000,0x00000000fcd80000)
  from space 24064K, 57% used [0x00000000fe700000,0x00000000ff495580,0x00000000ffe80000)
  to   space 25088K, 0% used [0x00000000fcd80000,0x00000000fcd80000,0x00000000fe600000)
 ParOldGen       total 598528K, used 329565K [0x00000000a1400000, 0x00000000c5c80000, 0x00000000e0700000)
  object space 598528K, 55% used [0x00000000a1400000,0x00000000b55d75c0,0x00000000c5c80000)
 Metaspace       used 106863K, capacity 110145K, committed 110512K, reserved 1146880K
  class space    used 11857K, capacity 12592K, committed 12720K, reserved 1048576K
Event: 11779.244 GC heap after
Heap after GC invocations=3386 (full 171):
 PSYoungGen      total 490496K, used 14104K [0x00000000e0700000, 0x0000000100000000, 0x0000000100000000)
  eden space 465408K, 0% used [0x00000000e0700000,0x00000000e0700000,0x00000000fcd80000)
  from space 25088K, 56% used [0x00000000fcd80000,0x00000000fdb46120,0x00000000fe600000)
  to   space 25088K, 0% used [0x00000000fe780000,0x00000000fe780000,0x0000000100000000)
 ParOldGen       total 598528K, used 329565K [0x00000000a1400000, 0x00000000c5c80000, 0x00000000e0700000)
  object space 598528K, 55% used [0x00000000a1400000,0x00000000b55d75c0,0x00000000c5c80000)
 Metaspace       used 106863K, capacity 110145K, committed 110512K, reserved 1146880K
  class space    used 11857K, capacity 12592K, committed 12720K, reserved 1048576K
}
Event: 11786.365 GC heap before
{Heap before GC invocations=3387 (full 171):
 PSYoungGen      total 490496K, used 427029K [0x00000000e0700000, 0x0000000100000000, 0x0000000100000000)
  eden space 465408K, 88% used [0x00000000e0700000,0x00000000f9a3f468,0x00000000fcd80000)
  from space 25088K, 56% used [0x00000000fcd80000,0x00000000fdb46120,0x00000000fe600000)
  to   space 25088K, 0% used [0x00000000fe780000,0x00000000fe780000,0x0000000100000000)
 ParOldGen       total 598528K, used 329565K [0x00000000a1400000, 0x00000000c5c80000, 0x00000000e0700000)
  object space 598528K, 55% used [0x00000000a1400000,0x00000000b55d75c0,0x00000000c5c80000)
 Metaspace       used 106866K, capacity 110145K, committed 110512K, reserved 1146880K
  class space    used 11857K, capacity 12592K, committed 12720K, reserved 1048576K
Event: 11786.380 GC heap after
Heap after GC invocations=3387 (full 171):
 PSYoungGen      total 492544K, used 14386K [0x00000000e0700000, 0x0000000100000000, 0x0000000100000000)
  eden space 467456K, 0% used [0x00000000e0700000,0x00000000e0700000,0x00000000fcf80000)
  from space 25088K, 57% used [0x00000000fe780000,0x00000000ff58c918,0x0000000100000000)
  to   space 24576K, 0% used [0x00000000fcf80000,0x00000000fcf80000,0x00000000fe780000)
 ParOldGen       total 598528K, used 329565K [0x00000000a1400000, 0x00000000c5c80000, 0x00000000e0700000)
  object space 598528K, 55% used [0x00000000a1400000,0x00000000b55d75c0,0x00000000c5c80000)
 Metaspace       used 106866K, capacity 110145K, committed 110512K, reserved 1146880K
  class space    used 11857K, capacity 12592K, committed 12720K, reserved 1048576K
}
Event: 11786.380 GC heap before
{Heap before GC invocations=3388 (full 172):
 PSYoungGen      total 492544K, used 14386K [0x00000000e0700000, 0x0000000100000000, 0x0000000100000000)
  eden space 467456K, 0% used [0x00000000e0700000,0x00000000e0700000,0x00000000fcf80000)
  from space 25088K, 57% used [0x00000000fe780000,0x00000000ff58c918,0x0000000100000000)
  to   space 24576K, 0% used [0x00000000fcf80000,0x00000000fcf80000,0x00000000fe780000)
 ParOldGen       total 598528K, used 329565K [0x00000000a1400000, 0x00000000c5c80000, 0x00000000e0700000)
  object space 598528K, 55% used [0x00000000a1400000,0x00000000b55d75c0,0x00000000c5c80000)
 Metaspace       used 106866K, capacity 110145K, committed 110512K, reserved 1146880K
  class space    used 11857K, capacity 12592K, committed 12720K, reserved 1048576K
Event: 11786.778 GC heap after
Heap after GC invocations=3388 (full 172):
 PSYoungGen      total 492544K, used 0K [0x00000000e0700000, 0x0000000100000000, 0x0000000100000000)
  eden space 467456K, 0% used [0x00000000e0700000,0x00000000e0700000,0x00000000fcf80000)
  from space 25088K, 0% used [0x00000000fe780000,0x00000000fe780000,0x0000000100000000)
  to   space 24576K, 0% used [0x00000000fcf80000,0x00000000fcf80000,0x00000000fe780000)
 ParOldGen       total 598528K, used 330033K [0x00000000a1400000, 0x00000000c5c80000, 0x00000000e0700000)
  object space 598528K, 55% used [0x00000000a1400000,0x00000000b564c638,0x00000000c5c80000)
 Metaspace       used 106866K, capacity 110145K, committed 110512K, reserved 1146880K
  class space    used 11857K, capacity 12592K, committed 12720K, reserved 1048576K
}

