# JRE version: OpenJDK Runtime Environment (8.0_332-b08) (build 1.8.0_332-b08)
# Java VM: OpenJDK 64-Bit Server VM (25.332-b08 mixed mode windows-amd64 compressed oops)
Heap:
 PSYoungGen      total 422912K, used 11455K [0x00000000e0700000, 0x0000000100000000, 0x0000000100000000)
  eden space 329728K, 3% used [0x00000000e0700000,0x00000000e122fe18,0x00000000f4900000)
  from space 93184K, 0% used [0x00000000fa500000,0x00000000fa500000,0x0000000100000000)
  to   space 93696K, 0% used [0x00000000f4900000,0x00000000f4900000,0x00000000fa480000)
 ParOldGen       total 262656K, used 240499K [0x00000000a1400000, 0x00000000b1480000, 0x00000000e0700000)
  object space 262656K, 91% used [0x00000000a1400000,0x00000000afedccd8,0x00000000b1480000)
 Metaspace       used 50693K, capacity 51191K, committed 51712K, reserved 1095680K
  class space    used 6202K, capacity 6349K, committed 6400K, reserved 1048576K
GC Heap History (10 events):
Event: 122.585 GC heap before
{Heap before GC invocations=37 (full 7):
 PSYoungGen      total 425984K, used 48505K [0x00000000e0700000, 0x0000000100000000, 0x0000000100000000)
  eden space 332800K, 0% used [0x00000000e0700000,0x00000000e0700000,0x00000000f4c00000)
  from space 93184K, 52% used [0x00000000fa500000,0x00000000fd45e610,0x0000000100000000)
  to   space 91136K, 0% used [0x00000000f4c00000,0x00000000f4c00000,0x00000000fa500000)
 ParOldGen       total 262656K, used 221708K [0x00000000a1400000, 0x00000000b1480000, 0x00000000e0700000)
  object space 262656K, 84% used [0x00000000a1400000,0x00000000aec83040,0x00000000b1480000)
 Metaspace       used 50673K, capacity 51127K, committed 51712K, reserved 1095680K
  class space    used 6200K, capacity 6349K, committed 6400K, reserved 1048576K
Event: 122.885 GC heap after
Heap after GC invocations=37 (full 7):
 PSYoungGen      total 425984K, used 0K [0x00000000e0700000, 0x0000000100000000, 0x0000000100000000)
  eden space 332800K, 0% used [0x00000000e0700000,0x00000000e0700000,0x00000000f4c00000)
  from space 93184K, 0% used [0x00000000fa500000,0x00000000fa500000,0x0000000100000000)
  to   space 91136K, 0% used [0x00000000f4c00000,0x00000000f4c00000,0x00000000fa500000)
 ParOldGen       total 262656K, used 244809K [0x00000000a1400000, 0x00000000b1480000, 0x00000000e0700000)
  object space 262656K, 93% used [0x00000000a1400000,0x00000000b0312580,0x00000000b1480000)
 Metaspace       used 50673K, capacity 51127K, committed 51712K, reserved 1095680K
  class space    used 6200K, capacity 6349K, committed 6400K, reserved 1048576K
}
Event: 122.916 GC heap before
{Heap before GC invocations=38 (full 7):
 PSYoungGen      total 425984K, used 6719K [0x00000000e0700000, 0x0000000100000000, 0x0000000100000000)
  eden space 332800K, 2% used [0x00000000e0700000,0x00000000e0d8fe60,0x00000000f4c00000)
  from space 93184K, 0% used [0x00000000fa500000,0x00000000fa500000,0x0000000100000000)
  to   space 91136K, 0% used [0x00000000f4c00000,0x00000000f4c00000,0x00000000fa500000)
 ParOldGen       total 262656K, used 244809K [0x00000000a1400000, 0x00000000b1480000, 0x00000000e0700000)
  object space 262656K, 93% used [0x00000000a1400000,0x00000000b0312580,0x00000000b1480000)
 Metaspace       used 50684K, capacity 51127K, committed 51712K, reserved 1095680K
  class space    used 6201K, capacity 6349K, committed 6400K, reserved 1048576K
Event: 122.920 GC heap after
Heap after GC invocations=38 (full 7):
 PSYoungGen      total 423936K, used 704K [0x00000000e0700000, 0x0000000100000000, 0x0000000100000000)
  eden space 332800K, 0% used [0x00000000e0700000,0x00000000e0700000,0x00000000f4c00000)
  from space 91136K, 0% used [0x00000000f4c00000,0x00000000f4cb0000,0x00000000fa500000)
  to   space 93184K, 0% used [0x00000000fa500000,0x00000000fa500000,0x0000000100000000)
 ParOldGen       total 262656K, used 244809K [0x00000000a1400000, 0x00000000b1480000, 0x00000000e0700000)
  object space 262656K, 93% used [0x00000000a1400000,0x00000000b0312580,0x00000000b1480000)
 Metaspace       used 50684K, capacity 51127K, committed 51712K, reserved 1095680K
  class space    used 6201K, capacity 6349K, committed 6400K, reserved 1048576K
}
Event: 122.920 GC heap before
{Heap before GC invocations=39 (full 8):
 PSYoungGen      total 423936K, used 704K [0x00000000e0700000, 0x0000000100000000, 0x0000000100000000)
  eden space 332800K, 0% used [0x00000000e0700000,0x00000000e0700000,0x00000000f4c00000)
  from space 91136K, 0% used [0x00000000f4c00000,0x00000000f4cb0000,0x00000000fa500000)
  to   space 93184K, 0% used [0x00000000fa500000,0x00000000fa500000,0x0000000100000000)
 ParOldGen       total 262656K, used 244809K [0x00000000a1400000, 0x00000000b1480000, 0x00000000e0700000)
  object space 262656K, 93% used [0x00000000a1400000,0x00000000b0312580,0x00000000b1480000)
 Metaspace       used 50684K, capacity 51127K, committed 51712K, reserved 1095680K
  class space    used 6201K, capacity 6349K, committed 6400K, reserved 1048576K
Event: 123.426 GC heap after
Heap after GC invocations=39 (full 8):
 PSYoungGen      total 423936K, used 0K [0x00000000e0700000, 0x0000000100000000, 0x0000000100000000)
  eden space 332800K, 0% used [0x00000000e0700000,0x00000000e0700000,0x00000000f4c00000)
  from space 91136K, 0% used [0x00000000f4c00000,0x00000000f4c00000,0x00000000fa500000)
  to   space 93184K, 0% used [0x00000000fa500000,0x00000000fa500000,0x0000000100000000)
 ParOldGen       total 262656K, used 240501K [0x00000000a1400000, 0x00000000b1480000, 0x00000000e0700000)
  object space 262656K, 91% used [0x00000000a1400000,0x00000000afedd768,0x00000000b1480000)
 Metaspace       used 50684K, capacity 51127K, committed 51712K, reserved 1095680K
  class space    used 6201K, capacity 6349K, committed 6400K, reserved 1048576K
}
Event: 123.427 GC heap before
{Heap before GC invocations=40 (full 8):
 PSYoungGen      total 423936K, used 2095K [0x00000000e0700000, 0x0000000100000000, 0x0000000100000000)
  eden space 332800K, 0% used [0x00000000e0700000,0x00000000e090be90,0x00000000f4c00000)
  from space 91136K, 0% used [0x00000000f4c00000,0x00000000f4c00000,0x00000000fa500000)
  to   space 93184K, 0% used [0x00000000fa500000,0x00000000fa500000,0x0000000100000000)
 ParOldGen       total 262656K, used 240501K [0x00000000a1400000, 0x00000000b1480000, 0x00000000e0700000)
  object space 262656K, 91% used [0x00000000a1400000,0x00000000afedd768,0x00000000b1480000)
 Metaspace       used 50684K, capacity 51127K, committed 51712K, reserved 1095680K
  class space    used 6201K, capacity 6349K, committed 6400K, reserved 1048576K
Event: 123.430 GC heap after
Heap after GC invocations=40 (full 8):
 PSYoungGen      total 422912K, used 64K [0x00000000e0700000, 0x0000000100000000, 0x0000000100000000)
  eden space 329728K, 0% used [0x00000000e0700000,0x00000000e0700000,0x00000000f4900000)
  from space 93184K, 0% used [0x00000000fa500000,0x00000000fa510000,0x0000000100000000)
  to   space 93696K, 0% used [0x00000000f4900000,0x00000000f4900000,0x00000000fa480000)
 ParOldGen       total 262656K, used 240501K [0x00000000a1400000, 0x00000000b1480000, 0x00000000e0700000)
  object space 262656K, 91% used [0x00000000a1400000,0x00000000afedd768,0x00000000b1480000)
 Metaspace       used 50684K, capacity 51127K, committed 51712K, reserved 1095680K
  class space    used 6201K, capacity 6349K, committed 6400K, reserved 1048576K
}
Event: 123.430 GC heap before
{Heap before GC invocations=41 (full 9):
 PSYoungGen      total 422912K, used 64K [0x00000000e0700000, 0x0000000100000000, 0x0000000100000000)
  eden space 329728K, 0% used [0x00000000e0700000,0x00000000e0700000,0x00000000f4900000)
  from space 93184K, 0% used [0x00000000fa500000,0x00000000fa510000,0x0000000100000000)
  to   space 93696K, 0% used [0x00000000f4900000,0x00000000f4900000,0x00000000fa480000)
 ParOldGen       total 262656K, used 240501K [0x00000000a1400000, 0x00000000b1480000, 0x00000000e0700000)
  object space 262656K, 91% used [0x00000000a1400000,0x00000000afedd768,0x00000000b1480000)
 Metaspace       used 50684K, capacity 51127K, committed 51712K, reserved 1095680K
  class space    used 6201K, capacity 6349K, committed 6400K, reserved 1048576K
Event: 123.581 GC heap after
Heap after GC invocations=41 (full 9):
 PSYoungGen      total 422912K, used 0K [0x00000000e0700000, 0x0000000100000000, 0x0000000100000000)
  eden space 329728K, 0% used [0x00000000e0700000,0x00000000e0700000,0x00000000f4900000)
  from space 93184K, 0% used [0x00000000fa500000,0x00000000fa500000,0x0000000100000000)
  to   space 93696K, 0% used [0x00000000f4900000,0x00000000f4900000,0x00000000fa480000)
 ParOldGen       total 262656K, used 240499K [0x00000000a1400000, 0x00000000b1480000, 0x00000000e0700000)
  object space 262656K, 91% used [0x00000000a1400000,0x00000000afedccd8,0x00000000b1480000)
 Metaspace       used 50684K, capacity 51127K, committed 51712K, reserved 1095680K
  class space    used 6201K, capacity 6349K, committed 6400K, reserved 1048576K
}

