# JRE version: OpenJDK Runtime Environment (8.0_332-b08) (build 1.8.0_332-b08)
# Java VM: OpenJDK 64-Bit Server VM (25.332-b08 mixed mode windows-amd64 compressed oops)
Heap:
 PSYoungGen      total 214016K, used 134289K [0x00000000e0700000, 0x00000000ee200000, 0x0000000100000000)
  eden space 204288K, 62% used [0x00000000e0700000,0x00000000e839a640,0x00000000ece80000)
  from space 9728K, 68% used [0x00000000ece80000,0x00000000ed50a170,0x00000000ed800000)
  to   space 9728K, 0% used [0x00000000ed880000,0x00000000ed880000,0x00000000ee200000)
 ParOldGen       total 1035264K, used 875862K [0x00000000a1400000, 0x00000000e0700000, 0x00000000e0700000)
  object space 1035264K, 84% used [0x00000000a1400000,0x00000000d6b55a80,0x00000000e0700000)
 Metaspace       used 54368K, capacity 54807K, committed 55552K, reserved 1097728K
  class space    used 6419K, capacity 6547K, committed 6656K, reserved 1048576K
GC Heap History (10 events):
Event: 660.718 GC heap before
{Heap before GC invocations=158 (full 11):
 PSYoungGen      total 212992K, used 210990K [0x00000000e0700000, 0x00000000ee080000, 0x0000000100000000)
  eden space 203264K, 100% used [0x00000000e0700000,0x00000000ecd80000,0x00000000ecd80000)
  from space 9728K, 79% used [0x00000000ed700000,0x00000000ede8bad8,0x00000000ee080000)
  to   space 9728K, 0% used [0x00000000ecd80000,0x00000000ecd80000,0x00000000ed700000)
 ParOldGen       total 1035264K, used 873527K [0x00000000a1400000, 0x00000000e0700000, 0x00000000e0700000)
  object space 1035264K, 84% used [0x00000000a1400000,0x00000000d690dfd0,0x00000000e0700000)
 Metaspace       used 54293K, capacity 54679K, committed 55296K, reserved 1097728K
  class space    used 6408K, capacity 6547K, committed 6656K, reserved 1048576K
Event: 660.724 GC heap after
Heap after GC invocations=158 (full 11):
 PSYoungGen      total 212992K, used 7298K [0x00000000e0700000, 0x00000000ee100000, 0x0000000100000000)
  eden space 203264K, 0% used [0x00000000e0700000,0x00000000e0700000,0x00000000ecd80000)
  from space 9728K, 75% used [0x00000000ecd80000,0x00000000ed4a0908,0x00000000ed700000)
  to   space 9728K, 0% used [0x00000000ed780000,0x00000000ed780000,0x00000000ee100000)
 ParOldGen       total 1035264K, used 874252K [0x00000000a1400000, 0x00000000e0700000, 0x00000000e0700000)
  object space 1035264K, 84% used [0x00000000a1400000,0x00000000d69c33e0,0x00000000e0700000)
 Metaspace       used 54293K, capacity 54679K, committed 55296K, reserved 1097728K
  class space    used 6408K, capacity 6547K, committed 6656K, reserved 1048576K
}
Event: 667.065 GC heap before
{Heap before GC invocations=159 (full 11):
 PSYoungGen      total 212992K, used 210549K [0x00000000e0700000, 0x00000000ee100000, 0x0000000100000000)
  eden space 203264K, 99% used [0x00000000e0700000,0x00000000ecd7ce48,0x00000000ecd80000)
  from space 9728K, 75% used [0x00000000ecd80000,0x00000000ed4a0908,0x00000000ed700000)
  to   space 9728K, 0% used [0x00000000ed780000,0x00000000ed780000,0x00000000ee100000)
 ParOldGen       total 1035264K, used 874252K [0x00000000a1400000, 0x00000000e0700000, 0x00000000e0700000)
  object space 1035264K, 84% used [0x00000000a1400000,0x00000000d69c33e0,0x00000000e0700000)
 Metaspace       used 54293K, capacity 54679K, committed 55296K, reserved 1097728K
  class space    used 6408K, capacity 6547K, committed 6656K, reserved 1048576K
Event: 667.071 GC heap after
Heap after GC invocations=159 (full 11):
 PSYoungGen      total 213504K, used 6376K [0x00000000e0700000, 0x00000000ee100000, 0x0000000100000000)
  eden space 203776K, 0% used [0x00000000e0700000,0x00000000e0700000,0x00000000ece00000)
  from space 9728K, 65% used [0x00000000ed780000,0x00000000eddba348,0x00000000ee100000)
  to   space 9728K, 0% used [0x00000000ece00000,0x00000000ece00000,0x00000000ed780000)
 ParOldGen       total 1035264K, used 874348K [0x00000000a1400000, 0x00000000e0700000, 0x00000000e0700000)
  object space 1035264K, 84% used [0x00000000a1400000,0x00000000d69db3e0,0x00000000e0700000)
 Metaspace       used 54293K, capacity 54679K, committed 55296K, reserved 1097728K
  class space    used 6408K, capacity 6547K, committed 6656K, reserved 1048576K
}
Event: 670.964 GC heap before
{Heap before GC invocations=160 (full 11):
 PSYoungGen      total 213504K, used 210152K [0x00000000e0700000, 0x00000000ee100000, 0x0000000100000000)
  eden space 203776K, 100% used [0x00000000e0700000,0x00000000ece00000,0x00000000ece00000)
  from space 9728K, 65% used [0x00000000ed780000,0x00000000eddba348,0x00000000ee100000)
  to   space 9728K, 0% used [0x00000000ece00000,0x00000000ece00000,0x00000000ed780000)
 ParOldGen       total 1035264K, used 874348K [0x00000000a1400000, 0x00000000e0700000, 0x00000000e0700000)
  object space 1035264K, 84% used [0x00000000a1400000,0x00000000d69db3e0,0x00000000e0700000)
 Metaspace       used 54293K, capacity 54679K, committed 55296K, reserved 1097728K
  class space    used 6408K, capacity 6547K, committed 6656K, reserved 1048576K
Event: 670.972 GC heap after
Heap after GC invocations=160 (full 11):
 PSYoungGen      total 213504K, used 8384K [0x00000000e0700000, 0x00000000ee180000, 0x0000000100000000)
  eden space 203776K, 0% used [0x00000000e0700000,0x00000000e0700000,0x00000000ece00000)
  from space 9728K, 86% used [0x00000000ece00000,0x00000000ed630398,0x00000000ed780000)
  to   space 9728K, 0% used [0x00000000ed800000,0x00000000ed800000,0x00000000ee180000)
 ParOldGen       total 1035264K, used 874428K [0x00000000a1400000, 0x00000000e0700000, 0x00000000e0700000)
  object space 1035264K, 84% used [0x00000000a1400000,0x00000000d69ef3e0,0x00000000e0700000)
 Metaspace       used 54293K, capacity 54679K, committed 55296K, reserved 1097728K
  class space    used 6408K, capacity 6547K, committed 6656K, reserved 1048576K
}
Event: 676.689 GC heap before
{Heap before GC invocations=161 (full 11):
 PSYoungGen      total 213504K, used 212160K [0x00000000e0700000, 0x00000000ee180000, 0x0000000100000000)
  eden space 203776K, 100% used [0x00000000e0700000,0x00000000ece00000,0x00000000ece00000)
  from space 9728K, 86% used [0x00000000ece00000,0x00000000ed630398,0x00000000ed780000)
  to   space 9728K, 0% used [0x00000000ed800000,0x00000000ed800000,0x00000000ee180000)
 ParOldGen       total 1035264K, used 874428K [0x00000000a1400000, 0x00000000e0700000, 0x00000000e0700000)
  object space 1035264K, 84% used [0x00000000a1400000,0x00000000d69ef3e0,0x00000000e0700000)
 Metaspace       used 54293K, capacity 54679K, committed 55296K, reserved 1097728K
  class space    used 6408K, capacity 6547K, committed 6656K, reserved 1048576K
Event: 676.697 GC heap after
Heap after GC invocations=161 (full 11):
 PSYoungGen      total 214016K, used 7453K [0x00000000e0700000, 0x00000000ee180000, 0x0000000100000000)
  eden space 204288K, 0% used [0x00000000e0700000,0x00000000e0700000,0x00000000ece80000)
  from space 9728K, 76% used [0x00000000ed800000,0x00000000edf47528,0x00000000ee180000)
  to   space 9728K, 0% used [0x00000000ece80000,0x00000000ece80000,0x00000000ed800000)
 ParOldGen       total 1035264K, used 874516K [0x00000000a1400000, 0x00000000e0700000, 0x00000000e0700000)
  object space 1035264K, 84% used [0x00000000a1400000,0x00000000d6a053e0,0x00000000e0700000)
 Metaspace       used 54293K, capacity 54679K, committed 55296K, reserved 1097728K
  class space    used 6408K, capacity 6547K, committed 6656K, reserved 1048576K
}
Event: 682.150 GC heap before
{Heap before GC invocations=162 (full 11):
 PSYoungGen      total 214016K, used 211741K [0x00000000e0700000, 0x00000000ee180000, 0x0000000100000000)
  eden space 204288K, 100% used [0x00000000e0700000,0x00000000ece80000,0x00000000ece80000)
  from space 9728K, 76% used [0x00000000ed800000,0x00000000edf47528,0x00000000ee180000)
  to   space 9728K, 0% used [0x00000000ece80000,0x00000000ece80000,0x00000000ed800000)
 ParOldGen       total 1035264K, used 874516K [0x00000000a1400000, 0x00000000e0700000, 0x00000000e0700000)
  object space 1035264K, 84% used [0x00000000a1400000,0x00000000d6a053e0,0x00000000e0700000)
 Metaspace       used 54293K, capacity 54679K, committed 55296K, reserved 1097728K
  class space    used 6408K, capacity 6547K, committed 6656K, reserved 1048576K
Event: 682.160 GC heap after
Heap after GC invocations=162 (full 11):
 PSYoungGen      total 214016K, used 6696K [0x00000000e0700000, 0x00000000ee200000, 0x0000000100000000)
  eden space 204288K, 0% used [0x00000000e0700000,0x00000000e0700000,0x00000000ece80000)
  from space 9728K, 68% used [0x00000000ece80000,0x00000000ed50a170,0x00000000ed800000)
  to   space 9728K, 0% used [0x00000000ed880000,0x00000000ed880000,0x00000000ee200000)
 ParOldGen       total 1035264K, used 875862K [0x00000000a1400000, 0x00000000e0700000, 0x00000000e0700000)
  object space 1035264K, 84% used [0x00000000a1400000,0x00000000d6b55a80,0x00000000e0700000)
 Metaspace       used 54293K, capacity 54679K, committed 55296K, reserved 1097728K
  class space    used 6408K, capacity 6547K, committed 6656K, reserved 1048576K
}

