# JRE version: OpenJDK Runtime Environment (8.0_332-b08) (build 1.8.0_332-b08)
# Java VM: OpenJDK 64-Bit Server VM (25.332-b08 mixed mode windows-amd64 compressed oops)
Heap:
 PSYoungGen      total 345088K, used 3890K [0x00000000e0700000, 0x0000000100000000, 0x0000000100000000)
  eden space 173056K, 2% used [0x00000000e0700000,0x00000000e0accb60,0x00000000eb000000)
  from space 172032K, 0% used [0x00000000eb000000,0x00000000eb000000,0x00000000f5800000)
  to   space 172032K, 0% used [0x00000000f5800000,0x00000000f5800000,0x0000000100000000)
 ParOldGen       total 952832K, used 519574K [0x00000000a1400000, 0x00000000db680000, 0x00000000e0700000)
  object space 952832K, 54% used [0x00000000a1400000,0x00000000c0f658e0,0x00000000db680000)
 Metaspace       used 53673K, capacity 54035K, committed 54656K, reserved 1097728K
  class space    used 6428K, capacity 6528K, committed 6528K, reserved 1048576K
GC Heap History (10 events):
Event: 84.700 GC heap before
{Heap before GC invocations=50 (full 11):
 PSYoungGen      total 345088K, used 46475K [0x00000000e0700000, 0x0000000100000000, 0x0000000100000000)
  eden space 173056K, 0% used [0x00000000e0700000,0x00000000e0700000,0x00000000eb000000)
  from space 172032K, 27% used [0x00000000eb000000,0x00000000edd62d88,0x00000000f5800000)
  to   space 172032K, 0% used [0x00000000f5800000,0x00000000f5800000,0x0000000100000000)
 ParOldGen       total 952832K, used 645626K [0x00000000a1400000, 0x00000000db680000, 0x00000000e0700000)
  object space 952832K, 67% used [0x00000000a1400000,0x00000000c8a7eb40,0x00000000db680000)
 Metaspace       used 53494K, capacity 53843K, committed 54400K, reserved 1097728K
  class space    used 6418K, capacity 6528K, committed 6528K, reserved 1048576K
Event: 85.432 GC heap after
Heap after GC invocations=50 (full 11):
 PSYoungGen      total 345088K, used 0K [0x00000000e0700000, 0x0000000100000000, 0x0000000100000000)
  eden space 173056K, 0% used [0x00000000e0700000,0x00000000e0700000,0x00000000eb000000)
  from space 172032K, 0% used [0x00000000eb000000,0x00000000eb000000,0x00000000f5800000)
  to   space 172032K, 0% used [0x00000000f5800000,0x00000000f5800000,0x0000000100000000)
 ParOldGen       total 952832K, used 567639K [0x00000000a1400000, 0x00000000db680000, 0x00000000e0700000)
  object space 952832K, 59% used [0x00000000a1400000,0x00000000c3e55e00,0x00000000db680000)
 Metaspace       used 53494K, capacity 53843K, committed 54400K, reserved 1097728K
  class space    used 6418K, capacity 6528K, committed 6528K, reserved 1048576K
}
Event: 89.591 GC heap before
{Heap before GC invocations=51 (full 11):
 PSYoungGen      total 345088K, used 161955K [0x00000000e0700000, 0x0000000100000000, 0x0000000100000000)
  eden space 173056K, 93% used [0x00000000e0700000,0x00000000ea528e50,0x00000000eb000000)
  from space 172032K, 0% used [0x00000000eb000000,0x00000000eb000000,0x00000000f5800000)
  to   space 172032K, 0% used [0x00000000f5800000,0x00000000f5800000,0x0000000100000000)
 ParOldGen       total 952832K, used 567639K [0x00000000a1400000, 0x00000000db680000, 0x00000000e0700000)
  object space 952832K, 59% used [0x00000000a1400000,0x00000000c3e55e00,0x00000000db680000)
 Metaspace       used 53664K, capacity 54035K, committed 54656K, reserved 1097728K
  class space    used 6426K, capacity 6528K, committed 6528K, reserved 1048576K
Event: 89.605 GC heap after
Heap after GC invocations=51 (full 11):
 PSYoungGen      total 345088K, used 12110K [0x00000000e0700000, 0x0000000100000000, 0x0000000100000000)
  eden space 173056K, 0% used [0x00000000e0700000,0x00000000e0700000,0x00000000eb000000)
  from space 172032K, 7% used [0x00000000f5800000,0x00000000f63d3b00,0x0000000100000000)
  to   space 172032K, 0% used [0x00000000eb000000,0x00000000eb000000,0x00000000f5800000)
 ParOldGen       total 952832K, used 567647K [0x00000000a1400000, 0x00000000db680000, 0x00000000e0700000)
  object space 952832K, 59% used [0x00000000a1400000,0x00000000c3e57e00,0x00000000db680000)
 Metaspace       used 53664K, capacity 54035K, committed 54656K, reserved 1097728K
  class space    used 6426K, capacity 6528K, committed 6528K, reserved 1048576K
}
Event: 89.605 GC heap before
{Heap before GC invocations=52 (full 12):
 PSYoungGen      total 345088K, used 12110K [0x00000000e0700000, 0x0000000100000000, 0x0000000100000000)
  eden space 173056K, 0% used [0x00000000e0700000,0x00000000e0700000,0x00000000eb000000)
  from space 172032K, 7% used [0x00000000f5800000,0x00000000f63d3b00,0x0000000100000000)
  to   space 172032K, 0% used [0x00000000eb000000,0x00000000eb000000,0x00000000f5800000)
 ParOldGen       total 952832K, used 567647K [0x00000000a1400000, 0x00000000db680000, 0x00000000e0700000)
  object space 952832K, 59% used [0x00000000a1400000,0x00000000c3e57e00,0x00000000db680000)
 Metaspace       used 53664K, capacity 54035K, committed 54656K, reserved 1097728K
  class space    used 6426K, capacity 6528K, committed 6528K, reserved 1048576K
Event: 90.117 GC heap after
Heap after GC invocations=52 (full 12):
 PSYoungGen      total 345088K, used 0K [0x00000000e0700000, 0x0000000100000000, 0x0000000100000000)
  eden space 173056K, 0% used [0x00000000e0700000,0x00000000e0700000,0x00000000eb000000)
  from space 172032K, 0% used [0x00000000f5800000,0x00000000f5800000,0x0000000100000000)
  to   space 172032K, 0% used [0x00000000eb000000,0x00000000eb000000,0x00000000f5800000)
 ParOldGen       total 952832K, used 519574K [0x00000000a1400000, 0x00000000db680000, 0x00000000e0700000)
  object space 952832K, 54% used [0x00000000a1400000,0x00000000c0f65b70,0x00000000db680000)
 Metaspace       used 53664K, capacity 54035K, committed 54656K, reserved 1097728K
  class space    used 6426K, capacity 6528K, committed 6528K, reserved 1048576K
}
Event: 90.118 GC heap before
{Heap before GC invocations=53 (full 12):
 PSYoungGen      total 345088K, used 96K [0x00000000e0700000, 0x0000000100000000, 0x0000000100000000)
  eden space 173056K, 0% used [0x00000000e0700000,0x00000000e07182e0,0x00000000eb000000)
  from space 172032K, 0% used [0x00000000f5800000,0x00000000f5800000,0x0000000100000000)
  to   space 172032K, 0% used [0x00000000eb000000,0x00000000eb000000,0x00000000f5800000)
 ParOldGen       total 952832K, used 519574K [0x00000000a1400000, 0x00000000db680000, 0x00000000e0700000)
  object space 952832K, 54% used [0x00000000a1400000,0x00000000c0f65b70,0x00000000db680000)
 Metaspace       used 53664K, capacity 54035K, committed 54656K, reserved 1097728K
  class space    used 6426K, capacity 6528K, committed 6528K, reserved 1048576K
Event: 90.122 GC heap after
Heap after GC invocations=53 (full 12):
 PSYoungGen      total 345088K, used 32K [0x00000000e0700000, 0x0000000100000000, 0x0000000100000000)
  eden space 173056K, 0% used [0x00000000e0700000,0x00000000e0700000,0x00000000eb000000)
  from space 172032K, 0% used [0x00000000eb000000,0x00000000eb008000,0x00000000f5800000)
  to   space 172032K, 0% used [0x00000000f5800000,0x00000000f5800000,0x0000000100000000)
 ParOldGen       total 952832K, used 519574K [0x00000000a1400000, 0x00000000db680000, 0x00000000e0700000)
  object space 952832K, 54% used [0x00000000a1400000,0x00000000c0f65b70,0x00000000db680000)
 Metaspace       used 53664K, capacity 54035K, committed 54656K, reserved 1097728K
  class space    used 6426K, capacity 6528K, committed 6528K, reserved 1048576K
}
Event: 90.122 GC heap before
{Heap before GC invocations=54 (full 13):
 PSYoungGen      total 345088K, used 32K [0x00000000e0700000, 0x0000000100000000, 0x0000000100000000)
  eden space 173056K, 0% used [0x00000000e0700000,0x00000000e0700000,0x00000000eb000000)
  from space 172032K, 0% used [0x00000000eb000000,0x00000000eb008000,0x00000000f5800000)
  to   space 172032K, 0% used [0x00000000f5800000,0x00000000f5800000,0x0000000100000000)
 ParOldGen       total 952832K, used 519574K [0x00000000a1400000, 0x00000000db680000, 0x00000000e0700000)
  object space 952832K, 54% used [0x00000000a1400000,0x00000000c0f65b70,0x00000000db680000)
 Metaspace       used 53664K, capacity 54035K, committed 54656K, reserved 1097728K
  class space    used 6426K, capacity 6528K, committed 6528K, reserved 1048576K
Event: 90.352 GC heap after
Heap after GC invocations=54 (full 13):
 PSYoungGen      total 345088K, used 0K [0x00000000e0700000, 0x0000000100000000, 0x0000000100000000)
  eden space 173056K, 0% used [0x00000000e0700000,0x00000000e0700000,0x00000000eb000000)
  from space 172032K, 0% used [0x00000000eb000000,0x00000000eb000000,0x00000000f5800000)
  to   space 172032K, 0% used [0x00000000f5800000,0x00000000f5800000,0x0000000100000000)
 ParOldGen       total 952832K, used 519574K [0x00000000a1400000, 0x00000000db680000, 0x00000000e0700000)
  object space 952832K, 54% used [0x00000000a1400000,0x00000000c0f658e0,0x00000000db680000)
 Metaspace       used 53664K, capacity 54035K, committed 54656K, reserved 1097728K
  class space    used 6426K, capacity 6528K, committed 6528K, reserved 1048576K
}

