# JRE version: OpenJDK Runtime Environment (8.0_332-b08) (build 1.8.0_332-b08)
# Java VM: OpenJDK 64-Bit Server VM (25.332-b08 mixed mode windows-amd64 compressed oops)
Heap:
 PSYoungGen      total 345088K, used 6064K [0x00000000e0700000, 0x0000000100000000, 0x0000000100000000)
  eden space 173056K, 3% used [0x00000000e0700000,0x00000000e0cec2e0,0x00000000eb000000)
  from space 172032K, 0% used [0x00000000f5800000,0x00000000f5800000,0x0000000100000000)
  to   space 172032K, 0% used [0x00000000eb000000,0x00000000eb000000,0x00000000f5800000)
 ParOldGen       total 779776K, used 318378K [0x00000000a1400000, 0x00000000d0d80000, 0x00000000e0700000)
  object space 779776K, 40% used [0x00000000a1400000,0x00000000b4aeab20,0x00000000d0d80000)
 Metaspace       used 52988K, capacity 53405K, committed 53888K, reserved 1097728K
  class space    used 6386K, capacity 6510K, committed 6528K, reserved 1048576K
GC Heap History (10 events):
Event: 344.847 GC heap before
{Heap before GC invocations=47 (full 11):
 PSYoungGen      total 345088K, used 172003K [0x00000000e0700000, 0x0000000100000000, 0x0000000100000000)
  eden space 173056K, 0% used [0x00000000e0700000,0x00000000e0700000,0x00000000eb000000)
  from space 172032K, 99% used [0x00000000f5800000,0x00000000ffff8cb8,0x0000000100000000)
  to   space 172032K, 0% used [0x00000000eb000000,0x00000000eb000000,0x00000000f5800000)
 ParOldGen       total 655360K, used 571419K [0x00000000a1400000, 0x00000000c9400000, 0x00000000e0700000)
  object space 655360K, 87% used [0x00000000a1400000,0x00000000c4206cb0,0x00000000c9400000)
 Metaspace       used 52928K, capacity 53341K, committed 53888K, reserved 1097728K
  class space    used 6378K, capacity 6510K, committed 6528K, reserved 1048576K
Event: 345.146 GC heap after
Heap after GC invocations=47 (full 11):
 PSYoungGen      total 345088K, used 0K [0x00000000e0700000, 0x0000000100000000, 0x0000000100000000)
  eden space 173056K, 0% used [0x00000000e0700000,0x00000000e0700000,0x00000000eb000000)
  from space 172032K, 0% used [0x00000000f5800000,0x00000000f5800000,0x0000000100000000)
  to   space 172032K, 0% used [0x00000000eb000000,0x00000000eb000000,0x00000000f5800000)
 ParOldGen       total 779776K, used 492087K [0x00000000a1400000, 0x00000000d0d80000, 0x00000000e0700000)
  object space 779776K, 63% used [0x00000000a1400000,0x00000000bf48dfc8,0x00000000d0d80000)
 Metaspace       used 52928K, capacity 53341K, committed 53888K, reserved 1097728K
  class space    used 6378K, capacity 6510K, committed 6528K, reserved 1048576K
}
Event: 351.973 GC heap before
{Heap before GC invocations=48 (full 11):
 PSYoungGen      total 345088K, used 164448K [0x00000000e0700000, 0x0000000100000000, 0x0000000100000000)
  eden space 173056K, 95% used [0x00000000e0700000,0x00000000ea7982d0,0x00000000eb000000)
  from space 172032K, 0% used [0x00000000f5800000,0x00000000f5800000,0x0000000100000000)
  to   space 172032K, 0% used [0x00000000eb000000,0x00000000eb000000,0x00000000f5800000)
 ParOldGen       total 779776K, used 492087K [0x00000000a1400000, 0x00000000d0d80000, 0x00000000e0700000)
  object space 779776K, 63% used [0x00000000a1400000,0x00000000bf48dfc8,0x00000000d0d80000)
 Metaspace       used 52978K, capacity 53341K, committed 53888K, reserved 1097728K
  class space    used 6384K, capacity 6510K, committed 6528K, reserved 1048576K
Event: 351.991 GC heap after
Heap after GC invocations=48 (full 11):
 PSYoungGen      total 345088K, used 15680K [0x00000000e0700000, 0x0000000100000000, 0x0000000100000000)
  eden space 173056K, 0% used [0x00000000e0700000,0x00000000e0700000,0x00000000eb000000)
  from space 172032K, 9% used [0x00000000eb000000,0x00000000ebf50010,0x00000000f5800000)
  to   space 172032K, 0% used [0x00000000f5800000,0x00000000f5800000,0x0000000100000000)
 ParOldGen       total 779776K, used 492087K [0x00000000a1400000, 0x00000000d0d80000, 0x00000000e0700000)
  object space 779776K, 63% used [0x00000000a1400000,0x00000000bf48dfc8,0x00000000d0d80000)
 Metaspace       used 52978K, capacity 53341K, committed 53888K, reserved 1097728K
  class space    used 6384K, capacity 6510K, committed 6528K, reserved 1048576K
}
Event: 351.991 GC heap before
{Heap before GC invocations=49 (full 12):
 PSYoungGen      total 345088K, used 15680K [0x00000000e0700000, 0x0000000100000000, 0x0000000100000000)
  eden space 173056K, 0% used [0x00000000e0700000,0x00000000e0700000,0x00000000eb000000)
  from space 172032K, 9% used [0x00000000eb000000,0x00000000ebf50010,0x00000000f5800000)
  to   space 172032K, 0% used [0x00000000f5800000,0x00000000f5800000,0x0000000100000000)
 ParOldGen       total 779776K, used 492087K [0x00000000a1400000, 0x00000000d0d80000, 0x00000000e0700000)
  object space 779776K, 63% used [0x00000000a1400000,0x00000000bf48dfc8,0x00000000d0d80000)
 Metaspace       used 52978K, capacity 53341K, committed 53888K, reserved 1097728K
  class space    used 6384K, capacity 6510K, committed 6528K, reserved 1048576K
Event: 352.491 GC heap after
Heap after GC invocations=49 (full 12):
 PSYoungGen      total 345088K, used 0K [0x00000000e0700000, 0x0000000100000000, 0x0000000100000000)
  eden space 173056K, 0% used [0x00000000e0700000,0x00000000e0700000,0x00000000eb000000)
  from space 172032K, 0% used [0x00000000eb000000,0x00000000eb000000,0x00000000f5800000)
  to   space 172032K, 0% used [0x00000000f5800000,0x00000000f5800000,0x0000000100000000)
 ParOldGen       total 779776K, used 318378K [0x00000000a1400000, 0x00000000d0d80000, 0x00000000e0700000)
  object space 779776K, 40% used [0x00000000a1400000,0x00000000b4aeab48,0x00000000d0d80000)
 Metaspace       used 52978K, capacity 53341K, committed 53888K, reserved 1097728K
  class space    used 6384K, capacity 6510K, committed 6528K, reserved 1048576K
}
Event: 352.492 GC heap before
{Heap before GC invocations=50 (full 12):
 PSYoungGen      total 345088K, used 154K [0x00000000e0700000, 0x0000000100000000, 0x0000000100000000)
  eden space 173056K, 0% used [0x00000000e0700000,0x00000000e0726b70,0x00000000eb000000)
  from space 172032K, 0% used [0x00000000eb000000,0x00000000eb000000,0x00000000f5800000)
  to   space 172032K, 0% used [0x00000000f5800000,0x00000000f5800000,0x0000000100000000)
 ParOldGen       total 779776K, used 318378K [0x00000000a1400000, 0x00000000d0d80000, 0x00000000e0700000)
  object space 779776K, 40% used [0x00000000a1400000,0x00000000b4aeab48,0x00000000d0d80000)
 Metaspace       used 52978K, capacity 53341K, committed 53888K, reserved 1097728K
  class space    used 6384K, capacity 6510K, committed 6528K, reserved 1048576K
Event: 352.495 GC heap after
Heap after GC invocations=50 (full 12):
 PSYoungGen      total 345088K, used 0K [0x00000000e0700000, 0x0000000100000000, 0x0000000100000000)
  eden space 173056K, 0% used [0x00000000e0700000,0x00000000e0700000,0x00000000eb000000)
  from space 172032K, 0% used [0x00000000f5800000,0x00000000f5800000,0x0000000100000000)
  to   space 172032K, 0% used [0x00000000eb000000,0x00000000eb000000,0x00000000f5800000)
 ParOldGen       total 779776K, used 318378K [0x00000000a1400000, 0x00000000d0d80000, 0x00000000e0700000)
  object space 779776K, 40% used [0x00000000a1400000,0x00000000b4aeab48,0x00000000d0d80000)
 Metaspace       used 52978K, capacity 53341K, committed 53888K, reserved 1097728K
  class space    used 6384K, capacity 6510K, committed 6528K, reserved 1048576K
}
Event: 352.495 GC heap before
{Heap before GC invocations=51 (full 13):
 PSYoungGen      total 345088K, used 0K [0x00000000e0700000, 0x0000000100000000, 0x0000000100000000)
  eden space 173056K, 0% used [0x00000000e0700000,0x00000000e0700000,0x00000000eb000000)
  from space 172032K, 0% used [0x00000000f5800000,0x00000000f5800000,0x0000000100000000)
  to   space 172032K, 0% used [0x00000000eb000000,0x00000000eb000000,0x00000000f5800000)
 ParOldGen       total 779776K, used 318378K [0x00000000a1400000, 0x00000000d0d80000, 0x00000000e0700000)
  object space 779776K, 40% used [0x00000000a1400000,0x00000000b4aeab48,0x00000000d0d80000)
 Metaspace       used 52978K, capacity 53341K, committed 53888K, reserved 1097728K
  class space    used 6384K, capacity 6510K, committed 6528K, reserved 1048576K
Event: 352.771 GC heap after
Heap after GC invocations=51 (full 13):
 PSYoungGen      total 345088K, used 0K [0x00000000e0700000, 0x0000000100000000, 0x0000000100000000)
  eden space 173056K, 0% used [0x00000000e0700000,0x00000000e0700000,0x00000000eb000000)
  from space 172032K, 0% used [0x00000000f5800000,0x00000000f5800000,0x0000000100000000)
  to   space 172032K, 0% used [0x00000000eb000000,0x00000000eb000000,0x00000000f5800000)
 ParOldGen       total 779776K, used 318378K [0x00000000a1400000, 0x00000000d0d80000, 0x00000000e0700000)
  object space 779776K, 40% used [0x00000000a1400000,0x00000000b4aeab20,0x00000000d0d80000)
 Metaspace       used 52978K, capacity 53341K, committed 53888K, reserved 1097728K
  class space    used 6384K, capacity 6510K, committed 6528K, reserved 1048576K
}

