# JRE version: OpenJDK Runtime Environment (8.0_332-b08) (build 1.8.0_332-b08)
# Java VM: OpenJDK 64-Bit Server VM (25.332-b08 mixed mode windows-amd64 compressed oops)
Heap:
 PSYoungGen      total 500736K, used 61210K [0x00000000e0700000, 0x00000000ffd80000, 0x0000000100000000)
  eden space 487936K, 11% used [0x00000000e0700000,0x00000000e3c56ed0,0x00000000fe380000)
  from space 12800K, 51% used [0x00000000ff100000,0x00000000ff76f978,0x00000000ffd80000)
  to   space 13312K, 0% used [0x00000000fe380000,0x00000000fe380000,0x00000000ff080000)
 ParOldGen       total 389632K, used 270102K [0x00000000a1400000, 0x00000000b9080000, 0x00000000e0700000)
  object space 389632K, 69% used [0x00000000a1400000,0x00000000b1bc5b40,0x00000000b9080000)
 Metaspace       used 53131K, capacity 53629K, committed 54144K, reserved 1097728K
  class space    used 6284K, capacity 6435K, committed 6528K, reserved 1048576K
GC Heap History (10 events):
Event: 255.557 GC heap before
{Heap before GC invocations=97 (full 7):
 PSYoungGen      total 480768K, used 469857K [0x00000000e0700000, 0x00000000ff500000, 0x0000000100000000)
  eden space 463360K, 100% used [0x00000000e0700000,0x00000000fcb80000,0x00000000fcb80000)
  from space 17408K, 37% used [0x00000000fcb80000,0x00000000fd1d8550,0x00000000fdc80000)
  to   space 16896K, 0% used [0x00000000fe480000,0x00000000fe480000,0x00000000ff500000)
 ParOldGen       total 389632K, used 269766K [0x00000000a1400000, 0x00000000b9080000, 0x00000000e0700000)
  object space 389632K, 69% used [0x00000000a1400000,0x00000000b1b71b20,0x00000000b9080000)
 Metaspace       used 53108K, capacity 53629K, committed 54144K, reserved 1097728K
  class space    used 6282K, capacity 6435K, committed 6528K, reserved 1048576K
Event: 255.564 GC heap after
Heap after GC invocations=97 (full 7):
 PSYoungGen      total 485888K, used 6719K [0x00000000e0700000, 0x00000000ff280000, 0x0000000100000000)
  eden space 471552K, 0% used [0x00000000e0700000,0x00000000e0700000,0x00000000fd380000)
  from space 14336K, 46% used [0x00000000fe480000,0x00000000feb0ffc8,0x00000000ff280000)
  to   space 15872K, 0% used [0x00000000fd380000,0x00000000fd380000,0x00000000fe300000)
 ParOldGen       total 389632K, used 269830K [0x00000000a1400000, 0x00000000b9080000, 0x00000000e0700000)
  object space 389632K, 69% used [0x00000000a1400000,0x00000000b1b81b20,0x00000000b9080000)
 Metaspace       used 53108K, capacity 53629K, committed 54144K, reserved 1097728K
  class space    used 6282K, capacity 6435K, committed 6528K, reserved 1048576K
}
Event: 260.428 GC heap before
{Heap before GC invocations=98 (full 7):
 PSYoungGen      total 485888K, used 478271K [0x00000000e0700000, 0x00000000ff280000, 0x0000000100000000)
  eden space 471552K, 100% used [0x00000000e0700000,0x00000000fd380000,0x00000000fd380000)
  from space 14336K, 46% used [0x00000000fe480000,0x00000000feb0ffc8,0x00000000ff280000)
  to   space 15872K, 0% used [0x00000000fd380000,0x00000000fd380000,0x00000000fe300000)
 ParOldGen       total 389632K, used 269830K [0x00000000a1400000, 0x00000000b9080000, 0x00000000e0700000)
  object space 389632K, 69% used [0x00000000a1400000,0x00000000b1b81b20,0x00000000b9080000)
 Metaspace       used 53110K, capacity 53629K, committed 54144K, reserved 1097728K
  class space    used 6282K, capacity 6435K, committed 6528K, reserved 1048576K
Event: 260.434 GC heap after
Heap after GC invocations=98 (full 7):
 PSYoungGen      total 487424K, used 6658K [0x00000000e0700000, 0x00000000ff980000, 0x0000000100000000)
  eden space 471552K, 0% used [0x00000000e0700000,0x00000000e0700000,0x00000000fd380000)
  from space 15872K, 41% used [0x00000000fd380000,0x00000000fda00a50,0x00000000fe300000)
  to   space 15360K, 0% used [0x00000000fea80000,0x00000000fea80000,0x00000000ff980000)
 ParOldGen       total 389632K, used 269894K [0x00000000a1400000, 0x00000000b9080000, 0x00000000e0700000)
  object space 389632K, 69% used [0x00000000a1400000,0x00000000b1b91b20,0x00000000b9080000)
 Metaspace       used 53110K, capacity 53629K, committed 54144K, reserved 1097728K
  class space    used 6282K, capacity 6435K, committed 6528K, reserved 1048576K
}
Event: 266.170 GC heap before
{Heap before GC invocations=99 (full 7):
 PSYoungGen      total 487424K, used 478210K [0x00000000e0700000, 0x00000000ff980000, 0x0000000100000000)
  eden space 471552K, 100% used [0x00000000e0700000,0x00000000fd380000,0x00000000fd380000)
  from space 15872K, 41% used [0x00000000fd380000,0x00000000fda00a50,0x00000000fe300000)
  to   space 15360K, 0% used [0x00000000fea80000,0x00000000fea80000,0x00000000ff980000)
 ParOldGen       total 389632K, used 269894K [0x00000000a1400000, 0x00000000b9080000, 0x00000000e0700000)
  object space 389632K, 69% used [0x00000000a1400000,0x00000000b1b91b20,0x00000000b9080000)
 Metaspace       used 53119K, capacity 53629K, committed 54144K, reserved 1097728K
  class space    used 6282K, capacity 6435K, committed 6528K, reserved 1048576K
Event: 266.182 GC heap after
Heap after GC invocations=99 (full 7):
 PSYoungGen      total 493056K, used 7539K [0x00000000e0700000, 0x00000000ff780000, 0x0000000100000000)
  eden space 479744K, 0% used [0x00000000e0700000,0x00000000e0700000,0x00000000fdb80000)
  from space 13312K, 56% used [0x00000000fea80000,0x00000000ff1dcd48,0x00000000ff780000)
  to   space 14336K, 0% used [0x00000000fdb80000,0x00000000fdb80000,0x00000000fe980000)
 ParOldGen       total 389632K, used 269966K [0x00000000a1400000, 0x00000000b9080000, 0x00000000e0700000)
  object space 389632K, 69% used [0x00000000a1400000,0x00000000b1ba3b20,0x00000000b9080000)
 Metaspace       used 53119K, capacity 53629K, committed 54144K, reserved 1097728K
  class space    used 6282K, capacity 6435K, committed 6528K, reserved 1048576K
}
Event: 271.668 GC heap before
{Heap before GC invocations=100 (full 7):
 PSYoungGen      total 493056K, used 487283K [0x00000000e0700000, 0x00000000ff780000, 0x0000000100000000)
  eden space 479744K, 100% used [0x00000000e0700000,0x00000000fdb80000,0x00000000fdb80000)
  from space 13312K, 56% used [0x00000000fea80000,0x00000000ff1dcd48,0x00000000ff780000)
  to   space 14336K, 0% used [0x00000000fdb80000,0x00000000fdb80000,0x00000000fe980000)
 ParOldGen       total 389632K, used 269966K [0x00000000a1400000, 0x00000000b9080000, 0x00000000e0700000)
  object space 389632K, 69% used [0x00000000a1400000,0x00000000b1ba3b20,0x00000000b9080000)
 Metaspace       used 53122K, capacity 53629K, committed 54144K, reserved 1097728K
  class space    used 6282K, capacity 6435K, committed 6528K, reserved 1048576K
Event: 271.677 GC heap after
Heap after GC invocations=100 (full 7):
 PSYoungGen      total 494080K, used 7273K [0x00000000e0700000, 0x00000000ffe80000, 0x0000000100000000)
  eden space 479744K, 0% used [0x00000000e0700000,0x00000000e0700000,0x00000000fdb80000)
  from space 14336K, 50% used [0x00000000fdb80000,0x00000000fe29a4d8,0x00000000fe980000)
  to   space 13824K, 0% used [0x00000000ff100000,0x00000000ff100000,0x00000000ffe80000)
 ParOldGen       total 389632K, used 270014K [0x00000000a1400000, 0x00000000b9080000, 0x00000000e0700000)
  object space 389632K, 69% used [0x00000000a1400000,0x00000000b1bafb20,0x00000000b9080000)
 Metaspace       used 53122K, capacity 53629K, committed 54144K, reserved 1097728K
  class space    used 6282K, capacity 6435K, committed 6528K, reserved 1048576K
}
Event: 276.710 GC heap before
{Heap before GC invocations=101 (full 7):
 PSYoungGen      total 494080K, used 487017K [0x00000000e0700000, 0x00000000ffe80000, 0x0000000100000000)
  eden space 479744K, 100% used [0x00000000e0700000,0x00000000fdb80000,0x00000000fdb80000)
  from space 14336K, 50% used [0x00000000fdb80000,0x00000000fe29a4d8,0x00000000fe980000)
  to   space 13824K, 0% used [0x00000000ff100000,0x00000000ff100000,0x00000000ffe80000)
 ParOldGen       total 389632K, used 270014K [0x00000000a1400000, 0x00000000b9080000, 0x00000000e0700000)
  object space 389632K, 69% used [0x00000000a1400000,0x00000000b1bafb20,0x00000000b9080000)
 Metaspace       used 53125K, capacity 53629K, committed 54144K, reserved 1097728K
  class space    used 6282K, capacity 6435K, committed 6528K, reserved 1048576K
Event: 276.718 GC heap after
Heap after GC invocations=101 (full 7):
 PSYoungGen      total 500736K, used 6590K [0x00000000e0700000, 0x00000000ffd80000, 0x0000000100000000)
  eden space 487936K, 0% used [0x00000000e0700000,0x00000000e0700000,0x00000000fe380000)
  from space 12800K, 51% used [0x00000000ff100000,0x00000000ff76f978,0x00000000ffd80000)
  to   space 13312K, 0% used [0x00000000fe380000,0x00000000fe380000,0x00000000ff080000)
 ParOldGen       total 389632K, used 270102K [0x00000000a1400000, 0x00000000b9080000, 0x00000000e0700000)
  object space 389632K, 69% used [0x00000000a1400000,0x00000000b1bc5b40,0x00000000b9080000)
 Metaspace       used 53125K, capacity 53629K, committed 54144K, reserved 1097728K
  class space    used 6282K, capacity 6435K, committed 6528K, reserved 1048576K
}

