# JRE version: OpenJDK Runtime Environment (8.0_332-b08) (build 1.8.0_332-b08)
# Java VM: OpenJDK 64-Bit Server VM (25.332-b08 mixed mode windows-amd64 compressed oops)
Heap:
 PSYoungGen      total 345088K, used 5563K [0x00000000e0700000, 0x0000000100000000, 0x0000000100000000)
  eden space 173056K, 3% used [0x00000000e0700000,0x00000000e0c6ec48,0x00000000eb000000)
  from space 172032K, 0% used [0x00000000f5800000,0x00000000f5800000,0x0000000100000000)
  to   space 172032K, 0% used [0x00000000eb000000,0x00000000eb000000,0x00000000f5800000)
 ParOldGen       total 890368K, used 508746K [0x00000000a1400000, 0x00000000d7980000, 0x00000000e0700000)
  object space 890368K, 57% used [0x00000000a1400000,0x00000000c04d2960,0x00000000d7980000)
 Metaspace       used 53759K, capacity 54131K, committed 54784K, reserved 1097728K
  class space    used 6437K, capacity 6560K, committed 6656K, reserved 1048576K
GC Heap History (10 events):
Event: 111.789 GC heap before
{Heap before GC invocations=49 (full 11):
 PSYoungGen      total 345088K, used 55506K [0x00000000e0700000, 0x0000000100000000, 0x0000000100000000)
  eden space 173056K, 0% used [0x00000000e0700000,0x00000000e0700000,0x00000000eb000000)
  from space 172032K, 32% used [0x00000000f5800000,0x00000000f8e34910,0x0000000100000000)
  to   space 172032K, 0% used [0x00000000eb000000,0x00000000eb000000,0x00000000f5800000)
 ParOldGen       total 890368K, used 607005K [0x00000000a1400000, 0x00000000d7980000, 0x00000000e0700000)
  object space 890368K, 68% used [0x00000000a1400000,0x00000000c64c7448,0x00000000d7980000)
 Metaspace       used 53572K, capacity 54003K, committed 54528K, reserved 1097728K
  class space    used 6427K, capacity 6560K, committed 6656K, reserved 1048576K
Event: 112.147 GC heap after
Heap after GC invocations=49 (full 11):
 PSYoungGen      total 345088K, used 0K [0x00000000e0700000, 0x0000000100000000, 0x0000000100000000)
  eden space 173056K, 0% used [0x00000000e0700000,0x00000000e0700000,0x00000000eb000000)
  from space 172032K, 0% used [0x00000000f5800000,0x00000000f5800000,0x0000000100000000)
  to   space 172032K, 0% used [0x00000000eb000000,0x00000000eb000000,0x00000000f5800000)
 ParOldGen       total 890368K, used 558962K [0x00000000a1400000, 0x00000000d7980000, 0x00000000e0700000)
  object space 890368K, 62% used [0x00000000a1400000,0x00000000c35dc880,0x00000000d7980000)
 Metaspace       used 53572K, capacity 54003K, committed 54528K, reserved 1097728K
  class space    used 6427K, capacity 6560K, committed 6656K, reserved 1048576K
}
Event: 117.003 GC heap before
{Heap before GC invocations=50 (full 11):
 PSYoungGen      total 345088K, used 154559K [0x00000000e0700000, 0x0000000100000000, 0x0000000100000000)
  eden space 173056K, 89% used [0x00000000e0700000,0x00000000e9defc60,0x00000000eb000000)
  from space 172032K, 0% used [0x00000000f5800000,0x00000000f5800000,0x0000000100000000)
  to   space 172032K, 0% used [0x00000000eb000000,0x00000000eb000000,0x00000000f5800000)
 ParOldGen       total 890368K, used 558962K [0x00000000a1400000, 0x00000000d7980000, 0x00000000e0700000)
  object space 890368K, 62% used [0x00000000a1400000,0x00000000c35dc880,0x00000000d7980000)
 Metaspace       used 53747K, capacity 54131K, committed 54784K, reserved 1097728K
  class space    used 6436K, capacity 6560K, committed 6656K, reserved 1048576K
Event: 117.021 GC heap after
Heap after GC invocations=50 (full 11):
 PSYoungGen      total 345088K, used 11520K [0x00000000e0700000, 0x0000000100000000, 0x0000000100000000)
  eden space 173056K, 0% used [0x00000000e0700000,0x00000000e0700000,0x00000000eb000000)
  from space 172032K, 6% used [0x00000000eb000000,0x00000000ebb40050,0x00000000f5800000)
  to   space 172032K, 0% used [0x00000000f5800000,0x00000000f5800000,0x0000000100000000)
 ParOldGen       total 890368K, used 558970K [0x00000000a1400000, 0x00000000d7980000, 0x00000000e0700000)
  object space 890368K, 62% used [0x00000000a1400000,0x00000000c35de880,0x00000000d7980000)
 Metaspace       used 53747K, capacity 54131K, committed 54784K, reserved 1097728K
  class space    used 6436K, capacity 6560K, committed 6656K, reserved 1048576K
}
Event: 117.021 GC heap before
{Heap before GC invocations=51 (full 12):
 PSYoungGen      total 345088K, used 11520K [0x00000000e0700000, 0x0000000100000000, 0x0000000100000000)
  eden space 173056K, 0% used [0x00000000e0700000,0x00000000e0700000,0x00000000eb000000)
  from space 172032K, 6% used [0x00000000eb000000,0x00000000ebb40050,0x00000000f5800000)
  to   space 172032K, 0% used [0x00000000f5800000,0x00000000f5800000,0x0000000100000000)
 ParOldGen       total 890368K, used 558970K [0x00000000a1400000, 0x00000000d7980000, 0x00000000e0700000)
  object space 890368K, 62% used [0x00000000a1400000,0x00000000c35de880,0x00000000d7980000)
 Metaspace       used 53747K, capacity 54131K, committed 54784K, reserved 1097728K
  class space    used 6436K, capacity 6560K, committed 6656K, reserved 1048576K
Event: 117.597 GC heap after
Heap after GC invocations=51 (full 12):
 PSYoungGen      total 345088K, used 0K [0x00000000e0700000, 0x0000000100000000, 0x0000000100000000)
  eden space 173056K, 0% used [0x00000000e0700000,0x00000000e0700000,0x00000000eb000000)
  from space 172032K, 0% used [0x00000000eb000000,0x00000000eb000000,0x00000000f5800000)
  to   space 172032K, 0% used [0x00000000f5800000,0x00000000f5800000,0x0000000100000000)
 ParOldGen       total 890368K, used 508746K [0x00000000a1400000, 0x00000000d7980000, 0x00000000e0700000)
  object space 890368K, 57% used [0x00000000a1400000,0x00000000c04d2980,0x00000000d7980000)
 Metaspace       used 53747K, capacity 54131K, committed 54784K, reserved 1097728K
  class space    used 6436K, capacity 6560K, committed 6656K, reserved 1048576K
}
Event: 117.597 GC heap before
{Heap before GC invocations=52 (full 12):
 PSYoungGen      total 345088K, used 116K [0x00000000e0700000, 0x0000000100000000, 0x0000000100000000)
  eden space 173056K, 0% used [0x00000000e0700000,0x00000000e071d248,0x00000000eb000000)
  from space 172032K, 0% used [0x00000000eb000000,0x00000000eb000000,0x00000000f5800000)
  to   space 172032K, 0% used [0x00000000f5800000,0x00000000f5800000,0x0000000100000000)
 ParOldGen       total 890368K, used 508746K [0x00000000a1400000, 0x00000000d7980000, 0x00000000e0700000)
  object space 890368K, 57% used [0x00000000a1400000,0x00000000c04d2980,0x00000000d7980000)
 Metaspace       used 53747K, capacity 54131K, committed 54784K, reserved 1097728K
  class space    used 6436K, capacity 6560K, committed 6656K, reserved 1048576K
Event: 117.602 GC heap after
Heap after GC invocations=52 (full 12):
 PSYoungGen      total 345088K, used 32K [0x00000000e0700000, 0x0000000100000000, 0x0000000100000000)
  eden space 173056K, 0% used [0x00000000e0700000,0x00000000e0700000,0x00000000eb000000)
  from space 172032K, 0% used [0x00000000f5800000,0x00000000f5808000,0x0000000100000000)
  to   space 172032K, 0% used [0x00000000eb000000,0x00000000eb000000,0x00000000f5800000)
 ParOldGen       total 890368K, used 508746K [0x00000000a1400000, 0x00000000d7980000, 0x00000000e0700000)
  object space 890368K, 57% used [0x00000000a1400000,0x00000000c04d2980,0x00000000d7980000)
 Metaspace       used 53747K, capacity 54131K, committed 54784K, reserved 1097728K
  class space    used 6436K, capacity 6560K, committed 6656K, reserved 1048576K
}
Event: 117.602 GC heap before
{Heap before GC invocations=53 (full 13):
 PSYoungGen      total 345088K, used 32K [0x00000000e0700000, 0x0000000100000000, 0x0000000100000000)
  eden space 173056K, 0% used [0x00000000e0700000,0x00000000e0700000,0x00000000eb000000)
  from space 172032K, 0% used [0x00000000f5800000,0x00000000f5808000,0x0000000100000000)
  to   space 172032K, 0% used [0x00000000eb000000,0x00000000eb000000,0x00000000f5800000)
 ParOldGen       total 890368K, used 508746K [0x00000000a1400000, 0x00000000d7980000, 0x00000000e0700000)
  object space 890368K, 57% used [0x00000000a1400000,0x00000000c04d2980,0x00000000d7980000)
 Metaspace       used 53747K, capacity 54131K, committed 54784K, reserved 1097728K
  class space    used 6436K, capacity 6560K, committed 6656K, reserved 1048576K
Event: 117.825 GC heap after
Heap after GC invocations=53 (full 13):
 PSYoungGen      total 345088K, used 0K [0x00000000e0700000, 0x0000000100000000, 0x0000000100000000)
  eden space 173056K, 0% used [0x00000000e0700000,0x00000000e0700000,0x00000000eb000000)
  from space 172032K, 0% used [0x00000000f5800000,0x00000000f5800000,0x0000000100000000)
  to   space 172032K, 0% used [0x00000000eb000000,0x00000000eb000000,0x00000000f5800000)
 ParOldGen       total 890368K, used 508746K [0x00000000a1400000, 0x00000000d7980000, 0x00000000e0700000)
  object space 890368K, 57% used [0x00000000a1400000,0x00000000c04d2960,0x00000000d7980000)
 Metaspace       used 53747K, capacity 54131K, committed 54784K, reserved 1097728K
  class space    used 6436K, capacity 6560K, committed 6656K, reserved 1048576K
}

