# JRE version: OpenJDK Runtime Environment (8.0_332-b08) (build 1.8.0_332-b08)
# Java VM: OpenJDK 64-Bit Server VM (25.332-b08 mixed mode windows-amd64 compressed oops)
Heap:
 PSYoungGen      total 481792K, used 83502K [0x00000000e0700000, 0x0000000100000000, 0x0000000100000000)
  eden space 449536K, 12% used [0x00000000e0700000,0x00000000e3e36f28,0x00000000fbe00000)
  from space 32256K, 83% used [0x00000000fe080000,0x00000000ffad4b48,0x0000000100000000)
  to   space 33792K, 0% used [0x00000000fbe00000,0x00000000fbe00000,0x00000000fdf00000)
 ParOldGen       total 511488K, used 362488K [0x00000000a1400000, 0x00000000c0780000, 0x00000000e0700000)
  object space 511488K, 70% used [0x00000000a1400000,0x00000000b75fe110,0x00000000c0780000)
 Metaspace       used 53819K, capacity 54343K, committed 54912K, reserved 1097728K
  class space    used 6322K, capacity 6460K, committed 6528K, reserved 1048576K
GC Heap History (10 events):
Event: 46780.751 GC heap before
{Heap before GC invocations=606 (full 12):
 PSYoungGen      total 487936K, used 475781K [0x00000000e0700000, 0x00000000fff80000, 0x0000000100000000)
  eden space 460288K, 100% used [0x00000000e0700000,0x00000000fc880000,0x00000000fc880000)
  from space 27648K, 56% used [0x00000000fc880000,0x00000000fd7a1668,0x00000000fe380000)
  to   space 27136K, 0% used [0x00000000fe500000,0x00000000fe500000,0x00000000fff80000)
 ParOldGen       total 511488K, used 361624K [0x00000000a1400000, 0x00000000c0780000, 0x00000000e0700000)
  object space 511488K, 70% used [0x00000000a1400000,0x00000000b7526110,0x00000000c0780000)
 Metaspace       used 53813K, capacity 54343K, committed 54912K, reserved 1097728K
  class space    used 6320K, capacity 6460K, committed 6528K, reserved 1048576K
Event: 46780.769 GC heap after
Heap after GC invocations=606 (full 12):
 PSYoungGen      total 488960K, used 21634K [0x00000000e0700000, 0x0000000100000000, 0x0000000100000000)
  eden space 461824K, 0% used [0x00000000e0700000,0x00000000e0700000,0x00000000fca00000)
  from space 27136K, 79% used [0x00000000fe500000,0x00000000ffa20aa8,0x00000000fff80000)
  to   space 27648K, 0% used [0x00000000fca00000,0x00000000fca00000,0x00000000fe500000)
 ParOldGen       total 511488K, used 361792K [0x00000000a1400000, 0x00000000c0780000, 0x00000000e0700000)
  object space 511488K, 70% used [0x00000000a1400000,0x00000000b7550110,0x00000000c0780000)
 Metaspace       used 53813K, capacity 54343K, committed 54912K, reserved 1097728K
  class space    used 6320K, capacity 6460K, committed 6528K, reserved 1048576K
}
Event: 46792.847 GC heap before
{Heap before GC invocations=607 (full 12):
 PSYoungGen      total 488960K, used 483458K [0x00000000e0700000, 0x0000000100000000, 0x0000000100000000)
  eden space 461824K, 100% used [0x00000000e0700000,0x00000000fca00000,0x00000000fca00000)
  from space 27136K, 79% used [0x00000000fe500000,0x00000000ffa20aa8,0x00000000fff80000)
  to   space 27648K, 0% used [0x00000000fca00000,0x00000000fca00000,0x00000000fe500000)
 ParOldGen       total 511488K, used 361792K [0x00000000a1400000, 0x00000000c0780000, 0x00000000e0700000)
  object space 511488K, 70% used [0x00000000a1400000,0x00000000b7550110,0x00000000c0780000)
 Metaspace       used 53813K, capacity 54343K, committed 54912K, reserved 1097728K
  class space    used 6320K, capacity 6460K, committed 6528K, reserved 1048576K
Event: 46792.873 GC heap after
Heap after GC invocations=607 (full 12):
 PSYoungGen      total 486912K, used 24625K [0x00000000e0700000, 0x0000000100000000, 0x0000000100000000)
  eden space 461824K, 0% used [0x00000000e0700000,0x00000000e0700000,0x00000000fca00000)
  from space 25088K, 98% used [0x00000000fca00000,0x00000000fe20c468,0x00000000fe280000)
  to   space 29184K, 0% used [0x00000000fe380000,0x00000000fe380000,0x0000000100000000)
 ParOldGen       total 511488K, used 361968K [0x00000000a1400000, 0x00000000c0780000, 0x00000000e0700000)
  object space 511488K, 70% used [0x00000000a1400000,0x00000000b757c110,0x00000000c0780000)
 Metaspace       used 53813K, capacity 54343K, committed 54912K, reserved 1097728K
  class space    used 6320K, capacity 6460K, committed 6528K, reserved 1048576K
}
Event: 46805.953 GC heap before
{Heap before GC invocations=608 (full 12):
 PSYoungGen      total 486912K, used 486449K [0x00000000e0700000, 0x0000000100000000, 0x0000000100000000)
  eden space 461824K, 100% used [0x00000000e0700000,0x00000000fca00000,0x00000000fca00000)
  from space 25088K, 98% used [0x00000000fca00000,0x00000000fe20c468,0x00000000fe280000)
  to   space 29184K, 0% used [0x00000000fe380000,0x00000000fe380000,0x0000000100000000)
 ParOldGen       total 511488K, used 361968K [0x00000000a1400000, 0x00000000c0780000, 0x00000000e0700000)
  object space 511488K, 70% used [0x00000000a1400000,0x00000000b757c110,0x00000000c0780000)
 Metaspace       used 53813K, capacity 54343K, committed 54912K, reserved 1097728K
  class space    used 6320K, capacity 6460K, committed 6528K, reserved 1048576K
Event: 46805.976 GC heap after
Heap after GC invocations=608 (full 12):
 PSYoungGen      total 483840K, used 26608K [0x00000000e0700000, 0x0000000100000000, 0x0000000100000000)
  eden space 454656K, 0% used [0x00000000e0700000,0x00000000e0700000,0x00000000fc300000)
  from space 29184K, 91% used [0x00000000fe380000,0x00000000ffd7c178,0x0000000100000000)
  to   space 31232K, 0% used [0x00000000fc300000,0x00000000fc300000,0x00000000fe180000)
 ParOldGen       total 511488K, used 362128K [0x00000000a1400000, 0x00000000c0780000, 0x00000000e0700000)
  object space 511488K, 70% used [0x00000000a1400000,0x00000000b75a4110,0x00000000c0780000)
 Metaspace       used 53813K, capacity 54343K, committed 54912K, reserved 1097728K
  class space    used 6320K, capacity 6460K, committed 6528K, reserved 1048576K
}
Event: 46817.711 GC heap before
{Heap before GC invocations=609 (full 12):
 PSYoungGen      total 483840K, used 481264K [0x00000000e0700000, 0x0000000100000000, 0x0000000100000000)
  eden space 454656K, 100% used [0x00000000e0700000,0x00000000fc300000,0x00000000fc300000)
  from space 29184K, 91% used [0x00000000fe380000,0x00000000ffd7c178,0x0000000100000000)
  to   space 31232K, 0% used [0x00000000fc300000,0x00000000fc300000,0x00000000fe180000)
 ParOldGen       total 511488K, used 362128K [0x00000000a1400000, 0x00000000c0780000, 0x00000000e0700000)
  object space 511488K, 70% used [0x00000000a1400000,0x00000000b75a4110,0x00000000c0780000)
 Metaspace       used 53813K, capacity 54343K, committed 54912K, reserved 1097728K
  class space    used 6320K, capacity 6460K, committed 6528K, reserved 1048576K
Event: 46817.745 GC heap after
Heap after GC invocations=609 (full 12):
 PSYoungGen      total 479744K, used 24786K [0x00000000e0700000, 0x0000000100000000, 0x0000000100000000)
  eden space 454656K, 0% used [0x00000000e0700000,0x00000000e0700000,0x00000000fc300000)
  from space 25088K, 98% used [0x00000000fc300000,0x00000000fdb34a48,0x00000000fdb80000)
  to   space 32256K, 0% used [0x00000000fe080000,0x00000000fe080000,0x0000000100000000)
 ParOldGen       total 511488K, used 362312K [0x00000000a1400000, 0x00000000c0780000, 0x00000000e0700000)
  object space 511488K, 70% used [0x00000000a1400000,0x00000000b75d2110,0x00000000c0780000)
 Metaspace       used 53813K, capacity 54343K, committed 54912K, reserved 1097728K
  class space    used 6320K, capacity 6460K, committed 6528K, reserved 1048576K
}
Event: 46830.873 GC heap before
{Heap before GC invocations=610 (full 12):
 PSYoungGen      total 479744K, used 479442K [0x00000000e0700000, 0x0000000100000000, 0x0000000100000000)
  eden space 454656K, 100% used [0x00000000e0700000,0x00000000fc300000,0x00000000fc300000)
  from space 25088K, 98% used [0x00000000fc300000,0x00000000fdb34a48,0x00000000fdb80000)
  to   space 32256K, 0% used [0x00000000fe080000,0x00000000fe080000,0x0000000100000000)
 ParOldGen       total 511488K, used 362312K [0x00000000a1400000, 0x00000000c0780000, 0x00000000e0700000)
  object space 511488K, 70% used [0x00000000a1400000,0x00000000b75d2110,0x00000000c0780000)
 Metaspace       used 53813K, capacity 54343K, committed 54912K, reserved 1097728K
  class space    used 6320K, capacity 6460K, committed 6528K, reserved 1048576K
Event: 46830.903 GC heap after
Heap after GC invocations=610 (full 12):
 PSYoungGen      total 481792K, used 26962K [0x00000000e0700000, 0x0000000100000000, 0x0000000100000000)
  eden space 449536K, 0% used [0x00000000e0700000,0x00000000e0700000,0x00000000fbe00000)
  from space 32256K, 83% used [0x00000000fe080000,0x00000000ffad4b48,0x0000000100000000)
  to   space 33792K, 0% used [0x00000000fbe00000,0x00000000fbe00000,0x00000000fdf00000)
 ParOldGen       total 511488K, used 362488K [0x00000000a1400000, 0x00000000c0780000, 0x00000000e0700000)
  object space 511488K, 70% used [0x00000000a1400000,0x00000000b75fe110,0x00000000c0780000)
 Metaspace       used 53813K, capacity 54343K, committed 54912K, reserved 1097728K
  class space    used 6320K, capacity 6460K, committed 6528K, reserved 1048576K
}

