# JRE version: OpenJDK Runtime Environment (8.0_332-b08) (build 1.8.0_332-b08)
# Java VM: OpenJDK 64-Bit Server VM (25.332-b08 mixed mode windows-amd64 compressed oops)
Heap:
 PSYoungGen      total 287232K, used 279657K [0x00000000e0700000, 0x00000000f9800000, 0x0000000100000000)
  eden space 219136K, 96% used [0x00000000e0700000,0x00000000ed59c2e0,0x00000000edd00000)
  from space 68096K, 99% used [0x00000000edd00000,0x00000000f1f7e3f8,0x00000000f1f80000)
  to   space 94208K, 0% used [0x00000000f3c00000,0x00000000f3c00000,0x00000000f9800000)
 ParOldGen       total 1035264K, used 997218K [0x00000000a1400000, 0x00000000e0700000, 0x00000000e0700000)
  object space 1035264K, 96% used [0x00000000a1400000,0x00000000de1d89e0,0x00000000e0700000)
 Metaspace       used 54796K, capacity 55175K, committed 55808K, reserved 1097728K
  class space    used 6456K, capacity 6568K, committed 6656K, reserved 1048576K
GC Heap History (10 events):
Event: 307.561 GC heap before
{Heap before GC invocations=120 (full 11):
 PSYoungGen      total 289792K, used 234700K [0x00000000e0700000, 0x00000000f6c80000, 0x0000000100000000)
  eden space 218624K, 100% used [0x00000000e0700000,0x00000000edc80000,0x00000000edc80000)
  from space 71168K, 22% used [0x00000000f2700000,0x00000000f36b3098,0x00000000f6c80000)
  to   space 73728K, 0% used [0x00000000edc80000,0x00000000edc80000,0x00000000f2480000)
 ParOldGen       total 1035264K, used 953376K [0x00000000a1400000, 0x00000000e0700000, 0x00000000e0700000)
  object space 1035264K, 92% used [0x00000000a1400000,0x00000000db708358,0x00000000e0700000)
 Metaspace       used 54673K, capacity 55075K, committed 55552K, reserved 1097728K
  class space    used 6447K, capacity 6562K, committed 6656K, reserved 1048576K
Event: 307.574 GC heap after
Heap after GC invocations=120 (full 11):
 PSYoungGen      total 232448K, used 13597K [0x00000000e0700000, 0x00000000f6980000, 0x0000000100000000)
  eden space 218624K, 0% used [0x00000000e0700000,0x00000000e0700000,0x00000000edc80000)
  from space 13824K, 98% used [0x00000000edc80000,0x00000000ee9c7688,0x00000000eea00000)
  to   space 71680K, 0% used [0x00000000f2380000,0x00000000f2380000,0x00000000f6980000)
 ParOldGen       total 1035264K, used 955168K [0x00000000a1400000, 0x00000000e0700000, 0x00000000e0700000)
  object space 1035264K, 92% used [0x00000000a1400000,0x00000000db8c81e8,0x00000000e0700000)
 Metaspace       used 54673K, capacity 55075K, committed 55552K, reserved 1097728K
  class space    used 6447K, capacity 6562K, committed 6656K, reserved 1048576K
}
Event: 311.042 GC heap before
{Heap before GC invocations=121 (full 11):
 PSYoungGen      total 232448K, used 232221K [0x00000000e0700000, 0x00000000f6980000, 0x0000000100000000)
  eden space 218624K, 100% used [0x00000000e0700000,0x00000000edc80000,0x00000000edc80000)
  from space 13824K, 98% used [0x00000000edc80000,0x00000000ee9c7688,0x00000000eea00000)
  to   space 71680K, 0% used [0x00000000f2380000,0x00000000f2380000,0x00000000f6980000)
 ParOldGen       total 1035264K, used 955168K [0x00000000a1400000, 0x00000000e0700000, 0x00000000e0700000)
  object space 1035264K, 92% used [0x00000000a1400000,0x00000000db8c81e8,0x00000000e0700000)
 Metaspace       used 54673K, capacity 55075K, committed 55552K, reserved 1097728K
  class space    used 6447K, capacity 6562K, committed 6656K, reserved 1048576K
Event: 311.058 GC heap after
Heap after GC invocations=121 (full 11):
 PSYoungGen      total 287232K, used 11977K [0x00000000e0700000, 0x00000000f6580000, 0x0000000100000000)
  eden space 219648K, 0% used [0x00000000e0700000,0x00000000e0700000,0x00000000edd80000)
  from space 67584K, 17% used [0x00000000f2380000,0x00000000f2f32450,0x00000000f6580000)
  to   space 69632K, 0% used [0x00000000edd80000,0x00000000edd80000,0x00000000f2180000)
 ParOldGen       total 1035264K, used 956685K [0x00000000a1400000, 0x00000000e0700000, 0x00000000e0700000)
  object space 1035264K, 92% used [0x00000000a1400000,0x00000000dba437e0,0x00000000e0700000)
 Metaspace       used 54673K, capacity 55075K, committed 55552K, reserved 1097728K
  class space    used 6447K, capacity 6562K, committed 6656K, reserved 1048576K
}
Event: 314.450 GC heap before
{Heap before GC invocations=122 (full 11):
 PSYoungGen      total 287232K, used 231625K [0x00000000e0700000, 0x00000000f6580000, 0x0000000100000000)
  eden space 219648K, 100% used [0x00000000e0700000,0x00000000edd80000,0x00000000edd80000)
  from space 67584K, 17% used [0x00000000f2380000,0x00000000f2f32450,0x00000000f6580000)
  to   space 69632K, 0% used [0x00000000edd80000,0x00000000edd80000,0x00000000f2180000)
 ParOldGen       total 1035264K, used 956685K [0x00000000a1400000, 0x00000000e0700000, 0x00000000e0700000)
  object space 1035264K, 92% used [0x00000000a1400000,0x00000000dba437e0,0x00000000e0700000)
 Metaspace       used 54676K, capacity 55075K, committed 55552K, reserved 1097728K
  class space    used 6447K, capacity 6562K, committed 6656K, reserved 1048576K
Event: 314.461 GC heap after
Heap after GC invocations=122 (full 11):
 PSYoungGen      total 233984K, used 14271K [0x00000000e0700000, 0x00000000f6080000, 0x0000000100000000)
  eden space 219648K, 0% used [0x00000000e0700000,0x00000000e0700000,0x00000000edd80000)
  from space 14336K, 99% used [0x00000000edd80000,0x00000000eeb6feb0,0x00000000eeb80000)
  to   space 66560K, 0% used [0x00000000f1f80000,0x00000000f1f80000,0x00000000f6080000)
 ParOldGen       total 1035264K, used 956932K [0x00000000a1400000, 0x00000000e0700000, 0x00000000e0700000)
  object space 1035264K, 92% used [0x00000000a1400000,0x00000000dba811a8,0x00000000e0700000)
 Metaspace       used 54676K, capacity 55075K, committed 55552K, reserved 1097728K
  class space    used 6447K, capacity 6562K, committed 6656K, reserved 1048576K
}
Event: 507.444 GC heap before
{Heap before GC invocations=123 (full 11):
 PSYoungGen      total 233984K, used 233919K [0x00000000e0700000, 0x00000000f6080000, 0x0000000100000000)
  eden space 219648K, 100% used [0x00000000e0700000,0x00000000edd80000,0x00000000edd80000)
  from space 14336K, 99% used [0x00000000edd80000,0x00000000eeb6feb0,0x00000000eeb80000)
  to   space 66560K, 0% used [0x00000000f1f80000,0x00000000f1f80000,0x00000000f6080000)
 ParOldGen       total 1035264K, used 956932K [0x00000000a1400000, 0x00000000e0700000, 0x00000000e0700000)
  object space 1035264K, 92% used [0x00000000a1400000,0x00000000dba811a8,0x00000000e0700000)
 Metaspace       used 54730K, capacity 55139K, committed 55808K, reserved 1097728K
  class space    used 6452K, capacity 6562K, committed 6656K, reserved 1048576K
Event: 507.470 GC heap after
Heap after GC invocations=123 (full 11):
 PSYoungGen      total 285696K, used 39014K [0x00000000e0700000, 0x00000000f6380000, 0x0000000100000000)
  eden space 219136K, 0% used [0x00000000e0700000,0x00000000e0700000,0x00000000edd00000)
  from space 66560K, 58% used [0x00000000f1f80000,0x00000000f4599858,0x00000000f6080000)
  to   space 68096K, 0% used [0x00000000edd00000,0x00000000edd00000,0x00000000f1f80000)
 ParOldGen       total 1035264K, used 958702K [0x00000000a1400000, 0x00000000e0700000, 0x00000000e0700000)
  object space 1035264K, 92% used [0x00000000a1400000,0x00000000dbc3bb40,0x00000000e0700000)
 Metaspace       used 54730K, capacity 55139K, committed 55808K, reserved 1097728K
  class space    used 6452K, capacity 6562K, committed 6656K, reserved 1048576K
}
Event: 508.815 GC heap before
{Heap before GC invocations=124 (full 11):
 PSYoungGen      total 285696K, used 258150K [0x00000000e0700000, 0x00000000f6380000, 0x0000000100000000)
  eden space 219136K, 100% used [0x00000000e0700000,0x00000000edd00000,0x00000000edd00000)
  from space 66560K, 58% used [0x00000000f1f80000,0x00000000f4599858,0x00000000f6080000)
  to   space 68096K, 0% used [0x00000000edd00000,0x00000000edd00000,0x00000000f1f80000)
 ParOldGen       total 1035264K, used 958706K [0x00000000a1400000, 0x00000000e0700000, 0x00000000e0700000)
  object space 1035264K, 92% used [0x00000000a1400000,0x00000000dbc3cb50,0x00000000e0700000)
 Metaspace       used 54746K, capacity 55139K, committed 55808K, reserved 1097728K
  class space    used 6453K, capacity 6562K, committed 6656K, reserved 1048576K
Event: 508.870 GC heap after
Heap after GC invocations=124 (full 11):
 PSYoungGen      total 287232K, used 68088K [0x00000000e0700000, 0x00000000f9800000, 0x0000000100000000)
  eden space 219136K, 0% used [0x00000000e0700000,0x00000000e0700000,0x00000000edd00000)
  from space 68096K, 99% used [0x00000000edd00000,0x00000000f1f7e3f8,0x00000000f1f80000)
  to   space 94208K, 0% used [0x00000000f3c00000,0x00000000f3c00000,0x00000000f9800000)
 ParOldGen       total 1035264K, used 997218K [0x00000000a1400000, 0x00000000e0700000, 0x00000000e0700000)
  object space 1035264K, 96% used [0x00000000a1400000,0x00000000de1d89e0,0x00000000e0700000)
 Metaspace       used 54746K, capacity 55139K, committed 55808K, reserved 1097728K
  class space    used 6453K, capacity 6562K, committed 6656K, reserved 1048576K
}

