# JRE version: OpenJDK Runtime Environment (8.0_332-b08) (build 1.8.0_332-b08)
# Java VM: OpenJDK 64-Bit Server VM (25.332-b08 mixed mode windows-amd64 compressed oops)
Heap:
 PSYoungGen      total 345088K, used 5371K [0x00000000e0700000, 0x0000000100000000, 0x0000000100000000)
  eden space 173056K, 3% used [0x00000000e0700000,0x00000000e0c3ed28,0x00000000eb000000)
  from space 172032K, 0% used [0x00000000eb000000,0x00000000eb000000,0x00000000f5800000)
  to   space 172032K, 0% used [0x00000000f5800000,0x00000000f5800000,0x0000000100000000)
 ParOldGen       total 949760K, used 506749K [0x00000000a1400000, 0x00000000db380000, 0x00000000e0700000)
  object space 949760K, 53% used [0x00000000a1400000,0x00000000c02df598,0x00000000db380000)
 Metaspace       used 53752K, capacity 54189K, committed 54784K, reserved 1097728K
  class space    used 6433K, capacity 6559K, committed 6656K, reserved 1048576K
GC Heap History (10 events):
Event: 327.718 GC heap before
{Heap before GC invocations=51 (full 11):
 PSYoungGen      total 345088K, used 16699K [0x00000000e0700000, 0x0000000100000000, 0x0000000100000000)
  eden space 173056K, 0% used [0x00000000e0700000,0x00000000e0700000,0x00000000eb000000)
  from space 172032K, 9% used [0x00000000eb000000,0x00000000ec04eeb8,0x00000000f5800000)
  to   space 172032K, 0% used [0x00000000f5800000,0x00000000f5800000,0x0000000100000000)
 ParOldGen       total 949760K, used 659042K [0x00000000a1400000, 0x00000000db380000, 0x00000000e0700000)
  object space 949760K, 69% used [0x00000000a1400000,0x00000000c97989b8,0x00000000db380000)
 Metaspace       used 53642K, capacity 54061K, committed 54784K, reserved 1097728K
  class space    used 6424K, capacity 6559K, committed 6656K, reserved 1048576K
Event: 329.582 GC heap after
Heap after GC invocations=51 (full 11):
 PSYoungGen      total 345088K, used 0K [0x00000000e0700000, 0x0000000100000000, 0x0000000100000000)
  eden space 173056K, 0% used [0x00000000e0700000,0x00000000e0700000,0x00000000eb000000)
  from space 172032K, 0% used [0x00000000eb000000,0x00000000eb000000,0x00000000f5800000)
  to   space 172032K, 0% used [0x00000000f5800000,0x00000000f5800000,0x0000000100000000)
 ParOldGen       total 949760K, used 550517K [0x00000000a1400000, 0x00000000db380000, 0x00000000e0700000)
  object space 949760K, 57% used [0x00000000a1400000,0x00000000c2d9d4a0,0x00000000db380000)
 Metaspace       used 53642K, capacity 54061K, committed 54784K, reserved 1097728K
  class space    used 6424K, capacity 6559K, committed 6656K, reserved 1048576K
}
Event: 339.143 GC heap before
{Heap before GC invocations=52 (full 11):
 PSYoungGen      total 345088K, used 150058K [0x00000000e0700000, 0x0000000100000000, 0x0000000100000000)
  eden space 173056K, 86% used [0x00000000e0700000,0x00000000e998a818,0x00000000eb000000)
  from space 172032K, 0% used [0x00000000eb000000,0x00000000eb000000,0x00000000f5800000)
  to   space 172032K, 0% used [0x00000000f5800000,0x00000000f5800000,0x0000000100000000)
 ParOldGen       total 949760K, used 550517K [0x00000000a1400000, 0x00000000db380000, 0x00000000e0700000)
  object space 949760K, 57% used [0x00000000a1400000,0x00000000c2d9d4a0,0x00000000db380000)
 Metaspace       used 53738K, capacity 54189K, committed 54784K, reserved 1097728K
  class space    used 6431K, capacity 6559K, committed 6656K, reserved 1048576K
Event: 339.185 GC heap after
Heap after GC invocations=52 (full 11):
 PSYoungGen      total 345088K, used 12234K [0x00000000e0700000, 0x0000000100000000, 0x0000000100000000)
  eden space 173056K, 0% used [0x00000000e0700000,0x00000000e0700000,0x00000000eb000000)
  from space 172032K, 7% used [0x00000000f5800000,0x00000000f63f2b00,0x0000000100000000)
  to   space 172032K, 0% used [0x00000000eb000000,0x00000000eb000000,0x00000000f5800000)
 ParOldGen       total 949760K, used 550517K [0x00000000a1400000, 0x00000000db380000, 0x00000000e0700000)
  object space 949760K, 57% used [0x00000000a1400000,0x00000000c2d9d4a0,0x00000000db380000)
 Metaspace       used 53738K, capacity 54189K, committed 54784K, reserved 1097728K
  class space    used 6431K, capacity 6559K, committed 6656K, reserved 1048576K
}
Event: 339.185 GC heap before
{Heap before GC invocations=53 (full 12):
 PSYoungGen      total 345088K, used 12234K [0x00000000e0700000, 0x0000000100000000, 0x0000000100000000)
  eden space 173056K, 0% used [0x00000000e0700000,0x00000000e0700000,0x00000000eb000000)
  from space 172032K, 7% used [0x00000000f5800000,0x00000000f63f2b00,0x0000000100000000)
  to   space 172032K, 0% used [0x00000000eb000000,0x00000000eb000000,0x00000000f5800000)
 ParOldGen       total 949760K, used 550517K [0x00000000a1400000, 0x00000000db380000, 0x00000000e0700000)
  object space 949760K, 57% used [0x00000000a1400000,0x00000000c2d9d4a0,0x00000000db380000)
 Metaspace       used 53738K, capacity 54189K, committed 54784K, reserved 1097728K
  class space    used 6431K, capacity 6559K, committed 6656K, reserved 1048576K
Event: 340.226 GC heap after
Heap after GC invocations=53 (full 12):
 PSYoungGen      total 345088K, used 0K [0x00000000e0700000, 0x0000000100000000, 0x0000000100000000)
  eden space 173056K, 0% used [0x00000000e0700000,0x00000000e0700000,0x00000000eb000000)
  from space 172032K, 0% used [0x00000000f5800000,0x00000000f5800000,0x0000000100000000)
  to   space 172032K, 0% used [0x00000000eb000000,0x00000000eb000000,0x00000000f5800000)
 ParOldGen       total 949760K, used 506749K [0x00000000a1400000, 0x00000000db380000, 0x00000000e0700000)
  object space 949760K, 53% used [0x00000000a1400000,0x00000000c02df560,0x00000000db380000)
 Metaspace       used 53738K, capacity 54189K, committed 54784K, reserved 1097728K
  class space    used 6431K, capacity 6559K, committed 6656K, reserved 1048576K
}
Event: 340.227 GC heap before
{Heap before GC invocations=54 (full 12):
 PSYoungGen      total 345088K, used 200K [0x00000000e0700000, 0x0000000100000000, 0x0000000100000000)
  eden space 173056K, 0% used [0x00000000e0700000,0x00000000e07323d0,0x00000000eb000000)
  from space 172032K, 0% used [0x00000000f5800000,0x00000000f5800000,0x0000000100000000)
  to   space 172032K, 0% used [0x00000000eb000000,0x00000000eb000000,0x00000000f5800000)
 ParOldGen       total 949760K, used 506749K [0x00000000a1400000, 0x00000000db380000, 0x00000000e0700000)
  object space 949760K, 53% used [0x00000000a1400000,0x00000000c02df560,0x00000000db380000)
 Metaspace       used 53738K, capacity 54189K, committed 54784K, reserved 1097728K
  class space    used 6431K, capacity 6559K, committed 6656K, reserved 1048576K
Event: 340.231 GC heap after
Heap after GC invocations=54 (full 12):
 PSYoungGen      total 345088K, used 64K [0x00000000e0700000, 0x0000000100000000, 0x0000000100000000)
  eden space 173056K, 0% used [0x00000000e0700000,0x00000000e0700000,0x00000000eb000000)
  from space 172032K, 0% used [0x00000000eb000000,0x00000000eb010000,0x00000000f5800000)
  to   space 172032K, 0% used [0x00000000f5800000,0x00000000f5800000,0x0000000100000000)
 ParOldGen       total 949760K, used 506749K [0x00000000a1400000, 0x00000000db380000, 0x00000000e0700000)
  object space 949760K, 53% used [0x00000000a1400000,0x00000000c02df560,0x00000000db380000)
 Metaspace       used 53738K, capacity 54189K, committed 54784K, reserved 1097728K
  class space    used 6431K, capacity 6559K, committed 6656K, reserved 1048576K
}
Event: 340.231 GC heap before
{Heap before GC invocations=55 (full 13):
 PSYoungGen      total 345088K, used 64K [0x00000000e0700000, 0x0000000100000000, 0x0000000100000000)
  eden space 173056K, 0% used [0x00000000e0700000,0x00000000e0700000,0x00000000eb000000)
  from space 172032K, 0% used [0x00000000eb000000,0x00000000eb010000,0x00000000f5800000)
  to   space 172032K, 0% used [0x00000000f5800000,0x00000000f5800000,0x0000000100000000)
 ParOldGen       total 949760K, used 506749K [0x00000000a1400000, 0x00000000db380000, 0x00000000e0700000)
  object space 949760K, 53% used [0x00000000a1400000,0x00000000c02df560,0x00000000db380000)
 Metaspace       used 53738K, capacity 54189K, committed 54784K, reserved 1097728K
  class space    used 6431K, capacity 6559K, committed 6656K, reserved 1048576K
Event: 340.453 GC heap after
Heap after GC invocations=55 (full 13):
 PSYoungGen      total 345088K, used 0K [0x00000000e0700000, 0x0000000100000000, 0x0000000100000000)
  eden space 173056K, 0% used [0x00000000e0700000,0x00000000e0700000,0x00000000eb000000)
  from space 172032K, 0% used [0x00000000eb000000,0x00000000eb000000,0x00000000f5800000)
  to   space 172032K, 0% used [0x00000000f5800000,0x00000000f5800000,0x0000000100000000)
 ParOldGen       total 949760K, used 506749K [0x00000000a1400000, 0x00000000db380000, 0x00000000e0700000)
  object space 949760K, 53% used [0x00000000a1400000,0x00000000c02df598,0x00000000db380000)
 Metaspace       used 53738K, capacity 54189K, committed 54784K, reserved 1097728K
  class space    used 6431K, capacity 6559K, committed 6656K, reserved 1048576K
}

