# JRE version: OpenJDK Runtime Environment (8.0_332-b08) (build 1.8.0_332-b08)
# Java VM: OpenJDK 64-Bit Server VM (25.332-b08 mixed mode windows-amd64 compressed oops)
Heap:
 PSYoungGen      total 345088K, used 5546K [0x00000000e0700000, 0x0000000100000000, 0x0000000100000000)
  eden space 173056K, 3% used [0x00000000e0700000,0x00000000e0c6a838,0x00000000eb000000)
  from space 172032K, 0% used [0x00000000f5800000,0x00000000f5800000,0x0000000100000000)
  to   space 172032K, 0% used [0x00000000eb000000,0x00000000eb000000,0x00000000f5800000)
 ParOldGen       total 925184K, used 575625K [0x00000000a1400000, 0x00000000d9b80000, 0x00000000e0700000)
  object space 925184K, 62% used [0x00000000a1400000,0x00000000c46225d0,0x00000000d9b80000)
 Metaspace       used 54045K, capacity 54451K, committed 55040K, reserved 1097728K
  class space    used 6443K, capacity 6560K, committed 6656K, reserved 1048576K
GC Heap History (10 events):
Event: 214.800 GC heap before
{Heap before GC invocations=55 (full 11):
 PSYoungGen      total 345088K, used 288K [0x00000000e0700000, 0x0000000100000000, 0x0000000100000000)
  eden space 173056K, 0% used [0x00000000e0700000,0x00000000e0700000,0x00000000eb000000)
  from space 172032K, 0% used [0x00000000f5800000,0x00000000f5848000,0x0000000100000000)
  to   space 172032K, 0% used [0x00000000eb000000,0x00000000eb000000,0x00000000f5800000)
 ParOldGen       total 925184K, used 716003K [0x00000000a1400000, 0x00000000d9b80000, 0x00000000e0700000)
  object space 925184K, 77% used [0x00000000a1400000,0x00000000ccf38d18,0x00000000d9b80000)
 Metaspace       used 53955K, capacity 54387K, committed 55040K, reserved 1097728K
  class space    used 6434K, capacity 6560K, committed 6656K, reserved 1048576K
Event: 216.718 GC heap after
Heap after GC invocations=55 (full 11):
 PSYoungGen      total 345088K, used 0K [0x00000000e0700000, 0x0000000100000000, 0x0000000100000000)
  eden space 173056K, 0% used [0x00000000e0700000,0x00000000e0700000,0x00000000eb000000)
  from space 172032K, 0% used [0x00000000f5800000,0x00000000f5800000,0x0000000100000000)
  to   space 172032K, 0% used [0x00000000eb000000,0x00000000eb000000,0x00000000f5800000)
 ParOldGen       total 925184K, used 611488K [0x00000000a1400000, 0x00000000d9b80000, 0x00000000e0700000)
  object space 925184K, 66% used [0x00000000a1400000,0x00000000c6928368,0x00000000d9b80000)
 Metaspace       used 53955K, capacity 54387K, committed 55040K, reserved 1097728K
  class space    used 6434K, capacity 6560K, committed 6656K, reserved 1048576K
}
Event: 220.874 GC heap before
{Heap before GC invocations=56 (full 11):
 PSYoungGen      total 345088K, used 115104K [0x00000000e0700000, 0x0000000100000000, 0x0000000100000000)
  eden space 173056K, 66% used [0x00000000e0700000,0x00000000e7768248,0x00000000eb000000)
  from space 172032K, 0% used [0x00000000f5800000,0x00000000f5800000,0x0000000100000000)
  to   space 172032K, 0% used [0x00000000eb000000,0x00000000eb000000,0x00000000f5800000)
 ParOldGen       total 925184K, used 611488K [0x00000000a1400000, 0x00000000d9b80000, 0x00000000e0700000)
  object space 925184K, 66% used [0x00000000a1400000,0x00000000c6928368,0x00000000d9b80000)
 Metaspace       used 54034K, capacity 54451K, committed 55040K, reserved 1097728K
  class space    used 6441K, capacity 6560K, committed 6656K, reserved 1048576K
Event: 220.943 GC heap after
Heap after GC invocations=56 (full 11):
 PSYoungGen      total 345088K, used 30256K [0x00000000e0700000, 0x0000000100000000, 0x0000000100000000)
  eden space 173056K, 0% used [0x00000000e0700000,0x00000000e0700000,0x00000000eb000000)
  from space 172032K, 17% used [0x00000000eb000000,0x00000000ecd8c060,0x00000000f5800000)
  to   space 172032K, 0% used [0x00000000f5800000,0x00000000f5800000,0x0000000100000000)
 ParOldGen       total 925184K, used 611488K [0x00000000a1400000, 0x00000000d9b80000, 0x00000000e0700000)
  object space 925184K, 66% used [0x00000000a1400000,0x00000000c6928368,0x00000000d9b80000)
 Metaspace       used 54034K, capacity 54451K, committed 55040K, reserved 1097728K
  class space    used 6441K, capacity 6560K, committed 6656K, reserved 1048576K
}
Event: 220.943 GC heap before
{Heap before GC invocations=57 (full 12):
 PSYoungGen      total 345088K, used 30256K [0x00000000e0700000, 0x0000000100000000, 0x0000000100000000)
  eden space 173056K, 0% used [0x00000000e0700000,0x00000000e0700000,0x00000000eb000000)
  from space 172032K, 17% used [0x00000000eb000000,0x00000000ecd8c060,0x00000000f5800000)
  to   space 172032K, 0% used [0x00000000f5800000,0x00000000f5800000,0x0000000100000000)
 ParOldGen       total 925184K, used 611488K [0x00000000a1400000, 0x00000000d9b80000, 0x00000000e0700000)
  object space 925184K, 66% used [0x00000000a1400000,0x00000000c6928368,0x00000000d9b80000)
 Metaspace       used 54034K, capacity 54451K, committed 55040K, reserved 1097728K
  class space    used 6441K, capacity 6560K, committed 6656K, reserved 1048576K
Event: 222.317 GC heap after
Heap after GC invocations=57 (full 12):
 PSYoungGen      total 345088K, used 0K [0x00000000e0700000, 0x0000000100000000, 0x0000000100000000)
  eden space 173056K, 0% used [0x00000000e0700000,0x00000000e0700000,0x00000000eb000000)
  from space 172032K, 0% used [0x00000000eb000000,0x00000000eb000000,0x00000000f5800000)
  to   space 172032K, 0% used [0x00000000f5800000,0x00000000f5800000,0x0000000100000000)
 ParOldGen       total 925184K, used 575625K [0x00000000a1400000, 0x00000000d9b80000, 0x00000000e0700000)
  object space 925184K, 62% used [0x00000000a1400000,0x00000000c46225d0,0x00000000d9b80000)
 Metaspace       used 54034K, capacity 54451K, committed 55040K, reserved 1097728K
  class space    used 6441K, capacity 6560K, committed 6656K, reserved 1048576K
}
Event: 222.318 GC heap before
{Heap before GC invocations=58 (full 12):
 PSYoungGen      total 345088K, used 93K [0x00000000e0700000, 0x0000000100000000, 0x0000000100000000)
  eden space 173056K, 0% used [0x00000000e0700000,0x00000000e07176b0,0x00000000eb000000)
  from space 172032K, 0% used [0x00000000eb000000,0x00000000eb000000,0x00000000f5800000)
  to   space 172032K, 0% used [0x00000000f5800000,0x00000000f5800000,0x0000000100000000)
 ParOldGen       total 925184K, used 575625K [0x00000000a1400000, 0x00000000d9b80000, 0x00000000e0700000)
  object space 925184K, 62% used [0x00000000a1400000,0x00000000c46225d0,0x00000000d9b80000)
 Metaspace       used 54034K, capacity 54451K, committed 55040K, reserved 1097728K
  class space    used 6441K, capacity 6560K, committed 6656K, reserved 1048576K
Event: 222.323 GC heap after
Heap after GC invocations=58 (full 12):
 PSYoungGen      total 345088K, used 64K [0x00000000e0700000, 0x0000000100000000, 0x0000000100000000)
  eden space 173056K, 0% used [0x00000000e0700000,0x00000000e0700000,0x00000000eb000000)
  from space 172032K, 0% used [0x00000000f5800000,0x00000000f5810000,0x0000000100000000)
  to   space 172032K, 0% used [0x00000000eb000000,0x00000000eb000000,0x00000000f5800000)
 ParOldGen       total 925184K, used 575625K [0x00000000a1400000, 0x00000000d9b80000, 0x00000000e0700000)
  object space 925184K, 62% used [0x00000000a1400000,0x00000000c46225d0,0x00000000d9b80000)
 Metaspace       used 54034K, capacity 54451K, committed 55040K, reserved 1097728K
  class space    used 6441K, capacity 6560K, committed 6656K, reserved 1048576K
}
Event: 222.323 GC heap before
{Heap before GC invocations=59 (full 13):
 PSYoungGen      total 345088K, used 64K [0x00000000e0700000, 0x0000000100000000, 0x0000000100000000)
  eden space 173056K, 0% used [0x00000000e0700000,0x00000000e0700000,0x00000000eb000000)
  from space 172032K, 0% used [0x00000000f5800000,0x00000000f5810000,0x0000000100000000)
  to   space 172032K, 0% used [0x00000000eb000000,0x00000000eb000000,0x00000000f5800000)
 ParOldGen       total 925184K, used 575625K [0x00000000a1400000, 0x00000000d9b80000, 0x00000000e0700000)
  object space 925184K, 62% used [0x00000000a1400000,0x00000000c46225d0,0x00000000d9b80000)
 Metaspace       used 54034K, capacity 54451K, committed 55040K, reserved 1097728K
  class space    used 6441K, capacity 6560K, committed 6656K, reserved 1048576K
Event: 222.540 GC heap after
Heap after GC invocations=59 (full 13):
 PSYoungGen      total 345088K, used 0K [0x00000000e0700000, 0x0000000100000000, 0x0000000100000000)
  eden space 173056K, 0% used [0x00000000e0700000,0x00000000e0700000,0x00000000eb000000)
  from space 172032K, 0% used [0x00000000f5800000,0x00000000f5800000,0x0000000100000000)
  to   space 172032K, 0% used [0x00000000eb000000,0x00000000eb000000,0x00000000f5800000)
 ParOldGen       total 925184K, used 575625K [0x00000000a1400000, 0x00000000d9b80000, 0x00000000e0700000)
  object space 925184K, 62% used [0x00000000a1400000,0x00000000c46225d0,0x00000000d9b80000)
 Metaspace       used 54034K, capacity 54451K, committed 55040K, reserved 1097728K
  class space    used 6441K, capacity 6560K, committed 6656K, reserved 1048576K
}

