# JRE version: OpenJDK Runtime Environment (8.0_332-b08) (build 1.8.0_332-b08)
# Java VM: OpenJDK 64-Bit Server VM (25.332-b08 mixed mode windows-amd64 compressed oops)
Heap:
 PSYoungGen      total 493568K, used 395779K [0x00000000e0700000, 0x00000000fff80000, 0x0000000100000000)
  eden space 472576K, 82% used [0x00000000e0700000,0x00000000f83bada0,0x00000000fd480000)
  from space 20992K, 28% used [0x00000000fd480000,0x00000000fda460e0,0x00000000fe900000)
  to   space 20480K, 0% used [0x00000000feb80000,0x00000000feb80000,0x00000000fff80000)
 ParOldGen       total 488448K, used 340043K [0x00000000a1400000, 0x00000000bf100000, 0x00000000e0700000)
  object space 488448K, 69% used [0x00000000a1400000,0x00000000b6012fc0,0x00000000bf100000)
 Metaspace       used 67543K, capacity 69843K, committed 70016K, reserved 1110016K
  class space    used 8491K, capacity 9056K, committed 9088K, reserved 1048576K
GC Heap History (10 events):
Event: 16666.172 GC heap before
{Heap before GC invocations=7226 (full 107):
 PSYoungGen      total 492544K, used 475020K [0x00000000e0700000, 0x00000000ffe80000, 0x0000000100000000)
  eden space 468992K, 100% used [0x00000000e0700000,0x00000000fd100000,0x00000000fd100000)
  from space 23552K, 25% used [0x00000000fe780000,0x00000000fed63310,0x00000000ffe80000)
  to   space 23040K, 0% used [0x00000000fd100000,0x00000000fd100000,0x00000000fe780000)
 ParOldGen       total 488448K, used 339331K [0x00000000a1400000, 0x00000000bf100000, 0x00000000e0700000)
  object space 488448K, 69% used [0x00000000a1400000,0x00000000b5f60cf0,0x00000000bf100000)
 Metaspace       used 67538K, capacity 69843K, committed 70016K, reserved 1110016K
  class space    used 8489K, capacity 9056K, committed 9088K, reserved 1048576K
Event: 16666.185 GC heap after
Heap after GC invocations=7226 (full 107):
 PSYoungGen      total 492032K, used 6317K [0x00000000e0700000, 0x00000000fff80000, 0x0000000100000000)
  eden space 468992K, 0% used [0x00000000e0700000,0x00000000e0700000,0x00000000fd100000)
  from space 23040K, 27% used [0x00000000fd100000,0x00000000fd72b600,0x00000000fe780000)
  to   space 23040K, 0% used [0x00000000fe900000,0x00000000fe900000,0x00000000fff80000)
 ParOldGen       total 488448K, used 339507K [0x00000000a1400000, 0x00000000bf100000, 0x00000000e0700000)
  object space 488448K, 69% used [0x00000000a1400000,0x00000000b5f8cda0,0x00000000bf100000)
 Metaspace       used 67538K, capacity 69843K, committed 70016K, reserved 1110016K
  class space    used 8489K, capacity 9056K, committed 9088K, reserved 1048576K
}
Event: 16672.144 GC heap before
{Heap before GC invocations=7227 (full 107):
 PSYoungGen      total 492032K, used 475309K [0x00000000e0700000, 0x00000000fff80000, 0x0000000100000000)
  eden space 468992K, 100% used [0x00000000e0700000,0x00000000fd100000,0x00000000fd100000)
  from space 23040K, 27% used [0x00000000fd100000,0x00000000fd72b600,0x00000000fe780000)
  to   space 23040K, 0% used [0x00000000fe900000,0x00000000fe900000,0x00000000fff80000)
 ParOldGen       total 488448K, used 339507K [0x00000000a1400000, 0x00000000bf100000, 0x00000000e0700000)
  object space 488448K, 69% used [0x00000000a1400000,0x00000000b5f8cda0,0x00000000bf100000)
 Metaspace       used 67538K, capacity 69843K, committed 70016K, reserved 1110016K
  class space    used 8489K, capacity 9056K, committed 9088K, reserved 1048576K
Event: 16672.154 GC heap after
Heap after GC invocations=7227 (full 107):
 PSYoungGen      total 493568K, used 5408K [0x00000000e0700000, 0x00000000fff00000, 0x0000000100000000)
  eden space 471040K, 0% used [0x00000000e0700000,0x00000000e0700000,0x00000000fd300000)
  from space 22528K, 24% used [0x00000000fe900000,0x00000000fee48130,0x00000000fff00000)
  to   space 22528K, 0% used [0x00000000fd300000,0x00000000fd300000,0x00000000fe900000)
 ParOldGen       total 488448K, used 339603K [0x00000000a1400000, 0x00000000bf100000, 0x00000000e0700000)
  object space 488448K, 69% used [0x00000000a1400000,0x00000000b5fa4df0,0x00000000bf100000)
 Metaspace       used 67538K, capacity 69843K, committed 70016K, reserved 1110016K
  class space    used 8489K, capacity 9056K, committed 9088K, reserved 1048576K
}
Event: 16677.398 GC heap before
{Heap before GC invocations=7228 (full 107):
 PSYoungGen      total 493568K, used 476448K [0x00000000e0700000, 0x00000000fff00000, 0x0000000100000000)
  eden space 471040K, 100% used [0x00000000e0700000,0x00000000fd300000,0x00000000fd300000)
  from space 22528K, 24% used [0x00000000fe900000,0x00000000fee48130,0x00000000fff00000)
  to   space 22528K, 0% used [0x00000000fd300000,0x00000000fd300000,0x00000000fe900000)
 ParOldGen       total 488448K, used 339603K [0x00000000a1400000, 0x00000000bf100000, 0x00000000e0700000)
  object space 488448K, 69% used [0x00000000a1400000,0x00000000b5fa4df0,0x00000000bf100000)
 Metaspace       used 67538K, capacity 69843K, committed 70016K, reserved 1110016K
  class space    used 8489K, capacity 9056K, committed 9088K, reserved 1048576K
Event: 16677.409 GC heap after
Heap after GC invocations=7228 (full 107):
 PSYoungGen      total 493568K, used 5607K [0x00000000e0700000, 0x00000000fff00000, 0x0000000100000000)
  eden space 471040K, 0% used [0x00000000e0700000,0x00000000e0700000,0x00000000fd300000)
  from space 22528K, 24% used [0x00000000fd300000,0x00000000fd879fe0,0x00000000fe900000)
  to   space 22016K, 0% used [0x00000000fe980000,0x00000000fe980000,0x00000000fff00000)
 ParOldGen       total 488448K, used 339819K [0x00000000a1400000, 0x00000000bf100000, 0x00000000e0700000)
  object space 488448K, 69% used [0x00000000a1400000,0x00000000b5fdaed0,0x00000000bf100000)
 Metaspace       used 67538K, capacity 69843K, committed 70016K, reserved 1110016K
  class space    used 8489K, capacity 9056K, committed 9088K, reserved 1048576K
}
Event: 16684.082 GC heap before
{Heap before GC invocations=7229 (full 107):
 PSYoungGen      total 493568K, used 476647K [0x00000000e0700000, 0x00000000fff00000, 0x0000000100000000)
  eden space 471040K, 100% used [0x00000000e0700000,0x00000000fd300000,0x00000000fd300000)
  from space 22528K, 24% used [0x00000000fd300000,0x00000000fd879fe0,0x00000000fe900000)
  to   space 22016K, 0% used [0x00000000fe980000,0x00000000fe980000,0x00000000fff00000)
 ParOldGen       total 488448K, used 339819K [0x00000000a1400000, 0x00000000bf100000, 0x00000000e0700000)
  object space 488448K, 69% used [0x00000000a1400000,0x00000000b5fdaed0,0x00000000bf100000)
 Metaspace       used 67538K, capacity 69843K, committed 70016K, reserved 1110016K
  class space    used 8489K, capacity 9056K, committed 9088K, reserved 1048576K
Event: 16684.151 GC heap after
Heap after GC invocations=7229 (full 107):
 PSYoungGen      total 493056K, used 5890K [0x00000000e0700000, 0x00000000ffd80000, 0x0000000100000000)
  eden space 472576K, 0% used [0x00000000e0700000,0x00000000e0700000,0x00000000fd480000)
  from space 20480K, 28% used [0x00000000fe980000,0x00000000fef409f0,0x00000000ffd80000)
  to   space 20992K, 0% used [0x00000000fd480000,0x00000000fd480000,0x00000000fe900000)
 ParOldGen       total 488448K, used 340043K [0x00000000a1400000, 0x00000000bf100000, 0x00000000e0700000)
  object space 488448K, 69% used [0x00000000a1400000,0x00000000b6012fc0,0x00000000bf100000)
 Metaspace       used 67538K, capacity 69843K, committed 70016K, reserved 1110016K
  class space    used 8489K, capacity 9056K, committed 9088K, reserved 1048576K
}
Event: 16690.843 GC heap before
{Heap before GC invocations=7230 (full 107):
 PSYoungGen      total 493056K, used 478466K [0x00000000e0700000, 0x00000000ffd80000, 0x0000000100000000)
  eden space 472576K, 100% used [0x00000000e0700000,0x00000000fd480000,0x00000000fd480000)
  from space 20480K, 28% used [0x00000000fe980000,0x00000000fef409f0,0x00000000ffd80000)
  to   space 20992K, 0% used [0x00000000fd480000,0x00000000fd480000,0x00000000fe900000)
 ParOldGen       total 488448K, used 340043K [0x00000000a1400000, 0x00000000bf100000, 0x00000000e0700000)
  object space 488448K, 69% used [0x00000000a1400000,0x00000000b6012fc0,0x00000000bf100000)
 Metaspace       used 67538K, capacity 69843K, committed 70016K, reserved 1110016K
  class space    used 8489K, capacity 9056K, committed 9088K, reserved 1048576K
Event: 16690.860 GC heap after
Heap after GC invocations=7230 (full 107):
 PSYoungGen      total 493568K, used 5912K [0x00000000e0700000, 0x00000000fff80000, 0x0000000100000000)
  eden space 472576K, 0% used [0x00000000e0700000,0x00000000e0700000,0x00000000fd480000)
  from space 20992K, 28% used [0x00000000fd480000,0x00000000fda460e0,0x00000000fe900000)
  to   space 20480K, 0% used [0x00000000feb80000,0x00000000feb80000,0x00000000fff80000)
 ParOldGen       total 488448K, used 340043K [0x00000000a1400000, 0x00000000bf100000, 0x00000000e0700000)
  object space 488448K, 69% used [0x00000000a1400000,0x00000000b6012fc0,0x00000000bf100000)
 Metaspace       used 67538K, capacity 69843K, committed 70016K, reserved 1110016K
  class space    used 8489K, capacity 9056K, committed 9088K, reserved 1048576K
}

