# JRE version: OpenJDK Runtime Environment (8.0_332-b08) (build 1.8.0_332-b08)
# Java VM: OpenJDK 64-Bit Server VM (25.332-b08 mixed mode windows-amd64 compressed oops)
Heap:
 PSYoungGen      total 345088K, used 6715K [0x00000000e0700000, 0x0000000100000000, 0x0000000100000000)
  eden space 173056K, 3% used [0x00000000e0700000,0x00000000e0d8ec68,0x00000000eb000000)
  from space 172032K, 0% used [0x00000000f5800000,0x00000000f5800000,0x0000000100000000)
  to   space 172032K, 0% used [0x00000000eb000000,0x00000000eb000000,0x00000000f5800000)
 ParOldGen       total 873984K, used 451630K [0x00000000a1400000, 0x00000000d6980000, 0x00000000e0700000)
  object space 873984K, 51% used [0x00000000a1400000,0x00000000bcd0ba88,0x00000000d6980000)
 Metaspace       used 53626K, capacity 53971K, committed 54400K, reserved 1097728K
  class space    used 6430K, capacity 6528K, committed 6528K, reserved 1048576K
GC Heap History (10 events):
Event: 81.147 GC heap before
{Heap before GC invocations=51 (full 11):
 PSYoungGen      total 345088K, used 173056K [0x00000000e0700000, 0x0000000100000000, 0x0000000100000000)
  eden space 173056K, 100% used [0x00000000e0700000,0x00000000eb000000,0x00000000eb000000)
  from space 172032K, 0% used [0x00000000eb000000,0x00000000eb000000,0x00000000f5800000)
  to   space 172032K, 0% used [0x00000000f5800000,0x00000000f5800000,0x0000000100000000)
 ParOldGen       total 873984K, used 559522K [0x00000000a1400000, 0x00000000d6980000, 0x00000000e0700000)
  object space 873984K, 64% used [0x00000000a1400000,0x00000000c3668940,0x00000000d6980000)
 Metaspace       used 53609K, capacity 53971K, committed 54400K, reserved 1097728K
  class space    used 6428K, capacity 6528K, committed 6528K, reserved 1048576K
Event: 81.171 GC heap after
Heap after GC invocations=51 (full 11):
 PSYoungGen      total 345088K, used 51654K [0x00000000e0700000, 0x0000000100000000, 0x0000000100000000)
  eden space 173056K, 0% used [0x00000000e0700000,0x00000000e0700000,0x00000000eb000000)
  from space 172032K, 30% used [0x00000000f5800000,0x00000000f8a71b00,0x0000000100000000)
  to   space 172032K, 0% used [0x00000000eb000000,0x00000000eb000000,0x00000000f5800000)
 ParOldGen       total 873984K, used 559530K [0x00000000a1400000, 0x00000000d6980000, 0x00000000e0700000)
  object space 873984K, 64% used [0x00000000a1400000,0x00000000c366a940,0x00000000d6980000)
 Metaspace       used 53609K, capacity 53971K, committed 54400K, reserved 1097728K
  class space    used 6428K, capacity 6528K, committed 6528K, reserved 1048576K
}
Event: 84.313 GC heap before
{Heap before GC invocations=52 (full 11):
 PSYoungGen      total 345088K, used 97638K [0x00000000e0700000, 0x0000000100000000, 0x0000000100000000)
  eden space 173056K, 26% used [0x00000000e0700000,0x00000000e33e7e50,0x00000000eb000000)
  from space 172032K, 30% used [0x00000000f5800000,0x00000000f8a71b00,0x0000000100000000)
  to   space 172032K, 0% used [0x00000000eb000000,0x00000000eb000000,0x00000000f5800000)
 ParOldGen       total 873984K, used 559530K [0x00000000a1400000, 0x00000000d6980000, 0x00000000e0700000)
  object space 873984K, 64% used [0x00000000a1400000,0x00000000c366a940,0x00000000d6980000)
 Metaspace       used 53614K, capacity 53971K, committed 54400K, reserved 1097728K
  class space    used 6428K, capacity 6528K, committed 6528K, reserved 1048576K
Event: 84.329 GC heap after
Heap after GC invocations=52 (full 11):
 PSYoungGen      total 345088K, used 11830K [0x00000000e0700000, 0x0000000100000000, 0x0000000100000000)
  eden space 173056K, 0% used [0x00000000e0700000,0x00000000e0700000,0x00000000eb000000)
  from space 172032K, 6% used [0x00000000eb000000,0x00000000ebb8daf0,0x00000000f5800000)
  to   space 172032K, 0% used [0x00000000f5800000,0x00000000f5800000,0x0000000100000000)
 ParOldGen       total 873984K, used 559530K [0x00000000a1400000, 0x00000000d6980000, 0x00000000e0700000)
  object space 873984K, 64% used [0x00000000a1400000,0x00000000c366a940,0x00000000d6980000)
 Metaspace       used 53614K, capacity 53971K, committed 54400K, reserved 1097728K
  class space    used 6428K, capacity 6528K, committed 6528K, reserved 1048576K
}
Event: 84.329 GC heap before
{Heap before GC invocations=53 (full 12):
 PSYoungGen      total 345088K, used 11830K [0x00000000e0700000, 0x0000000100000000, 0x0000000100000000)
  eden space 173056K, 0% used [0x00000000e0700000,0x00000000e0700000,0x00000000eb000000)
  from space 172032K, 6% used [0x00000000eb000000,0x00000000ebb8daf0,0x00000000f5800000)
  to   space 172032K, 0% used [0x00000000f5800000,0x00000000f5800000,0x0000000100000000)
 ParOldGen       total 873984K, used 559530K [0x00000000a1400000, 0x00000000d6980000, 0x00000000e0700000)
  object space 873984K, 64% used [0x00000000a1400000,0x00000000c366a940,0x00000000d6980000)
 Metaspace       used 53614K, capacity 53971K, committed 54400K, reserved 1097728K
  class space    used 6428K, capacity 6528K, committed 6528K, reserved 1048576K
Event: 85.063 GC heap after
Heap after GC invocations=53 (full 12):
 PSYoungGen      total 345088K, used 0K [0x00000000e0700000, 0x0000000100000000, 0x0000000100000000)
  eden space 173056K, 0% used [0x00000000e0700000,0x00000000e0700000,0x00000000eb000000)
  from space 172032K, 0% used [0x00000000eb000000,0x00000000eb000000,0x00000000f5800000)
  to   space 172032K, 0% used [0x00000000f5800000,0x00000000f5800000,0x0000000100000000)
 ParOldGen       total 873984K, used 451630K [0x00000000a1400000, 0x00000000d6980000, 0x00000000e0700000)
  object space 873984K, 51% used [0x00000000a1400000,0x00000000bcd0ba90,0x00000000d6980000)
 Metaspace       used 53614K, capacity 53971K, committed 54400K, reserved 1097728K
  class space    used 6428K, capacity 6528K, committed 6528K, reserved 1048576K
}
Event: 85.063 GC heap before
{Heap before GC invocations=54 (full 12):
 PSYoungGen      total 345088K, used 1739K [0x00000000e0700000, 0x0000000100000000, 0x0000000100000000)
  eden space 173056K, 1% used [0x00000000e0700000,0x00000000e08b2e68,0x00000000eb000000)
  from space 172032K, 0% used [0x00000000eb000000,0x00000000eb000000,0x00000000f5800000)
  to   space 172032K, 0% used [0x00000000f5800000,0x00000000f5800000,0x0000000100000000)
 ParOldGen       total 873984K, used 451630K [0x00000000a1400000, 0x00000000d6980000, 0x00000000e0700000)
  object space 873984K, 51% used [0x00000000a1400000,0x00000000bcd0ba90,0x00000000d6980000)
 Metaspace       used 53614K, capacity 53971K, committed 54400K, reserved 1097728K
  class space    used 6428K, capacity 6528K, committed 6528K, reserved 1048576K
Event: 85.067 GC heap after
Heap after GC invocations=54 (full 12):
 PSYoungGen      total 345088K, used 96K [0x00000000e0700000, 0x0000000100000000, 0x0000000100000000)
  eden space 173056K, 0% used [0x00000000e0700000,0x00000000e0700000,0x00000000eb000000)
  from space 172032K, 0% used [0x00000000f5800000,0x00000000f5818000,0x0000000100000000)
  to   space 172032K, 0% used [0x00000000eb000000,0x00000000eb000000,0x00000000f5800000)
 ParOldGen       total 873984K, used 451630K [0x00000000a1400000, 0x00000000d6980000, 0x00000000e0700000)
  object space 873984K, 51% used [0x00000000a1400000,0x00000000bcd0ba90,0x00000000d6980000)
 Metaspace       used 53614K, capacity 53971K, committed 54400K, reserved 1097728K
  class space    used 6428K, capacity 6528K, committed 6528K, reserved 1048576K
}
Event: 85.067 GC heap before
{Heap before GC invocations=55 (full 13):
 PSYoungGen      total 345088K, used 96K [0x00000000e0700000, 0x0000000100000000, 0x0000000100000000)
  eden space 173056K, 0% used [0x00000000e0700000,0x00000000e0700000,0x00000000eb000000)
  from space 172032K, 0% used [0x00000000f5800000,0x00000000f5818000,0x0000000100000000)
  to   space 172032K, 0% used [0x00000000eb000000,0x00000000eb000000,0x00000000f5800000)
 ParOldGen       total 873984K, used 451630K [0x00000000a1400000, 0x00000000d6980000, 0x00000000e0700000)
  object space 873984K, 51% used [0x00000000a1400000,0x00000000bcd0ba90,0x00000000d6980000)
 Metaspace       used 53614K, capacity 53971K, committed 54400K, reserved 1097728K
  class space    used 6428K, capacity 6528K, committed 6528K, reserved 1048576K
Event: 85.246 GC heap after
Heap after GC invocations=55 (full 13):
 PSYoungGen      total 345088K, used 0K [0x00000000e0700000, 0x0000000100000000, 0x0000000100000000)
  eden space 173056K, 0% used [0x00000000e0700000,0x00000000e0700000,0x00000000eb000000)
  from space 172032K, 0% used [0x00000000f5800000,0x00000000f5800000,0x0000000100000000)
  to   space 172032K, 0% used [0x00000000eb000000,0x00000000eb000000,0x00000000f5800000)
 ParOldGen       total 873984K, used 451630K [0x00000000a1400000, 0x00000000d6980000, 0x00000000e0700000)
  object space 873984K, 51% used [0x00000000a1400000,0x00000000bcd0ba88,0x00000000d6980000)
 Metaspace       used 53614K, capacity 53971K, committed 54400K, reserved 1097728K
  class space    used 6428K, capacity 6528K, committed 6528K, reserved 1048576K
}

