# JRE version: OpenJDK Runtime Environment (8.0_332-b08) (build 1.8.0_332-b08)
# Java VM: OpenJDK 64-Bit Server VM (25.332-b08 mixed mode windows-amd64 compressed oops)
Heap:
 PSYoungGen      total 345088K, used 4675K [0x00000000e0700000, 0x0000000100000000, 0x0000000100000000)
  eden space 173056K, 2% used [0x00000000e0700000,0x00000000e0b90e08,0x00000000eb000000)
  from space 172032K, 0% used [0x00000000f5800000,0x00000000f5800000,0x0000000100000000)
  to   space 172032K, 0% used [0x00000000eb000000,0x00000000eb000000,0x00000000f5800000)
 ParOldGen       total 897024K, used 307302K [0x00000000a1400000, 0x00000000d8000000, 0x00000000e0700000)
  object space 897024K, 34% used [0x00000000a1400000,0x00000000b4019a60,0x00000000d8000000)
 Metaspace       used 53881K, capacity 54323K, committed 55040K, reserved 1097728K
  class space    used 6434K, capacity 6560K, committed 6656K, reserved 1048576K
GC Heap History (10 events):
Event: 103.495 GC heap before
{Heap before GC invocations=53 (full 11):
 PSYoungGen      total 345088K, used 283010K [0x00000000e0700000, 0x0000000100000000, 0x0000000100000000)
  eden space 173056K, 100% used [0x00000000e0700000,0x00000000eb000000,0x00000000eb000000)
  from space 172032K, 63% used [0x00000000eb000000,0x00000000f1b608f0,0x00000000f5800000)
  to   space 172032K, 0% used [0x00000000f5800000,0x00000000f5800000,0x0000000100000000)
 ParOldGen       total 897024K, used 570511K [0x00000000a1400000, 0x00000000d8000000, 0x00000000e0700000)
  object space 897024K, 63% used [0x00000000a1400000,0x00000000c4123f08,0x00000000d8000000)
 Metaspace       used 53867K, capacity 54323K, committed 55040K, reserved 1097728K
  class space    used 6432K, capacity 6560K, committed 6656K, reserved 1048576K
Event: 103.507 GC heap after
Heap after GC invocations=53 (full 11):
 PSYoungGen      total 345088K, used 18402K [0x00000000e0700000, 0x0000000100000000, 0x0000000100000000)
  eden space 173056K, 0% used [0x00000000e0700000,0x00000000e0700000,0x00000000eb000000)
  from space 172032K, 10% used [0x00000000f5800000,0x00000000f69f88e0,0x0000000100000000)
  to   space 172032K, 0% used [0x00000000eb000000,0x00000000eb000000,0x00000000f5800000)
 ParOldGen       total 897024K, used 570511K [0x00000000a1400000, 0x00000000d8000000, 0x00000000e0700000)
  object space 897024K, 63% used [0x00000000a1400000,0x00000000c4123f08,0x00000000d8000000)
 Metaspace       used 53867K, capacity 54323K, committed 55040K, reserved 1097728K
  class space    used 6432K, capacity 6560K, committed 6656K, reserved 1048576K
}
Event: 104.233 GC heap before
{Heap before GC invocations=54 (full 11):
 PSYoungGen      total 345088K, used 33793K [0x00000000e0700000, 0x0000000100000000, 0x0000000100000000)
  eden space 173056K, 8% used [0x00000000e0700000,0x00000000e1607b20,0x00000000eb000000)
  from space 172032K, 10% used [0x00000000f5800000,0x00000000f69f88e0,0x0000000100000000)
  to   space 172032K, 0% used [0x00000000eb000000,0x00000000eb000000,0x00000000f5800000)
 ParOldGen       total 897024K, used 570511K [0x00000000a1400000, 0x00000000d8000000, 0x00000000e0700000)
  object space 897024K, 63% used [0x00000000a1400000,0x00000000c4123f08,0x00000000d8000000)
 Metaspace       used 53874K, capacity 54323K, committed 55040K, reserved 1097728K
  class space    used 6432K, capacity 6560K, committed 6656K, reserved 1048576K
Event: 104.240 GC heap after
Heap after GC invocations=54 (full 11):
 PSYoungGen      total 345088K, used 416K [0x00000000e0700000, 0x0000000100000000, 0x0000000100000000)
  eden space 173056K, 0% used [0x00000000e0700000,0x00000000e0700000,0x00000000eb000000)
  from space 172032K, 0% used [0x00000000eb000000,0x00000000eb068000,0x00000000f5800000)
  to   space 172032K, 0% used [0x00000000f5800000,0x00000000f5800000,0x0000000100000000)
 ParOldGen       total 897024K, used 577118K [0x00000000a1400000, 0x00000000d8000000, 0x00000000e0700000)
  object space 897024K, 64% used [0x00000000a1400000,0x00000000c4797878,0x00000000d8000000)
 Metaspace       used 53874K, capacity 54323K, committed 55040K, reserved 1097728K
  class space    used 6432K, capacity 6560K, committed 6656K, reserved 1048576K
}
Event: 104.240 GC heap before
{Heap before GC invocations=55 (full 12):
 PSYoungGen      total 345088K, used 416K [0x00000000e0700000, 0x0000000100000000, 0x0000000100000000)
  eden space 173056K, 0% used [0x00000000e0700000,0x00000000e0700000,0x00000000eb000000)
  from space 172032K, 0% used [0x00000000eb000000,0x00000000eb068000,0x00000000f5800000)
  to   space 172032K, 0% used [0x00000000f5800000,0x00000000f5800000,0x0000000100000000)
 ParOldGen       total 897024K, used 577118K [0x00000000a1400000, 0x00000000d8000000, 0x00000000e0700000)
  object space 897024K, 64% used [0x00000000a1400000,0x00000000c4797878,0x00000000d8000000)
 Metaspace       used 53874K, capacity 54323K, committed 55040K, reserved 1097728K
  class space    used 6432K, capacity 6560K, committed 6656K, reserved 1048576K
Event: 104.694 GC heap after
Heap after GC invocations=55 (full 12):
 PSYoungGen      total 345088K, used 0K [0x00000000e0700000, 0x0000000100000000, 0x0000000100000000)
  eden space 173056K, 0% used [0x00000000e0700000,0x00000000e0700000,0x00000000eb000000)
  from space 172032K, 0% used [0x00000000eb000000,0x00000000eb000000,0x00000000f5800000)
  to   space 172032K, 0% used [0x00000000f5800000,0x00000000f5800000,0x0000000100000000)
 ParOldGen       total 897024K, used 307302K [0x00000000a1400000, 0x00000000d8000000, 0x00000000e0700000)
  object space 897024K, 34% used [0x00000000a1400000,0x00000000b4019a08,0x00000000d8000000)
 Metaspace       used 53874K, capacity 54323K, committed 55040K, reserved 1097728K
  class space    used 6432K, capacity 6560K, committed 6656K, reserved 1048576K
}
Event: 104.695 GC heap before
{Heap before GC invocations=56 (full 12):
 PSYoungGen      total 345088K, used 59K [0x00000000e0700000, 0x0000000100000000, 0x0000000100000000)
  eden space 173056K, 0% used [0x00000000e0700000,0x00000000e070ef30,0x00000000eb000000)
  from space 172032K, 0% used [0x00000000eb000000,0x00000000eb000000,0x00000000f5800000)
  to   space 172032K, 0% used [0x00000000f5800000,0x00000000f5800000,0x0000000100000000)
 ParOldGen       total 897024K, used 307302K [0x00000000a1400000, 0x00000000d8000000, 0x00000000e0700000)
  object space 897024K, 34% used [0x00000000a1400000,0x00000000b4019a08,0x00000000d8000000)
 Metaspace       used 53874K, capacity 54323K, committed 55040K, reserved 1097728K
  class space    used 6432K, capacity 6560K, committed 6656K, reserved 1048576K
Event: 104.699 GC heap after
Heap after GC invocations=56 (full 12):
 PSYoungGen      total 345088K, used 160K [0x00000000e0700000, 0x0000000100000000, 0x0000000100000000)
  eden space 173056K, 0% used [0x00000000e0700000,0x00000000e0700000,0x00000000eb000000)
  from space 172032K, 0% used [0x00000000f5800000,0x00000000f5828000,0x0000000100000000)
  to   space 172032K, 0% used [0x00000000eb000000,0x00000000eb000000,0x00000000f5800000)
 ParOldGen       total 897024K, used 307302K [0x00000000a1400000, 0x00000000d8000000, 0x00000000e0700000)
  object space 897024K, 34% used [0x00000000a1400000,0x00000000b4019a08,0x00000000d8000000)
 Metaspace       used 53874K, capacity 54323K, committed 55040K, reserved 1097728K
  class space    used 6432K, capacity 6560K, committed 6656K, reserved 1048576K
}
Event: 104.699 GC heap before
{Heap before GC invocations=57 (full 13):
 PSYoungGen      total 345088K, used 160K [0x00000000e0700000, 0x0000000100000000, 0x0000000100000000)
  eden space 173056K, 0% used [0x00000000e0700000,0x00000000e0700000,0x00000000eb000000)
  from space 172032K, 0% used [0x00000000f5800000,0x00000000f5828000,0x0000000100000000)
  to   space 172032K, 0% used [0x00000000eb000000,0x00000000eb000000,0x00000000f5800000)
 ParOldGen       total 897024K, used 307302K [0x00000000a1400000, 0x00000000d8000000, 0x00000000e0700000)
  object space 897024K, 34% used [0x00000000a1400000,0x00000000b4019a08,0x00000000d8000000)
 Metaspace       used 53874K, capacity 54323K, committed 55040K, reserved 1097728K
  class space    used 6432K, capacity 6560K, committed 6656K, reserved 1048576K
Event: 104.878 GC heap after
Heap after GC invocations=57 (full 13):
 PSYoungGen      total 345088K, used 0K [0x00000000e0700000, 0x0000000100000000, 0x0000000100000000)
  eden space 173056K, 0% used [0x00000000e0700000,0x00000000e0700000,0x00000000eb000000)
  from space 172032K, 0% used [0x00000000f5800000,0x00000000f5800000,0x0000000100000000)
  to   space 172032K, 0% used [0x00000000eb000000,0x00000000eb000000,0x00000000f5800000)
 ParOldGen       total 897024K, used 307302K [0x00000000a1400000, 0x00000000d8000000, 0x00000000e0700000)
  object space 897024K, 34% used [0x00000000a1400000,0x00000000b4019a60,0x00000000d8000000)
 Metaspace       used 53874K, capacity 54323K, committed 55040K, reserved 1097728K
  class space    used 6432K, capacity 6560K, committed 6656K, reserved 1048576K
}

