# JRE version: OpenJDK Runtime Environment (8.0_332-b08) (build 1.8.0_332-b08)
# Java VM: OpenJDK 64-Bit Server VM (25.332-b08 mixed mode windows-amd64 compressed oops)
Heap:
 PSYoungGen      total 436224K, used 355604K [0x00000000e0700000, 0x00000000fc880000, 0x0000000100000000)
  eden space 413184K, 82% used [0x00000000e0700000,0x00000000f5371320,0x00000000f9a80000)
  from space 23040K, 65% used [0x00000000fb200000,0x00000000fc0d3de8,0x00000000fc880000)
  to   space 23552K, 0% used [0x00000000f9a80000,0x00000000f9a80000,0x00000000fb180000)
 ParOldGen       total 388608K, used 281272K [0x00000000a1400000, 0x00000000b8f80000, 0x00000000e0700000)
  object space 388608K, 72% used [0x00000000a1400000,0x00000000b26ae2e8,0x00000000b8f80000)
 Metaspace       used 53465K, capacity 53959K, committed 54400K, reserved 1097728K
  class space    used 6325K, capacity 6450K, committed 6528K, reserved 1048576K
GC Heap History (10 events):
Event: 337.080 GC heap before
{Heap before GC invocations=122 (full 8):
 PSYoungGen      total 428544K, used 425138K [0x00000000e0700000, 0x00000000fc580000, 0x0000000100000000)
  eden space 404992K, 100% used [0x00000000e0700000,0x00000000f9280000,0x00000000f9280000)
  from space 23552K, 85% used [0x00000000f9280000,0x00000000fa62c938,0x00000000fa980000)
  to   space 24576K, 0% used [0x00000000fad80000,0x00000000fad80000,0x00000000fc580000)
 ParOldGen       total 388608K, used 278099K [0x00000000a1400000, 0x00000000b8f80000, 0x00000000e0700000)
  object space 388608K, 71% used [0x00000000a1400000,0x00000000b2394f38,0x00000000b8f80000)
 Metaspace       used 53438K, capacity 53959K, committed 54400K, reserved 1097728K
  class space    used 6322K, capacity 6450K, committed 6528K, reserved 1048576K
Event: 337.102 GC heap after
Heap after GC invocations=122 (full 8):
 PSYoungGen      total 431616K, used 21039K [0x00000000e0700000, 0x00000000fc780000, 0x0000000100000000)
  eden space 407040K, 0% used [0x00000000e0700000,0x00000000e0700000,0x00000000f9480000)
  from space 24576K, 85% used [0x00000000fad80000,0x00000000fc20bdb8,0x00000000fc580000)
  to   space 25600K, 0% used [0x00000000f9480000,0x00000000f9480000,0x00000000fad80000)
 ParOldGen       total 388608K, used 278243K [0x00000000a1400000, 0x00000000b8f80000, 0x00000000e0700000)
  object space 388608K, 71% used [0x00000000a1400000,0x00000000b23b8f38,0x00000000b8f80000)
 Metaspace       used 53438K, capacity 53959K, committed 54400K, reserved 1097728K
  class space    used 6322K, capacity 6450K, committed 6528K, reserved 1048576K
}
Event: 343.498 GC heap before
{Heap before GC invocations=123 (full 8):
 PSYoungGen      total 431616K, used 428079K [0x00000000e0700000, 0x00000000fc780000, 0x0000000100000000)
  eden space 407040K, 100% used [0x00000000e0700000,0x00000000f9480000,0x00000000f9480000)
  from space 24576K, 85% used [0x00000000fad80000,0x00000000fc20bdb8,0x00000000fc580000)
  to   space 25600K, 0% used [0x00000000f9480000,0x00000000f9480000,0x00000000fad80000)
 ParOldGen       total 388608K, used 278243K [0x00000000a1400000, 0x00000000b8f80000, 0x00000000e0700000)
  object space 388608K, 71% used [0x00000000a1400000,0x00000000b23b8f38,0x00000000b8f80000)
 Metaspace       used 53440K, capacity 53959K, committed 54400K, reserved 1097728K
  class space    used 6322K, capacity 6450K, committed 6528K, reserved 1048576K
Event: 343.510 GC heap after
Heap after GC invocations=123 (full 8):
 PSYoungGen      total 432640K, used 17442K [0x00000000e0700000, 0x00000000fc780000, 0x0000000100000000)
  eden space 407040K, 0% used [0x00000000e0700000,0x00000000e0700000,0x00000000f9480000)
  from space 25600K, 68% used [0x00000000f9480000,0x00000000fa588988,0x00000000fad80000)
  to   space 24576K, 0% used [0x00000000faf80000,0x00000000faf80000,0x00000000fc780000)
 ParOldGen       total 388608K, used 278363K [0x00000000a1400000, 0x00000000b8f80000, 0x00000000e0700000)
  object space 388608K, 71% used [0x00000000a1400000,0x00000000b23d6f38,0x00000000b8f80000)
 Metaspace       used 53440K, capacity 53959K, committed 54400K, reserved 1097728K
  class space    used 6322K, capacity 6450K, committed 6528K, reserved 1048576K
}
Event: 350.135 GC heap before
{Heap before GC invocations=124 (full 8):
 PSYoungGen      total 432640K, used 424482K [0x00000000e0700000, 0x00000000fc780000, 0x0000000100000000)
  eden space 407040K, 100% used [0x00000000e0700000,0x00000000f9480000,0x00000000f9480000)
  from space 25600K, 68% used [0x00000000f9480000,0x00000000fa588988,0x00000000fad80000)
  to   space 24576K, 0% used [0x00000000faf80000,0x00000000faf80000,0x00000000fc780000)
 ParOldGen       total 388608K, used 278363K [0x00000000a1400000, 0x00000000b8f80000, 0x00000000e0700000)
  object space 388608K, 71% used [0x00000000a1400000,0x00000000b23d6f38,0x00000000b8f80000)
 Metaspace       used 53440K, capacity 53959K, committed 54400K, reserved 1097728K
  class space    used 6322K, capacity 6450K, committed 6528K, reserved 1048576K
Event: 350.149 GC heap after
Heap after GC invocations=124 (full 8):
 PSYoungGen      total 433664K, used 17128K [0x00000000e0700000, 0x00000000fc680000, 0x0000000100000000)
  eden space 410112K, 0% used [0x00000000e0700000,0x00000000e0700000,0x00000000f9780000)
  from space 23552K, 72% used [0x00000000faf80000,0x00000000fc03a3f8,0x00000000fc680000)
  to   space 24064K, 0% used [0x00000000f9780000,0x00000000f9780000,0x00000000faf00000)
 ParOldGen       total 388608K, used 278483K [0x00000000a1400000, 0x00000000b8f80000, 0x00000000e0700000)
  object space 388608K, 71% used [0x00000000a1400000,0x00000000b23f4f38,0x00000000b8f80000)
 Metaspace       used 53440K, capacity 53959K, committed 54400K, reserved 1097728K
  class space    used 6322K, capacity 6450K, committed 6528K, reserved 1048576K
}
Event: 355.417 GC heap before
{Heap before GC invocations=125 (full 8):
 PSYoungGen      total 433664K, used 427240K [0x00000000e0700000, 0x00000000fc680000, 0x0000000100000000)
  eden space 410112K, 100% used [0x00000000e0700000,0x00000000f9780000,0x00000000f9780000)
  from space 23552K, 72% used [0x00000000faf80000,0x00000000fc03a3f8,0x00000000fc680000)
  to   space 24064K, 0% used [0x00000000f9780000,0x00000000f9780000,0x00000000faf00000)
 ParOldGen       total 388608K, used 278483K [0x00000000a1400000, 0x00000000b8f80000, 0x00000000e0700000)
  object space 388608K, 71% used [0x00000000a1400000,0x00000000b23f4f38,0x00000000b8f80000)
 Metaspace       used 53441K, capacity 53959K, committed 54400K, reserved 1097728K
  class space    used 6322K, capacity 6450K, committed 6528K, reserved 1048576K
Event: 355.432 GC heap after
Heap after GC invocations=125 (full 8):
 PSYoungGen      total 434176K, used 14366K [0x00000000e0700000, 0x00000000fc980000, 0x0000000100000000)
  eden space 410112K, 0% used [0x00000000e0700000,0x00000000e0700000,0x00000000f9780000)
  from space 24064K, 59% used [0x00000000f9780000,0x00000000fa5878e8,0x00000000faf00000)
  to   space 24064K, 0% used [0x00000000fb200000,0x00000000fb200000,0x00000000fc980000)
 ParOldGen       total 388608K, used 279146K [0x00000000a1400000, 0x00000000b8f80000, 0x00000000e0700000)
  object space 388608K, 71% used [0x00000000a1400000,0x00000000b249ab98,0x00000000b8f80000)
 Metaspace       used 53441K, capacity 53959K, committed 54400K, reserved 1097728K
  class space    used 6322K, capacity 6450K, committed 6528K, reserved 1048576K
}
Event: 362.886 GC heap before
{Heap before GC invocations=126 (full 8):
 PSYoungGen      total 434176K, used 424478K [0x00000000e0700000, 0x00000000fc980000, 0x0000000100000000)
  eden space 410112K, 100% used [0x00000000e0700000,0x00000000f9780000,0x00000000f9780000)
  from space 24064K, 59% used [0x00000000f9780000,0x00000000fa5878e8,0x00000000faf00000)
  to   space 24064K, 0% used [0x00000000fb200000,0x00000000fb200000,0x00000000fc980000)
 ParOldGen       total 388608K, used 279146K [0x00000000a1400000, 0x00000000b8f80000, 0x00000000e0700000)
  object space 388608K, 71% used [0x00000000a1400000,0x00000000b249ab98,0x00000000b8f80000)
 Metaspace       used 53452K, capacity 53959K, committed 54400K, reserved 1097728K
  class space    used 6322K, capacity 6450K, committed 6528K, reserved 1048576K
Event: 362.898 GC heap after
Heap after GC invocations=126 (full 8):
 PSYoungGen      total 436224K, used 15183K [0x00000000e0700000, 0x00000000fc880000, 0x0000000100000000)
  eden space 413184K, 0% used [0x00000000e0700000,0x00000000e0700000,0x00000000f9a80000)
  from space 23040K, 65% used [0x00000000fb200000,0x00000000fc0d3de8,0x00000000fc880000)
  to   space 23552K, 0% used [0x00000000f9a80000,0x00000000f9a80000,0x00000000fb180000)
 ParOldGen       total 388608K, used 281272K [0x00000000a1400000, 0x00000000b8f80000, 0x00000000e0700000)
  object space 388608K, 72% used [0x00000000a1400000,0x00000000b26ae2e8,0x00000000b8f80000)
 Metaspace       used 53452K, capacity 53959K, committed 54400K, reserved 1097728K
  class space    used 6322K, capacity 6450K, committed 6528K, reserved 1048576K
}

