# JRE version: OpenJDK Runtime Environment (8.0_332-b08) (build 1.8.0_332-b08)
# Java VM: OpenJDK 64-Bit Server VM (25.332-b08 mixed mode windows-amd64 compressed oops)
Heap:
 PSYoungGen      total 416768K, used 221763K [0x00000000e0700000, 0x00000000ffb00000, 0x0000000100000000)
  eden space 326656K, 50% used [0x00000000e0700000,0x00000000ea7ed308,0x00000000f4600000)
  from space 90112K, 63% used [0x00000000fa300000,0x00000000fdaa3a80,0x00000000ffb00000)
  to   space 92672K, 0% used [0x00000000f4600000,0x00000000f4600000,0x00000000fa080000)
 ParOldGen       total 265216K, used 218533K [0x00000000a1400000, 0x00000000b1700000, 0x00000000e0700000)
  object space 265216K, 82% used [0x00000000a1400000,0x00000000ae969778,0x00000000b1700000)
 Metaspace       used 51984K, capacity 52403K, committed 52992K, reserved 1095680K
  class space    used 6244K, capacity 6360K, committed 6400K, reserved 1048576K
GC Heap History (10 events):
Event: 106.894 GC heap before
{Heap before GC invocations=40 (full 6):
 PSYoungGen      total 406528K, used 359960K [0x00000000e0700000, 0x0000000100000000, 0x0000000100000000)
  eden space 303104K, 100% used [0x00000000e0700000,0x00000000f2f00000,0x00000000f2f00000)
  from space 103424K, 54% used [0x00000000f2f00000,0x00000000f6686278,0x00000000f9400000)
  to   space 101376K, 0% used [0x00000000f9d00000,0x00000000f9d00000,0x0000000100000000)
 ParOldGen       total 265216K, used 218525K [0x00000000a1400000, 0x00000000b1700000, 0x00000000e0700000)
  object space 265216K, 82% used [0x00000000a1400000,0x00000000ae967778,0x00000000b1700000)
 Metaspace       used 51871K, capacity 52321K, committed 52992K, reserved 1095680K
  class space    used 6240K, capacity 6357K, committed 6400K, reserved 1048576K
Event: 106.931 GC heap after
Heap after GC invocations=40 (full 6):
 PSYoungGen      total 407552K, used 57397K [0x00000000e0700000, 0x00000000ffa00000, 0x0000000100000000)
  eden space 312320K, 0% used [0x00000000e0700000,0x00000000e0700000,0x00000000f3800000)
  from space 95232K, 60% used [0x00000000f9d00000,0x00000000fd50d780,0x00000000ffa00000)
  to   space 99328K, 0% used [0x00000000f3800000,0x00000000f3800000,0x00000000f9900000)
 ParOldGen       total 265216K, used 218525K [0x00000000a1400000, 0x00000000b1700000, 0x00000000e0700000)
  object space 265216K, 82% used [0x00000000a1400000,0x00000000ae967778,0x00000000b1700000)
 Metaspace       used 51871K, capacity 52321K, committed 52992K, reserved 1095680K
  class space    used 6240K, capacity 6357K, committed 6400K, reserved 1048576K
}
Event: 110.645 GC heap before
{Heap before GC invocations=41 (full 6):
 PSYoungGen      total 407552K, used 369717K [0x00000000e0700000, 0x00000000ffa00000, 0x0000000100000000)
  eden space 312320K, 100% used [0x00000000e0700000,0x00000000f3800000,0x00000000f3800000)
  from space 95232K, 60% used [0x00000000f9d00000,0x00000000fd50d780,0x00000000ffa00000)
  to   space 99328K, 0% used [0x00000000f3800000,0x00000000f3800000,0x00000000f9900000)
 ParOldGen       total 265216K, used 218525K [0x00000000a1400000, 0x00000000b1700000, 0x00000000e0700000)
  object space 265216K, 82% used [0x00000000a1400000,0x00000000ae967778,0x00000000b1700000)
 Metaspace       used 51891K, capacity 52321K, committed 52992K, reserved 1095680K
  class space    used 6240K, capacity 6357K, committed 6400K, reserved 1048576K
Event: 110.678 GC heap after
Heap after GC invocations=41 (full 6):
 PSYoungGen      total 411648K, used 57936K [0x00000000e0700000, 0x0000000100000000, 0x0000000100000000)
  eden space 312320K, 0% used [0x00000000e0700000,0x00000000e0700000,0x00000000f3800000)
  from space 99328K, 58% used [0x00000000f3800000,0x00000000f7094018,0x00000000f9900000)
  to   space 97792K, 0% used [0x00000000fa080000,0x00000000fa080000,0x0000000100000000)
 ParOldGen       total 265216K, used 218533K [0x00000000a1400000, 0x00000000b1700000, 0x00000000e0700000)
  object space 265216K, 82% used [0x00000000a1400000,0x00000000ae969778,0x00000000b1700000)
 Metaspace       used 51891K, capacity 52321K, committed 52992K, reserved 1095680K
  class space    used 6240K, capacity 6357K, committed 6400K, reserved 1048576K
}
Event: 114.850 GC heap before
{Heap before GC invocations=42 (full 6):
 PSYoungGen      total 411648K, used 370256K [0x00000000e0700000, 0x0000000100000000, 0x0000000100000000)
  eden space 312320K, 100% used [0x00000000e0700000,0x00000000f3800000,0x00000000f3800000)
  from space 99328K, 58% used [0x00000000f3800000,0x00000000f7094018,0x00000000f9900000)
  to   space 97792K, 0% used [0x00000000fa080000,0x00000000fa080000,0x0000000100000000)
 ParOldGen       total 265216K, used 218533K [0x00000000a1400000, 0x00000000b1700000, 0x00000000e0700000)
  object space 265216K, 82% used [0x00000000a1400000,0x00000000ae969778,0x00000000b1700000)
 Metaspace       used 51938K, capacity 52391K, committed 52992K, reserved 1095680K
  class space    used 6242K, capacity 6358K, committed 6400K, reserved 1048576K
Event: 114.904 GC heap after
Heap after GC invocations=42 (full 6):
 PSYoungGen      total 411136K, used 56828K [0x00000000e0700000, 0x00000000ff980000, 0x0000000100000000)
  eden space 320000K, 0% used [0x00000000e0700000,0x00000000e0700000,0x00000000f3f80000)
  from space 91136K, 62% used [0x00000000fa080000,0x00000000fd7ff180,0x00000000ff980000)
  to   space 95232K, 0% used [0x00000000f3f80000,0x00000000f3f80000,0x00000000f9c80000)
 ParOldGen       total 265216K, used 218533K [0x00000000a1400000, 0x00000000b1700000, 0x00000000e0700000)
  object space 265216K, 82% used [0x00000000a1400000,0x00000000ae969778,0x00000000b1700000)
 Metaspace       used 51938K, capacity 52391K, committed 52992K, reserved 1095680K
  class space    used 6242K, capacity 6358K, committed 6400K, reserved 1048576K
}
Event: 119.952 GC heap before
{Heap before GC invocations=43 (full 6):
 PSYoungGen      total 411136K, used 376828K [0x00000000e0700000, 0x00000000ff980000, 0x0000000100000000)
  eden space 320000K, 100% used [0x00000000e0700000,0x00000000f3f80000,0x00000000f3f80000)
  from space 91136K, 62% used [0x00000000fa080000,0x00000000fd7ff180,0x00000000ff980000)
  to   space 95232K, 0% used [0x00000000f3f80000,0x00000000f3f80000,0x00000000f9c80000)
 ParOldGen       total 265216K, used 218533K [0x00000000a1400000, 0x00000000b1700000, 0x00000000e0700000)
  object space 265216K, 82% used [0x00000000a1400000,0x00000000ae969778,0x00000000b1700000)
 Metaspace       used 51954K, capacity 52397K, committed 52992K, reserved 1095680K
  class space    used 6242K, capacity 6359K, committed 6400K, reserved 1048576K
Event: 119.984 GC heap after
Heap after GC invocations=43 (full 6):
 PSYoungGen      total 415232K, used 62490K [0x00000000e0700000, 0x0000000100000000, 0x0000000100000000)
  eden space 320000K, 0% used [0x00000000e0700000,0x00000000e0700000,0x00000000f3f80000)
  from space 95232K, 65% used [0x00000000f3f80000,0x00000000f7c86990,0x00000000f9c80000)
  to   space 95232K, 0% used [0x00000000fa300000,0x00000000fa300000,0x0000000100000000)
 ParOldGen       total 265216K, used 218533K [0x00000000a1400000, 0x00000000b1700000, 0x00000000e0700000)
  object space 265216K, 82% used [0x00000000a1400000,0x00000000ae969778,0x00000000b1700000)
 Metaspace       used 51954K, capacity 52397K, committed 52992K, reserved 1095680K
  class space    used 6242K, capacity 6359K, committed 6400K, reserved 1048576K
}
Event: 124.460 GC heap before
{Heap before GC invocations=44 (full 6):
 PSYoungGen      total 415232K, used 382490K [0x00000000e0700000, 0x0000000100000000, 0x0000000100000000)
  eden space 320000K, 100% used [0x00000000e0700000,0x00000000f3f80000,0x00000000f3f80000)
  from space 95232K, 65% used [0x00000000f3f80000,0x00000000f7c86990,0x00000000f9c80000)
  to   space 95232K, 0% used [0x00000000fa300000,0x00000000fa300000,0x0000000100000000)
 ParOldGen       total 265216K, used 218533K [0x00000000a1400000, 0x00000000b1700000, 0x00000000e0700000)
  object space 265216K, 82% used [0x00000000a1400000,0x00000000ae969778,0x00000000b1700000)
 Metaspace       used 51970K, capacity 52403K, committed 52992K, reserved 1095680K
  class space    used 6243K, capacity 6360K, committed 6400K, reserved 1048576K
Event: 124.510 GC heap after
Heap after GC invocations=44 (full 6):
 PSYoungGen      total 416768K, used 56974K [0x00000000e0700000, 0x00000000ffb00000, 0x0000000100000000)
  eden space 326656K, 0% used [0x00000000e0700000,0x00000000e0700000,0x00000000f4600000)
  from space 90112K, 63% used [0x00000000fa300000,0x00000000fdaa3a80,0x00000000ffb00000)
  to   space 92672K, 0% used [0x00000000f4600000,0x00000000f4600000,0x00000000fa080000)
 ParOldGen       total 265216K, used 218533K [0x00000000a1400000, 0x00000000b1700000, 0x00000000e0700000)
  object space 265216K, 82% used [0x00000000a1400000,0x00000000ae969778,0x00000000b1700000)
 Metaspace       used 51970K, capacity 52403K, committed 52992K, reserved 1095680K
  class space    used 6243K, capacity 6360K, committed 6400K, reserved 1048576K
}

