# JRE version: OpenJDK Runtime Environment (8.0_332-b08) (build 1.8.0_332-b08)
# Java VM: OpenJDK 64-Bit Server VM (25.332-b08 mixed mode windows-amd64 compressed oops)
Heap:
 PSYoungGen      total 318464K, used 217659K [0x00000000e0700000, 0x00000000fb480000, 0x0000000100000000)
  eden space 211456K, 77% used [0x00000000e0700000,0x00000000ea69acf0,0x00000000ed580000)
  from space 107008K, 50% used [0x00000000f4c00000,0x00000000f80f4288,0x00000000fb480000)
  to   space 114176K, 0% used [0x00000000ed580000,0x00000000ed580000,0x00000000f4500000)
 ParOldGen       total 972800K, used 730198K [0x00000000a1400000, 0x00000000dca00000, 0x00000000e0700000)
  object space 972800K, 75% used [0x00000000a1400000,0x00000000cdd15840,0x00000000dca00000)
 Metaspace       used 56342K, capacity 56893K, committed 57600K, reserved 1099776K
  class space    used 6591K, capacity 6803K, committed 6912K, reserved 1048576K
GC Heap History (10 events):
Event: 147.917 GC heap before
{Heap before GC invocations=85 (full 15):
 PSYoungGen      total 326656K, used 275823K [0x00000000e0700000, 0x00000000fd300000, 0x0000000100000000)
  eden space 196608K, 100% used [0x00000000e0700000,0x00000000ec700000,0x00000000ec700000)
  from space 130048K, 60% used [0x00000000ec700000,0x00000000f145bcf0,0x00000000f4600000)
  to   space 133120K, 0% used [0x00000000f5100000,0x00000000f5100000,0x00000000fd300000)
 ParOldGen       total 972800K, used 730158K [0x00000000a1400000, 0x00000000dca00000, 0x00000000e0700000)
  object space 972800K, 75% used [0x00000000a1400000,0x00000000cdd0b840,0x00000000dca00000)
 Metaspace       used 56245K, capacity 56817K, committed 57344K, reserved 1099776K
  class space    used 6588K, capacity 6801K, committed 6912K, reserved 1048576K
Event: 147.967 GC heap after
Heap after GC invocations=85 (full 15):
 PSYoungGen      total 335360K, used 80770K [0x00000000e0700000, 0x00000000fd780000, 0x0000000100000000)
  eden space 202240K, 0% used [0x00000000e0700000,0x00000000e0700000,0x00000000ecc80000)
  from space 133120K, 60% used [0x00000000f5100000,0x00000000f9fe0b20,0x00000000fd300000)
  to   space 135680K, 0% used [0x00000000ecc80000,0x00000000ecc80000,0x00000000f5100000)
 ParOldGen       total 972800K, used 730166K [0x00000000a1400000, 0x00000000dca00000, 0x00000000e0700000)
  object space 972800K, 75% used [0x00000000a1400000,0x00000000cdd0d840,0x00000000dca00000)
 Metaspace       used 56245K, capacity 56817K, committed 57344K, reserved 1099776K
  class space    used 6588K, capacity 6801K, committed 6912K, reserved 1048576K
}
Event: 150.618 GC heap before
{Heap before GC invocations=86 (full 15):
 PSYoungGen      total 335360K, used 283010K [0x00000000e0700000, 0x00000000fd780000, 0x0000000100000000)
  eden space 202240K, 100% used [0x00000000e0700000,0x00000000ecc80000,0x00000000ecc80000)
  from space 133120K, 60% used [0x00000000f5100000,0x00000000f9fe0b20,0x00000000fd300000)
  to   space 135680K, 0% used [0x00000000ecc80000,0x00000000ecc80000,0x00000000f5100000)
 ParOldGen       total 972800K, used 730166K [0x00000000a1400000, 0x00000000dca00000, 0x00000000e0700000)
  object space 972800K, 75% used [0x00000000a1400000,0x00000000cdd0d840,0x00000000dca00000)
 Metaspace       used 56260K, capacity 56817K, committed 57344K, reserved 1099776K
  class space    used 6588K, capacity 6801K, committed 6912K, reserved 1048576K
Event: 150.648 GC heap after
Heap after GC invocations=86 (full 15):
 PSYoungGen      total 337920K, used 71073K [0x00000000e0700000, 0x00000000fd780000, 0x0000000100000000)
  eden space 202240K, 0% used [0x00000000e0700000,0x00000000e0700000,0x00000000ecc80000)
  from space 135680K, 52% used [0x00000000ecc80000,0x00000000f11e8670,0x00000000f5100000)
  to   space 133632K, 0% used [0x00000000f5500000,0x00000000f5500000,0x00000000fd780000)
 ParOldGen       total 972800K, used 730174K [0x00000000a1400000, 0x00000000dca00000, 0x00000000e0700000)
  object space 972800K, 75% used [0x00000000a1400000,0x00000000cdd0f840,0x00000000dca00000)
 Metaspace       used 56260K, capacity 56817K, committed 57344K, reserved 1099776K
  class space    used 6588K, capacity 6801K, committed 6912K, reserved 1048576K
}
Event: 153.413 GC heap before
{Heap before GC invocations=87 (full 15):
 PSYoungGen      total 337920K, used 273313K [0x00000000e0700000, 0x00000000fd780000, 0x0000000100000000)
  eden space 202240K, 100% used [0x00000000e0700000,0x00000000ecc80000,0x00000000ecc80000)
  from space 135680K, 52% used [0x00000000ecc80000,0x00000000f11e8670,0x00000000f5100000)
  to   space 133632K, 0% used [0x00000000f5500000,0x00000000f5500000,0x00000000fd780000)
 ParOldGen       total 972800K, used 730174K [0x00000000a1400000, 0x00000000dca00000, 0x00000000e0700000)
  object space 972800K, 75% used [0x00000000a1400000,0x00000000cdd0f840,0x00000000dca00000)
 Metaspace       used 56288K, capacity 56823K, committed 57344K, reserved 1099776K
  class space    used 6589K, capacity 6802K, committed 6912K, reserved 1048576K
Event: 153.439 GC heap after
Heap after GC invocations=87 (full 15):
 PSYoungGen      total 325632K, used 52561K [0x00000000e0700000, 0x00000000fc880000, 0x0000000100000000)
  eden space 207360K, 0% used [0x00000000e0700000,0x00000000e0700000,0x00000000ed180000)
  from space 118272K, 44% used [0x00000000f5500000,0x00000000f8854450,0x00000000fc880000)
  to   space 126464K, 0% used [0x00000000ed180000,0x00000000ed180000,0x00000000f4d00000)
 ParOldGen       total 972800K, used 730182K [0x00000000a1400000, 0x00000000dca00000, 0x00000000e0700000)
  object space 972800K, 75% used [0x00000000a1400000,0x00000000cdd11840,0x00000000dca00000)
 Metaspace       used 56288K, capacity 56823K, committed 57344K, reserved 1099776K
  class space    used 6589K, capacity 6802K, committed 6912K, reserved 1048576K
}
Event: 158.905 GC heap before
{Heap before GC invocations=88 (full 15):
 PSYoungGen      total 325632K, used 259921K [0x00000000e0700000, 0x00000000fc880000, 0x0000000100000000)
  eden space 207360K, 100% used [0x00000000e0700000,0x00000000ed180000,0x00000000ed180000)
  from space 118272K, 44% used [0x00000000f5500000,0x00000000f8854450,0x00000000fc880000)
  to   space 126464K, 0% used [0x00000000ed180000,0x00000000ed180000,0x00000000f4d00000)
 ParOldGen       total 972800K, used 730182K [0x00000000a1400000, 0x00000000dca00000, 0x00000000e0700000)
  object space 972800K, 75% used [0x00000000a1400000,0x00000000cdd11840,0x00000000dca00000)
 Metaspace       used 56310K, capacity 56829K, committed 57344K, reserved 1099776K
  class space    used 6589K, capacity 6803K, committed 6912K, reserved 1048576K
Event: 159.009 GC heap after
Heap after GC invocations=88 (full 15):
 PSYoungGen      total 260096K, used 52545K [0x00000000e0700000, 0x00000000fc180000, 0x0000000100000000)
  eden space 207360K, 0% used [0x00000000e0700000,0x00000000e0700000,0x00000000ed180000)
  from space 52736K, 99% used [0x00000000ed180000,0x00000000f04d05a0,0x00000000f0500000)
  to   space 120320K, 0% used [0x00000000f4c00000,0x00000000f4c00000,0x00000000fc180000)
 ParOldGen       total 972800K, used 730190K [0x00000000a1400000, 0x00000000dca00000, 0x00000000e0700000)
  object space 972800K, 75% used [0x00000000a1400000,0x00000000cdd13840,0x00000000dca00000)
 Metaspace       used 56310K, capacity 56829K, committed 57344K, reserved 1099776K
  class space    used 6589K, capacity 6803K, committed 6912K, reserved 1048576K
}
Event: 165.522 GC heap before
{Heap before GC invocations=89 (full 15):
 PSYoungGen      total 260096K, used 259905K [0x00000000e0700000, 0x00000000fc180000, 0x0000000100000000)
  eden space 207360K, 100% used [0x00000000e0700000,0x00000000ed180000,0x00000000ed180000)
  from space 52736K, 99% used [0x00000000ed180000,0x00000000f04d05a0,0x00000000f0500000)
  to   space 120320K, 0% used [0x00000000f4c00000,0x00000000f4c00000,0x00000000fc180000)
 ParOldGen       total 972800K, used 730190K [0x00000000a1400000, 0x00000000dca00000, 0x00000000e0700000)
  object space 972800K, 75% used [0x00000000a1400000,0x00000000cdd13840,0x00000000dca00000)
 Metaspace       used 56323K, capacity 56893K, committed 57600K, reserved 1099776K
  class space    used 6589K, capacity 6803K, committed 6912K, reserved 1048576K
Event: 165.578 GC heap after
Heap after GC invocations=89 (full 15):
 PSYoungGen      total 318464K, used 54224K [0x00000000e0700000, 0x00000000fb480000, 0x0000000100000000)
  eden space 211456K, 0% used [0x00000000e0700000,0x00000000e0700000,0x00000000ed580000)
  from space 107008K, 50% used [0x00000000f4c00000,0x00000000f80f4288,0x00000000fb480000)
  to   space 114176K, 0% used [0x00000000ed580000,0x00000000ed580000,0x00000000f4500000)
 ParOldGen       total 972800K, used 730198K [0x00000000a1400000, 0x00000000dca00000, 0x00000000e0700000)
  object space 972800K, 75% used [0x00000000a1400000,0x00000000cdd15840,0x00000000dca00000)
 Metaspace       used 56323K, capacity 56893K, committed 57600K, reserved 1099776K
  class space    used 6589K, capacity 6803K, committed 6912K, reserved 1048576K
}

