# JRE version: OpenJDK Runtime Environment (8.0_332-b08) (build 1.8.0_332-b08)
# Java VM: OpenJDK 64-Bit Server VM (25.332-b08 mixed mode windows-amd64 compressed oops)
Heap:
 PSYoungGen      total 345088K, used 3918K [0x00000000e0700000, 0x0000000100000000, 0x0000000100000000)
  eden space 173056K, 2% used [0x00000000e0700000,0x00000000e0ad3ba8,0x00000000eb000000)
  from space 172032K, 0% used [0x00000000eb000000,0x00000000eb000000,0x00000000f5800000)
  to   space 172032K, 0% used [0x00000000f5800000,0x00000000f5800000,0x0000000100000000)
 ParOldGen       total 908800K, used 483073K [0x00000000a1400000, 0x00000000d8b80000, 0x00000000e0700000)
  object space 908800K, 53% used [0x00000000a1400000,0x00000000bebc0690,0x00000000d8b80000)
 Metaspace       used 54016K, capacity 54451K, committed 55040K, reserved 1097728K
  class space    used 6439K, capacity 6560K, committed 6656K, reserved 1048576K
GC Heap History (10 events):
Event: 99.755 GC heap before
{Heap before GC invocations=52 (full 11):
 PSYoungGen      total 345088K, used 173056K [0x00000000e0700000, 0x0000000100000000, 0x0000000100000000)
  eden space 173056K, 100% used [0x00000000e0700000,0x00000000eb000000,0x00000000eb000000)
  from space 172032K, 0% used [0x00000000f5800000,0x00000000f5800000,0x0000000100000000)
  to   space 172032K, 0% used [0x00000000eb000000,0x00000000eb000000,0x00000000f5800000)
 ParOldGen       total 908800K, used 588624K [0x00000000a1400000, 0x00000000d8b80000, 0x00000000e0700000)
  object space 908800K, 64% used [0x00000000a1400000,0x00000000c52d40f0,0x00000000d8b80000)
 Metaspace       used 54002K, capacity 54451K, committed 55040K, reserved 1097728K
  class space    used 6437K, capacity 6560K, committed 6656K, reserved 1048576K
Event: 99.776 GC heap after
Heap after GC invocations=52 (full 11):
 PSYoungGen      total 345088K, used 47808K [0x00000000e0700000, 0x0000000100000000, 0x0000000100000000)
  eden space 173056K, 0% used [0x00000000e0700000,0x00000000e0700000,0x00000000eb000000)
  from space 172032K, 27% used [0x00000000eb000000,0x00000000edeb0070,0x00000000f5800000)
  to   space 172032K, 0% used [0x00000000f5800000,0x00000000f5800000,0x0000000100000000)
 ParOldGen       total 908800K, used 588632K [0x00000000a1400000, 0x00000000d8b80000, 0x00000000e0700000)
  object space 908800K, 64% used [0x00000000a1400000,0x00000000c52d60f0,0x00000000d8b80000)
 Metaspace       used 54002K, capacity 54451K, committed 55040K, reserved 1097728K
  class space    used 6437K, capacity 6560K, committed 6656K, reserved 1048576K
}
Event: 101.622 GC heap before
{Heap before GC invocations=53 (full 11):
 PSYoungGen      total 345088K, used 86771K [0x00000000e0700000, 0x0000000100000000, 0x0000000100000000)
  eden space 173056K, 22% used [0x00000000e0700000,0x00000000e2d0cd40,0x00000000eb000000)
  from space 172032K, 27% used [0x00000000eb000000,0x00000000edeb0070,0x00000000f5800000)
  to   space 172032K, 0% used [0x00000000f5800000,0x00000000f5800000,0x0000000100000000)
 ParOldGen       total 908800K, used 588632K [0x00000000a1400000, 0x00000000d8b80000, 0x00000000e0700000)
  object space 908800K, 64% used [0x00000000a1400000,0x00000000c52d60f0,0x00000000d8b80000)
 Metaspace       used 54008K, capacity 54451K, committed 55040K, reserved 1097728K
  class space    used 6437K, capacity 6560K, committed 6656K, reserved 1048576K
Event: 101.634 GC heap after
Heap after GC invocations=53 (full 11):
 PSYoungGen      total 345088K, used 16400K [0x00000000e0700000, 0x0000000100000000, 0x0000000100000000)
  eden space 173056K, 0% used [0x00000000e0700000,0x00000000e0700000,0x00000000eb000000)
  from space 172032K, 9% used [0x00000000f5800000,0x00000000f6804060,0x0000000100000000)
  to   space 172032K, 0% used [0x00000000eb000000,0x00000000eb000000,0x00000000f5800000)
 ParOldGen       total 908800K, used 588640K [0x00000000a1400000, 0x00000000d8b80000, 0x00000000e0700000)
  object space 908800K, 64% used [0x00000000a1400000,0x00000000c52d80f0,0x00000000d8b80000)
 Metaspace       used 54008K, capacity 54451K, committed 55040K, reserved 1097728K
  class space    used 6437K, capacity 6560K, committed 6656K, reserved 1048576K
}
Event: 101.634 GC heap before
{Heap before GC invocations=54 (full 12):
 PSYoungGen      total 345088K, used 16400K [0x00000000e0700000, 0x0000000100000000, 0x0000000100000000)
  eden space 173056K, 0% used [0x00000000e0700000,0x00000000e0700000,0x00000000eb000000)
  from space 172032K, 9% used [0x00000000f5800000,0x00000000f6804060,0x0000000100000000)
  to   space 172032K, 0% used [0x00000000eb000000,0x00000000eb000000,0x00000000f5800000)
 ParOldGen       total 908800K, used 588640K [0x00000000a1400000, 0x00000000d8b80000, 0x00000000e0700000)
  object space 908800K, 64% used [0x00000000a1400000,0x00000000c52d80f0,0x00000000d8b80000)
 Metaspace       used 54008K, capacity 54451K, committed 55040K, reserved 1097728K
  class space    used 6437K, capacity 6560K, committed 6656K, reserved 1048576K
Event: 102.118 GC heap after
Heap after GC invocations=54 (full 12):
 PSYoungGen      total 345088K, used 0K [0x00000000e0700000, 0x0000000100000000, 0x0000000100000000)
  eden space 173056K, 0% used [0x00000000e0700000,0x00000000e0700000,0x00000000eb000000)
  from space 172032K, 0% used [0x00000000f5800000,0x00000000f5800000,0x0000000100000000)
  to   space 172032K, 0% used [0x00000000eb000000,0x00000000eb000000,0x00000000f5800000)
 ParOldGen       total 908800K, used 483073K [0x00000000a1400000, 0x00000000d8b80000, 0x00000000e0700000)
  object space 908800K, 53% used [0x00000000a1400000,0x00000000bebc0710,0x00000000d8b80000)
 Metaspace       used 54008K, capacity 54451K, committed 55040K, reserved 1097728K
  class space    used 6437K, capacity 6560K, committed 6656K, reserved 1048576K
}
Event: 102.118 GC heap before
{Heap before GC invocations=55 (full 12):
 PSYoungGen      total 345088K, used 78K [0x00000000e0700000, 0x0000000100000000, 0x0000000100000000)
  eden space 173056K, 0% used [0x00000000e0700000,0x00000000e0713970,0x00000000eb000000)
  from space 172032K, 0% used [0x00000000f5800000,0x00000000f5800000,0x0000000100000000)
  to   space 172032K, 0% used [0x00000000eb000000,0x00000000eb000000,0x00000000f5800000)
 ParOldGen       total 908800K, used 483073K [0x00000000a1400000, 0x00000000d8b80000, 0x00000000e0700000)
  object space 908800K, 53% used [0x00000000a1400000,0x00000000bebc0710,0x00000000d8b80000)
 Metaspace       used 54008K, capacity 54451K, committed 55040K, reserved 1097728K
  class space    used 6437K, capacity 6560K, committed 6656K, reserved 1048576K
Event: 102.123 GC heap after
Heap after GC invocations=55 (full 12):
 PSYoungGen      total 345088K, used 64K [0x00000000e0700000, 0x0000000100000000, 0x0000000100000000)
  eden space 173056K, 0% used [0x00000000e0700000,0x00000000e0700000,0x00000000eb000000)
  from space 172032K, 0% used [0x00000000eb000000,0x00000000eb010000,0x00000000f5800000)
  to   space 172032K, 0% used [0x00000000f5800000,0x00000000f5800000,0x0000000100000000)
 ParOldGen       total 908800K, used 483073K [0x00000000a1400000, 0x00000000d8b80000, 0x00000000e0700000)
  object space 908800K, 53% used [0x00000000a1400000,0x00000000bebc0710,0x00000000d8b80000)
 Metaspace       used 54008K, capacity 54451K, committed 55040K, reserved 1097728K
  class space    used 6437K, capacity 6560K, committed 6656K, reserved 1048576K
}
Event: 102.123 GC heap before
{Heap before GC invocations=56 (full 13):
 PSYoungGen      total 345088K, used 64K [0x00000000e0700000, 0x0000000100000000, 0x0000000100000000)
  eden space 173056K, 0% used [0x00000000e0700000,0x00000000e0700000,0x00000000eb000000)
  from space 172032K, 0% used [0x00000000eb000000,0x00000000eb010000,0x00000000f5800000)
  to   space 172032K, 0% used [0x00000000f5800000,0x00000000f5800000,0x0000000100000000)
 ParOldGen       total 908800K, used 483073K [0x00000000a1400000, 0x00000000d8b80000, 0x00000000e0700000)
  object space 908800K, 53% used [0x00000000a1400000,0x00000000bebc0710,0x00000000d8b80000)
 Metaspace       used 54008K, capacity 54451K, committed 55040K, reserved 1097728K
  class space    used 6437K, capacity 6560K, committed 6656K, reserved 1048576K
Event: 102.317 GC heap after
Heap after GC invocations=56 (full 13):
 PSYoungGen      total 345088K, used 0K [0x00000000e0700000, 0x0000000100000000, 0x0000000100000000)
  eden space 173056K, 0% used [0x00000000e0700000,0x00000000e0700000,0x00000000eb000000)
  from space 172032K, 0% used [0x00000000eb000000,0x00000000eb000000,0x00000000f5800000)
  to   space 172032K, 0% used [0x00000000f5800000,0x00000000f5800000,0x0000000100000000)
 ParOldGen       total 908800K, used 483073K [0x00000000a1400000, 0x00000000d8b80000, 0x00000000e0700000)
  object space 908800K, 53% used [0x00000000a1400000,0x00000000bebc0690,0x00000000d8b80000)
 Metaspace       used 54008K, capacity 54451K, committed 55040K, reserved 1097728K
  class space    used 6437K, capacity 6560K, committed 6656K, reserved 1048576K
}

