# JRE version: OpenJDK Runtime Environment (8.0_332-b08) (build 1.8.0_332-b08)
# Java VM: OpenJDK 64-Bit Server VM (25.332-b08 mixed mode windows-amd64 compressed oops)
Heap:
 PSYoungGen      total 345088K, used 3396K [0x00000000e0700000, 0x0000000100000000, 0x0000000100000000)
  eden space 173056K, 1% used [0x00000000e0700000,0x00000000e0a51228,0x00000000eb000000)
  from space 172032K, 0% used [0x00000000eb000000,0x00000000eb000000,0x00000000f5800000)
  to   space 172032K, 0% used [0x00000000f5800000,0x00000000f5800000,0x0000000100000000)
 ParOldGen       total 824320K, used 506084K [0x00000000a1400000, 0x00000000d3900000, 0x00000000e0700000)
  object space 824320K, 61% used [0x00000000a1400000,0x00000000c0239000,0x00000000d3900000)
 Metaspace       used 53572K, capacity 54027K, committed 54528K, reserved 1097728K
  class space    used 6407K, capacity 6545K, committed 6656K, reserved 1048576K
GC Heap History (10 events):
Event: 90.317 GC heap before
{Heap before GC invocations=44 (full 11):
 PSYoungGen      total 345088K, used 52856K [0x00000000e0700000, 0x0000000100000000, 0x0000000100000000)
  eden space 173056K, 0% used [0x00000000e0700000,0x00000000e0700000,0x00000000eb000000)
  from space 172032K, 30% used [0x00000000eb000000,0x00000000ee39e2c0,0x00000000f5800000)
  to   space 172032K, 0% used [0x00000000f5800000,0x00000000f5800000,0x0000000100000000)
 ParOldGen       total 824320K, used 576558K [0x00000000a1400000, 0x00000000d3900000, 0x00000000e0700000)
  object space 824320K, 69% used [0x00000000a1400000,0x00000000c470ba20,0x00000000d3900000)
 Metaspace       used 53319K, capacity 53771K, committed 54272K, reserved 1097728K
  class space    used 6397K, capacity 6545K, committed 6656K, reserved 1048576K
Event: 90.834 GC heap after
Heap after GC invocations=44 (full 11):
 PSYoungGen      total 345088K, used 0K [0x00000000e0700000, 0x0000000100000000, 0x0000000100000000)
  eden space 173056K, 0% used [0x00000000e0700000,0x00000000e0700000,0x00000000eb000000)
  from space 172032K, 0% used [0x00000000eb000000,0x00000000eb000000,0x00000000f5800000)
  to   space 172032K, 0% used [0x00000000f5800000,0x00000000f5800000,0x0000000100000000)
 ParOldGen       total 824320K, used 537505K [0x00000000a1400000, 0x00000000d3900000, 0x00000000e0700000)
  object space 824320K, 65% used [0x00000000a1400000,0x00000000c20e8540,0x00000000d3900000)
 Metaspace       used 53319K, capacity 53771K, committed 54272K, reserved 1097728K
  class space    used 6397K, capacity 6545K, committed 6656K, reserved 1048576K
}
Event: 94.333 GC heap before
{Heap before GC invocations=45 (full 11):
 PSYoungGen      total 345088K, used 133026K [0x00000000e0700000, 0x0000000100000000, 0x0000000100000000)
  eden space 173056K, 76% used [0x00000000e0700000,0x00000000e88e88c0,0x00000000eb000000)
  from space 172032K, 0% used [0x00000000eb000000,0x00000000eb000000,0x00000000f5800000)
  to   space 172032K, 0% used [0x00000000f5800000,0x00000000f5800000,0x0000000100000000)
 ParOldGen       total 824320K, used 537505K [0x00000000a1400000, 0x00000000d3900000, 0x00000000e0700000)
  object space 824320K, 65% used [0x00000000a1400000,0x00000000c20e8540,0x00000000d3900000)
 Metaspace       used 53565K, capacity 54027K, committed 54528K, reserved 1097728K
  class space    used 6406K, capacity 6545K, committed 6656K, reserved 1048576K
Event: 94.349 GC heap after
Heap after GC invocations=45 (full 11):
 PSYoungGen      total 345088K, used 13130K [0x00000000e0700000, 0x0000000100000000, 0x0000000100000000)
  eden space 173056K, 0% used [0x00000000e0700000,0x00000000e0700000,0x00000000eb000000)
  from space 172032K, 7% used [0x00000000f5800000,0x00000000f64d2b00,0x0000000100000000)
  to   space 172032K, 0% used [0x00000000eb000000,0x00000000eb000000,0x00000000f5800000)
 ParOldGen       total 824320K, used 537505K [0x00000000a1400000, 0x00000000d3900000, 0x00000000e0700000)
  object space 824320K, 65% used [0x00000000a1400000,0x00000000c20e8540,0x00000000d3900000)
 Metaspace       used 53565K, capacity 54027K, committed 54528K, reserved 1097728K
  class space    used 6406K, capacity 6545K, committed 6656K, reserved 1048576K
}
Event: 94.349 GC heap before
{Heap before GC invocations=46 (full 12):
 PSYoungGen      total 345088K, used 13130K [0x00000000e0700000, 0x0000000100000000, 0x0000000100000000)
  eden space 173056K, 0% used [0x00000000e0700000,0x00000000e0700000,0x00000000eb000000)
  from space 172032K, 7% used [0x00000000f5800000,0x00000000f64d2b00,0x0000000100000000)
  to   space 172032K, 0% used [0x00000000eb000000,0x00000000eb000000,0x00000000f5800000)
 ParOldGen       total 824320K, used 537505K [0x00000000a1400000, 0x00000000d3900000, 0x00000000e0700000)
  object space 824320K, 65% used [0x00000000a1400000,0x00000000c20e8540,0x00000000d3900000)
 Metaspace       used 53565K, capacity 54027K, committed 54528K, reserved 1097728K
  class space    used 6406K, capacity 6545K, committed 6656K, reserved 1048576K
Event: 94.854 GC heap after
Heap after GC invocations=46 (full 12):
 PSYoungGen      total 345088K, used 0K [0x00000000e0700000, 0x0000000100000000, 0x0000000100000000)
  eden space 173056K, 0% used [0x00000000e0700000,0x00000000e0700000,0x00000000eb000000)
  from space 172032K, 0% used [0x00000000f5800000,0x00000000f5800000,0x0000000100000000)
  to   space 172032K, 0% used [0x00000000eb000000,0x00000000eb000000,0x00000000f5800000)
 ParOldGen       total 824320K, used 506084K [0x00000000a1400000, 0x00000000d3900000, 0x00000000e0700000)
  object space 824320K, 61% used [0x00000000a1400000,0x00000000c0239000,0x00000000d3900000)
 Metaspace       used 53565K, capacity 54027K, committed 54528K, reserved 1097728K
  class space    used 6406K, capacity 6545K, committed 6656K, reserved 1048576K
}
Event: 94.854 GC heap before
{Heap before GC invocations=47 (full 12):
 PSYoungGen      total 345088K, used 0K [0x00000000e0700000, 0x0000000100000000, 0x0000000100000000)
  eden space 173056K, 0% used [0x00000000e0700000,0x00000000e0700000,0x00000000eb000000)
  from space 172032K, 0% used [0x00000000f5800000,0x00000000f5800000,0x0000000100000000)
  to   space 172032K, 0% used [0x00000000eb000000,0x00000000eb000000,0x00000000f5800000)
 ParOldGen       total 824320K, used 506084K [0x00000000a1400000, 0x00000000d3900000, 0x00000000e0700000)
  object space 824320K, 61% used [0x00000000a1400000,0x00000000c0239000,0x00000000d3900000)
 Metaspace       used 53565K, capacity 54027K, committed 54528K, reserved 1097728K
  class space    used 6406K, capacity 6545K, committed 6656K, reserved 1048576K
Event: 94.858 GC heap after
Heap after GC invocations=47 (full 12):
 PSYoungGen      total 345088K, used 0K [0x00000000e0700000, 0x0000000100000000, 0x0000000100000000)
  eden space 173056K, 0% used [0x00000000e0700000,0x00000000e0700000,0x00000000eb000000)
  from space 172032K, 0% used [0x00000000eb000000,0x00000000eb000000,0x00000000f5800000)
  to   space 172032K, 0% used [0x00000000f5800000,0x00000000f5800000,0x0000000100000000)
 ParOldGen       total 824320K, used 506084K [0x00000000a1400000, 0x00000000d3900000, 0x00000000e0700000)
  object space 824320K, 61% used [0x00000000a1400000,0x00000000c0239000,0x00000000d3900000)
 Metaspace       used 53565K, capacity 54027K, committed 54528K, reserved 1097728K
  class space    used 6406K, capacity 6545K, committed 6656K, reserved 1048576K
}
Event: 94.858 GC heap before
{Heap before GC invocations=48 (full 13):
 PSYoungGen      total 345088K, used 0K [0x00000000e0700000, 0x0000000100000000, 0x0000000100000000)
  eden space 173056K, 0% used [0x00000000e0700000,0x00000000e0700000,0x00000000eb000000)
  from space 172032K, 0% used [0x00000000eb000000,0x00000000eb000000,0x00000000f5800000)
  to   space 172032K, 0% used [0x00000000f5800000,0x00000000f5800000,0x0000000100000000)
 ParOldGen       total 824320K, used 506084K [0x00000000a1400000, 0x00000000d3900000, 0x00000000e0700000)
  object space 824320K, 61% used [0x00000000a1400000,0x00000000c0239000,0x00000000d3900000)
 Metaspace       used 53565K, capacity 54027K, committed 54528K, reserved 1097728K
  class space    used 6406K, capacity 6545K, committed 6656K, reserved 1048576K
Event: 95.083 GC heap after
Heap after GC invocations=48 (full 13):
 PSYoungGen      total 345088K, used 0K [0x00000000e0700000, 0x0000000100000000, 0x0000000100000000)
  eden space 173056K, 0% used [0x00000000e0700000,0x00000000e0700000,0x00000000eb000000)
  from space 172032K, 0% used [0x00000000eb000000,0x00000000eb000000,0x00000000f5800000)
  to   space 172032K, 0% used [0x00000000f5800000,0x00000000f5800000,0x0000000100000000)
 ParOldGen       total 824320K, used 506084K [0x00000000a1400000, 0x00000000d3900000, 0x00000000e0700000)
  object space 824320K, 61% used [0x00000000a1400000,0x00000000c0239000,0x00000000d3900000)
 Metaspace       used 53565K, capacity 54027K, committed 54528K, reserved 1097728K
  class space    used 6406K, capacity 6545K, committed 6656K, reserved 1048576K
}

