# JRE version: OpenJDK Runtime Environment (8.0_332-b08) (build 1.8.0_332-b08)
# Java VM: OpenJDK 64-Bit Server VM (25.332-b08 mixed mode windows-amd64 compressed oops)
Heap:
 PSYoungGen      total 345088K, used 321124K [0x00000000e0700000, 0x0000000100000000, 0x0000000100000000)
  eden space 173056K, 86% used [0x00000000e0700000,0x00000000e9899130,0x00000000eb000000)
  from space 172032K, 100% used [0x00000000f5800000,0x0000000100000000,0x0000000100000000)
  to   space 172032K, 0% used [0x00000000eb000000,0x00000000eb000000,0x00000000f5800000)
 ParOldGen       total 616448K, used 471247K [0x00000000a1400000, 0x00000000c6e00000, 0x00000000e0700000)
  object space 616448K, 76% used [0x00000000a1400000,0x00000000be033fd8,0x00000000c6e00000)
 Metaspace       used 52611K, capacity 52931K, committed 53632K, reserved 1095680K
  class space    used 6365K, capacity 6479K, committed 6528K, reserved 1048576K
GC Heap History (10 events):
Event: 116.301 GC heap before
{Heap before GC invocations=39 (full 8):
 PSYoungGen      total 424448K, used 351803K [0x00000000e0700000, 0x0000000100000000, 0x0000000100000000)
  eden space 331776K, 90% used [0x00000000e0700000,0x00000000f2d28638,0x00000000f4b00000)
  from space 92672K, 54% used [0x00000000f4b00000,0x00000000f7c667e8,0x00000000fa580000)
  to   space 92672K, 0% used [0x00000000fa580000,0x00000000fa580000,0x0000000100000000)
 ParOldGen       total 238592K, used 238289K [0x00000000a1400000, 0x00000000afd00000, 0x00000000e0700000)
  object space 238592K, 99% used [0x00000000a1400000,0x00000000afcb4680,0x00000000afd00000)
 Metaspace       used 52272K, capacity 52657K, committed 53376K, reserved 1095680K
  class space    used 6342K, capacity 6476K, committed 6528K, reserved 1048576K
Event: 116.653 GC heap after
Heap after GC invocations=39 (full 8):
 PSYoungGen      total 424448K, used 110723K [0x00000000e0700000, 0x0000000100000000, 0x0000000100000000)
  eden space 331776K, 33% used [0x00000000e0700000,0x00000000e7320f40,0x00000000f4b00000)
  from space 92672K, 0% used [0x00000000f4b00000,0x00000000f4b00000,0x00000000fa580000)
  to   space 92672K, 0% used [0x00000000fa580000,0x00000000fa580000,0x0000000100000000)
 ParOldGen       total 380416K, used 238533K [0x00000000a1400000, 0x00000000b8780000, 0x00000000e0700000)
  object space 380416K, 62% used [0x00000000a1400000,0x00000000afcf1570,0x00000000b8780000)
 Metaspace       used 52272K, capacity 52657K, committed 53376K, reserved 1095680K
  class space    used 6342K, capacity 6476K, committed 6528K, reserved 1048576K
}
Event: 117.004 GC heap before
{Heap before GC invocations=40 (full 8):
 PSYoungGen      total 424448K, used 331776K [0x00000000e0700000, 0x0000000100000000, 0x0000000100000000)
  eden space 331776K, 100% used [0x00000000e0700000,0x00000000f4b00000,0x00000000f4b00000)
  from space 92672K, 0% used [0x00000000f4b00000,0x00000000f4b00000,0x00000000fa580000)
  to   space 92672K, 0% used [0x00000000fa580000,0x00000000fa580000,0x0000000100000000)
 ParOldGen       total 380416K, used 238541K [0x00000000a1400000, 0x00000000b8780000, 0x00000000e0700000)
  object space 380416K, 62% used [0x00000000a1400000,0x00000000afcf3580,0x00000000b8780000)
 Metaspace       used 52347K, capacity 52733K, committed 53376K, reserved 1095680K
  class space    used 6347K, capacity 6478K, committed 6528K, reserved 1048576K
Event: 117.101 GC heap after
Heap after GC invocations=40 (full 8):
 PSYoungGen      total 265728K, used 92640K [0x00000000e0700000, 0x0000000100000000, 0x0000000100000000)
  eden space 173056K, 0% used [0x00000000e0700000,0x00000000e0700000,0x00000000eb000000)
  from space 92672K, 99% used [0x00000000fa580000,0x00000000ffff8060,0x0000000100000000)
  to   space 172032K, 0% used [0x00000000eb000000,0x00000000eb000000,0x00000000f5800000)
 ParOldGen       total 388608K, used 387736K [0x00000000a1400000, 0x00000000b8f80000, 0x00000000e0700000)
  object space 388608K, 99% used [0x00000000a1400000,0x00000000b8ea61a0,0x00000000b8f80000)
 Metaspace       used 52347K, capacity 52733K, committed 53376K, reserved 1095680K
  class space    used 6347K, capacity 6478K, committed 6528K, reserved 1048576K
}
Event: 117.101 GC heap before
{Heap before GC invocations=41 (full 9):
 PSYoungGen      total 265728K, used 92640K [0x00000000e0700000, 0x0000000100000000, 0x0000000100000000)
  eden space 173056K, 0% used [0x00000000e0700000,0x00000000e0700000,0x00000000eb000000)
  from space 92672K, 99% used [0x00000000fa580000,0x00000000ffff8060,0x0000000100000000)
  to   space 172032K, 0% used [0x00000000eb000000,0x00000000eb000000,0x00000000f5800000)
 ParOldGen       total 388608K, used 387736K [0x00000000a1400000, 0x00000000b8f80000, 0x00000000e0700000)
  object space 388608K, 99% used [0x00000000a1400000,0x00000000b8ea61a0,0x00000000b8f80000)
 Metaspace       used 52347K, capacity 52733K, committed 53376K, reserved 1095680K
  class space    used 6347K, capacity 6478K, committed 6528K, reserved 1048576K
Event: 117.678 GC heap after
Heap after GC invocations=41 (full 9):
 PSYoungGen      total 265728K, used 68151K [0x00000000e0700000, 0x0000000100000000, 0x0000000100000000)
  eden space 173056K, 0% used [0x00000000e0700000,0x00000000e0700000,0x00000000eb000000)
  from space 92672K, 73% used [0x00000000fa580000,0x00000000fe80ded0,0x0000000100000000)
  to   space 172032K, 0% used [0x00000000eb000000,0x00000000eb000000,0x00000000f5800000)
 ParOldGen       total 616448K, used 388431K [0x00000000a1400000, 0x00000000c6e00000, 0x00000000e0700000)
  object space 616448K, 63% used [0x00000000a1400000,0x00000000b8f53ed0,0x00000000c6e00000)
 Metaspace       used 52347K, capacity 52733K, committed 53376K, reserved 1095680K
  class space    used 6347K, capacity 6478K, committed 6528K, reserved 1048576K
}
Event: 118.018 GC heap before
{Heap before GC invocations=42 (full 9):
 PSYoungGen      total 265728K, used 241207K [0x00000000e0700000, 0x0000000100000000, 0x0000000100000000)
  eden space 173056K, 100% used [0x00000000e0700000,0x00000000eb000000,0x00000000eb000000)
  from space 92672K, 73% used [0x00000000fa580000,0x00000000fe80ded0,0x0000000100000000)
  to   space 172032K, 0% used [0x00000000eb000000,0x00000000eb000000,0x00000000f5800000)
 ParOldGen       total 616448K, used 388454K [0x00000000a1400000, 0x00000000c6e00000, 0x00000000e0700000)
  object space 616448K, 63% used [0x00000000a1400000,0x00000000b8f599d0,0x00000000c6e00000)
 Metaspace       used 52377K, capacity 52733K, committed 53376K, reserved 1095680K
  class space    used 6350K, capacity 6478K, committed 6528K, reserved 1048576K
Event: 118.100 GC heap after
Heap after GC invocations=42 (full 9):
 PSYoungGen      total 345088K, used 151008K [0x00000000e0700000, 0x0000000100000000, 0x0000000100000000)
  eden space 173056K, 0% used [0x00000000e0700000,0x00000000e0700000,0x00000000eb000000)
  from space 172032K, 87% used [0x00000000eb000000,0x00000000f4378040,0x00000000f5800000)
  to   space 172032K, 0% used [0x00000000f5800000,0x00000000f5800000,0x0000000100000000)
 ParOldGen       total 616448K, used 406844K [0x00000000a1400000, 0x00000000c6e00000, 0x00000000e0700000)
  object space 616448K, 65% used [0x00000000a1400000,0x00000000ba14f0a0,0x00000000c6e00000)
 Metaspace       used 52377K, capacity 52733K, committed 53376K, reserved 1095680K
  class space    used 6350K, capacity 6478K, committed 6528K, reserved 1048576K
}
Event: 118.469 GC heap before
{Heap before GC invocations=43 (full 9):
 PSYoungGen      total 345088K, used 324064K [0x00000000e0700000, 0x0000000100000000, 0x0000000100000000)
  eden space 173056K, 100% used [0x00000000e0700000,0x00000000eb000000,0x00000000eb000000)
  from space 172032K, 87% used [0x00000000eb000000,0x00000000f4378040,0x00000000f5800000)
  to   space 172032K, 0% used [0x00000000f5800000,0x00000000f5800000,0x0000000100000000)
 ParOldGen       total 616448K, used 406867K [0x00000000a1400000, 0x00000000c6e00000, 0x00000000e0700000)
  object space 616448K, 66% used [0x00000000a1400000,0x00000000ba154f38,0x00000000c6e00000)
 Metaspace       used 52385K, capacity 52739K, committed 53376K, reserved 1095680K
  class space    used 6351K, capacity 6479K, committed 6528K, reserved 1048576K
Event: 118.688 GC heap after
Heap after GC invocations=43 (full 9):
 PSYoungGen      total 345088K, used 172032K [0x00000000e0700000, 0x0000000100000000, 0x0000000100000000)
  eden space 173056K, 0% used [0x00000000e0700000,0x00000000e0700000,0x00000000eb000000)
  from space 172032K, 100% used [0x00000000f5800000,0x0000000100000000,0x0000000100000000)
  to   space 172032K, 0% used [0x00000000eb000000,0x00000000eb000000,0x00000000f5800000)
 ParOldGen       total 616448K, used 471247K [0x00000000a1400000, 0x00000000c6e00000, 0x00000000e0700000)
  object space 616448K, 76% used [0x00000000a1400000,0x00000000be033fd8,0x00000000c6e00000)
 Metaspace       used 52385K, capacity 52739K, committed 53376K, reserved 1095680K
  class space    used 6351K, capacity 6479K, committed 6528K, reserved 1048576K
}

