# JRE version: OpenJDK Runtime Environment (8.0_332-b08) (build 1.8.0_332-b08)
# Java VM: OpenJDK 64-Bit Server VM (25.332-b08 mixed mode linux-amd64 compressed oops)
Heap:
 PSYoungGen      total 407552K, used 173909K [0x00000000e1900000, 0x0000000100000000, 0x0000000100000000)
  eden space 316416K, 26% used [0x00000000e1900000,0x00000000e69d9810,0x00000000f4e00000)
  from space 91136K, 99% used [0x00000000f4e00000,0x00000000fa6fbe98,0x00000000fa700000)
  to   space 91136K, 0% used [0x00000000fa700000,0x00000000fa700000,0x0000000100000000)
 ParOldGen       total 263168K, used 186184K [0x00000000a4a00000, 0x00000000b4b00000, 0x00000000e1900000)
  object space 263168K, 70% used [0x00000000a4a00000,0x00000000affd21f8,0x00000000b4b00000)
 Metaspace       used 49374K, capacity 49875K, committed 50432K, reserved 1093632K
  class space    used 5692K, capacity 5832K, committed 5888K, reserved 1048576K
GC Heap History (10 events):
Event: 50.965 GC heap before
{Heap before GC invocations=27 (full 4):
 PSYoungGen      total 427008K, used 420114K [0x00000000e1900000, 0x0000000100000000, 0x0000000100000000)
  eden space 369664K, 100% used [0x00000000e1900000,0x00000000f8200000,0x00000000f8200000)
  from space 57344K, 87% used [0x00000000fc680000,0x00000000ff7c4ba0,0x00000000ffe80000)
  to   space 64512K, 0% used [0x00000000f8200000,0x00000000f8200000,0x00000000fc100000)
 ParOldGen       total 263168K, used 159845K [0x00000000a4a00000, 0x00000000b4b00000, 0x00000000e1900000)
  object space 263168K, 60% used [0x00000000a4a00000,0x00000000ae619470,0x00000000b4b00000)
 Metaspace       used 49154K, capacity 49683K, committed 50432K, reserved 1093632K
  class space    used 5684K, capacity 5832K, committed 5888K, reserved 1048576K
Event: 51.037 GC heap after
Heap after GC invocations=27 (full 4):
 PSYoungGen      total 427520K, used 57774K [0x00000000e1900000, 0x0000000100000000, 0x0000000100000000)
  eden space 369664K, 0% used [0x00000000e1900000,0x00000000e1900000,0x00000000f8200000)
  from space 57856K, 99% used [0x00000000f8200000,0x00000000fba6bab8,0x00000000fba80000)
  to   space 71168K, 0% used [0x00000000fba80000,0x00000000fba80000,0x0000000100000000)
 ParOldGen       total 263168K, used 159853K [0x00000000a4a00000, 0x00000000b4b00000, 0x00000000e1900000)
  object space 263168K, 60% used [0x00000000a4a00000,0x00000000ae61b470,0x00000000b4b00000)
 Metaspace       used 49154K, capacity 49683K, committed 50432K, reserved 1093632K
  class space    used 5684K, capacity 5832K, committed 5888K, reserved 1048576K
}
Event: 53.293 GC heap before
{Heap before GC invocations=28 (full 4):
 PSYoungGen      total 427520K, used 427438K [0x00000000e1900000, 0x0000000100000000, 0x0000000100000000)
  eden space 369664K, 100% used [0x00000000e1900000,0x00000000f8200000,0x00000000f8200000)
  from space 57856K, 99% used [0x00000000f8200000,0x00000000fba6bab8,0x00000000fba80000)
  to   space 71168K, 0% used [0x00000000fba80000,0x00000000fba80000,0x0000000100000000)
 ParOldGen       total 263168K, used 159853K [0x00000000a4a00000, 0x00000000b4b00000, 0x00000000e1900000)
  object space 263168K, 60% used [0x00000000a4a00000,0x00000000ae61b470,0x00000000b4b00000)
 Metaspace       used 49155K, capacity 49683K, committed 50432K, reserved 1093632K
  class space    used 5684K, capacity 5832K, committed 5888K, reserved 1048576K
Event: 53.401 GC heap after
Heap after GC invocations=28 (full 4):
 PSYoungGen      total 411136K, used 58747K [0x00000000e1900000, 0x0000000100000000, 0x0000000100000000)
  eden space 339968K, 0% used [0x00000000e1900000,0x00000000e1900000,0x00000000f6500000)
  from space 71168K, 82% used [0x00000000fba80000,0x00000000ff3def18,0x0000000100000000)
  to   space 79360K, 0% used [0x00000000f6500000,0x00000000f6500000,0x00000000fb280000)
 ParOldGen       total 263168K, used 159861K [0x00000000a4a00000, 0x00000000b4b00000, 0x00000000e1900000)
  object space 263168K, 60% used [0x00000000a4a00000,0x00000000ae61d470,0x00000000b4b00000)
 Metaspace       used 49155K, capacity 49683K, committed 50432K, reserved 1093632K
  class space    used 5684K, capacity 5832K, committed 5888K, reserved 1048576K
}
Event: 55.246 GC heap before
{Heap before GC invocations=29 (full 4):
 PSYoungGen      total 411136K, used 398715K [0x00000000e1900000, 0x0000000100000000, 0x0000000100000000)
  eden space 339968K, 100% used [0x00000000e1900000,0x00000000f6500000,0x00000000f6500000)
  from space 71168K, 82% used [0x00000000fba80000,0x00000000ff3def18,0x0000000100000000)
  to   space 79360K, 0% used [0x00000000f6500000,0x00000000f6500000,0x00000000fb280000)
 ParOldGen       total 263168K, used 159861K [0x00000000a4a00000, 0x00000000b4b00000, 0x00000000e1900000)
  object space 263168K, 60% used [0x00000000a4a00000,0x00000000ae61d470,0x00000000b4b00000)
 Metaspace       used 49155K, capacity 49683K, committed 50432K, reserved 1093632K
  class space    used 5685K, capacity 5832K, committed 5888K, reserved 1048576K
Event: 55.311 GC heap after
Heap after GC invocations=29 (full 4):
 PSYoungGen      total 400384K, used 60360K [0x00000000e1900000, 0x0000000100000000, 0x0000000100000000)
  eden space 339968K, 0% used [0x00000000e1900000,0x00000000e1900000,0x00000000f6500000)
  from space 60416K, 99% used [0x00000000f6500000,0x00000000f9ff21c0,0x00000000fa000000)
  to   space 85504K, 0% used [0x00000000fac80000,0x00000000fac80000,0x0000000100000000)
 ParOldGen       total 263168K, used 159861K [0x00000000a4a00000, 0x00000000b4b00000, 0x00000000e1900000)
  object space 263168K, 60% used [0x00000000a4a00000,0x00000000ae61d470,0x00000000b4b00000)
 Metaspace       used 49155K, capacity 49683K, committed 50432K, reserved 1093632K
  class space    used 5685K, capacity 5832K, committed 5888K, reserved 1048576K
}
Event: 57.187 GC heap before
{Heap before GC invocations=30 (full 4):
 PSYoungGen      total 400384K, used 374753K [0x00000000e1900000, 0x0000000100000000, 0x0000000100000000)
  eden space 339968K, 92% used [0x00000000e1900000,0x00000000f4c06240,0x00000000f6500000)
  from space 60416K, 99% used [0x00000000f6500000,0x00000000f9ff21c0,0x00000000fa000000)
  to   space 85504K, 0% used [0x00000000fac80000,0x00000000fac80000,0x0000000100000000)
 ParOldGen       total 263168K, used 159861K [0x00000000a4a00000, 0x00000000b4b00000, 0x00000000e1900000)
  object space 263168K, 60% used [0x00000000a4a00000,0x00000000ae61d470,0x00000000b4b00000)
 Metaspace       used 49173K, capacity 49683K, committed 50432K, reserved 1093632K
  class space    used 5685K, capacity 5832K, committed 5888K, reserved 1048576K
Event: 57.247 GC heap after
Heap after GC invocations=30 (full 4):
 PSYoungGen      total 401920K, used 63278K [0x00000000e1900000, 0x0000000100000000, 0x0000000100000000)
  eden space 316416K, 0% used [0x00000000e1900000,0x00000000e1900000,0x00000000f4e00000)
  from space 85504K, 74% used [0x00000000fac80000,0x00000000fea4bb10,0x0000000100000000)
  to   space 91136K, 0% used [0x00000000f4e00000,0x00000000f4e00000,0x00000000fa700000)
 ParOldGen       total 263168K, used 159869K [0x00000000a4a00000, 0x00000000b4b00000, 0x00000000e1900000)
  object space 263168K, 60% used [0x00000000a4a00000,0x00000000ae61f470,0x00000000b4b00000)
 Metaspace       used 49173K, capacity 49683K, committed 50432K, reserved 1093632K
  class space    used 5685K, capacity 5832K, committed 5888K, reserved 1048576K
}
Event: 60.372 GC heap before
{Heap before GC invocations=31 (full 4):
 PSYoungGen      total 401920K, used 379694K [0x00000000e1900000, 0x0000000100000000, 0x0000000100000000)
  eden space 316416K, 100% used [0x00000000e1900000,0x00000000f4e00000,0x00000000f4e00000)
  from space 85504K, 74% used [0x00000000fac80000,0x00000000fea4bb10,0x0000000100000000)
  to   space 91136K, 0% used [0x00000000f4e00000,0x00000000f4e00000,0x00000000fa700000)
 ParOldGen       total 263168K, used 159869K [0x00000000a4a00000, 0x00000000b4b00000, 0x00000000e1900000)
  object space 263168K, 60% used [0x00000000a4a00000,0x00000000ae61f470,0x00000000b4b00000)
 Metaspace       used 49344K, capacity 49875K, committed 50432K, reserved 1093632K
  class space    used 5692K, capacity 5832K, committed 5888K, reserved 1048576K
Event: 60.443 GC heap after
Heap after GC invocations=31 (full 4):
 PSYoungGen      total 407552K, used 91119K [0x00000000e1900000, 0x0000000100000000, 0x0000000100000000)
  eden space 316416K, 0% used [0x00000000e1900000,0x00000000e1900000,0x00000000f4e00000)
  from space 91136K, 99% used [0x00000000f4e00000,0x00000000fa6fbe98,0x00000000fa700000)
  to   space 91136K, 0% used [0x00000000fa700000,0x00000000fa700000,0x0000000100000000)
 ParOldGen       total 263168K, used 186184K [0x00000000a4a00000, 0x00000000b4b00000, 0x00000000e1900000)
  object space 263168K, 70% used [0x00000000a4a00000,0x00000000affd21f8,0x00000000b4b00000)
 Metaspace       used 49344K, capacity 49875K, committed 50432K, reserved 1093632K
  class space    used 5692K, capacity 5832K, committed 5888K, reserved 1048576K
}

