# JRE version: OpenJDK Runtime Environment (8.0_332-b08) (build 1.8.0_332-b08)
# Java VM: OpenJDK 64-Bit Server VM (25.332-b08 mixed mode windows-amd64 compressed oops)
Heap:
 PSYoungGen      total 451584K, used 351732K [0x00000000e0700000, 0x00000000ff600000, 0x0000000100000000)
  eden space 402944K, 83% used [0x00000000e0700000,0x00000000f4f6c290,0x00000000f9080000)
  from space 48640K, 31% used [0x00000000f9080000,0x00000000f9f90f10,0x00000000fc000000)
  to   space 46592K, 0% used [0x00000000fc880000,0x00000000fc880000,0x00000000ff600000)
 ParOldGen       total 395776K, used 265389K [0x00000000a1400000, 0x00000000b9680000, 0x00000000e0700000)
  object space 395776K, 67% used [0x00000000a1400000,0x00000000b172b490,0x00000000b9680000)
 Metaspace       used 52850K, capacity 53379K, committed 53888K, reserved 1097728K
  class space    used 6276K, capacity 6436K, committed 6528K, reserved 1048576K
GC Heap History (10 events):
Event: 193.735 GC heap before
{Heap before GC invocations=70 (full 7):
 PSYoungGen      total 434688K, used 396446K [0x00000000e0700000, 0x00000000fed80000, 0x0000000100000000)
  eden space 379392K, 100% used [0x00000000e0700000,0x00000000f7980000,0x00000000f7980000)
  from space 55296K, 30% used [0x00000000fb780000,0x00000000fc827bd0,0x00000000fed80000)
  to   space 59392K, 0% used [0x00000000f7980000,0x00000000f7980000,0x00000000fb380000)
 ParOldGen       total 395776K, used 262374K [0x00000000a1400000, 0x00000000b9680000, 0x00000000e0700000)
  object space 395776K, 66% used [0x00000000a1400000,0x00000000b1439b30,0x00000000b9680000)
 Metaspace       used 52822K, capacity 53373K, committed 53888K, reserved 1097728K
  class space    used 6273K, capacity 6435K, committed 6528K, reserved 1048576K
Event: 193.760 GC heap after
Heap after GC invocations=70 (full 7):
 PSYoungGen      total 438784K, used 17208K [0x00000000e0700000, 0x00000000ff400000, 0x0000000100000000)
  eden space 379392K, 0% used [0x00000000e0700000,0x00000000e0700000,0x00000000f7980000)
  from space 59392K, 28% used [0x00000000f7980000,0x00000000f8a4e1e0,0x00000000fb380000)
  to   space 56320K, 0% used [0x00000000fbd00000,0x00000000fbd00000,0x00000000ff400000)
 ParOldGen       total 395776K, used 262438K [0x00000000a1400000, 0x00000000b9680000, 0x00000000e0700000)
  object space 395776K, 66% used [0x00000000a1400000,0x00000000b1449b30,0x00000000b9680000)
 Metaspace       used 52822K, capacity 53373K, committed 53888K, reserved 1097728K
  class space    used 6273K, capacity 6435K, committed 6528K, reserved 1048576K
}
Event: 197.951 GC heap before
{Heap before GC invocations=71 (full 7):
 PSYoungGen      total 438784K, used 396600K [0x00000000e0700000, 0x00000000ff400000, 0x0000000100000000)
  eden space 379392K, 100% used [0x00000000e0700000,0x00000000f7980000,0x00000000f7980000)
  from space 59392K, 28% used [0x00000000f7980000,0x00000000f8a4e1e0,0x00000000fb380000)
  to   space 56320K, 0% used [0x00000000fbd00000,0x00000000fbd00000,0x00000000ff400000)
 ParOldGen       total 395776K, used 262438K [0x00000000a1400000, 0x00000000b9680000, 0x00000000e0700000)
  object space 395776K, 66% used [0x00000000a1400000,0x00000000b1449b30,0x00000000b9680000)
 Metaspace       used 52824K, capacity 53373K, committed 53888K, reserved 1097728K
  class space    used 6274K, capacity 6435K, committed 6528K, reserved 1048576K
Event: 197.966 GC heap after
Heap after GC invocations=71 (full 7):
 PSYoungGen      total 442368K, used 16284K [0x00000000e0700000, 0x00000000fee80000, 0x0000000100000000)
  eden space 391680K, 0% used [0x00000000e0700000,0x00000000e0700000,0x00000000f8580000)
  from space 50688K, 32% used [0x00000000fbd00000,0x00000000fcce7150,0x00000000fee80000)
  to   space 53760K, 0% used [0x00000000f8580000,0x00000000f8580000,0x00000000fba00000)
 ParOldGen       total 395776K, used 262627K [0x00000000a1400000, 0x00000000b9680000, 0x00000000e0700000)
  object space 395776K, 66% used [0x00000000a1400000,0x00000000b1478f70,0x00000000b9680000)
 Metaspace       used 52824K, capacity 53373K, committed 53888K, reserved 1097728K
  class space    used 6274K, capacity 6435K, committed 6528K, reserved 1048576K
}
Event: 202.915 GC heap before
{Heap before GC invocations=72 (full 7):
 PSYoungGen      total 442368K, used 407964K [0x00000000e0700000, 0x00000000fee80000, 0x0000000100000000)
  eden space 391680K, 100% used [0x00000000e0700000,0x00000000f8580000,0x00000000f8580000)
  from space 50688K, 32% used [0x00000000fbd00000,0x00000000fcce7150,0x00000000fee80000)
  to   space 53760K, 0% used [0x00000000f8580000,0x00000000f8580000,0x00000000fba00000)
 ParOldGen       total 395776K, used 262627K [0x00000000a1400000, 0x00000000b9680000, 0x00000000e0700000)
  object space 395776K, 66% used [0x00000000a1400000,0x00000000b1478f70,0x00000000b9680000)
 Metaspace       used 52830K, capacity 53373K, committed 53888K, reserved 1097728K
  class space    used 6274K, capacity 6435K, committed 6528K, reserved 1048576K
Event: 202.931 GC heap after
Heap after GC invocations=72 (full 7):
 PSYoungGen      total 445440K, used 17200K [0x00000000e0700000, 0x00000000ff480000, 0x0000000100000000)
  eden space 391680K, 0% used [0x00000000e0700000,0x00000000e0700000,0x00000000f8580000)
  from space 53760K, 31% used [0x00000000f8580000,0x00000000f964c300,0x00000000fba00000)
  to   space 50688K, 0% used [0x00000000fc300000,0x00000000fc300000,0x00000000ff480000)
 ParOldGen       total 395776K, used 263163K [0x00000000a1400000, 0x00000000b9680000, 0x00000000e0700000)
  object space 395776K, 66% used [0x00000000a1400000,0x00000000b14fef70,0x00000000b9680000)
 Metaspace       used 52830K, capacity 53373K, committed 53888K, reserved 1097728K
  class space    used 6274K, capacity 6435K, committed 6528K, reserved 1048576K
}
Event: 207.566 GC heap before
{Heap before GC invocations=73 (full 7):
 PSYoungGen      total 445440K, used 408880K [0x00000000e0700000, 0x00000000ff480000, 0x0000000100000000)
  eden space 391680K, 100% used [0x00000000e0700000,0x00000000f8580000,0x00000000f8580000)
  from space 53760K, 31% used [0x00000000f8580000,0x00000000f964c300,0x00000000fba00000)
  to   space 50688K, 0% used [0x00000000fc300000,0x00000000fc300000,0x00000000ff480000)
 ParOldGen       total 395776K, used 263163K [0x00000000a1400000, 0x00000000b9680000, 0x00000000e0700000)
  object space 395776K, 66% used [0x00000000a1400000,0x00000000b14fef70,0x00000000b9680000)
 Metaspace       used 52834K, capacity 53373K, committed 53888K, reserved 1097728K
  class space    used 6274K, capacity 6435K, committed 6528K, reserved 1048576K
Event: 207.577 GC heap after
Heap after GC invocations=73 (full 7):
 PSYoungGen      total 448512K, used 16025K [0x00000000e0700000, 0x00000000fef80000, 0x0000000100000000)
  eden space 402944K, 0% used [0x00000000e0700000,0x00000000e0700000,0x00000000f9080000)
  from space 45568K, 35% used [0x00000000fc300000,0x00000000fd2a6540,0x00000000fef80000)
  to   space 48640K, 0% used [0x00000000f9080000,0x00000000f9080000,0x00000000fc000000)
 ParOldGen       total 395776K, used 263795K [0x00000000a1400000, 0x00000000b9680000, 0x00000000e0700000)
  object space 395776K, 66% used [0x00000000a1400000,0x00000000b159cfd0,0x00000000b9680000)
 Metaspace       used 52834K, capacity 53373K, committed 53888K, reserved 1097728K
  class space    used 6274K, capacity 6435K, committed 6528K, reserved 1048576K
}
Event: 213.323 GC heap before
{Heap before GC invocations=74 (full 7):
 PSYoungGen      total 448512K, used 418969K [0x00000000e0700000, 0x00000000fef80000, 0x0000000100000000)
  eden space 402944K, 100% used [0x00000000e0700000,0x00000000f9080000,0x00000000f9080000)
  from space 45568K, 35% used [0x00000000fc300000,0x00000000fd2a6540,0x00000000fef80000)
  to   space 48640K, 0% used [0x00000000f9080000,0x00000000f9080000,0x00000000fc000000)
 ParOldGen       total 395776K, used 263795K [0x00000000a1400000, 0x00000000b9680000, 0x00000000e0700000)
  object space 395776K, 66% used [0x00000000a1400000,0x00000000b159cfd0,0x00000000b9680000)
 Metaspace       used 52840K, capacity 53379K, committed 53888K, reserved 1097728K
  class space    used 6275K, capacity 6436K, committed 6528K, reserved 1048576K
Event: 213.337 GC heap after
Heap after GC invocations=74 (full 7):
 PSYoungGen      total 451584K, used 15427K [0x00000000e0700000, 0x00000000ff600000, 0x0000000100000000)
  eden space 402944K, 0% used [0x00000000e0700000,0x00000000e0700000,0x00000000f9080000)
  from space 48640K, 31% used [0x00000000f9080000,0x00000000f9f90f10,0x00000000fc000000)
  to   space 46592K, 0% used [0x00000000fc880000,0x00000000fc880000,0x00000000ff600000)
 ParOldGen       total 395776K, used 265389K [0x00000000a1400000, 0x00000000b9680000, 0x00000000e0700000)
  object space 395776K, 67% used [0x00000000a1400000,0x00000000b172b490,0x00000000b9680000)
 Metaspace       used 52840K, capacity 53379K, committed 53888K, reserved 1097728K
  class space    used 6275K, capacity 6436K, committed 6528K, reserved 1048576K
}

