# JRE version: OpenJDK Runtime Environment (8.0_332-b08) (build 1.8.0_332-b08)
# Java VM: OpenJDK 64-Bit Server VM (25.332-b08 mixed mode windows-amd64 compressed oops)
Heap:
 PSYoungGen      total 345088K, used 6169K [0x00000000e0700000, 0x0000000100000000, 0x0000000100000000)
  eden space 173056K, 3% used [0x00000000e0700000,0x00000000e0d067b8,0x00000000eb000000)
  from space 172032K, 0% used [0x00000000eb000000,0x00000000eb000000,0x00000000f5800000)
  to   space 172032K, 0% used [0x00000000f5800000,0x00000000f5800000,0x0000000100000000)
 ParOldGen       total 921088K, used 512818K [0x00000000a1400000, 0x00000000d9780000, 0x00000000e0700000)
  object space 921088K, 55% used [0x00000000a1400000,0x00000000c08cc9c0,0x00000000d9780000)
 Metaspace       used 53857K, capacity 54259K, committed 54784K, reserved 1097728K
  class space    used 6438K, capacity 6560K, committed 6656K, reserved 1048576K
GC Heap History (10 events):
Event: 84.385 GC heap before
{Heap before GC invocations=54 (full 11):
 PSYoungGen      total 345088K, used 173056K [0x00000000e0700000, 0x0000000100000000, 0x0000000100000000)
  eden space 173056K, 100% used [0x00000000e0700000,0x00000000eb000000,0x00000000eb000000)
  from space 172032K, 0% used [0x00000000f5800000,0x00000000f5800000,0x0000000100000000)
  to   space 172032K, 0% used [0x00000000eb000000,0x00000000eb000000,0x00000000f5800000)
 ParOldGen       total 921088K, used 617044K [0x00000000a1400000, 0x00000000d9780000, 0x00000000e0700000)
  object space 921088K, 66% used [0x00000000a1400000,0x00000000c6e953c8,0x00000000d9780000)
 Metaspace       used 53842K, capacity 54195K, committed 54784K, reserved 1097728K
  class space    used 6437K, capacity 6560K, committed 6656K, reserved 1048576K
Event: 84.413 GC heap after
Heap after GC invocations=54 (full 11):
 PSYoungGen      total 345088K, used 51350K [0x00000000e0700000, 0x0000000100000000, 0x0000000100000000)
  eden space 173056K, 0% used [0x00000000e0700000,0x00000000e0700000,0x00000000eb000000)
  from space 172032K, 29% used [0x00000000eb000000,0x00000000ee225b00,0x00000000f5800000)
  to   space 172032K, 0% used [0x00000000f5800000,0x00000000f5800000,0x0000000100000000)
 ParOldGen       total 921088K, used 617052K [0x00000000a1400000, 0x00000000d9780000, 0x00000000e0700000)
  object space 921088K, 66% used [0x00000000a1400000,0x00000000c6e973c8,0x00000000d9780000)
 Metaspace       used 53842K, capacity 54195K, committed 54784K, reserved 1097728K
  class space    used 6437K, capacity 6560K, committed 6656K, reserved 1048576K
}
Event: 88.603 GC heap before
{Heap before GC invocations=55 (full 11):
 PSYoungGen      total 345088K, used 96758K [0x00000000e0700000, 0x0000000100000000, 0x0000000100000000)
  eden space 173056K, 26% used [0x00000000e0700000,0x00000000e3357fb8,0x00000000eb000000)
  from space 172032K, 29% used [0x00000000eb000000,0x00000000ee225b00,0x00000000f5800000)
  to   space 172032K, 0% used [0x00000000f5800000,0x00000000f5800000,0x0000000100000000)
 ParOldGen       total 921088K, used 617052K [0x00000000a1400000, 0x00000000d9780000, 0x00000000e0700000)
  object space 921088K, 66% used [0x00000000a1400000,0x00000000c6e973c8,0x00000000d9780000)
 Metaspace       used 53845K, capacity 54195K, committed 54784K, reserved 1097728K
  class space    used 6437K, capacity 6560K, committed 6656K, reserved 1048576K
Event: 88.617 GC heap after
Heap after GC invocations=55 (full 11):
 PSYoungGen      total 345088K, used 448K [0x00000000e0700000, 0x0000000100000000, 0x0000000100000000)
  eden space 173056K, 0% used [0x00000000e0700000,0x00000000e0700000,0x00000000eb000000)
  from space 172032K, 0% used [0x00000000f5800000,0x00000000f5870000,0x0000000100000000)
  to   space 172032K, 0% used [0x00000000eb000000,0x00000000eb000000,0x00000000f5800000)
 ParOldGen       total 921088K, used 628359K [0x00000000a1400000, 0x00000000d9780000, 0x00000000e0700000)
  object space 921088K, 68% used [0x00000000a1400000,0x00000000c79a1f38,0x00000000d9780000)
 Metaspace       used 53845K, capacity 54195K, committed 54784K, reserved 1097728K
  class space    used 6437K, capacity 6560K, committed 6656K, reserved 1048576K
}
Event: 88.617 GC heap before
{Heap before GC invocations=56 (full 12):
 PSYoungGen      total 345088K, used 448K [0x00000000e0700000, 0x0000000100000000, 0x0000000100000000)
  eden space 173056K, 0% used [0x00000000e0700000,0x00000000e0700000,0x00000000eb000000)
  from space 172032K, 0% used [0x00000000f5800000,0x00000000f5870000,0x0000000100000000)
  to   space 172032K, 0% used [0x00000000eb000000,0x00000000eb000000,0x00000000f5800000)
 ParOldGen       total 921088K, used 628359K [0x00000000a1400000, 0x00000000d9780000, 0x00000000e0700000)
  object space 921088K, 68% used [0x00000000a1400000,0x00000000c79a1f38,0x00000000d9780000)
 Metaspace       used 53845K, capacity 54195K, committed 54784K, reserved 1097728K
  class space    used 6437K, capacity 6560K, committed 6656K, reserved 1048576K
Event: 89.274 GC heap after
Heap after GC invocations=56 (full 12):
 PSYoungGen      total 345088K, used 0K [0x00000000e0700000, 0x0000000100000000, 0x0000000100000000)
  eden space 173056K, 0% used [0x00000000e0700000,0x00000000e0700000,0x00000000eb000000)
  from space 172032K, 0% used [0x00000000f5800000,0x00000000f5800000,0x0000000100000000)
  to   space 172032K, 0% used [0x00000000eb000000,0x00000000eb000000,0x00000000f5800000)
 ParOldGen       total 921088K, used 512818K [0x00000000a1400000, 0x00000000d9780000, 0x00000000e0700000)
  object space 921088K, 55% used [0x00000000a1400000,0x00000000c08cca58,0x00000000d9780000)
 Metaspace       used 53845K, capacity 54195K, committed 54784K, reserved 1097728K
  class space    used 6437K, capacity 6560K, committed 6656K, reserved 1048576K
}
Event: 89.274 GC heap before
{Heap before GC invocations=57 (full 12):
 PSYoungGen      total 345088K, used 73K [0x00000000e0700000, 0x0000000100000000, 0x0000000100000000)
  eden space 173056K, 0% used [0x00000000e0700000,0x00000000e07127f0,0x00000000eb000000)
  from space 172032K, 0% used [0x00000000f5800000,0x00000000f5800000,0x0000000100000000)
  to   space 172032K, 0% used [0x00000000eb000000,0x00000000eb000000,0x00000000f5800000)
 ParOldGen       total 921088K, used 512818K [0x00000000a1400000, 0x00000000d9780000, 0x00000000e0700000)
  object space 921088K, 55% used [0x00000000a1400000,0x00000000c08cca58,0x00000000d9780000)
 Metaspace       used 53845K, capacity 54195K, committed 54784K, reserved 1097728K
  class space    used 6437K, capacity 6560K, committed 6656K, reserved 1048576K
Event: 89.279 GC heap after
Heap after GC invocations=57 (full 12):
 PSYoungGen      total 345088K, used 32K [0x00000000e0700000, 0x0000000100000000, 0x0000000100000000)
  eden space 173056K, 0% used [0x00000000e0700000,0x00000000e0700000,0x00000000eb000000)
  from space 172032K, 0% used [0x00000000eb000000,0x00000000eb008000,0x00000000f5800000)
  to   space 172032K, 0% used [0x00000000f5800000,0x00000000f5800000,0x0000000100000000)
 ParOldGen       total 921088K, used 512818K [0x00000000a1400000, 0x00000000d9780000, 0x00000000e0700000)
  object space 921088K, 55% used [0x00000000a1400000,0x00000000c08cca58,0x00000000d9780000)
 Metaspace       used 53845K, capacity 54195K, committed 54784K, reserved 1097728K
  class space    used 6437K, capacity 6560K, committed 6656K, reserved 1048576K
}
Event: 89.279 GC heap before
{Heap before GC invocations=58 (full 13):
 PSYoungGen      total 345088K, used 32K [0x00000000e0700000, 0x0000000100000000, 0x0000000100000000)
  eden space 173056K, 0% used [0x00000000e0700000,0x00000000e0700000,0x00000000eb000000)
  from space 172032K, 0% used [0x00000000eb000000,0x00000000eb008000,0x00000000f5800000)
  to   space 172032K, 0% used [0x00000000f5800000,0x00000000f5800000,0x0000000100000000)
 ParOldGen       total 921088K, used 512818K [0x00000000a1400000, 0x00000000d9780000, 0x00000000e0700000)
  object space 921088K, 55% used [0x00000000a1400000,0x00000000c08cca58,0x00000000d9780000)
 Metaspace       used 53845K, capacity 54195K, committed 54784K, reserved 1097728K
  class space    used 6437K, capacity 6560K, committed 6656K, reserved 1048576K
Event: 89.466 GC heap after
Heap after GC invocations=58 (full 13):
 PSYoungGen      total 345088K, used 0K [0x00000000e0700000, 0x0000000100000000, 0x0000000100000000)
  eden space 173056K, 0% used [0x00000000e0700000,0x00000000e0700000,0x00000000eb000000)
  from space 172032K, 0% used [0x00000000eb000000,0x00000000eb000000,0x00000000f5800000)
  to   space 172032K, 0% used [0x00000000f5800000,0x00000000f5800000,0x0000000100000000)
 ParOldGen       total 921088K, used 512818K [0x00000000a1400000, 0x00000000d9780000, 0x00000000e0700000)
  object space 921088K, 55% used [0x00000000a1400000,0x00000000c08cc9c0,0x00000000d9780000)
 Metaspace       used 53845K, capacity 54195K, committed 54784K, reserved 1097728K
  class space    used 6437K, capacity 6560K, committed 6656K, reserved 1048576K
}

