# JRE version: OpenJDK Runtime Environment (8.0_332-b08) (build 1.8.0_332-b08)
# Java VM: OpenJDK 64-Bit Server VM (25.332-b08 mixed mode windows-amd64 compressed oops)
Heap:
 PSYoungGen      total 343552K, used 222568K [0x00000000e0700000, 0x0000000100000000, 0x0000000100000000)
  eden space 173056K, 30% used [0x00000000e0700000,0x00000000e39da188,0x00000000eb000000)
  from space 170496K, 100% used [0x00000000f5980000,0x0000000100000000,0x0000000100000000)
  to   space 172032K, 0% used [0x00000000eb000000,0x00000000eb000000,0x00000000f5800000)
 ParOldGen       total 673280K, used 479998K [0x00000000a1400000, 0x00000000ca580000, 0x00000000e0700000)
  object space 673280K, 71% used [0x00000000a1400000,0x00000000be8bf950,0x00000000ca580000)
 Metaspace       used 53335K, capacity 53705K, committed 54232K, reserved 1097728K
  class space    used 6486K, capacity 6608K, committed 6656K, reserved 1048576K
GC Heap History (10 events):
Event: 76.064 GC heap before
{Heap before GC invocations=42 (full 9):
 PSYoungGen      total 390656K, used 117175K [0x00000000e0700000, 0x0000000100000000, 0x0000000100000000)
  eden space 273408K, 0% used [0x00000000e0700000,0x00000000e0700000,0x00000000f1200000)
  from space 117248K, 99% used [0x00000000f1200000,0x00000000f846dd10,0x00000000f8480000)
  to   space 126464K, 0% used [0x00000000f8480000,0x00000000f8480000,0x0000000100000000)
 ParOldGen       total 439808K, used 268802K [0x00000000a1400000, 0x00000000bc180000, 0x00000000e0700000)
  object space 439808K, 61% used [0x00000000a1400000,0x00000000b1a80920,0x00000000bc180000)
 Metaspace       used 53023K, capacity 53399K, committed 53976K, reserved 1097728K
  class space    used 6464K, capacity 6573K, committed 6656K, reserved 1048576K
Event: 76.630 GC heap after
Heap after GC invocations=42 (full 9):
 PSYoungGen      total 390656K, used 0K [0x00000000e0700000, 0x0000000100000000, 0x0000000100000000)
  eden space 273408K, 0% used [0x00000000e0700000,0x00000000e0700000,0x00000000f1200000)
  from space 117248K, 0% used [0x00000000f1200000,0x00000000f1200000,0x00000000f8480000)
  to   space 126464K, 0% used [0x00000000f8480000,0x00000000f8480000,0x0000000100000000)
 ParOldGen       total 439808K, used 364273K [0x00000000a1400000, 0x00000000bc180000, 0x00000000e0700000)
  object space 439808K, 82% used [0x00000000a1400000,0x00000000b77bc748,0x00000000bc180000)
 Metaspace       used 53023K, capacity 53399K, committed 53976K, reserved 1097728K
  class space    used 6464K, capacity 6573K, committed 6656K, reserved 1048576K
}
Event: 77.230 GC heap before
{Heap before GC invocations=43 (full 9):
 PSYoungGen      total 390656K, used 273408K [0x00000000e0700000, 0x0000000100000000, 0x0000000100000000)
  eden space 273408K, 100% used [0x00000000e0700000,0x00000000f1200000,0x00000000f1200000)
  from space 117248K, 0% used [0x00000000f1200000,0x00000000f1200000,0x00000000f8480000)
  to   space 126464K, 0% used [0x00000000f8480000,0x00000000f8480000,0x0000000100000000)
 ParOldGen       total 439808K, used 364273K [0x00000000a1400000, 0x00000000bc180000, 0x00000000e0700000)
  object space 439808K, 82% used [0x00000000a1400000,0x00000000b77bc748,0x00000000bc180000)
 Metaspace       used 53118K, capacity 53475K, committed 54232K, reserved 1097728K
  class space    used 6472K, capacity 6575K, committed 6656K, reserved 1048576K
Event: 77.271 GC heap after
Heap after GC invocations=43 (full 9):
 PSYoungGen      total 302592K, used 126464K [0x00000000e0700000, 0x0000000100000000, 0x0000000100000000)
  eden space 176128K, 0% used [0x00000000e0700000,0x00000000e0700000,0x00000000eb300000)
  from space 126464K, 100% used [0x00000000f8480000,0x0000000100000000,0x0000000100000000)
  to   space 170496K, 0% used [0x00000000eb300000,0x00000000eb300000,0x00000000f5980000)
 ParOldGen       total 439808K, used 391481K [0x00000000a1400000, 0x00000000bc180000, 0x00000000e0700000)
  object space 439808K, 89% used [0x00000000a1400000,0x00000000b924e4c8,0x00000000bc180000)
 Metaspace       used 53118K, capacity 53475K, committed 54232K, reserved 1097728K
  class space    used 6472K, capacity 6575K, committed 6656K, reserved 1048576K
}
Event: 77.615 GC heap before
{Heap before GC invocations=44 (full 9):
 PSYoungGen      total 302592K, used 302592K [0x00000000e0700000, 0x0000000100000000, 0x0000000100000000)
  eden space 176128K, 100% used [0x00000000e0700000,0x00000000eb300000,0x00000000eb300000)
  from space 126464K, 100% used [0x00000000f8480000,0x0000000100000000,0x0000000100000000)
  to   space 170496K, 0% used [0x00000000eb300000,0x00000000eb300000,0x00000000f5980000)
 ParOldGen       total 439808K, used 391481K [0x00000000a1400000, 0x00000000bc180000, 0x00000000e0700000)
  object space 439808K, 89% used [0x00000000a1400000,0x00000000b924e4c8,0x00000000bc180000)
 Metaspace       used 53126K, capacity 53481K, committed 54232K, reserved 1097728K
  class space    used 6472K, capacity 6576K, committed 6656K, reserved 1048576K
Event: 77.667 GC heap after
Heap after GC invocations=44 (full 9):
 PSYoungGen      total 346624K, used 170496K [0x00000000e0700000, 0x0000000100000000, 0x0000000100000000)
  eden space 176128K, 0% used [0x00000000e0700000,0x00000000e0700000,0x00000000eb300000)
  from space 170496K, 100% used [0x00000000eb300000,0x00000000f5980000,0x00000000f5980000)
  to   space 170496K, 0% used [0x00000000f5980000,0x00000000f5980000,0x0000000100000000)
 ParOldGen       total 443904K, used 442776K [0x00000000a1400000, 0x00000000bc580000, 0x00000000e0700000)
  object space 443904K, 99% used [0x00000000a1400000,0x00000000bc466228,0x00000000bc580000)
 Metaspace       used 53126K, capacity 53481K, committed 54232K, reserved 1097728K
  class space    used 6472K, capacity 6576K, committed 6656K, reserved 1048576K
}
Event: 77.667 GC heap before
{Heap before GC invocations=45 (full 10):
 PSYoungGen      total 346624K, used 170496K [0x00000000e0700000, 0x0000000100000000, 0x0000000100000000)
  eden space 176128K, 0% used [0x00000000e0700000,0x00000000e0700000,0x00000000eb300000)
  from space 170496K, 100% used [0x00000000eb300000,0x00000000f5980000,0x00000000f5980000)
  to   space 170496K, 0% used [0x00000000f5980000,0x00000000f5980000,0x0000000100000000)
 ParOldGen       total 443904K, used 442776K [0x00000000a1400000, 0x00000000bc580000, 0x00000000e0700000)
  object space 443904K, 99% used [0x00000000a1400000,0x00000000bc466228,0x00000000bc580000)
 Metaspace       used 53126K, capacity 53481K, committed 54232K, reserved 1097728K
  class space    used 6472K, capacity 6576K, committed 6656K, reserved 1048576K
Event: 79.110 GC heap after
Heap after GC invocations=45 (full 10):
 PSYoungGen      total 346624K, used 128629K [0x00000000e0700000, 0x0000000100000000, 0x0000000100000000)
  eden space 176128K, 0% used [0x00000000e0700000,0x00000000e0700000,0x00000000eb300000)
  from space 170496K, 75% used [0x00000000eb300000,0x00000000f309d540,0x00000000f5980000)
  to   space 170496K, 0% used [0x00000000f5980000,0x00000000f5980000,0x0000000100000000)
 ParOldGen       total 673280K, used 443885K [0x00000000a1400000, 0x00000000ca580000, 0x00000000e0700000)
  object space 673280K, 65% used [0x00000000a1400000,0x00000000bc57b718,0x00000000ca580000)
 Metaspace       used 53126K, capacity 53481K, committed 54232K, reserved 1097728K
  class space    used 6472K, capacity 6576K, committed 6656K, reserved 1048576K
}
Event: 79.503 GC heap before
{Heap before GC invocations=46 (full 10):
 PSYoungGen      total 346624K, used 304757K [0x00000000e0700000, 0x0000000100000000, 0x0000000100000000)
  eden space 176128K, 100% used [0x00000000e0700000,0x00000000eb300000,0x00000000eb300000)
  from space 170496K, 75% used [0x00000000eb300000,0x00000000f309d540,0x00000000f5980000)
  to   space 170496K, 0% used [0x00000000f5980000,0x00000000f5980000,0x0000000100000000)
 ParOldGen       total 673280K, used 443885K [0x00000000a1400000, 0x00000000ca580000, 0x00000000e0700000)
  object space 673280K, 65% used [0x00000000a1400000,0x00000000bc57b718,0x00000000ca580000)
 Metaspace       used 53143K, capacity 53481K, committed 54232K, reserved 1097728K
  class space    used 6473K, capacity 6576K, committed 6656K, reserved 1048576K
Event: 79.597 GC heap after
Heap after GC invocations=46 (full 10):
 PSYoungGen      total 343552K, used 170496K [0x00000000e0700000, 0x0000000100000000, 0x0000000100000000)
  eden space 173056K, 0% used [0x00000000e0700000,0x00000000e0700000,0x00000000eb000000)
  from space 170496K, 100% used [0x00000000f5980000,0x0000000100000000,0x0000000100000000)
  to   space 172032K, 0% used [0x00000000eb000000,0x00000000eb000000,0x00000000f5800000)
 ParOldGen       total 673280K, used 479998K [0x00000000a1400000, 0x00000000ca580000, 0x00000000e0700000)
  object space 673280K, 71% used [0x00000000a1400000,0x00000000be8bf950,0x00000000ca580000)
 Metaspace       used 53143K, capacity 53481K, committed 54232K, reserved 1097728K
  class space    used 6473K, capacity 6576K, committed 6656K, reserved 1048576K
}

