# JRE version: OpenJDK Runtime Environment (8.0_332-b08) (build 1.8.0_332-b08)
# Java VM: OpenJDK 64-Bit Server VM (25.332-b08 mixed mode windows-amd64 compressed oops)
Heap:
 PSYoungGen      total 410112K, used 239127K [0x00000000e0700000, 0x0000000100000000, 0x0000000100000000)
  eden space 352256K, 51% used [0x00000000e0700000,0x00000000eb83eef0,0x00000000f5f00000)
  from space 57856K, 99% used [0x00000000f5f00000,0x00000000f9746f40,0x00000000f9780000)
  to   space 86528K, 0% used [0x00000000fab80000,0x00000000fab80000,0x0000000100000000)
 ParOldGen       total 262656K, used 157743K [0x00000000a1400000, 0x00000000b1480000, 0x00000000e0700000)
  object space 262656K, 60% used [0x00000000a1400000,0x00000000aae0bcc8,0x00000000b1480000)
 Metaspace       used 48298K, capacity 48659K, committed 49152K, reserved 1091584K
  class space    used 5951K, capacity 6077K, committed 6144K, reserved 1048576K
GC Heap History (10 events):
Event: 46.068 GC heap before
{Heap before GC invocations=27 (full 4):
 PSYoungGen      total 451072K, used 449298K [0x00000000e0700000, 0x0000000100000000, 0x0000000100000000)
  eden space 400384K, 100% used [0x00000000e0700000,0x00000000f8e00000,0x00000000f8e00000)
  from space 50688K, 96% used [0x00000000fcd80000,0x00000000ffd44a88,0x00000000fff00000)
  to   space 58368K, 0% used [0x00000000f8e00000,0x00000000f8e00000,0x00000000fc700000)
 ParOldGen       total 262656K, used 157703K [0x00000000a1400000, 0x00000000b1480000, 0x00000000e0700000)
  object space 262656K, 60% used [0x00000000a1400000,0x00000000aae01cc8,0x00000000b1480000)
 Metaspace       used 43097K, capacity 43471K, committed 43904K, reserved 1087488K
  class space    used 5383K, capacity 5499K, committed 5504K, reserved 1048576K
Event: 46.094 GC heap after
Heap after GC invocations=27 (full 4):
 PSYoungGen      total 451584K, used 50791K [0x00000000e0700000, 0x0000000100000000, 0x0000000100000000)
  eden space 400384K, 0% used [0x00000000e0700000,0x00000000e0700000,0x00000000f8e00000)
  from space 51200K, 99% used [0x00000000f8e00000,0x00000000fbf99d10,0x00000000fc000000)
  to   space 65024K, 0% used [0x00000000fc080000,0x00000000fc080000,0x0000000100000000)
 ParOldGen       total 262656K, used 157711K [0x00000000a1400000, 0x00000000b1480000, 0x00000000e0700000)
  object space 262656K, 60% used [0x00000000a1400000,0x00000000aae03cc8,0x00000000b1480000)
 Metaspace       used 43097K, capacity 43471K, committed 43904K, reserved 1087488K
  class space    used 5383K, capacity 5499K, committed 5504K, reserved 1048576K
}
Event: 48.826 GC heap before
{Heap before GC invocations=28 (full 4):
 PSYoungGen      total 451584K, used 451175K [0x00000000e0700000, 0x0000000100000000, 0x0000000100000000)
  eden space 400384K, 100% used [0x00000000e0700000,0x00000000f8e00000,0x00000000f8e00000)
  from space 51200K, 99% used [0x00000000f8e00000,0x00000000fbf99d10,0x00000000fc000000)
  to   space 65024K, 0% used [0x00000000fc080000,0x00000000fc080000,0x0000000100000000)
 ParOldGen       total 262656K, used 157711K [0x00000000a1400000, 0x00000000b1480000, 0x00000000e0700000)
  object space 262656K, 60% used [0x00000000a1400000,0x00000000aae03cc8,0x00000000b1480000)
 Metaspace       used 43098K, capacity 43471K, committed 43904K, reserved 1087488K
  class space    used 5383K, capacity 5499K, committed 5504K, reserved 1048576K
Event: 48.851 GC heap after
Heap after GC invocations=28 (full 4):
 PSYoungGen      total 438784K, used 53317K [0x00000000e0700000, 0x0000000100000000, 0x0000000100000000)
  eden space 373760K, 0% used [0x00000000e0700000,0x00000000e0700000,0x00000000f7400000)
  from space 65024K, 81% used [0x00000000fc080000,0x00000000ff491540,0x0000000100000000)
  to   space 71680K, 0% used [0x00000000f7400000,0x00000000f7400000,0x00000000fba00000)
 ParOldGen       total 262656K, used 157719K [0x00000000a1400000, 0x00000000b1480000, 0x00000000e0700000)
  object space 262656K, 60% used [0x00000000a1400000,0x00000000aae05cc8,0x00000000b1480000)
 Metaspace       used 43098K, capacity 43471K, committed 43904K, reserved 1087488K
  class space    used 5383K, capacity 5499K, committed 5504K, reserved 1048576K
}
Event: 52.767 GC heap before
{Heap before GC invocations=29 (full 4):
 PSYoungGen      total 438784K, used 427077K [0x00000000e0700000, 0x0000000100000000, 0x0000000100000000)
  eden space 373760K, 100% used [0x00000000e0700000,0x00000000f7400000,0x00000000f7400000)
  from space 65024K, 81% used [0x00000000fc080000,0x00000000ff491540,0x0000000100000000)
  to   space 71680K, 0% used [0x00000000f7400000,0x00000000f7400000,0x00000000fba00000)
 ParOldGen       total 262656K, used 157719K [0x00000000a1400000, 0x00000000b1480000, 0x00000000e0700000)
  object space 262656K, 60% used [0x00000000a1400000,0x00000000aae05cc8,0x00000000b1480000)
 Metaspace       used 43885K, capacity 44271K, committed 44800K, reserved 1089536K
  class space    used 5472K, capacity 5595K, committed 5632K, reserved 1048576K
Event: 52.792 GC heap after
Heap after GC invocations=29 (full 4):
 PSYoungGen      total 430080K, used 55929K [0x00000000e0700000, 0x0000000100000000, 0x0000000100000000)
  eden space 373760K, 0% used [0x00000000e0700000,0x00000000e0700000,0x00000000f7400000)
  from space 56320K, 99% used [0x00000000f7400000,0x00000000faa9e4a0,0x00000000fab00000)
  to   space 77824K, 0% used [0x00000000fb400000,0x00000000fb400000,0x0000000100000000)
 ParOldGen       total 262656K, used 157727K [0x00000000a1400000, 0x00000000b1480000, 0x00000000e0700000)
  object space 262656K, 60% used [0x00000000a1400000,0x00000000aae07cc8,0x00000000b1480000)
 Metaspace       used 43885K, capacity 44271K, committed 44800K, reserved 1089536K
  class space    used 5472K, capacity 5595K, committed 5632K, reserved 1048576K
}
Event: 54.185 GC heap before
{Heap before GC invocations=30 (full 4):
 PSYoungGen      total 430080K, used 417927K [0x00000000e0700000, 0x0000000100000000, 0x0000000100000000)
  eden space 373760K, 96% used [0x00000000e0700000,0x00000000f6883a30,0x00000000f7400000)
  from space 56320K, 99% used [0x00000000f7400000,0x00000000faa9e4a0,0x00000000fab00000)
  to   space 77824K, 0% used [0x00000000fb400000,0x00000000fb400000,0x0000000100000000)
 ParOldGen       total 262656K, used 157727K [0x00000000a1400000, 0x00000000b1480000, 0x00000000e0700000)
  object space 262656K, 60% used [0x00000000a1400000,0x00000000aae07cc8,0x00000000b1480000)
 Metaspace       used 44719K, capacity 45103K, committed 45696K, reserved 1089536K
  class space    used 5545K, capacity 5659K, committed 5760K, reserved 1048576K
Event: 54.227 GC heap after
Heap after GC invocations=30 (full 4):
 PSYoungGen      total 430080K, used 56624K [0x00000000e0700000, 0x0000000100000000, 0x0000000100000000)
  eden space 352256K, 0% used [0x00000000e0700000,0x00000000e0700000,0x00000000f5f00000)
  from space 77824K, 72% used [0x00000000fb400000,0x00000000feb4c250,0x0000000100000000)
  to   space 82432K, 0% used [0x00000000f5f00000,0x00000000f5f00000,0x00000000faf80000)
 ParOldGen       total 262656K, used 157735K [0x00000000a1400000, 0x00000000b1480000, 0x00000000e0700000)
  object space 262656K, 60% used [0x00000000a1400000,0x00000000aae09cc8,0x00000000b1480000)
 Metaspace       used 44719K, capacity 45103K, committed 45696K, reserved 1089536K
  class space    used 5545K, capacity 5659K, committed 5760K, reserved 1048576K
}
Event: 115.499 GC heap before
{Heap before GC invocations=31 (full 4):
 PSYoungGen      total 430080K, used 408880K [0x00000000e0700000, 0x0000000100000000, 0x0000000100000000)
  eden space 352256K, 100% used [0x00000000e0700000,0x00000000f5f00000,0x00000000f5f00000)
  from space 77824K, 72% used [0x00000000fb400000,0x00000000feb4c250,0x0000000100000000)
  to   space 82432K, 0% used [0x00000000f5f00000,0x00000000f5f00000,0x00000000faf80000)
 ParOldGen       total 262656K, used 157735K [0x00000000a1400000, 0x00000000b1480000, 0x00000000e0700000)
  object space 262656K, 60% used [0x00000000a1400000,0x00000000aae09cc8,0x00000000b1480000)
 Metaspace       used 47381K, capacity 47763K, committed 48256K, reserved 1091584K
  class space    used 5817K, capacity 5949K, committed 6016K, reserved 1048576K
Event: 115.536 GC heap after
Heap after GC invocations=31 (full 4):
 PSYoungGen      total 410112K, used 57627K [0x00000000e0700000, 0x0000000100000000, 0x0000000100000000)
  eden space 352256K, 0% used [0x00000000e0700000,0x00000000e0700000,0x00000000f5f00000)
  from space 57856K, 99% used [0x00000000f5f00000,0x00000000f9746f40,0x00000000f9780000)
  to   space 86528K, 0% used [0x00000000fab80000,0x00000000fab80000,0x0000000100000000)
 ParOldGen       total 262656K, used 157743K [0x00000000a1400000, 0x00000000b1480000, 0x00000000e0700000)
  object space 262656K, 60% used [0x00000000a1400000,0x00000000aae0bcc8,0x00000000b1480000)
 Metaspace       used 47381K, capacity 47763K, committed 48256K, reserved 1091584K
  class space    used 5817K, capacity 5949K, committed 6016K, reserved 1048576K
}

