# JRE version: OpenJDK Runtime Environment (8.0_332-b08) (build 1.8.0_332-b08)
# Java VM: OpenJDK 64-Bit Server VM (25.332-b08 mixed mode windows-amd64 compressed oops)
Heap:
 PSYoungGen      total 70656K, used 38870K [0x00000000e0700000, 0x00000000f8a00000, 0x0000000100000000)
  eden space 68608K, 54% used [0x00000000e0700000,0x00000000e2b59968,0x00000000e4a00000)
  from space 2048K, 80% used [0x00000000f8800000,0x00000000f899c020,0x00000000f8a00000)
  to   space 3584K, 0% used [0x00000000f8300000,0x00000000f8300000,0x00000000f8680000)
 ParOldGen       total 327680K, used 253284K [0x00000000a1400000, 0x00000000b5400000, 0x00000000e0700000)
  object space 327680K, 77% used [0x00000000a1400000,0x00000000b0b59170,0x00000000b5400000)
 Metaspace       used 100296K, capacity 103382K, committed 103848K, reserved 1140736K
  class space    used 11438K, capacity 12165K, committed 12200K, reserved 1048576K
GC Heap History (10 events):
Event: 1643.083 GC heap before
{Heap before GC invocations=463 (full 16):
 PSYoungGen      total 65024K, used 0K [0x00000000e0700000, 0x00000000f8e80000, 0x0000000100000000)
  eden space 64512K, 0% used [0x00000000e0700000,0x00000000e0700000,0x00000000e4600000)
  from space 512K, 0% used [0x00000000f8e00000,0x00000000f8e00000,0x00000000f8e80000)
  to   space 3584K, 0% used [0x00000000f8780000,0x00000000f8780000,0x00000000f8b00000)
 ParOldGen       total 327680K, used 253268K [0x00000000a1400000, 0x00000000b5400000, 0x00000000e0700000)
  object space 327680K, 77% used [0x00000000a1400000,0x00000000b0b55170,0x00000000b5400000)
 Metaspace       used 99875K, capacity 102868K, committed 103336K, reserved 1140736K
  class space    used 11407K, capacity 12088K, committed 12200K, reserved 1048576K
Event: 1643.093 GC heap after
Heap after GC invocations=463 (full 16):
 PSYoungGen      total 68096K, used 0K [0x00000000e0700000, 0x00000000f8e80000, 0x0000000100000000)
  eden space 64512K, 0% used [0x00000000e0700000,0x00000000e0700000,0x00000000e4600000)
  from space 3584K, 0% used [0x00000000f8780000,0x00000000f8780000,0x00000000f8b00000)
  to   space 3584K, 0% used [0x00000000f8b00000,0x00000000f8b00000,0x00000000f8e80000)
 ParOldGen       total 327680K, used 253268K [0x00000000a1400000, 0x00000000b5400000, 0x00000000e0700000)
  object space 327680K, 77% used [0x00000000a1400000,0x00000000b0b55170,0x00000000b5400000)
 Metaspace       used 99875K, capacity 102868K, committed 103336K, reserved 1140736K
  class space    used 11407K, capacity 12088K, committed 12200K, reserved 1048576K
}
Event: 1643.093 GC heap before
{Heap before GC invocations=464 (full 17):
 PSYoungGen      total 68096K, used 0K [0x00000000e0700000, 0x00000000f8e80000, 0x0000000100000000)
  eden space 64512K, 0% used [0x00000000e0700000,0x00000000e0700000,0x00000000e4600000)
  from space 3584K, 0% used [0x00000000f8780000,0x00000000f8780000,0x00000000f8b00000)
  to   space 3584K, 0% used [0x00000000f8b00000,0x00000000f8b00000,0x00000000f8e80000)
 ParOldGen       total 327680K, used 253268K [0x00000000a1400000, 0x00000000b5400000, 0x00000000e0700000)
  object space 327680K, 77% used [0x00000000a1400000,0x00000000b0b55170,0x00000000b5400000)
 Metaspace       used 99875K, capacity 102868K, committed 103336K, reserved 1140736K
  class space    used 11407K, capacity 12088K, committed 12200K, reserved 1048576K
Event: 1643.842 GC heap after
Heap after GC invocations=464 (full 17):
 PSYoungGen      total 68096K, used 0K [0x00000000e0700000, 0x00000000f8e80000, 0x0000000100000000)
  eden space 64512K, 0% used [0x00000000e0700000,0x00000000e0700000,0x00000000e4600000)
  from space 3584K, 0% used [0x00000000f8780000,0x00000000f8780000,0x00000000f8b00000)
  to   space 3584K, 0% used [0x00000000f8b00000,0x00000000f8b00000,0x00000000f8e80000)
 ParOldGen       total 327680K, used 253268K [0x00000000a1400000, 0x00000000b5400000, 0x00000000e0700000)
  object space 327680K, 77% used [0x00000000a1400000,0x00000000b0b55170,0x00000000b5400000)
 Metaspace       used 99875K, capacity 102868K, committed 103336K, reserved 1140736K
  class space    used 11407K, capacity 12088K, committed 12200K, reserved 1048576K
}
Event: 1646.256 GC heap before
{Heap before GC invocations=465 (full 17):
 PSYoungGen      total 68096K, used 64512K [0x00000000e0700000, 0x00000000f8e80000, 0x0000000100000000)
  eden space 64512K, 100% used [0x00000000e0700000,0x00000000e4600000,0x00000000e4600000)
  from space 3584K, 0% used [0x00000000f8780000,0x00000000f8780000,0x00000000f8b00000)
  to   space 3584K, 0% used [0x00000000f8b00000,0x00000000f8b00000,0x00000000f8e80000)
 ParOldGen       total 327680K, used 253268K [0x00000000a1400000, 0x00000000b5400000, 0x00000000e0700000)
  object space 327680K, 77% used [0x00000000a1400000,0x00000000b0b55170,0x00000000b5400000)
 Metaspace       used 100189K, capacity 103242K, committed 103592K, reserved 1140736K
  class space    used 11435K, capacity 12163K, committed 12200K, reserved 1048576K
Event: 1646.266 GC heap after
Heap after GC invocations=465 (full 17):
 PSYoungGen      total 68096K, used 1808K [0x00000000e0700000, 0x00000000f8d00000, 0x0000000100000000)
  eden space 66048K, 0% used [0x00000000e0700000,0x00000000e0700000,0x00000000e4780000)
  from space 2048K, 88% used [0x00000000f8b00000,0x00000000f8cc4020,0x00000000f8d00000)
  to   space 3584K, 0% used [0x00000000f8600000,0x00000000f8600000,0x00000000f8980000)
 ParOldGen       total 327680K, used 253276K [0x00000000a1400000, 0x00000000b5400000, 0x00000000e0700000)
  object space 327680K, 77% used [0x00000000a1400000,0x00000000b0b57170,0x00000000b5400000)
 Metaspace       used 100189K, capacity 103242K, committed 103592K, reserved 1140736K
  class space    used 11435K, capacity 12163K, committed 12200K, reserved 1048576K
}
Event: 1649.879 GC heap before
{Heap before GC invocations=466 (full 17):
 PSYoungGen      total 68096K, used 67856K [0x00000000e0700000, 0x00000000f8d00000, 0x0000000100000000)
  eden space 66048K, 100% used [0x00000000e0700000,0x00000000e4780000,0x00000000e4780000)
  from space 2048K, 88% used [0x00000000f8b00000,0x00000000f8cc4020,0x00000000f8d00000)
  to   space 3584K, 0% used [0x00000000f8600000,0x00000000f8600000,0x00000000f8980000)
 ParOldGen       total 327680K, used 253276K [0x00000000a1400000, 0x00000000b5400000, 0x00000000e0700000)
  object space 327680K, 77% used [0x00000000a1400000,0x00000000b0b57170,0x00000000b5400000)
 Metaspace       used 100296K, capacity 103382K, committed 103848K, reserved 1140736K
  class space    used 11438K, capacity 12165K, committed 12200K, reserved 1048576K
Event: 1649.887 GC heap after
Heap after GC invocations=466 (full 17):
 PSYoungGen      total 69120K, used 1712K [0x00000000e0700000, 0x00000000f8b80000, 0x0000000100000000)
  eden space 67072K, 0% used [0x00000000e0700000,0x00000000e0700000,0x00000000e4880000)
  from space 2048K, 83% used [0x00000000f8600000,0x00000000f87ac020,0x00000000f8800000)
  to   space 3584K, 0% used [0x00000000f8800000,0x00000000f8800000,0x00000000f8b80000)
 ParOldGen       total 327680K, used 253284K [0x00000000a1400000, 0x00000000b5400000, 0x00000000e0700000)
  object space 327680K, 77% used [0x00000000a1400000,0x00000000b0b59170,0x00000000b5400000)
 Metaspace       used 100296K, capacity 103382K, committed 103848K, reserved 1140736K
  class space    used 11438K, capacity 12165K, committed 12200K, reserved 1048576K
}
Event: 1652.342 GC heap before
{Heap before GC invocations=467 (full 17):
 PSYoungGen      total 69120K, used 68784K [0x00000000e0700000, 0x00000000f8b80000, 0x0000000100000000)
  eden space 67072K, 100% used [0x00000000e0700000,0x00000000e4880000,0x00000000e4880000)
  from space 2048K, 83% used [0x00000000f8600000,0x00000000f87ac020,0x00000000f8800000)
  to   space 3584K, 0% used [0x00000000f8800000,0x00000000f8800000,0x00000000f8b80000)
 ParOldGen       total 327680K, used 253284K [0x00000000a1400000, 0x00000000b5400000, 0x00000000e0700000)
  object space 327680K, 77% used [0x00000000a1400000,0x00000000b0b59170,0x00000000b5400000)
 Metaspace       used 100296K, capacity 103382K, committed 103848K, reserved 1140736K
  class space    used 11438K, capacity 12165K, committed 12200K, reserved 1048576K
Event: 1652.354 GC heap after
Heap after GC invocations=467 (full 17):
 PSYoungGen      total 70656K, used 1648K [0x00000000e0700000, 0x00000000f8a00000, 0x0000000100000000)
  eden space 68608K, 0% used [0x00000000e0700000,0x00000000e0700000,0x00000000e4a00000)
  from space 2048K, 80% used [0x00000000f8800000,0x00000000f899c020,0x00000000f8a00000)
  to   space 3584K, 0% used [0x00000000f8300000,0x00000000f8300000,0x00000000f8680000)
 ParOldGen       total 327680K, used 253284K [0x00000000a1400000, 0x00000000b5400000, 0x00000000e0700000)
  object space 327680K, 77% used [0x00000000a1400000,0x00000000b0b59170,0x00000000b5400000)
 Metaspace       used 100296K, capacity 103382K, committed 103848K, reserved 1140736K
  class space    used 11438K, capacity 12165K, committed 12200K, reserved 1048576K
}

