# JRE version: OpenJDK Runtime Environment (8.0_332-b08) (build 1.8.0_332-b08)
# Java VM: OpenJDK 64-Bit Server VM (25.332-b08 mixed mode windows-amd64 compressed oops)
Heap:
 PSYoungGen      total 516608K, used 264852K [0x00000000e0700000, 0x0000000100000000, 0x0000000100000000)
  eden space 516096K, 51% used [0x00000000e0700000,0x00000000f09850a8,0x00000000fff00000)
  from space 512K, 25% used [0x00000000fff00000,0x00000000fff20000,0x00000000fff80000)
  to   space 512K, 0% used [0x00000000fff80000,0x00000000fff80000,0x0000000100000000)
 ParOldGen       total 372736K, used 263404K [0x00000000a1400000, 0x00000000b8000000, 0x00000000e0700000)
  object space 372736K, 70% used [0x00000000a1400000,0x00000000b153b210,0x00000000b8000000)
 Metaspace       used 86770K, capacity 88523K, committed 88880K, reserved 1128448K
  class space    used 9285K, capacity 9761K, committed 9776K, reserved 1048576K
GC Heap History (10 events):
Event: 5834.724 GC heap before
{Heap before GC invocations=683 (full 18):
 PSYoungGen      total 516608K, used 516288K [0x00000000e0700000, 0x0000000100000000, 0x0000000100000000)
  eden space 516096K, 100% used [0x00000000e0700000,0x00000000fff00000,0x00000000fff00000)
  from space 512K, 37% used [0x00000000fff80000,0x00000000fffb0000,0x0000000100000000)
  to   space 512K, 0% used [0x00000000fff00000,0x00000000fff00000,0x00000000fff80000)
 ParOldGen       total 372736K, used 263372K [0x00000000a1400000, 0x00000000b8000000, 0x00000000e0700000)
  object space 372736K, 70% used [0x00000000a1400000,0x00000000b1533210,0x00000000b8000000)
 Metaspace       used 86649K, capacity 88457K, committed 88880K, reserved 1128448K
  class space    used 9263K, capacity 9760K, committed 9776K, reserved 1048576K
Event: 5834.731 GC heap after
Heap after GC invocations=683 (full 18):
 PSYoungGen      total 516608K, used 96K [0x00000000e0700000, 0x0000000100000000, 0x0000000100000000)
  eden space 516096K, 0% used [0x00000000e0700000,0x00000000e0700000,0x00000000fff00000)
  from space 512K, 18% used [0x00000000fff00000,0x00000000fff18000,0x00000000fff80000)
  to   space 512K, 0% used [0x00000000fff80000,0x00000000fff80000,0x0000000100000000)
 ParOldGen       total 372736K, used 263372K [0x00000000a1400000, 0x00000000b8000000, 0x00000000e0700000)
  object space 372736K, 70% used [0x00000000a1400000,0x00000000b1533210,0x00000000b8000000)
 Metaspace       used 86649K, capacity 88457K, committed 88880K, reserved 1128448K
  class space    used 9263K, capacity 9760K, committed 9776K, reserved 1048576K
}
Event: 5854.196 GC heap before
{Heap before GC invocations=684 (full 18):
 PSYoungGen      total 516608K, used 516192K [0x00000000e0700000, 0x0000000100000000, 0x0000000100000000)
  eden space 516096K, 100% used [0x00000000e0700000,0x00000000fff00000,0x00000000fff00000)
  from space 512K, 18% used [0x00000000fff00000,0x00000000fff18000,0x00000000fff80000)
  to   space 512K, 0% used [0x00000000fff80000,0x00000000fff80000,0x0000000100000000)
 ParOldGen       total 372736K, used 263372K [0x00000000a1400000, 0x00000000b8000000, 0x00000000e0700000)
  object space 372736K, 70% used [0x00000000a1400000,0x00000000b1533210,0x00000000b8000000)
 Metaspace       used 86649K, capacity 88457K, committed 88880K, reserved 1128448K
  class space    used 9263K, capacity 9760K, committed 9776K, reserved 1048576K
Event: 5854.203 GC heap after
Heap after GC invocations=684 (full 18):
 PSYoungGen      total 516608K, used 192K [0x00000000e0700000, 0x0000000100000000, 0x0000000100000000)
  eden space 516096K, 0% used [0x00000000e0700000,0x00000000e0700000,0x00000000fff00000)
  from space 512K, 37% used [0x00000000fff80000,0x00000000fffb0000,0x0000000100000000)
  to   space 512K, 0% used [0x00000000fff00000,0x00000000fff00000,0x00000000fff80000)
 ParOldGen       total 372736K, used 263396K [0x00000000a1400000, 0x00000000b8000000, 0x00000000e0700000)
  object space 372736K, 70% used [0x00000000a1400000,0x00000000b1539210,0x00000000b8000000)
 Metaspace       used 86649K, capacity 88457K, committed 88880K, reserved 1128448K
  class space    used 9263K, capacity 9760K, committed 9776K, reserved 1048576K
}
Event: 5875.299 GC heap before
{Heap before GC invocations=685 (full 18):
 PSYoungGen      total 516608K, used 516288K [0x00000000e0700000, 0x0000000100000000, 0x0000000100000000)
  eden space 516096K, 100% used [0x00000000e0700000,0x00000000fff00000,0x00000000fff00000)
  from space 512K, 37% used [0x00000000fff80000,0x00000000fffb0000,0x0000000100000000)
  to   space 512K, 0% used [0x00000000fff00000,0x00000000fff00000,0x00000000fff80000)
 ParOldGen       total 372736K, used 263396K [0x00000000a1400000, 0x00000000b8000000, 0x00000000e0700000)
  object space 372736K, 70% used [0x00000000a1400000,0x00000000b1539210,0x00000000b8000000)
 Metaspace       used 86649K, capacity 88457K, committed 88880K, reserved 1128448K
  class space    used 9263K, capacity 9760K, committed 9776K, reserved 1048576K
Event: 5875.308 GC heap after
Heap after GC invocations=685 (full 18):
 PSYoungGen      total 516608K, used 192K [0x00000000e0700000, 0x0000000100000000, 0x0000000100000000)
  eden space 516096K, 0% used [0x00000000e0700000,0x00000000e0700000,0x00000000fff00000)
  from space 512K, 37% used [0x00000000fff00000,0x00000000fff30000,0x00000000fff80000)
  to   space 512K, 0% used [0x00000000fff80000,0x00000000fff80000,0x0000000100000000)
 ParOldGen       total 372736K, used 263396K [0x00000000a1400000, 0x00000000b8000000, 0x00000000e0700000)
  object space 372736K, 70% used [0x00000000a1400000,0x00000000b1539210,0x00000000b8000000)
 Metaspace       used 86649K, capacity 88457K, committed 88880K, reserved 1128448K
  class space    used 9263K, capacity 9760K, committed 9776K, reserved 1048576K
}
Event: 5895.084 GC heap before
{Heap before GC invocations=686 (full 18):
 PSYoungGen      total 516608K, used 516288K [0x00000000e0700000, 0x0000000100000000, 0x0000000100000000)
  eden space 516096K, 100% used [0x00000000e0700000,0x00000000fff00000,0x00000000fff00000)
  from space 512K, 37% used [0x00000000fff00000,0x00000000fff30000,0x00000000fff80000)
  to   space 512K, 0% used [0x00000000fff80000,0x00000000fff80000,0x0000000100000000)
 ParOldGen       total 372736K, used 263396K [0x00000000a1400000, 0x00000000b8000000, 0x00000000e0700000)
  object space 372736K, 70% used [0x00000000a1400000,0x00000000b1539210,0x00000000b8000000)
 Metaspace       used 86649K, capacity 88457K, committed 88880K, reserved 1128448K
  class space    used 9263K, capacity 9760K, committed 9776K, reserved 1048576K
Event: 5895.095 GC heap after
Heap after GC invocations=686 (full 18):
 PSYoungGen      total 516608K, used 160K [0x00000000e0700000, 0x0000000100000000, 0x0000000100000000)
  eden space 516096K, 0% used [0x00000000e0700000,0x00000000e0700000,0x00000000fff00000)
  from space 512K, 31% used [0x00000000fff80000,0x00000000fffa8000,0x0000000100000000)
  to   space 512K, 0% used [0x00000000fff00000,0x00000000fff00000,0x00000000fff80000)
 ParOldGen       total 372736K, used 263404K [0x00000000a1400000, 0x00000000b8000000, 0x00000000e0700000)
  object space 372736K, 70% used [0x00000000a1400000,0x00000000b153b210,0x00000000b8000000)
 Metaspace       used 86649K, capacity 88457K, committed 88880K, reserved 1128448K
  class space    used 9263K, capacity 9760K, committed 9776K, reserved 1048576K
}
Event: 5915.549 GC heap before
{Heap before GC invocations=687 (full 18):
 PSYoungGen      total 516608K, used 516256K [0x00000000e0700000, 0x0000000100000000, 0x0000000100000000)
  eden space 516096K, 100% used [0x00000000e0700000,0x00000000fff00000,0x00000000fff00000)
  from space 512K, 31% used [0x00000000fff80000,0x00000000fffa8000,0x0000000100000000)
  to   space 512K, 0% used [0x00000000fff00000,0x00000000fff00000,0x00000000fff80000)
 ParOldGen       total 372736K, used 263404K [0x00000000a1400000, 0x00000000b8000000, 0x00000000e0700000)
  object space 372736K, 70% used [0x00000000a1400000,0x00000000b153b210,0x00000000b8000000)
 Metaspace       used 86649K, capacity 88457K, committed 88880K, reserved 1128448K
  class space    used 9263K, capacity 9760K, committed 9776K, reserved 1048576K
Event: 5915.556 GC heap after
Heap after GC invocations=687 (full 18):
 PSYoungGen      total 516608K, used 128K [0x00000000e0700000, 0x0000000100000000, 0x0000000100000000)
  eden space 516096K, 0% used [0x00000000e0700000,0x00000000e0700000,0x00000000fff00000)
  from space 512K, 25% used [0x00000000fff00000,0x00000000fff20000,0x00000000fff80000)
  to   space 512K, 0% used [0x00000000fff80000,0x00000000fff80000,0x0000000100000000)
 ParOldGen       total 372736K, used 263404K [0x00000000a1400000, 0x00000000b8000000, 0x00000000e0700000)
  object space 372736K, 70% used [0x00000000a1400000,0x00000000b153b210,0x00000000b8000000)
 Metaspace       used 86649K, capacity 88457K, committed 88880K, reserved 1128448K
  class space    used 9263K, capacity 9760K, committed 9776K, reserved 1048576K
}

