# JRE version: OpenJDK Runtime Environment (8.0_332-b08) (build 1.8.0_332-b08)
# Java VM: OpenJDK 64-Bit Server VM (25.332-b08 mixed mode windows-amd64 compressed oops)
Heap:
 PSYoungGen      total 314880K, used 91975K [0x00000000e0700000, 0x00000000f4600000, 0x0000000100000000)
  eden space 304128K, 28% used [0x00000000e0700000,0x00000000e5d0f6c8,0x00000000f3000000)
  from space 10752K, 35% used [0x00000000f3b80000,0x00000000f3f42658,0x00000000f4600000)
  to   space 11264K, 0% used [0x00000000f3000000,0x00000000f3000000,0x00000000f3b00000)
 ParOldGen       total 1035264K, used 936782K [0x00000000a1400000, 0x00000000e0700000, 0x00000000e0700000)
  object space 1035264K, 90% used [0x00000000a1400000,0x00000000da6d3a20,0x00000000e0700000)
 Metaspace       used 55016K, capacity 55407K, committed 56064K, reserved 1099776K
  class space    used 6451K, capacity 6564K, committed 6656K, reserved 1048576K
GC Heap History (10 events):
Event: 4633.342 GC heap before
{Heap before GC invocations=338 (full 13):
 PSYoungGen      total 316928K, used 305677K [0x00000000e0700000, 0x00000000f4b80000, 0x0000000100000000)
  eden space 301568K, 100% used [0x00000000e0700000,0x00000000f2d80000,0x00000000f2d80000)
  from space 15360K, 26% used [0x00000000f2d80000,0x00000000f3183508,0x00000000f3c80000)
  to   space 14848K, 0% used [0x00000000f3d00000,0x00000000f3d00000,0x00000000f4b80000)
 ParOldGen       total 1035264K, used 936119K [0x00000000a1400000, 0x00000000e0700000, 0x00000000e0700000)
  object space 1035264K, 90% used [0x00000000a1400000,0x00000000da62dcd0,0x00000000e0700000)
 Metaspace       used 54955K, capacity 55343K, committed 56064K, reserved 1099776K
  class space    used 6444K, capacity 6564K, committed 6656K, reserved 1048576K
Event: 4633.352 GC heap after
Heap after GC invocations=338 (full 13):
 PSYoungGen      total 315392K, used 4325K [0x00000000e0700000, 0x00000000f4980000, 0x0000000100000000)
  eden space 302592K, 0% used [0x00000000e0700000,0x00000000e0700000,0x00000000f2e80000)
  from space 12800K, 33% used [0x00000000f3d00000,0x00000000f41394b8,0x00000000f4980000)
  to   space 13824K, 0% used [0x00000000f2e80000,0x00000000f2e80000,0x00000000f3c00000)
 ParOldGen       total 1035264K, used 936247K [0x00000000a1400000, 0x00000000e0700000, 0x00000000e0700000)
  object space 1035264K, 90% used [0x00000000a1400000,0x00000000da64dcd0,0x00000000e0700000)
 Metaspace       used 54955K, capacity 55343K, committed 56064K, reserved 1099776K
  class space    used 6444K, capacity 6564K, committed 6656K, reserved 1048576K
}
Event: 4716.386 GC heap before
{Heap before GC invocations=339 (full 13):
 PSYoungGen      total 315392K, used 306917K [0x00000000e0700000, 0x00000000f4980000, 0x0000000100000000)
  eden space 302592K, 100% used [0x00000000e0700000,0x00000000f2e80000,0x00000000f2e80000)
  from space 12800K, 33% used [0x00000000f3d00000,0x00000000f41394b8,0x00000000f4980000)
  to   space 13824K, 0% used [0x00000000f2e80000,0x00000000f2e80000,0x00000000f3c00000)
 ParOldGen       total 1035264K, used 936247K [0x00000000a1400000, 0x00000000e0700000, 0x00000000e0700000)
  object space 1035264K, 90% used [0x00000000a1400000,0x00000000da64dcd0,0x00000000e0700000)
 Metaspace       used 54955K, capacity 55343K, committed 56064K, reserved 1099776K
  class space    used 6444K, capacity 6564K, committed 6656K, reserved 1048576K
Event: 4716.396 GC heap after
Heap after GC invocations=339 (full 13):
 PSYoungGen      total 316416K, used 4141K [0x00000000e0700000, 0x00000000f4980000, 0x0000000100000000)
  eden space 302592K, 0% used [0x00000000e0700000,0x00000000e0700000,0x00000000f2e80000)
  from space 13824K, 29% used [0x00000000f2e80000,0x00000000f328b728,0x00000000f3c00000)
  to   space 13312K, 0% used [0x00000000f3c80000,0x00000000f3c80000,0x00000000f4980000)
 ParOldGen       total 1035264K, used 936383K [0x00000000a1400000, 0x00000000e0700000, 0x00000000e0700000)
  object space 1035264K, 90% used [0x00000000a1400000,0x00000000da66fcd0,0x00000000e0700000)
 Metaspace       used 54955K, capacity 55343K, committed 56064K, reserved 1099776K
  class space    used 6444K, capacity 6564K, committed 6656K, reserved 1048576K
}
Event: 4984.044 GC heap before
{Heap before GC invocations=340 (full 13):
 PSYoungGen      total 316416K, used 306733K [0x00000000e0700000, 0x00000000f4980000, 0x0000000100000000)
  eden space 302592K, 100% used [0x00000000e0700000,0x00000000f2e80000,0x00000000f2e80000)
  from space 13824K, 29% used [0x00000000f2e80000,0x00000000f328b728,0x00000000f3c00000)
  to   space 13312K, 0% used [0x00000000f3c80000,0x00000000f3c80000,0x00000000f4980000)
 ParOldGen       total 1035264K, used 936383K [0x00000000a1400000, 0x00000000e0700000, 0x00000000e0700000)
  object space 1035264K, 90% used [0x00000000a1400000,0x00000000da66fcd0,0x00000000e0700000)
 Metaspace       used 54955K, capacity 55343K, committed 56064K, reserved 1099776K
  class space    used 6444K, capacity 6564K, committed 6656K, reserved 1048576K
Event: 4984.070 GC heap after
Heap after GC invocations=340 (full 13):
 PSYoungGen      total 314880K, used 4041K [0x00000000e0700000, 0x00000000f4780000, 0x0000000100000000)
  eden space 303616K, 0% used [0x00000000e0700000,0x00000000e0700000,0x00000000f2f80000)
  from space 11264K, 35% used [0x00000000f3c80000,0x00000000f4072658,0x00000000f4780000)
  to   space 12288K, 0% used [0x00000000f2f80000,0x00000000f2f80000,0x00000000f3b80000)
 ParOldGen       total 1035264K, used 936503K [0x00000000a1400000, 0x00000000e0700000, 0x00000000e0700000)
  object space 1035264K, 90% used [0x00000000a1400000,0x00000000da68dcd0,0x00000000e0700000)
 Metaspace       used 54955K, capacity 55343K, committed 56064K, reserved 1099776K
  class space    used 6444K, capacity 6564K, committed 6656K, reserved 1048576K
}
Event: 5248.905 GC heap before
{Heap before GC invocations=341 (full 13):
 PSYoungGen      total 314880K, used 307657K [0x00000000e0700000, 0x00000000f4780000, 0x0000000100000000)
  eden space 303616K, 100% used [0x00000000e0700000,0x00000000f2f80000,0x00000000f2f80000)
  from space 11264K, 35% used [0x00000000f3c80000,0x00000000f4072658,0x00000000f4780000)
  to   space 12288K, 0% used [0x00000000f2f80000,0x00000000f2f80000,0x00000000f3b80000)
 ParOldGen       total 1035264K, used 936503K [0x00000000a1400000, 0x00000000e0700000, 0x00000000e0700000)
  object space 1035264K, 90% used [0x00000000a1400000,0x00000000da68dcd0,0x00000000e0700000)
 Metaspace       used 54955K, capacity 55343K, committed 56064K, reserved 1099776K
  class space    used 6444K, capacity 6564K, committed 6656K, reserved 1048576K
Event: 5248.923 GC heap after
Heap after GC invocations=341 (full 13):
 PSYoungGen      total 315904K, used 4047K [0x00000000e0700000, 0x00000000f4700000, 0x0000000100000000)
  eden space 303616K, 0% used [0x00000000e0700000,0x00000000e0700000,0x00000000f2f80000)
  from space 12288K, 32% used [0x00000000f2f80000,0x00000000f3373dd8,0x00000000f3b80000)
  to   space 11776K, 0% used [0x00000000f3b80000,0x00000000f3b80000,0x00000000f4700000)
 ParOldGen       total 1035264K, used 936641K [0x00000000a1400000, 0x00000000e0700000, 0x00000000e0700000)
  object space 1035264K, 90% used [0x00000000a1400000,0x00000000da6b07c0,0x00000000e0700000)
 Metaspace       used 54955K, capacity 55343K, committed 56064K, reserved 1099776K
  class space    used 6444K, capacity 6564K, committed 6656K, reserved 1048576K
}
Event: 5505.395 GC heap before
{Heap before GC invocations=342 (full 13):
 PSYoungGen      total 315904K, used 307663K [0x00000000e0700000, 0x00000000f4700000, 0x0000000100000000)
  eden space 303616K, 100% used [0x00000000e0700000,0x00000000f2f80000,0x00000000f2f80000)
  from space 12288K, 32% used [0x00000000f2f80000,0x00000000f3373dd8,0x00000000f3b80000)
  to   space 11776K, 0% used [0x00000000f3b80000,0x00000000f3b80000,0x00000000f4700000)
 ParOldGen       total 1035264K, used 936641K [0x00000000a1400000, 0x00000000e0700000, 0x00000000e0700000)
  object space 1035264K, 90% used [0x00000000a1400000,0x00000000da6b07c0,0x00000000e0700000)
 Metaspace       used 54957K, capacity 55343K, committed 56064K, reserved 1099776K
  class space    used 6444K, capacity 6564K, committed 6656K, reserved 1048576K
Event: 5505.403 GC heap after
Heap after GC invocations=342 (full 13):
 PSYoungGen      total 314880K, used 3849K [0x00000000e0700000, 0x00000000f4600000, 0x0000000100000000)
  eden space 304128K, 0% used [0x00000000e0700000,0x00000000e0700000,0x00000000f3000000)
  from space 10752K, 35% used [0x00000000f3b80000,0x00000000f3f42658,0x00000000f4600000)
  to   space 11264K, 0% used [0x00000000f3000000,0x00000000f3000000,0x00000000f3b00000)
 ParOldGen       total 1035264K, used 936782K [0x00000000a1400000, 0x00000000e0700000, 0x00000000e0700000)
  object space 1035264K, 90% used [0x00000000a1400000,0x00000000da6d3a20,0x00000000e0700000)
 Metaspace       used 54957K, capacity 55343K, committed 56064K, reserved 1099776K
  class space    used 6444K, capacity 6564K, committed 6656K, reserved 1048576K
}

