# JRE version: OpenJDK Runtime Environment (8.0_332-b08) (build 1.8.0_332-b08)
# Java VM: OpenJDK 64-Bit Server VM (25.332-b08 mixed mode windows-amd64 compressed oops)
Heap:
 PSYoungGen      total 345088K, used 3522K [0x00000000e0700000, 0x0000000100000000, 0x0000000100000000)
  eden space 173056K, 2% used [0x00000000e0700000,0x00000000e0a70b30,0x00000000eb000000)
  from space 172032K, 0% used [0x00000000eb000000,0x00000000eb000000,0x00000000f5800000)
  to   space 172032K, 0% used [0x00000000f5800000,0x00000000f5800000,0x0000000100000000)
 ParOldGen       total 892416K, used 421709K [0x00000000a1400000, 0x00000000d7b80000, 0x00000000e0700000)
  object space 892416K, 47% used [0x00000000a1400000,0x00000000bafd3640,0x00000000d7b80000)
 Metaspace       used 54337K, capacity 54791K, committed 55552K, reserved 1097728K
  class space    used 6446K, capacity 6560K, committed 6656K, reserved 1048576K
GC Heap History (10 events):
Event: 112.237 GC heap before
{Heap before GC invocations=65 (full 12):
 PSYoungGen      total 345088K, used 24416K [0x00000000e0700000, 0x0000000100000000, 0x0000000100000000)
  eden space 173056K, 0% used [0x00000000e0700000,0x00000000e0700000,0x00000000eb000000)
  from space 172032K, 14% used [0x00000000eb000000,0x00000000ec7d8010,0x00000000f5800000)
  to   space 172032K, 0% used [0x00000000f5800000,0x00000000f5800000,0x0000000100000000)
 ParOldGen       total 848896K, used 810383K [0x00000000a1400000, 0x00000000d5100000, 0x00000000e0700000)
  object space 848896K, 95% used [0x00000000a1400000,0x00000000d2b63df8,0x00000000d5100000)
 Metaspace       used 54324K, capacity 54727K, committed 55296K, reserved 1097728K
  class space    used 6445K, capacity 6560K, committed 6656K, reserved 1048576K
Event: 112.538 GC heap after
Heap after GC invocations=65 (full 12):
 PSYoungGen      total 345088K, used 0K [0x00000000e0700000, 0x0000000100000000, 0x0000000100000000)
  eden space 173056K, 0% used [0x00000000e0700000,0x00000000e0700000,0x00000000eb000000)
  from space 172032K, 0% used [0x00000000eb000000,0x00000000eb000000,0x00000000f5800000)
  to   space 172032K, 0% used [0x00000000f5800000,0x00000000f5800000,0x0000000100000000)
 ParOldGen       total 892416K, used 565344K [0x00000000a1400000, 0x00000000d7b80000, 0x00000000e0700000)
  object space 892416K, 63% used [0x00000000a1400000,0x00000000c3c182d8,0x00000000d7b80000)
 Metaspace       used 54324K, capacity 54727K, committed 55296K, reserved 1097728K
  class space    used 6445K, capacity 6560K, committed 6656K, reserved 1048576K
}
Event: 117.890 GC heap before
{Heap before GC invocations=66 (full 12):
 PSYoungGen      total 345088K, used 107916K [0x00000000e0700000, 0x0000000100000000, 0x0000000100000000)
  eden space 173056K, 62% used [0x00000000e0700000,0x00000000e7063280,0x00000000eb000000)
  from space 172032K, 0% used [0x00000000eb000000,0x00000000eb000000,0x00000000f5800000)
  to   space 172032K, 0% used [0x00000000f5800000,0x00000000f5800000,0x0000000100000000)
 ParOldGen       total 892416K, used 565344K [0x00000000a1400000, 0x00000000d7b80000, 0x00000000e0700000)
  object space 892416K, 63% used [0x00000000a1400000,0x00000000c3c182d8,0x00000000d7b80000)
 Metaspace       used 54329K, capacity 54791K, committed 55552K, reserved 1097728K
  class space    used 6445K, capacity 6560K, committed 6656K, reserved 1048576K
Event: 117.898 GC heap after
Heap after GC invocations=66 (full 12):
 PSYoungGen      total 345088K, used 1088K [0x00000000e0700000, 0x0000000100000000, 0x0000000100000000)
  eden space 173056K, 0% used [0x00000000e0700000,0x00000000e0700000,0x00000000eb000000)
  from space 172032K, 0% used [0x00000000f5800000,0x00000000f5910000,0x0000000100000000)
  to   space 172032K, 0% used [0x00000000eb000000,0x00000000eb000000,0x00000000f5800000)
 ParOldGen       total 892416K, used 565344K [0x00000000a1400000, 0x00000000d7b80000, 0x00000000e0700000)
  object space 892416K, 63% used [0x00000000a1400000,0x00000000c3c182d8,0x00000000d7b80000)
 Metaspace       used 54329K, capacity 54791K, committed 55552K, reserved 1097728K
  class space    used 6445K, capacity 6560K, committed 6656K, reserved 1048576K
}
Event: 117.898 GC heap before
{Heap before GC invocations=67 (full 13):
 PSYoungGen      total 345088K, used 1088K [0x00000000e0700000, 0x0000000100000000, 0x0000000100000000)
  eden space 173056K, 0% used [0x00000000e0700000,0x00000000e0700000,0x00000000eb000000)
  from space 172032K, 0% used [0x00000000f5800000,0x00000000f5910000,0x0000000100000000)
  to   space 172032K, 0% used [0x00000000eb000000,0x00000000eb000000,0x00000000f5800000)
 ParOldGen       total 892416K, used 565344K [0x00000000a1400000, 0x00000000d7b80000, 0x00000000e0700000)
  object space 892416K, 63% used [0x00000000a1400000,0x00000000c3c182d8,0x00000000d7b80000)
 Metaspace       used 54329K, capacity 54791K, committed 55552K, reserved 1097728K
  class space    used 6445K, capacity 6560K, committed 6656K, reserved 1048576K
Event: 118.330 GC heap after
Heap after GC invocations=67 (full 13):
 PSYoungGen      total 345088K, used 0K [0x00000000e0700000, 0x0000000100000000, 0x0000000100000000)
  eden space 173056K, 0% used [0x00000000e0700000,0x00000000e0700000,0x00000000eb000000)
  from space 172032K, 0% used [0x00000000f5800000,0x00000000f5800000,0x0000000100000000)
  to   space 172032K, 0% used [0x00000000eb000000,0x00000000eb000000,0x00000000f5800000)
 ParOldGen       total 892416K, used 421709K [0x00000000a1400000, 0x00000000d7b80000, 0x00000000e0700000)
  object space 892416K, 47% used [0x00000000a1400000,0x00000000bafd36b8,0x00000000d7b80000)
 Metaspace       used 54329K, capacity 54791K, committed 55552K, reserved 1097728K
  class space    used 6445K, capacity 6560K, committed 6656K, reserved 1048576K
}
Event: 118.331 GC heap before
{Heap before GC invocations=68 (full 13):
 PSYoungGen      total 345088K, used 0K [0x00000000e0700000, 0x0000000100000000, 0x0000000100000000)
  eden space 173056K, 0% used [0x00000000e0700000,0x00000000e0700000,0x00000000eb000000)
  from space 172032K, 0% used [0x00000000f5800000,0x00000000f5800000,0x0000000100000000)
  to   space 172032K, 0% used [0x00000000eb000000,0x00000000eb000000,0x00000000f5800000)
 ParOldGen       total 892416K, used 421709K [0x00000000a1400000, 0x00000000d7b80000, 0x00000000e0700000)
  object space 892416K, 47% used [0x00000000a1400000,0x00000000bafd36b8,0x00000000d7b80000)
 Metaspace       used 54329K, capacity 54791K, committed 55552K, reserved 1097728K
  class space    used 6445K, capacity 6560K, committed 6656K, reserved 1048576K
Event: 118.335 GC heap after
Heap after GC invocations=68 (full 13):
 PSYoungGen      total 345088K, used 0K [0x00000000e0700000, 0x0000000100000000, 0x0000000100000000)
  eden space 173056K, 0% used [0x00000000e0700000,0x00000000e0700000,0x00000000eb000000)
  from space 172032K, 0% used [0x00000000eb000000,0x00000000eb000000,0x00000000f5800000)
  to   space 172032K, 0% used [0x00000000f5800000,0x00000000f5800000,0x0000000100000000)
 ParOldGen       total 892416K, used 421709K [0x00000000a1400000, 0x00000000d7b80000, 0x00000000e0700000)
  object space 892416K, 47% used [0x00000000a1400000,0x00000000bafd36b8,0x00000000d7b80000)
 Metaspace       used 54329K, capacity 54791K, committed 55552K, reserved 1097728K
  class space    used 6445K, capacity 6560K, committed 6656K, reserved 1048576K
}
Event: 118.335 GC heap before
{Heap before GC invocations=69 (full 14):
 PSYoungGen      total 345088K, used 0K [0x00000000e0700000, 0x0000000100000000, 0x0000000100000000)
  eden space 173056K, 0% used [0x00000000e0700000,0x00000000e0700000,0x00000000eb000000)
  from space 172032K, 0% used [0x00000000eb000000,0x00000000eb000000,0x00000000f5800000)
  to   space 172032K, 0% used [0x00000000f5800000,0x00000000f5800000,0x0000000100000000)
 ParOldGen       total 892416K, used 421709K [0x00000000a1400000, 0x00000000d7b80000, 0x00000000e0700000)
  object space 892416K, 47% used [0x00000000a1400000,0x00000000bafd36b8,0x00000000d7b80000)
 Metaspace       used 54329K, capacity 54791K, committed 55552K, reserved 1097728K
  class space    used 6445K, capacity 6560K, committed 6656K, reserved 1048576K
Event: 118.529 GC heap after
Heap after GC invocations=69 (full 14):
 PSYoungGen      total 345088K, used 0K [0x00000000e0700000, 0x0000000100000000, 0x0000000100000000)
  eden space 173056K, 0% used [0x00000000e0700000,0x00000000e0700000,0x00000000eb000000)
  from space 172032K, 0% used [0x00000000eb000000,0x00000000eb000000,0x00000000f5800000)
  to   space 172032K, 0% used [0x00000000f5800000,0x00000000f5800000,0x0000000100000000)
 ParOldGen       total 892416K, used 421709K [0x00000000a1400000, 0x00000000d7b80000, 0x00000000e0700000)
  object space 892416K, 47% used [0x00000000a1400000,0x00000000bafd3640,0x00000000d7b80000)
 Metaspace       used 54329K, capacity 54791K, committed 55552K, reserved 1097728K
  class space    used 6445K, capacity 6560K, committed 6656K, reserved 1048576K
}

