# JRE version: OpenJDK Runtime Environment (8.0_332-b08) (build 1.8.0_332-b08)
# Java VM: OpenJDK 64-Bit Server VM (25.332-b08 mixed mode windows-amd64 compressed oops)
Heap:
 PSYoungGen      total 464384K, used 306933K [0x00000000e0700000, 0x0000000100000000, 0x0000000100000000)
  eden space 431104K, 63% used [0x00000000e0700000,0x00000000f1265688,0x00000000fac00000)
  from space 33280K, 99% used [0x00000000fac00000,0x00000000fcc58010,0x00000000fcc80000)
  to   space 44032K, 0% used [0x00000000fd500000,0x00000000fd500000,0x0000000100000000)
 ParOldGen       total 481280K, used 344086K [0x00000000a1400000, 0x00000000bea00000, 0x00000000e0700000)
  object space 481280K, 71% used [0x00000000a1400000,0x00000000b6405b78,0x00000000bea00000)
 Metaspace       used 53312K, capacity 53827K, committed 54400K, reserved 1097728K
  class space    used 6312K, capacity 6437K, committed 6528K, reserved 1048576K
GC Heap History (10 events):
Event: 927.737 GC heap before
{Heap before GC invocations=169 (full 8):
 PSYoungGen      total 473600K, used 456928K [0x00000000e0700000, 0x00000000ffe00000, 0x0000000100000000)
  eden space 432128K, 100% used [0x00000000e0700000,0x00000000fad00000,0x00000000fad00000)
  from space 41472K, 59% used [0x00000000fd580000,0x00000000fedb8010,0x00000000ffe00000)
  to   space 41472K, 0% used [0x00000000fad00000,0x00000000fad00000,0x00000000fd580000)
 ParOldGen       total 481280K, used 344086K [0x00000000a1400000, 0x00000000bea00000, 0x00000000e0700000)
  object space 481280K, 71% used [0x00000000a1400000,0x00000000b6405b78,0x00000000bea00000)
 Metaspace       used 53301K, capacity 53821K, committed 54400K, reserved 1097728K
  class space    used 6310K, capacity 6436K, committed 6528K, reserved 1048576K
Event: 927.779 GC heap after
Heap after GC invocations=169 (full 8):
 PSYoungGen      total 473600K, used 33120K [0x00000000e0700000, 0x0000000100000000, 0x0000000100000000)
  eden space 432128K, 0% used [0x00000000e0700000,0x00000000e0700000,0x00000000fad00000)
  from space 41472K, 79% used [0x00000000fad00000,0x00000000fcd58000,0x00000000fd580000)
  to   space 43008K, 0% used [0x00000000fd600000,0x00000000fd600000,0x0000000100000000)
 ParOldGen       total 481280K, used 344086K [0x00000000a1400000, 0x00000000bea00000, 0x00000000e0700000)
  object space 481280K, 71% used [0x00000000a1400000,0x00000000b6405b78,0x00000000bea00000)
 Metaspace       used 53301K, capacity 53821K, committed 54400K, reserved 1097728K
  class space    used 6310K, capacity 6436K, committed 6528K, reserved 1048576K
}
Event: 946.310 GC heap before
{Heap before GC invocations=170 (full 8):
 PSYoungGen      total 473600K, used 465248K [0x00000000e0700000, 0x0000000100000000, 0x0000000100000000)
  eden space 432128K, 100% used [0x00000000e0700000,0x00000000fad00000,0x00000000fad00000)
  from space 41472K, 79% used [0x00000000fad00000,0x00000000fcd58000,0x00000000fd580000)
  to   space 43008K, 0% used [0x00000000fd600000,0x00000000fd600000,0x0000000100000000)
 ParOldGen       total 481280K, used 344086K [0x00000000a1400000, 0x00000000bea00000, 0x00000000e0700000)
  object space 481280K, 71% used [0x00000000a1400000,0x00000000b6405b78,0x00000000bea00000)
 Metaspace       used 53301K, capacity 53821K, committed 54400K, reserved 1097728K
  class space    used 6310K, capacity 6436K, committed 6528K, reserved 1048576K
Event: 946.335 GC heap after
Heap after GC invocations=170 (full 8):
 PSYoungGen      total 474624K, used 26432K [0x00000000e0700000, 0x00000000fff80000, 0x0000000100000000)
  eden space 432128K, 0% used [0x00000000e0700000,0x00000000e0700000,0x00000000fad00000)
  from space 42496K, 62% used [0x00000000fd600000,0x00000000fefd0000,0x00000000fff80000)
  to   space 41984K, 0% used [0x00000000fad00000,0x00000000fad00000,0x00000000fd600000)
 ParOldGen       total 481280K, used 344086K [0x00000000a1400000, 0x00000000bea00000, 0x00000000e0700000)
  object space 481280K, 71% used [0x00000000a1400000,0x00000000b6405b78,0x00000000bea00000)
 Metaspace       used 53301K, capacity 53821K, committed 54400K, reserved 1097728K
  class space    used 6310K, capacity 6436K, committed 6528K, reserved 1048576K
}
Event: 967.464 GC heap before
{Heap before GC invocations=171 (full 8):
 PSYoungGen      total 474624K, used 458560K [0x00000000e0700000, 0x00000000fff80000, 0x0000000100000000)
  eden space 432128K, 100% used [0x00000000e0700000,0x00000000fad00000,0x00000000fad00000)
  from space 42496K, 62% used [0x00000000fd600000,0x00000000fefd0000,0x00000000fff80000)
  to   space 41984K, 0% used [0x00000000fad00000,0x00000000fad00000,0x00000000fd600000)
 ParOldGen       total 481280K, used 344086K [0x00000000a1400000, 0x00000000bea00000, 0x00000000e0700000)
  object space 481280K, 71% used [0x00000000a1400000,0x00000000b6405b78,0x00000000bea00000)
 Metaspace       used 53302K, capacity 53821K, committed 54400K, reserved 1097728K
  class space    used 6310K, capacity 6436K, committed 6528K, reserved 1048576K
Event: 967.493 GC heap after
Heap after GC invocations=171 (full 8):
 PSYoungGen      total 474112K, used 30448K [0x00000000e0700000, 0x0000000100000000, 0x0000000100000000)
  eden space 432128K, 0% used [0x00000000e0700000,0x00000000e0700000,0x00000000fad00000)
  from space 41984K, 72% used [0x00000000fad00000,0x00000000fcabc010,0x00000000fd600000)
  to   space 42496K, 0% used [0x00000000fd680000,0x00000000fd680000,0x0000000100000000)
 ParOldGen       total 481280K, used 344086K [0x00000000a1400000, 0x00000000bea00000, 0x00000000e0700000)
  object space 481280K, 71% used [0x00000000a1400000,0x00000000b6405b78,0x00000000bea00000)
 Metaspace       used 53302K, capacity 53821K, committed 54400K, reserved 1097728K
  class space    used 6310K, capacity 6436K, committed 6528K, reserved 1048576K
}
Event: 990.175 GC heap before
{Heap before GC invocations=172 (full 8):
 PSYoungGen      total 474112K, used 462576K [0x00000000e0700000, 0x0000000100000000, 0x0000000100000000)
  eden space 432128K, 100% used [0x00000000e0700000,0x00000000fad00000,0x00000000fad00000)
  from space 41984K, 72% used [0x00000000fad00000,0x00000000fcabc010,0x00000000fd600000)
  to   space 42496K, 0% used [0x00000000fd680000,0x00000000fd680000,0x0000000100000000)
 ParOldGen       total 481280K, used 344086K [0x00000000a1400000, 0x00000000bea00000, 0x00000000e0700000)
  object space 481280K, 71% used [0x00000000a1400000,0x00000000b6405b78,0x00000000bea00000)
 Metaspace       used 53302K, capacity 53821K, committed 54400K, reserved 1097728K
  class space    used 6310K, capacity 6436K, committed 6528K, reserved 1048576K
Event: 990.202 GC heap after
Heap after GC invocations=172 (full 8):
 PSYoungGen      total 473600K, used 32000K [0x00000000e0700000, 0x0000000100000000, 0x0000000100000000)
  eden space 431104K, 0% used [0x00000000e0700000,0x00000000e0700000,0x00000000fac00000)
  from space 42496K, 75% used [0x00000000fd680000,0x00000000ff5c0000,0x0000000100000000)
  to   space 43008K, 0% used [0x00000000fac00000,0x00000000fac00000,0x00000000fd600000)
 ParOldGen       total 481280K, used 344086K [0x00000000a1400000, 0x00000000bea00000, 0x00000000e0700000)
  object space 481280K, 71% used [0x00000000a1400000,0x00000000b6405b78,0x00000000bea00000)
 Metaspace       used 53302K, capacity 53821K, committed 54400K, reserved 1097728K
  class space    used 6310K, capacity 6436K, committed 6528K, reserved 1048576K
}
Event: 1012.609 GC heap before
{Heap before GC invocations=173 (full 8):
 PSYoungGen      total 473600K, used 463104K [0x00000000e0700000, 0x0000000100000000, 0x0000000100000000)
  eden space 431104K, 100% used [0x00000000e0700000,0x00000000fac00000,0x00000000fac00000)
  from space 42496K, 75% used [0x00000000fd680000,0x00000000ff5c0000,0x0000000100000000)
  to   space 43008K, 0% used [0x00000000fac00000,0x00000000fac00000,0x00000000fd600000)
 ParOldGen       total 481280K, used 344086K [0x00000000a1400000, 0x00000000bea00000, 0x00000000e0700000)
  object space 481280K, 71% used [0x00000000a1400000,0x00000000b6405b78,0x00000000bea00000)
 Metaspace       used 53302K, capacity 53821K, committed 54400K, reserved 1097728K
  class space    used 6310K, capacity 6436K, committed 6528K, reserved 1048576K
Event: 1012.640 GC heap after
Heap after GC invocations=173 (full 8):
 PSYoungGen      total 464384K, used 33120K [0x00000000e0700000, 0x0000000100000000, 0x0000000100000000)
  eden space 431104K, 0% used [0x00000000e0700000,0x00000000e0700000,0x00000000fac00000)
  from space 33280K, 99% used [0x00000000fac00000,0x00000000fcc58010,0x00000000fcc80000)
  to   space 44032K, 0% used [0x00000000fd500000,0x00000000fd500000,0x0000000100000000)
 ParOldGen       total 481280K, used 344086K [0x00000000a1400000, 0x00000000bea00000, 0x00000000e0700000)
  object space 481280K, 71% used [0x00000000a1400000,0x00000000b6405b78,0x00000000bea00000)
 Metaspace       used 53302K, capacity 53821K, committed 54400K, reserved 1097728K
  class space    used 6310K, capacity 6436K, committed 6528K, reserved 1048576K
}

