# JRE version: OpenJDK Runtime Environment (8.0_332-b08) (build 1.8.0_332-b08)
# Java VM: OpenJDK 64-Bit Server VM (25.332-b08 mixed mode windows-amd64 compressed oops)
Heap:
 PSYoungGen      total 345088K, used 5229K [0x00000000e0700000, 0x0000000100000000, 0x0000000100000000)
  eden space 173056K, 3% used [0x00000000e0700000,0x00000000e0c1b608,0x00000000eb000000)
  from space 172032K, 0% used [0x00000000f5800000,0x00000000f5800000,0x0000000100000000)
  to   space 172032K, 0% used [0x00000000eb000000,0x00000000eb000000,0x00000000f5800000)
 ParOldGen       total 870912K, used 370503K [0x00000000a1400000, 0x00000000d6680000, 0x00000000e0700000)
  object space 870912K, 42% used [0x00000000a1400000,0x00000000b7dd1f00,0x00000000d6680000)
 Metaspace       used 54187K, capacity 54643K, committed 55296K, reserved 1097728K
  class space    used 6439K, capacity 6560K, committed 6656K, reserved 1048576K
GC Heap History (10 events):
Event: 122.483 GC heap before
{Heap before GC invocations=61 (full 11):
 PSYoungGen      total 345088K, used 287434K [0x00000000e0700000, 0x0000000100000000, 0x0000000100000000)
  eden space 173056K, 100% used [0x00000000e0700000,0x00000000eb000000,0x00000000eb000000)
  from space 172032K, 66% used [0x00000000eb000000,0x00000000f1fb2b20,0x00000000f5800000)
  to   space 172032K, 0% used [0x00000000f5800000,0x00000000f5800000,0x0000000100000000)
 ParOldGen       total 870912K, used 685799K [0x00000000a1400000, 0x00000000d6680000, 0x00000000e0700000)
  object space 870912K, 78% used [0x00000000a1400000,0x00000000cb1b9d50,0x00000000d6680000)
 Metaspace       used 54173K, capacity 54643K, committed 55296K, reserved 1097728K
  class space    used 6437K, capacity 6560K, committed 6656K, reserved 1048576K
Event: 122.504 GC heap after
Heap after GC invocations=61 (full 11):
 PSYoungGen      total 345088K, used 12256K [0x00000000e0700000, 0x0000000100000000, 0x0000000100000000)
  eden space 173056K, 0% used [0x00000000e0700000,0x00000000e0700000,0x00000000eb000000)
  from space 172032K, 7% used [0x00000000f5800000,0x00000000f63f8000,0x0000000100000000)
  to   space 172032K, 0% used [0x00000000eb000000,0x00000000eb000000,0x00000000f5800000)
 ParOldGen       total 870912K, used 743096K [0x00000000a1400000, 0x00000000d6680000, 0x00000000e0700000)
  object space 870912K, 85% used [0x00000000a1400000,0x00000000ce9ae0d0,0x00000000d6680000)
 Metaspace       used 54173K, capacity 54643K, committed 55296K, reserved 1097728K
  class space    used 6437K, capacity 6560K, committed 6656K, reserved 1048576K
}
Event: 124.130 GC heap before
{Heap before GC invocations=62 (full 11):
 PSYoungGen      total 345088K, used 42513K [0x00000000e0700000, 0x0000000100000000, 0x0000000100000000)
  eden space 173056K, 17% used [0x00000000e0700000,0x00000000e248c498,0x00000000eb000000)
  from space 172032K, 7% used [0x00000000f5800000,0x00000000f63f8000,0x0000000100000000)
  to   space 172032K, 0% used [0x00000000eb000000,0x00000000eb000000,0x00000000f5800000)
 ParOldGen       total 870912K, used 743096K [0x00000000a1400000, 0x00000000d6680000, 0x00000000e0700000)
  object space 870912K, 85% used [0x00000000a1400000,0x00000000ce9ae0d0,0x00000000d6680000)
 Metaspace       used 54176K, capacity 54643K, committed 55296K, reserved 1097728K
  class space    used 6437K, capacity 6560K, committed 6656K, reserved 1048576K
Event: 124.143 GC heap after
Heap after GC invocations=62 (full 11):
 PSYoungGen      total 345088K, used 512K [0x00000000e0700000, 0x0000000100000000, 0x0000000100000000)
  eden space 173056K, 0% used [0x00000000e0700000,0x00000000e0700000,0x00000000eb000000)
  from space 172032K, 0% used [0x00000000eb000000,0x00000000eb080000,0x00000000f5800000)
  to   space 172032K, 0% used [0x00000000f5800000,0x00000000f5800000,0x0000000100000000)
 ParOldGen       total 870912K, used 752182K [0x00000000a1400000, 0x00000000d6680000, 0x00000000e0700000)
  object space 870912K, 86% used [0x00000000a1400000,0x00000000cf28da70,0x00000000d6680000)
 Metaspace       used 54176K, capacity 54643K, committed 55296K, reserved 1097728K
  class space    used 6437K, capacity 6560K, committed 6656K, reserved 1048576K
}
Event: 124.143 GC heap before
{Heap before GC invocations=63 (full 12):
 PSYoungGen      total 345088K, used 512K [0x00000000e0700000, 0x0000000100000000, 0x0000000100000000)
  eden space 173056K, 0% used [0x00000000e0700000,0x00000000e0700000,0x00000000eb000000)
  from space 172032K, 0% used [0x00000000eb000000,0x00000000eb080000,0x00000000f5800000)
  to   space 172032K, 0% used [0x00000000f5800000,0x00000000f5800000,0x0000000100000000)
 ParOldGen       total 870912K, used 752182K [0x00000000a1400000, 0x00000000d6680000, 0x00000000e0700000)
  object space 870912K, 86% used [0x00000000a1400000,0x00000000cf28da70,0x00000000d6680000)
 Metaspace       used 54176K, capacity 54643K, committed 55296K, reserved 1097728K
  class space    used 6437K, capacity 6560K, committed 6656K, reserved 1048576K
Event: 124.586 GC heap after
Heap after GC invocations=63 (full 12):
 PSYoungGen      total 345088K, used 0K [0x00000000e0700000, 0x0000000100000000, 0x0000000100000000)
  eden space 173056K, 0% used [0x00000000e0700000,0x00000000e0700000,0x00000000eb000000)
  from space 172032K, 0% used [0x00000000eb000000,0x00000000eb000000,0x00000000f5800000)
  to   space 172032K, 0% used [0x00000000f5800000,0x00000000f5800000,0x0000000100000000)
 ParOldGen       total 870912K, used 370503K [0x00000000a1400000, 0x00000000d6680000, 0x00000000e0700000)
  object space 870912K, 42% used [0x00000000a1400000,0x00000000b7dd1f20,0x00000000d6680000)
 Metaspace       used 54176K, capacity 54643K, committed 55296K, reserved 1097728K
  class space    used 6437K, capacity 6560K, committed 6656K, reserved 1048576K
}
Event: 124.586 GC heap before
{Heap before GC invocations=64 (full 12):
 PSYoungGen      total 345088K, used 39K [0x00000000e0700000, 0x0000000100000000, 0x0000000100000000)
  eden space 173056K, 0% used [0x00000000e0700000,0x00000000e0709fa8,0x00000000eb000000)
  from space 172032K, 0% used [0x00000000eb000000,0x00000000eb000000,0x00000000f5800000)
  to   space 172032K, 0% used [0x00000000f5800000,0x00000000f5800000,0x0000000100000000)
 ParOldGen       total 870912K, used 370503K [0x00000000a1400000, 0x00000000d6680000, 0x00000000e0700000)
  object space 870912K, 42% used [0x00000000a1400000,0x00000000b7dd1f20,0x00000000d6680000)
 Metaspace       used 54176K, capacity 54643K, committed 55296K, reserved 1097728K
  class space    used 6437K, capacity 6560K, committed 6656K, reserved 1048576K
Event: 124.590 GC heap after
Heap after GC invocations=64 (full 12):
 PSYoungGen      total 345088K, used 64K [0x00000000e0700000, 0x0000000100000000, 0x0000000100000000)
  eden space 173056K, 0% used [0x00000000e0700000,0x00000000e0700000,0x00000000eb000000)
  from space 172032K, 0% used [0x00000000f5800000,0x00000000f5810000,0x0000000100000000)
  to   space 172032K, 0% used [0x00000000eb000000,0x00000000eb000000,0x00000000f5800000)
 ParOldGen       total 870912K, used 370503K [0x00000000a1400000, 0x00000000d6680000, 0x00000000e0700000)
  object space 870912K, 42% used [0x00000000a1400000,0x00000000b7dd1f20,0x00000000d6680000)
 Metaspace       used 54176K, capacity 54643K, committed 55296K, reserved 1097728K
  class space    used 6437K, capacity 6560K, committed 6656K, reserved 1048576K
}
Event: 124.590 GC heap before
{Heap before GC invocations=65 (full 13):
 PSYoungGen      total 345088K, used 64K [0x00000000e0700000, 0x0000000100000000, 0x0000000100000000)
  eden space 173056K, 0% used [0x00000000e0700000,0x00000000e0700000,0x00000000eb000000)
  from space 172032K, 0% used [0x00000000f5800000,0x00000000f5810000,0x0000000100000000)
  to   space 172032K, 0% used [0x00000000eb000000,0x00000000eb000000,0x00000000f5800000)
 ParOldGen       total 870912K, used 370503K [0x00000000a1400000, 0x00000000d6680000, 0x00000000e0700000)
  object space 870912K, 42% used [0x00000000a1400000,0x00000000b7dd1f20,0x00000000d6680000)
 Metaspace       used 54176K, capacity 54643K, committed 55296K, reserved 1097728K
  class space    used 6437K, capacity 6560K, committed 6656K, reserved 1048576K
Event: 124.787 GC heap after
Heap after GC invocations=65 (full 13):
 PSYoungGen      total 345088K, used 0K [0x00000000e0700000, 0x0000000100000000, 0x0000000100000000)
  eden space 173056K, 0% used [0x00000000e0700000,0x00000000e0700000,0x00000000eb000000)
  from space 172032K, 0% used [0x00000000f5800000,0x00000000f5800000,0x0000000100000000)
  to   space 172032K, 0% used [0x00000000eb000000,0x00000000eb000000,0x00000000f5800000)
 ParOldGen       total 870912K, used 370503K [0x00000000a1400000, 0x00000000d6680000, 0x00000000e0700000)
  object space 870912K, 42% used [0x00000000a1400000,0x00000000b7dd1f00,0x00000000d6680000)
 Metaspace       used 54176K, capacity 54643K, committed 55296K, reserved 1097728K
  class space    used 6437K, capacity 6560K, committed 6656K, reserved 1048576K
}

