# JRE version: OpenJDK Runtime Environment (8.0_332-b08) (build 1.8.0_332-b08)
# Java VM: OpenJDK 64-Bit Server VM (25.332-b08 mixed mode windows-amd64 compressed oops)
Heap:
 PSYoungGen      total 440832K, used 165400K [0x00000000e0700000, 0x00000000ffd00000, 0x0000000100000000)
  eden space 369664K, 44% used [0x00000000e0700000,0x00000000ea846150,0x00000000f7000000)
  from space 71168K, 0% used [0x00000000f7000000,0x00000000f7040000,0x00000000fb580000)
  to   space 69120K, 0% used [0x00000000fb980000,0x00000000fb980000,0x00000000ffd00000)
 ParOldGen       total 397312K, used 266917K [0x00000000a1400000, 0x00000000b9800000, 0x00000000e0700000)
  object space 397312K, 67% used [0x00000000a1400000,0x00000000b18a9668,0x00000000b9800000)
 Metaspace       used 101376K, capacity 104485K, committed 104960K, reserved 1142784K
  class space    used 11528K, capacity 12258K, committed 12288K, reserved 1048576K
GC Heap History (10 events):
Event: 315.232 GC heap before
{Heap before GC invocations=84 (full 14):
 PSYoungGen      total 439296K, used 12364K [0x00000000e0700000, 0x00000000fff80000, 0x0000000100000000)
  eden space 361472K, 3% used [0x00000000e0700000,0x00000000e13133b0,0x00000000f6800000)
  from space 77824K, 0% used [0x00000000f6800000,0x00000000f6800000,0x00000000fb400000)
  to   space 75776K, 0% used [0x00000000fb580000,0x00000000fb580000,0x00000000fff80000)
 ParOldGen       total 397312K, used 267516K [0x00000000a1400000, 0x00000000b9800000, 0x00000000e0700000)
  object space 397312K, 67% used [0x00000000a1400000,0x00000000b193f118,0x00000000b9800000)
 Metaspace       used 101257K, capacity 104317K, committed 104704K, reserved 1142784K
  class space    used 11508K, capacity 12224K, committed 12288K, reserved 1048576K
Event: 315.241 GC heap after
Heap after GC invocations=84 (full 14):
 PSYoungGen      total 437760K, used 2424K [0x00000000e0700000, 0x00000000ffc80000, 0x0000000100000000)
  eden space 365056K, 0% used [0x00000000e0700000,0x00000000e0700000,0x00000000f6b80000)
  from space 72704K, 3% used [0x00000000fb580000,0x00000000fb7de2a0,0x00000000ffc80000)
  to   space 74240K, 0% used [0x00000000f6b80000,0x00000000f6b80000,0x00000000fb400000)
 ParOldGen       total 397312K, used 267516K [0x00000000a1400000, 0x00000000b9800000, 0x00000000e0700000)
  object space 397312K, 67% used [0x00000000a1400000,0x00000000b193f118,0x00000000b9800000)
 Metaspace       used 101257K, capacity 104317K, committed 104704K, reserved 1142784K
  class space    used 11508K, capacity 12224K, committed 12288K, reserved 1048576K
}
Event: 315.241 GC heap before
{Heap before GC invocations=85 (full 15):
 PSYoungGen      total 437760K, used 2424K [0x00000000e0700000, 0x00000000ffc80000, 0x0000000100000000)
  eden space 365056K, 0% used [0x00000000e0700000,0x00000000e0700000,0x00000000f6b80000)
  from space 72704K, 3% used [0x00000000fb580000,0x00000000fb7de2a0,0x00000000ffc80000)
  to   space 74240K, 0% used [0x00000000f6b80000,0x00000000f6b80000,0x00000000fb400000)
 ParOldGen       total 397312K, used 267516K [0x00000000a1400000, 0x00000000b9800000, 0x00000000e0700000)
  object space 397312K, 67% used [0x00000000a1400000,0x00000000b193f118,0x00000000b9800000)
 Metaspace       used 101257K, capacity 104317K, committed 104704K, reserved 1142784K
  class space    used 11508K, capacity 12224K, committed 12288K, reserved 1048576K
Event: 315.627 GC heap after
Heap after GC invocations=85 (full 15):
 PSYoungGen      total 437760K, used 0K [0x00000000e0700000, 0x00000000ffc80000, 0x0000000100000000)
  eden space 365056K, 0% used [0x00000000e0700000,0x00000000e0700000,0x00000000f6b80000)
  from space 72704K, 0% used [0x00000000fb580000,0x00000000fb580000,0x00000000ffc80000)
  to   space 74240K, 0% used [0x00000000f6b80000,0x00000000f6b80000,0x00000000fb400000)
 ParOldGen       total 397312K, used 266909K [0x00000000a1400000, 0x00000000b9800000, 0x00000000e0700000)
  object space 397312K, 67% used [0x00000000a1400000,0x00000000b18a7668,0x00000000b9800000)
 Metaspace       used 101257K, capacity 104317K, committed 104704K, reserved 1142784K
  class space    used 11508K, capacity 12224K, committed 12288K, reserved 1048576K
}
Event: 323.908 GC heap before
{Heap before GC invocations=86 (full 15):
 PSYoungGen      total 437760K, used 365056K [0x00000000e0700000, 0x00000000ffc80000, 0x0000000100000000)
  eden space 365056K, 100% used [0x00000000e0700000,0x00000000f6b80000,0x00000000f6b80000)
  from space 72704K, 0% used [0x00000000fb580000,0x00000000fb580000,0x00000000ffc80000)
  to   space 74240K, 0% used [0x00000000f6b80000,0x00000000f6b80000,0x00000000fb400000)
 ParOldGen       total 397312K, used 266909K [0x00000000a1400000, 0x00000000b9800000, 0x00000000e0700000)
  object space 397312K, 67% used [0x00000000a1400000,0x00000000b18a7668,0x00000000b9800000)
 Metaspace       used 101257K, capacity 104317K, committed 104704K, reserved 1142784K
  class space    used 11508K, capacity 12224K, committed 12288K, reserved 1048576K
Event: 323.920 GC heap after
Heap after GC invocations=86 (full 15):
 PSYoungGen      total 439296K, used 256K [0x00000000e0700000, 0x00000000fff80000, 0x0000000100000000)
  eden space 365056K, 0% used [0x00000000e0700000,0x00000000e0700000,0x00000000f6b80000)
  from space 74240K, 0% used [0x00000000f6b80000,0x00000000f6bc0000,0x00000000fb400000)
  to   space 73216K, 0% used [0x00000000fb800000,0x00000000fb800000,0x00000000fff80000)
 ParOldGen       total 397312K, used 266909K [0x00000000a1400000, 0x00000000b9800000, 0x00000000e0700000)
  object space 397312K, 67% used [0x00000000a1400000,0x00000000b18a7668,0x00000000b9800000)
 Metaspace       used 101257K, capacity 104317K, committed 104704K, reserved 1142784K
  class space    used 11508K, capacity 12224K, committed 12288K, reserved 1048576K
}
Event: 334.970 GC heap before
{Heap before GC invocations=87 (full 15):
 PSYoungGen      total 439296K, used 365312K [0x00000000e0700000, 0x00000000fff80000, 0x0000000100000000)
  eden space 365056K, 100% used [0x00000000e0700000,0x00000000f6b80000,0x00000000f6b80000)
  from space 74240K, 0% used [0x00000000f6b80000,0x00000000f6bc0000,0x00000000fb400000)
  to   space 73216K, 0% used [0x00000000fb800000,0x00000000fb800000,0x00000000fff80000)
 ParOldGen       total 397312K, used 266909K [0x00000000a1400000, 0x00000000b9800000, 0x00000000e0700000)
  object space 397312K, 67% used [0x00000000a1400000,0x00000000b18a7668,0x00000000b9800000)
 Metaspace       used 101257K, capacity 104317K, committed 104704K, reserved 1142784K
  class space    used 11508K, capacity 12224K, committed 12288K, reserved 1048576K
Event: 334.979 GC heap after
Heap after GC invocations=87 (full 15):
 PSYoungGen      total 438272K, used 288K [0x00000000e0700000, 0x00000000ffb00000, 0x0000000100000000)
  eden space 369664K, 0% used [0x00000000e0700000,0x00000000e0700000,0x00000000f7000000)
  from space 68608K, 0% used [0x00000000fb800000,0x00000000fb848000,0x00000000ffb00000)
  to   space 71168K, 0% used [0x00000000f7000000,0x00000000f7000000,0x00000000fb580000)
 ParOldGen       total 397312K, used 266917K [0x00000000a1400000, 0x00000000b9800000, 0x00000000e0700000)
  object space 397312K, 67% used [0x00000000a1400000,0x00000000b18a9668,0x00000000b9800000)
 Metaspace       used 101257K, capacity 104317K, committed 104704K, reserved 1142784K
  class space    used 11508K, capacity 12224K, committed 12288K, reserved 1048576K
}
Event: 345.134 GC heap before
{Heap before GC invocations=88 (full 15):
 PSYoungGen      total 438272K, used 369952K [0x00000000e0700000, 0x00000000ffb00000, 0x0000000100000000)
  eden space 369664K, 100% used [0x00000000e0700000,0x00000000f7000000,0x00000000f7000000)
  from space 68608K, 0% used [0x00000000fb800000,0x00000000fb848000,0x00000000ffb00000)
  to   space 71168K, 0% used [0x00000000f7000000,0x00000000f7000000,0x00000000fb580000)
 ParOldGen       total 397312K, used 266917K [0x00000000a1400000, 0x00000000b9800000, 0x00000000e0700000)
  object space 397312K, 67% used [0x00000000a1400000,0x00000000b18a9668,0x00000000b9800000)
 Metaspace       used 101257K, capacity 104317K, committed 104704K, reserved 1142784K
  class space    used 11508K, capacity 12224K, committed 12288K, reserved 1048576K
Event: 345.140 GC heap after
Heap after GC invocations=88 (full 15):
 PSYoungGen      total 440832K, used 256K [0x00000000e0700000, 0x00000000ffd00000, 0x0000000100000000)
  eden space 369664K, 0% used [0x00000000e0700000,0x00000000e0700000,0x00000000f7000000)
  from space 71168K, 0% used [0x00000000f7000000,0x00000000f7040000,0x00000000fb580000)
  to   space 69120K, 0% used [0x00000000fb980000,0x00000000fb980000,0x00000000ffd00000)
 ParOldGen       total 397312K, used 266917K [0x00000000a1400000, 0x00000000b9800000, 0x00000000e0700000)
  object space 397312K, 67% used [0x00000000a1400000,0x00000000b18a9668,0x00000000b9800000)
 Metaspace       used 101257K, capacity 104317K, committed 104704K, reserved 1142784K
  class space    used 11508K, capacity 12224K, committed 12288K, reserved 1048576K
}

