# JRE version: OpenJDK Runtime Environment (8.0_332-b08) (build 1.8.0_332-b08)
# Java VM: OpenJDK 64-Bit Server VM (25.332-b08 mixed mode windows-amd64 compressed oops)
Heap:
 PSYoungGen      total 230912K, used 182359K [0x00000000e0700000, 0x00000000ef500000, 0x0000000100000000)
  eden space 220160K, 80% used [0x00000000e0700000,0x00000000eb4f9790,0x00000000ede00000)
  from space 10752K, 39% used [0x00000000eea80000,0x00000000eee9c768,0x00000000ef500000)
  to   space 11776K, 0% used [0x00000000ede00000,0x00000000ede00000,0x00000000ee980000)
 ParOldGen       total 1035264K, used 918208K [0x00000000a1400000, 0x00000000e0700000, 0x00000000e0700000)
  object space 1035264K, 88% used [0x00000000a1400000,0x00000000d94b0258,0x00000000e0700000)
 Metaspace       used 54657K, capacity 55077K, committed 55808K, reserved 1097728K
  class space    used 6457K, capacity 6563K, committed 6656K, reserved 1048576K
GC Heap History (10 events):
Event: 358.307 GC heap before
{Heap before GC invocations=129 (full 11):
 PSYoungGen      total 233472K, used 222000K [0x00000000e0700000, 0x00000000efa80000, 0x0000000100000000)
  eden space 217600K, 100% used [0x00000000e0700000,0x00000000edb80000,0x00000000edb80000)
  from space 15872K, 27% used [0x00000000edb80000,0x00000000edfcc1a8,0x00000000eeb00000)
  to   space 15360K, 0% used [0x00000000eeb80000,0x00000000eeb80000,0x00000000efa80000)
 ParOldGen       total 1035264K, used 917369K [0x00000000a1400000, 0x00000000e0700000, 0x00000000e0700000)
  object space 1035264K, 88% used [0x00000000a1400000,0x00000000d93de6c8,0x00000000e0700000)
 Metaspace       used 54598K, capacity 55077K, committed 55808K, reserved 1097728K
  class space    used 6450K, capacity 6563K, committed 6656K, reserved 1048576K
Event: 358.318 GC heap after
Heap after GC invocations=129 (full 11):
 PSYoungGen      total 231936K, used 4302K [0x00000000e0700000, 0x00000000ef880000, 0x0000000100000000)
  eden space 218624K, 0% used [0x00000000e0700000,0x00000000e0700000,0x00000000edc80000)
  from space 13312K, 32% used [0x00000000eeb80000,0x00000000eefb3bd8,0x00000000ef880000)
  to   space 14336K, 0% used [0x00000000edc80000,0x00000000edc80000,0x00000000eea80000)
 ParOldGen       total 1035264K, used 917546K [0x00000000a1400000, 0x00000000e0700000, 0x00000000e0700000)
  object space 1035264K, 88% used [0x00000000a1400000,0x00000000d940a8f8,0x00000000e0700000)
 Metaspace       used 54598K, capacity 55077K, committed 55808K, reserved 1097728K
  class space    used 6450K, capacity 6563K, committed 6656K, reserved 1048576K
}
Event: 364.119 GC heap before
{Heap before GC invocations=130 (full 11):
 PSYoungGen      total 231936K, used 222926K [0x00000000e0700000, 0x00000000ef880000, 0x0000000100000000)
  eden space 218624K, 100% used [0x00000000e0700000,0x00000000edc80000,0x00000000edc80000)
  from space 13312K, 32% used [0x00000000eeb80000,0x00000000eefb3bd8,0x00000000ef880000)
  to   space 14336K, 0% used [0x00000000edc80000,0x00000000edc80000,0x00000000eea80000)
 ParOldGen       total 1035264K, used 917546K [0x00000000a1400000, 0x00000000e0700000, 0x00000000e0700000)
  object space 1035264K, 88% used [0x00000000a1400000,0x00000000d940a8f8,0x00000000e0700000)
 Metaspace       used 54600K, capacity 55077K, committed 55808K, reserved 1097728K
  class space    used 6450K, capacity 6563K, committed 6656K, reserved 1048576K
Event: 364.133 GC heap after
Heap after GC invocations=130 (full 11):
 PSYoungGen      total 232960K, used 4178K [0x00000000e0700000, 0x00000000ef880000, 0x0000000100000000)
  eden space 218624K, 0% used [0x00000000e0700000,0x00000000e0700000,0x00000000edc80000)
  from space 14336K, 29% used [0x00000000edc80000,0x00000000ee094a88,0x00000000eea80000)
  to   space 13824K, 0% used [0x00000000eeb00000,0x00000000eeb00000,0x00000000ef880000)
 ParOldGen       total 1035264K, used 917666K [0x00000000a1400000, 0x00000000e0700000, 0x00000000e0700000)
  object space 1035264K, 88% used [0x00000000a1400000,0x00000000d94288f8,0x00000000e0700000)
 Metaspace       used 54600K, capacity 55077K, committed 55808K, reserved 1097728K
  class space    used 6450K, capacity 6563K, committed 6656K, reserved 1048576K
}
Event: 370.428 GC heap before
{Heap before GC invocations=131 (full 11):
 PSYoungGen      total 232960K, used 222802K [0x00000000e0700000, 0x00000000ef880000, 0x0000000100000000)
  eden space 218624K, 100% used [0x00000000e0700000,0x00000000edc80000,0x00000000edc80000)
  from space 14336K, 29% used [0x00000000edc80000,0x00000000ee094a88,0x00000000eea80000)
  to   space 13824K, 0% used [0x00000000eeb00000,0x00000000eeb00000,0x00000000ef880000)
 ParOldGen       total 1035264K, used 917666K [0x00000000a1400000, 0x00000000e0700000, 0x00000000e0700000)
  object space 1035264K, 88% used [0x00000000a1400000,0x00000000d94288f8,0x00000000e0700000)
 Metaspace       used 54600K, capacity 55077K, committed 55808K, reserved 1097728K
  class space    used 6450K, capacity 6563K, committed 6656K, reserved 1048576K
Event: 370.437 GC heap after
Heap after GC invocations=131 (full 11):
 PSYoungGen      total 231424K, used 4075K [0x00000000e0700000, 0x00000000ef680000, 0x0000000100000000)
  eden space 219648K, 0% used [0x00000000e0700000,0x00000000e0700000,0x00000000edd80000)
  from space 11776K, 34% used [0x00000000eeb00000,0x00000000eeeface8,0x00000000ef680000)
  to   space 12800K, 0% used [0x00000000edd80000,0x00000000edd80000,0x00000000eea00000)
 ParOldGen       total 1035264K, used 917874K [0x00000000a1400000, 0x00000000e0700000, 0x00000000e0700000)
  object space 1035264K, 88% used [0x00000000a1400000,0x00000000d945cad8,0x00000000e0700000)
 Metaspace       used 54600K, capacity 55077K, committed 55808K, reserved 1097728K
  class space    used 6450K, capacity 6563K, committed 6656K, reserved 1048576K
}
Event: 376.554 GC heap before
{Heap before GC invocations=132 (full 11):
 PSYoungGen      total 231424K, used 223723K [0x00000000e0700000, 0x00000000ef680000, 0x0000000100000000)
  eden space 219648K, 100% used [0x00000000e0700000,0x00000000edd80000,0x00000000edd80000)
  from space 11776K, 34% used [0x00000000eeb00000,0x00000000eeeface8,0x00000000ef680000)
  to   space 12800K, 0% used [0x00000000edd80000,0x00000000edd80000,0x00000000eea00000)
 ParOldGen       total 1035264K, used 917874K [0x00000000a1400000, 0x00000000e0700000, 0x00000000e0700000)
  object space 1035264K, 88% used [0x00000000a1400000,0x00000000d945cad8,0x00000000e0700000)
 Metaspace       used 54601K, capacity 55077K, committed 55808K, reserved 1097728K
  class space    used 6450K, capacity 6563K, committed 6656K, reserved 1048576K
Event: 376.568 GC heap after
Heap after GC invocations=132 (full 11):
 PSYoungGen      total 232448K, used 4426K [0x00000000e0700000, 0x00000000ef680000, 0x0000000100000000)
  eden space 219648K, 0% used [0x00000000e0700000,0x00000000e0700000,0x00000000edd80000)
  from space 12800K, 34% used [0x00000000edd80000,0x00000000ee1d2a18,0x00000000eea00000)
  to   space 12288K, 0% used [0x00000000eea80000,0x00000000eea80000,0x00000000ef680000)
 ParOldGen       total 1035264K, used 918002K [0x00000000a1400000, 0x00000000e0700000, 0x00000000e0700000)
  object space 1035264K, 88% used [0x00000000a1400000,0x00000000d947cad8,0x00000000e0700000)
 Metaspace       used 54601K, capacity 55077K, committed 55808K, reserved 1097728K
  class space    used 6450K, capacity 6563K, committed 6656K, reserved 1048576K
}
Event: 382.626 GC heap before
{Heap before GC invocations=133 (full 11):
 PSYoungGen      total 232448K, used 224074K [0x00000000e0700000, 0x00000000ef680000, 0x0000000100000000)
  eden space 219648K, 100% used [0x00000000e0700000,0x00000000edd80000,0x00000000edd80000)
  from space 12800K, 34% used [0x00000000edd80000,0x00000000ee1d2a18,0x00000000eea00000)
  to   space 12288K, 0% used [0x00000000eea80000,0x00000000eea80000,0x00000000ef680000)
 ParOldGen       total 1035264K, used 918002K [0x00000000a1400000, 0x00000000e0700000, 0x00000000e0700000)
  object space 1035264K, 88% used [0x00000000a1400000,0x00000000d947cad8,0x00000000e0700000)
 Metaspace       used 54601K, capacity 55077K, committed 55808K, reserved 1097728K
  class space    used 6450K, capacity 6563K, committed 6656K, reserved 1048576K
Event: 382.635 GC heap after
Heap after GC invocations=133 (full 11):
 PSYoungGen      total 230912K, used 4209K [0x00000000e0700000, 0x00000000ef500000, 0x0000000100000000)
  eden space 220160K, 0% used [0x00000000e0700000,0x00000000e0700000,0x00000000ede00000)
  from space 10752K, 39% used [0x00000000eea80000,0x00000000eee9c768,0x00000000ef500000)
  to   space 11776K, 0% used [0x00000000ede00000,0x00000000ede00000,0x00000000ee980000)
 ParOldGen       total 1035264K, used 918208K [0x00000000a1400000, 0x00000000e0700000, 0x00000000e0700000)
  object space 1035264K, 88% used [0x00000000a1400000,0x00000000d94b0258,0x00000000e0700000)
 Metaspace       used 54601K, capacity 55077K, committed 55808K, reserved 1097728K
  class space    used 6450K, capacity 6563K, committed 6656K, reserved 1048576K
}

