# JRE version: OpenJDK Runtime Environment (8.0_332-b08) (build 1.8.0_332-b08)
# Java VM: OpenJDK 64-Bit Server VM (25.332-b08 mixed mode windows-amd64 compressed oops)
Heap:
 PSYoungGen      total 345088K, used 4789K [0x00000000e0700000, 0x0000000100000000, 0x0000000100000000)
  eden space 173056K, 2% used [0x00000000e0700000,0x00000000e0bad400,0x00000000eb000000)
  from space 172032K, 0% used [0x00000000eb000000,0x00000000eb000000,0x00000000f5800000)
  to   space 172032K, 0% used [0x00000000f5800000,0x00000000f5800000,0x0000000100000000)
 ParOldGen       total 847360K, used 381162K [0x00000000a1400000, 0x00000000d4f80000, 0x00000000e0700000)
  object space 847360K, 44% used [0x00000000a1400000,0x00000000b883a838,0x00000000d4f80000)
 Metaspace       used 53844K, capacity 54265K, committed 54784K, reserved 1097728K
  class space    used 6435K, capacity 6561K, committed 6656K, reserved 1048576K
GC Heap History (10 events):
Event: 127.225 GC heap before
{Heap before GC invocations=52 (full 11):
 PSYoungGen      total 345088K, used 173056K [0x00000000e0700000, 0x0000000100000000, 0x0000000100000000)
  eden space 173056K, 100% used [0x00000000e0700000,0x00000000eb000000,0x00000000eb000000)
  from space 172032K, 0% used [0x00000000f5800000,0x00000000f5800000,0x0000000100000000)
  to   space 172032K, 0% used [0x00000000eb000000,0x00000000eb000000,0x00000000f5800000)
 ParOldGen       total 847360K, used 577971K [0x00000000a1400000, 0x00000000d4f80000, 0x00000000e0700000)
  object space 847360K, 68% used [0x00000000a1400000,0x00000000c486cca8,0x00000000d4f80000)
 Metaspace       used 53807K, capacity 54201K, committed 54784K, reserved 1097728K
  class space    used 6429K, capacity 6561K, committed 6656K, reserved 1048576K
Event: 127.283 GC heap after
Heap after GC invocations=52 (full 11):
 PSYoungGen      total 345088K, used 111449K [0x00000000e0700000, 0x0000000100000000, 0x0000000100000000)
  eden space 173056K, 0% used [0x00000000e0700000,0x00000000e0700000,0x00000000eb000000)
  from space 172032K, 64% used [0x00000000eb000000,0x00000000f1cd66c0,0x00000000f5800000)
  to   space 172032K, 0% used [0x00000000f5800000,0x00000000f5800000,0x0000000100000000)
 ParOldGen       total 847360K, used 577979K [0x00000000a1400000, 0x00000000d4f80000, 0x00000000e0700000)
  object space 847360K, 68% used [0x00000000a1400000,0x00000000c486eca8,0x00000000d4f80000)
 Metaspace       used 53807K, capacity 54201K, committed 54784K, reserved 1097728K
  class space    used 6429K, capacity 6561K, committed 6656K, reserved 1048576K
}
Event: 134.686 GC heap before
{Heap before GC invocations=53 (full 11):
 PSYoungGen      total 345088K, used 237820K [0x00000000e0700000, 0x0000000100000000, 0x0000000100000000)
  eden space 173056K, 73% used [0x00000000e0700000,0x00000000e82689a0,0x00000000eb000000)
  from space 172032K, 64% used [0x00000000eb000000,0x00000000f1cd66c0,0x00000000f5800000)
  to   space 172032K, 0% used [0x00000000f5800000,0x00000000f5800000,0x0000000100000000)
 ParOldGen       total 847360K, used 577979K [0x00000000a1400000, 0x00000000d4f80000, 0x00000000e0700000)
  object space 847360K, 68% used [0x00000000a1400000,0x00000000c486eca8,0x00000000d4f80000)
 Metaspace       used 53829K, capacity 54265K, committed 54784K, reserved 1097728K
  class space    used 6433K, capacity 6561K, committed 6656K, reserved 1048576K
Event: 134.703 GC heap after
Heap after GC invocations=53 (full 11):
 PSYoungGen      total 345088K, used 1216K [0x00000000e0700000, 0x0000000100000000, 0x0000000100000000)
  eden space 173056K, 0% used [0x00000000e0700000,0x00000000e0700000,0x00000000eb000000)
  from space 172032K, 0% used [0x00000000f5800000,0x00000000f5930000,0x0000000100000000)
  to   space 172032K, 0% used [0x00000000eb000000,0x00000000eb000000,0x00000000f5800000)
 ParOldGen       total 847360K, used 597406K [0x00000000a1400000, 0x00000000d4f80000, 0x00000000e0700000)
  object space 847360K, 70% used [0x00000000a1400000,0x00000000c5b67908,0x00000000d4f80000)
 Metaspace       used 53829K, capacity 54265K, committed 54784K, reserved 1097728K
  class space    used 6433K, capacity 6561K, committed 6656K, reserved 1048576K
}
Event: 134.703 GC heap before
{Heap before GC invocations=54 (full 12):
 PSYoungGen      total 345088K, used 1216K [0x00000000e0700000, 0x0000000100000000, 0x0000000100000000)
  eden space 173056K, 0% used [0x00000000e0700000,0x00000000e0700000,0x00000000eb000000)
  from space 172032K, 0% used [0x00000000f5800000,0x00000000f5930000,0x0000000100000000)
  to   space 172032K, 0% used [0x00000000eb000000,0x00000000eb000000,0x00000000f5800000)
 ParOldGen       total 847360K, used 597406K [0x00000000a1400000, 0x00000000d4f80000, 0x00000000e0700000)
  object space 847360K, 70% used [0x00000000a1400000,0x00000000c5b67908,0x00000000d4f80000)
 Metaspace       used 53829K, capacity 54265K, committed 54784K, reserved 1097728K
  class space    used 6433K, capacity 6561K, committed 6656K, reserved 1048576K
Event: 135.186 GC heap after
Heap after GC invocations=54 (full 12):
 PSYoungGen      total 345088K, used 0K [0x00000000e0700000, 0x0000000100000000, 0x0000000100000000)
  eden space 173056K, 0% used [0x00000000e0700000,0x00000000e0700000,0x00000000eb000000)
  from space 172032K, 0% used [0x00000000f5800000,0x00000000f5800000,0x0000000100000000)
  to   space 172032K, 0% used [0x00000000eb000000,0x00000000eb000000,0x00000000f5800000)
 ParOldGen       total 847360K, used 381162K [0x00000000a1400000, 0x00000000d4f80000, 0x00000000e0700000)
  object space 847360K, 44% used [0x00000000a1400000,0x00000000b883a838,0x00000000d4f80000)
 Metaspace       used 53829K, capacity 54265K, committed 54784K, reserved 1097728K
  class space    used 6433K, capacity 6561K, committed 6656K, reserved 1048576K
}
Event: 135.186 GC heap before
{Heap before GC invocations=55 (full 12):
 PSYoungGen      total 345088K, used 0K [0x00000000e0700000, 0x0000000100000000, 0x0000000100000000)
  eden space 173056K, 0% used [0x00000000e0700000,0x00000000e0700000,0x00000000eb000000)
  from space 172032K, 0% used [0x00000000f5800000,0x00000000f5800000,0x0000000100000000)
  to   space 172032K, 0% used [0x00000000eb000000,0x00000000eb000000,0x00000000f5800000)
 ParOldGen       total 847360K, used 381162K [0x00000000a1400000, 0x00000000d4f80000, 0x00000000e0700000)
  object space 847360K, 44% used [0x00000000a1400000,0x00000000b883a838,0x00000000d4f80000)
 Metaspace       used 53829K, capacity 54265K, committed 54784K, reserved 1097728K
  class space    used 6433K, capacity 6561K, committed 6656K, reserved 1048576K
Event: 135.191 GC heap after
Heap after GC invocations=55 (full 12):
 PSYoungGen      total 345088K, used 0K [0x00000000e0700000, 0x0000000100000000, 0x0000000100000000)
  eden space 173056K, 0% used [0x00000000e0700000,0x00000000e0700000,0x00000000eb000000)
  from space 172032K, 0% used [0x00000000eb000000,0x00000000eb000000,0x00000000f5800000)
  to   space 172032K, 0% used [0x00000000f5800000,0x00000000f5800000,0x0000000100000000)
 ParOldGen       total 847360K, used 381162K [0x00000000a1400000, 0x00000000d4f80000, 0x00000000e0700000)
  object space 847360K, 44% used [0x00000000a1400000,0x00000000b883a838,0x00000000d4f80000)
 Metaspace       used 53829K, capacity 54265K, committed 54784K, reserved 1097728K
  class space    used 6433K, capacity 6561K, committed 6656K, reserved 1048576K
}
Event: 135.191 GC heap before
{Heap before GC invocations=56 (full 13):
 PSYoungGen      total 345088K, used 0K [0x00000000e0700000, 0x0000000100000000, 0x0000000100000000)
  eden space 173056K, 0% used [0x00000000e0700000,0x00000000e0700000,0x00000000eb000000)
  from space 172032K, 0% used [0x00000000eb000000,0x00000000eb000000,0x00000000f5800000)
  to   space 172032K, 0% used [0x00000000f5800000,0x00000000f5800000,0x0000000100000000)
 ParOldGen       total 847360K, used 381162K [0x00000000a1400000, 0x00000000d4f80000, 0x00000000e0700000)
  object space 847360K, 44% used [0x00000000a1400000,0x00000000b883a838,0x00000000d4f80000)
 Metaspace       used 53829K, capacity 54265K, committed 54784K, reserved 1097728K
  class space    used 6433K, capacity 6561K, committed 6656K, reserved 1048576K
Event: 135.385 GC heap after
Heap after GC invocations=56 (full 13):
 PSYoungGen      total 345088K, used 0K [0x00000000e0700000, 0x0000000100000000, 0x0000000100000000)
  eden space 173056K, 0% used [0x00000000e0700000,0x00000000e0700000,0x00000000eb000000)
  from space 172032K, 0% used [0x00000000eb000000,0x00000000eb000000,0x00000000f5800000)
  to   space 172032K, 0% used [0x00000000f5800000,0x00000000f5800000,0x0000000100000000)
 ParOldGen       total 847360K, used 381162K [0x00000000a1400000, 0x00000000d4f80000, 0x00000000e0700000)
  object space 847360K, 44% used [0x00000000a1400000,0x00000000b883a838,0x00000000d4f80000)
 Metaspace       used 53829K, capacity 54265K, committed 54784K, reserved 1097728K
  class space    used 6433K, capacity 6561K, committed 6656K, reserved 1048576K
}

