# JRE version: OpenJDK Runtime Environment (8.0_332-b08) (build 1.8.0_332-b08)
# Java VM: OpenJDK 64-Bit Server VM (25.332-b08 mixed mode windows-amd64 compressed oops)
Heap:
 PSYoungGen      total 345088K, used 5838K [0x00000000e0700000, 0x0000000100000000, 0x0000000100000000)
  eden space 173056K, 3% used [0x00000000e0700000,0x00000000e0cb3a68,0x00000000eb000000)
  from space 172032K, 0% used [0x00000000eb000000,0x00000000eb000000,0x00000000f5800000)
  to   space 172032K, 0% used [0x00000000f5800000,0x00000000f5800000,0x0000000100000000)
 ParOldGen       total 800256K, used 327980K [0x00000000a1400000, 0x00000000d2180000, 0x00000000e0700000)
  object space 800256K, 40% used [0x00000000a1400000,0x00000000b544b2d8,0x00000000d2180000)
 Metaspace       used 53546K, capacity 53971K, committed 54400K, reserved 1097728K
  class space    used 6409K, capacity 6528K, committed 6528K, reserved 1048576K
GC Heap History (10 events):
Event: 79.745 GC heap before
{Heap before GC invocations=51 (full 10):
 PSYoungGen      total 345088K, used 173056K [0x00000000e0700000, 0x0000000100000000, 0x0000000100000000)
  eden space 173056K, 100% used [0x00000000e0700000,0x00000000eb000000,0x00000000eb000000)
  from space 172032K, 0% used [0x00000000f5800000,0x00000000f5800000,0x0000000100000000)
  to   space 172032K, 0% used [0x00000000eb000000,0x00000000eb000000,0x00000000f5800000)
 ParOldGen       total 800256K, used 561985K [0x00000000a1400000, 0x00000000d2180000, 0x00000000e0700000)
  object space 800256K, 70% used [0x00000000a1400000,0x00000000c38d0678,0x00000000d2180000)
 Metaspace       used 53480K, capacity 53907K, committed 54400K, reserved 1097728K
  class space    used 6400K, capacity 6528K, committed 6528K, reserved 1048576K
Event: 79.774 GC heap after
Heap after GC invocations=51 (full 10):
 PSYoungGen      total 345088K, used 108352K [0x00000000e0700000, 0x0000000100000000, 0x0000000100000000)
  eden space 173056K, 0% used [0x00000000e0700000,0x00000000e0700000,0x00000000eb000000)
  from space 172032K, 62% used [0x00000000eb000000,0x00000000f19d0070,0x00000000f5800000)
  to   space 172032K, 0% used [0x00000000f5800000,0x00000000f5800000,0x0000000100000000)
 ParOldGen       total 800256K, used 561993K [0x00000000a1400000, 0x00000000d2180000, 0x00000000e0700000)
  object space 800256K, 70% used [0x00000000a1400000,0x00000000c38d2678,0x00000000d2180000)
 Metaspace       used 53480K, capacity 53907K, committed 54400K, reserved 1097728K
  class space    used 6400K, capacity 6528K, committed 6528K, reserved 1048576K
}
Event: 88.215 GC heap before
{Heap before GC invocations=52 (full 10):
 PSYoungGen      total 345088K, used 265737K [0x00000000e0700000, 0x0000000100000000, 0x0000000100000000)
  eden space 173056K, 90% used [0x00000000e0700000,0x00000000ea0b2660,0x00000000eb000000)
  from space 172032K, 62% used [0x00000000eb000000,0x00000000f19d0070,0x00000000f5800000)
  to   space 172032K, 0% used [0x00000000f5800000,0x00000000f5800000,0x0000000100000000)
 ParOldGen       total 800256K, used 561993K [0x00000000a1400000, 0x00000000d2180000, 0x00000000e0700000)
  object space 800256K, 70% used [0x00000000a1400000,0x00000000c38d2678,0x00000000d2180000)
 Metaspace       used 53534K, capacity 53971K, committed 54400K, reserved 1097728K
  class space    used 6407K, capacity 6528K, committed 6528K, reserved 1048576K
Event: 88.229 GC heap after
Heap after GC invocations=52 (full 10):
 PSYoungGen      total 345088K, used 6880K [0x00000000e0700000, 0x0000000100000000, 0x0000000100000000)
  eden space 173056K, 0% used [0x00000000e0700000,0x00000000e0700000,0x00000000eb000000)
  from space 172032K, 3% used [0x00000000f5800000,0x00000000f5eb8060,0x0000000100000000)
  to   space 172032K, 0% used [0x00000000eb000000,0x00000000eb000000,0x00000000f5800000)
 ParOldGen       total 800256K, used 562001K [0x00000000a1400000, 0x00000000d2180000, 0x00000000e0700000)
  object space 800256K, 70% used [0x00000000a1400000,0x00000000c38d4678,0x00000000d2180000)
 Metaspace       used 53534K, capacity 53971K, committed 54400K, reserved 1097728K
  class space    used 6407K, capacity 6528K, committed 6528K, reserved 1048576K
}
Event: 88.229 GC heap before
{Heap before GC invocations=53 (full 11):
 PSYoungGen      total 345088K, used 6880K [0x00000000e0700000, 0x0000000100000000, 0x0000000100000000)
  eden space 173056K, 0% used [0x00000000e0700000,0x00000000e0700000,0x00000000eb000000)
  from space 172032K, 3% used [0x00000000f5800000,0x00000000f5eb8060,0x0000000100000000)
  to   space 172032K, 0% used [0x00000000eb000000,0x00000000eb000000,0x00000000f5800000)
 ParOldGen       total 800256K, used 562001K [0x00000000a1400000, 0x00000000d2180000, 0x00000000e0700000)
  object space 800256K, 70% used [0x00000000a1400000,0x00000000c38d4678,0x00000000d2180000)
 Metaspace       used 53534K, capacity 53971K, committed 54400K, reserved 1097728K
  class space    used 6407K, capacity 6528K, committed 6528K, reserved 1048576K
Event: 88.655 GC heap after
Heap after GC invocations=53 (full 11):
 PSYoungGen      total 345088K, used 0K [0x00000000e0700000, 0x0000000100000000, 0x0000000100000000)
  eden space 173056K, 0% used [0x00000000e0700000,0x00000000e0700000,0x00000000eb000000)
  from space 172032K, 0% used [0x00000000f5800000,0x00000000f5800000,0x0000000100000000)
  to   space 172032K, 0% used [0x00000000eb000000,0x00000000eb000000,0x00000000f5800000)
 ParOldGen       total 800256K, used 327980K [0x00000000a1400000, 0x00000000d2180000, 0x00000000e0700000)
  object space 800256K, 40% used [0x00000000a1400000,0x00000000b544b2f0,0x00000000d2180000)
 Metaspace       used 53534K, capacity 53971K, committed 54400K, reserved 1097728K
  class space    used 6407K, capacity 6528K, committed 6528K, reserved 1048576K
}
Event: 88.655 GC heap before
{Heap before GC invocations=54 (full 11):
 PSYoungGen      total 345088K, used 1469K [0x00000000e0700000, 0x0000000100000000, 0x0000000100000000)
  eden space 173056K, 0% used [0x00000000e0700000,0x00000000e086f5c0,0x00000000eb000000)
  from space 172032K, 0% used [0x00000000f5800000,0x00000000f5800000,0x0000000100000000)
  to   space 172032K, 0% used [0x00000000eb000000,0x00000000eb000000,0x00000000f5800000)
 ParOldGen       total 800256K, used 327980K [0x00000000a1400000, 0x00000000d2180000, 0x00000000e0700000)
  object space 800256K, 40% used [0x00000000a1400000,0x00000000b544b2f0,0x00000000d2180000)
 Metaspace       used 53534K, capacity 53971K, committed 54400K, reserved 1097728K
  class space    used 6407K, capacity 6528K, committed 6528K, reserved 1048576K
Event: 88.659 GC heap after
Heap after GC invocations=54 (full 11):
 PSYoungGen      total 345088K, used 96K [0x00000000e0700000, 0x0000000100000000, 0x0000000100000000)
  eden space 173056K, 0% used [0x00000000e0700000,0x00000000e0700000,0x00000000eb000000)
  from space 172032K, 0% used [0x00000000eb000000,0x00000000eb018000,0x00000000f5800000)
  to   space 172032K, 0% used [0x00000000f5800000,0x00000000f5800000,0x0000000100000000)
 ParOldGen       total 800256K, used 327980K [0x00000000a1400000, 0x00000000d2180000, 0x00000000e0700000)
  object space 800256K, 40% used [0x00000000a1400000,0x00000000b544b2f0,0x00000000d2180000)
 Metaspace       used 53534K, capacity 53971K, committed 54400K, reserved 1097728K
  class space    used 6407K, capacity 6528K, committed 6528K, reserved 1048576K
}
Event: 88.659 GC heap before
{Heap before GC invocations=55 (full 12):
 PSYoungGen      total 345088K, used 96K [0x00000000e0700000, 0x0000000100000000, 0x0000000100000000)
  eden space 173056K, 0% used [0x00000000e0700000,0x00000000e0700000,0x00000000eb000000)
  from space 172032K, 0% used [0x00000000eb000000,0x00000000eb018000,0x00000000f5800000)
  to   space 172032K, 0% used [0x00000000f5800000,0x00000000f5800000,0x0000000100000000)
 ParOldGen       total 800256K, used 327980K [0x00000000a1400000, 0x00000000d2180000, 0x00000000e0700000)
  object space 800256K, 40% used [0x00000000a1400000,0x00000000b544b2f0,0x00000000d2180000)
 Metaspace       used 53534K, capacity 53971K, committed 54400K, reserved 1097728K
  class space    used 6407K, capacity 6528K, committed 6528K, reserved 1048576K
Event: 88.841 GC heap after
Heap after GC invocations=55 (full 12):
 PSYoungGen      total 345088K, used 0K [0x00000000e0700000, 0x0000000100000000, 0x0000000100000000)
  eden space 173056K, 0% used [0x00000000e0700000,0x00000000e0700000,0x00000000eb000000)
  from space 172032K, 0% used [0x00000000eb000000,0x00000000eb000000,0x00000000f5800000)
  to   space 172032K, 0% used [0x00000000f5800000,0x00000000f5800000,0x0000000100000000)
 ParOldGen       total 800256K, used 327980K [0x00000000a1400000, 0x00000000d2180000, 0x00000000e0700000)
  object space 800256K, 40% used [0x00000000a1400000,0x00000000b544b2d8,0x00000000d2180000)
 Metaspace       used 53534K, capacity 53971K, committed 54400K, reserved 1097728K
  class space    used 6407K, capacity 6528K, committed 6528K, reserved 1048576K
}

