# JRE version: OpenJDK Runtime Environment (8.0_332-b08) (build 1.8.0_332-b08)
# Java VM: OpenJDK 64-Bit Server VM (25.332-b08 mixed mode windows-amd64 compressed oops)
Heap:
 PSYoungGen      total 345088K, used 5496K [0x00000000e0700000, 0x0000000100000000, 0x0000000100000000)
  eden space 173056K, 3% used [0x00000000e0700000,0x00000000e0c5e230,0x00000000eb000000)
  from space 172032K, 0% used [0x00000000eb000000,0x00000000eb000000,0x00000000f5800000)
  to   space 172032K, 0% used [0x00000000f5800000,0x00000000f5800000,0x0000000100000000)
 ParOldGen       total 925696K, used 525601K [0x00000000a1400000, 0x00000000d9c00000, 0x00000000e0700000)
  object space 925696K, 56% used [0x00000000a1400000,0x00000000c1548748,0x00000000d9c00000)
 Metaspace       used 53540K, capacity 53901K, committed 54400K, reserved 1097728K
  class space    used 6421K, capacity 6527K, committed 6528K, reserved 1048576K
GC Heap History (10 events):
Event: 75.597 GC heap before
{Heap before GC invocations=50 (full 11):
 PSYoungGen      total 345088K, used 34742K [0x00000000e0700000, 0x0000000100000000, 0x0000000100000000)
  eden space 173056K, 0% used [0x00000000e0700000,0x00000000e0700000,0x00000000eb000000)
  from space 172032K, 20% used [0x00000000eb000000,0x00000000ed1edac0,0x00000000f5800000)
  to   space 172032K, 0% used [0x00000000f5800000,0x00000000f5800000,0x0000000100000000)
 ParOldGen       total 925696K, used 638625K [0x00000000a1400000, 0x00000000d9c00000, 0x00000000e0700000)
  object space 925696K, 68% used [0x00000000a1400000,0x00000000c83a85a0,0x00000000d9c00000)
 Metaspace       used 53367K, capacity 53773K, committed 54400K, reserved 1097728K
  class space    used 6411K, capacity 6527K, committed 6528K, reserved 1048576K
Event: 75.949 GC heap after
Heap after GC invocations=50 (full 11):
 PSYoungGen      total 345088K, used 0K [0x00000000e0700000, 0x0000000100000000, 0x0000000100000000)
  eden space 173056K, 0% used [0x00000000e0700000,0x00000000e0700000,0x00000000eb000000)
  from space 172032K, 0% used [0x00000000eb000000,0x00000000eb000000,0x00000000f5800000)
  to   space 172032K, 0% used [0x00000000f5800000,0x00000000f5800000,0x0000000100000000)
 ParOldGen       total 925696K, used 561566K [0x00000000a1400000, 0x00000000d9c00000, 0x00000000e0700000)
  object space 925696K, 60% used [0x00000000a1400000,0x00000000c3867a30,0x00000000d9c00000)
 Metaspace       used 53367K, capacity 53773K, committed 54400K, reserved 1097728K
  class space    used 6411K, capacity 6527K, committed 6528K, reserved 1048576K
}
Event: 79.560 GC heap before
{Heap before GC invocations=51 (full 11):
 PSYoungGen      total 345088K, used 143219K [0x00000000e0700000, 0x0000000100000000, 0x0000000100000000)
  eden space 173056K, 82% used [0x00000000e0700000,0x00000000e92dcfe8,0x00000000eb000000)
  from space 172032K, 0% used [0x00000000eb000000,0x00000000eb000000,0x00000000f5800000)
  to   space 172032K, 0% used [0x00000000f5800000,0x00000000f5800000,0x0000000100000000)
 ParOldGen       total 925696K, used 561566K [0x00000000a1400000, 0x00000000d9c00000, 0x00000000e0700000)
  object space 925696K, 60% used [0x00000000a1400000,0x00000000c3867a30,0x00000000d9c00000)
 Metaspace       used 53529K, capacity 53901K, committed 54400K, reserved 1097728K
  class space    used 6420K, capacity 6527K, committed 6528K, reserved 1048576K
Event: 79.575 GC heap after
Heap after GC invocations=51 (full 11):
 PSYoungGen      total 345088K, used 11894K [0x00000000e0700000, 0x0000000100000000, 0x0000000100000000)
  eden space 173056K, 0% used [0x00000000e0700000,0x00000000e0700000,0x00000000eb000000)
  from space 172032K, 6% used [0x00000000f5800000,0x00000000f639db00,0x0000000100000000)
  to   space 172032K, 0% used [0x00000000eb000000,0x00000000eb000000,0x00000000f5800000)
 ParOldGen       total 925696K, used 561574K [0x00000000a1400000, 0x00000000d9c00000, 0x00000000e0700000)
  object space 925696K, 60% used [0x00000000a1400000,0x00000000c3869a30,0x00000000d9c00000)
 Metaspace       used 53529K, capacity 53901K, committed 54400K, reserved 1097728K
  class space    used 6420K, capacity 6527K, committed 6528K, reserved 1048576K
}
Event: 79.575 GC heap before
{Heap before GC invocations=52 (full 12):
 PSYoungGen      total 345088K, used 11894K [0x00000000e0700000, 0x0000000100000000, 0x0000000100000000)
  eden space 173056K, 0% used [0x00000000e0700000,0x00000000e0700000,0x00000000eb000000)
  from space 172032K, 6% used [0x00000000f5800000,0x00000000f639db00,0x0000000100000000)
  to   space 172032K, 0% used [0x00000000eb000000,0x00000000eb000000,0x00000000f5800000)
 ParOldGen       total 925696K, used 561574K [0x00000000a1400000, 0x00000000d9c00000, 0x00000000e0700000)
  object space 925696K, 60% used [0x00000000a1400000,0x00000000c3869a30,0x00000000d9c00000)
 Metaspace       used 53529K, capacity 53901K, committed 54400K, reserved 1097728K
  class space    used 6420K, capacity 6527K, committed 6528K, reserved 1048576K
Event: 80.128 GC heap after
Heap after GC invocations=52 (full 12):
 PSYoungGen      total 345088K, used 0K [0x00000000e0700000, 0x0000000100000000, 0x0000000100000000)
  eden space 173056K, 0% used [0x00000000e0700000,0x00000000e0700000,0x00000000eb000000)
  from space 172032K, 0% used [0x00000000f5800000,0x00000000f5800000,0x0000000100000000)
  to   space 172032K, 0% used [0x00000000eb000000,0x00000000eb000000,0x00000000f5800000)
 ParOldGen       total 925696K, used 525601K [0x00000000a1400000, 0x00000000d9c00000, 0x00000000e0700000)
  object space 925696K, 56% used [0x00000000a1400000,0x00000000c1548780,0x00000000d9c00000)
 Metaspace       used 53529K, capacity 53901K, committed 54400K, reserved 1097728K
  class space    used 6420K, capacity 6527K, committed 6528K, reserved 1048576K
}
Event: 80.129 GC heap before
{Heap before GC invocations=53 (full 12):
 PSYoungGen      total 345088K, used 0K [0x00000000e0700000, 0x0000000100000000, 0x0000000100000000)
  eden space 173056K, 0% used [0x00000000e0700000,0x00000000e0700028,0x00000000eb000000)
  from space 172032K, 0% used [0x00000000f5800000,0x00000000f5800000,0x0000000100000000)
  to   space 172032K, 0% used [0x00000000eb000000,0x00000000eb000000,0x00000000f5800000)
 ParOldGen       total 925696K, used 525601K [0x00000000a1400000, 0x00000000d9c00000, 0x00000000e0700000)
  object space 925696K, 56% used [0x00000000a1400000,0x00000000c1548780,0x00000000d9c00000)
 Metaspace       used 53529K, capacity 53901K, committed 54400K, reserved 1097728K
  class space    used 6420K, capacity 6527K, committed 6528K, reserved 1048576K
Event: 80.133 GC heap after
Heap after GC invocations=53 (full 12):
 PSYoungGen      total 345088K, used 32K [0x00000000e0700000, 0x0000000100000000, 0x0000000100000000)
  eden space 173056K, 0% used [0x00000000e0700000,0x00000000e0700000,0x00000000eb000000)
  from space 172032K, 0% used [0x00000000eb000000,0x00000000eb008000,0x00000000f5800000)
  to   space 172032K, 0% used [0x00000000f5800000,0x00000000f5800000,0x0000000100000000)
 ParOldGen       total 925696K, used 525601K [0x00000000a1400000, 0x00000000d9c00000, 0x00000000e0700000)
  object space 925696K, 56% used [0x00000000a1400000,0x00000000c1548780,0x00000000d9c00000)
 Metaspace       used 53529K, capacity 53901K, committed 54400K, reserved 1097728K
  class space    used 6420K, capacity 6527K, committed 6528K, reserved 1048576K
}
Event: 80.133 GC heap before
{Heap before GC invocations=54 (full 13):
 PSYoungGen      total 345088K, used 32K [0x00000000e0700000, 0x0000000100000000, 0x0000000100000000)
  eden space 173056K, 0% used [0x00000000e0700000,0x00000000e0700000,0x00000000eb000000)
  from space 172032K, 0% used [0x00000000eb000000,0x00000000eb008000,0x00000000f5800000)
  to   space 172032K, 0% used [0x00000000f5800000,0x00000000f5800000,0x0000000100000000)
 ParOldGen       total 925696K, used 525601K [0x00000000a1400000, 0x00000000d9c00000, 0x00000000e0700000)
  object space 925696K, 56% used [0x00000000a1400000,0x00000000c1548780,0x00000000d9c00000)
 Metaspace       used 53529K, capacity 53901K, committed 54400K, reserved 1097728K
  class space    used 6420K, capacity 6527K, committed 6528K, reserved 1048576K
Event: 80.328 GC heap after
Heap after GC invocations=54 (full 13):
 PSYoungGen      total 345088K, used 0K [0x00000000e0700000, 0x0000000100000000, 0x0000000100000000)
  eden space 173056K, 0% used [0x00000000e0700000,0x00000000e0700000,0x00000000eb000000)
  from space 172032K, 0% used [0x00000000eb000000,0x00000000eb000000,0x00000000f5800000)
  to   space 172032K, 0% used [0x00000000f5800000,0x00000000f5800000,0x0000000100000000)
 ParOldGen       total 925696K, used 525601K [0x00000000a1400000, 0x00000000d9c00000, 0x00000000e0700000)
  object space 925696K, 56% used [0x00000000a1400000,0x00000000c1548748,0x00000000d9c00000)
 Metaspace       used 53529K, capacity 53901K, committed 54400K, reserved 1097728K
  class space    used 6420K, capacity 6527K, committed 6528K, reserved 1048576K
}

