# JRE version: OpenJDK Runtime Environment (8.0_332-b08) (build 1.8.0_332-b08)
# Java VM: OpenJDK 64-Bit Server VM (25.332-b08 mixed mode windows-amd64 compressed oops)
Heap:
 PSYoungGen      total 345088K, used 184796K [0x00000000e0700000, 0x0000000100000000, 0x0000000100000000)
  eden space 173056K, 7% used [0x00000000e0700000,0x00000000e13783e8,0x00000000eb000000)
  from space 172032K, 99% used [0x00000000eb000000,0x00000000f57fee80,0x00000000f5800000)
  to   space 172032K, 0% used [0x00000000f5800000,0x00000000f5800000,0x0000000100000000)
 ParOldGen       total 609792K, used 511458K [0x00000000a1400000, 0x00000000c6780000, 0x00000000e0700000)
  object space 609792K, 83% used [0x00000000a1400000,0x00000000c0778888,0x00000000c6780000)
 Metaspace       used 52959K, capacity 53283K, committed 53888K, reserved 1097728K
  class space    used 6387K, capacity 6511K, committed 6528K, reserved 1048576K
GC Heap History (10 events):
Event: 105.504 GC heap before
{Heap before GC invocations=40 (full 8):
 PSYoungGen      total 422400K, used 327680K [0x00000000e0700000, 0x0000000100000000, 0x0000000100000000)
  eden space 327680K, 100% used [0x00000000e0700000,0x00000000f4700000,0x00000000f4700000)
  from space 94720K, 0% used [0x00000000f4700000,0x00000000f4700000,0x00000000fa380000)
  to   space 94720K, 0% used [0x00000000fa380000,0x00000000fa380000,0x0000000100000000)
 ParOldGen       total 393216K, used 253351K [0x00000000a1400000, 0x00000000b9400000, 0x00000000e0700000)
  object space 393216K, 64% used [0x00000000a1400000,0x00000000b0b69c90,0x00000000b9400000)
 Metaspace       used 52468K, capacity 52893K, committed 53376K, reserved 1095680K
  class space    used 6361K, capacity 6510K, committed 6528K, reserved 1048576K
Event: 105.582 GC heap after
Heap after GC invocations=40 (full 8):
 PSYoungGen      total 267776K, used 94700K [0x00000000e0700000, 0x0000000100000000, 0x0000000100000000)
  eden space 173056K, 0% used [0x00000000e0700000,0x00000000e0700000,0x00000000eb000000)
  from space 94720K, 99% used [0x00000000fa380000,0x00000000ffffb2e0,0x0000000100000000)
  to   space 172032K, 0% used [0x00000000eb000000,0x00000000eb000000,0x00000000f5800000)
 ParOldGen       total 393216K, used 367690K [0x00000000a1400000, 0x00000000b9400000, 0x00000000e0700000)
  object space 393216K, 93% used [0x00000000a1400000,0x00000000b7b12830,0x00000000b9400000)
 Metaspace       used 52468K, capacity 52893K, committed 53376K, reserved 1095680K
  class space    used 6361K, capacity 6510K, committed 6528K, reserved 1048576K
}
Event: 105.582 GC heap before
{Heap before GC invocations=41 (full 9):
 PSYoungGen      total 267776K, used 94700K [0x00000000e0700000, 0x0000000100000000, 0x0000000100000000)
  eden space 173056K, 0% used [0x00000000e0700000,0x00000000e0700000,0x00000000eb000000)
  from space 94720K, 99% used [0x00000000fa380000,0x00000000ffffb2e0,0x0000000100000000)
  to   space 172032K, 0% used [0x00000000eb000000,0x00000000eb000000,0x00000000f5800000)
 ParOldGen       total 393216K, used 367690K [0x00000000a1400000, 0x00000000b9400000, 0x00000000e0700000)
  object space 393216K, 93% used [0x00000000a1400000,0x00000000b7b12830,0x00000000b9400000)
 Metaspace       used 52468K, capacity 52893K, committed 53376K, reserved 1095680K
  class space    used 6361K, capacity 6510K, committed 6528K, reserved 1048576K
Event: 106.024 GC heap after
Heap after GC invocations=41 (full 9):
 PSYoungGen      total 267776K, used 49855K [0x00000000e0700000, 0x0000000100000000, 0x0000000100000000)
  eden space 173056K, 0% used [0x00000000e0700000,0x00000000e0700000,0x00000000eb000000)
  from space 94720K, 52% used [0x00000000fa380000,0x00000000fd42fd50,0x0000000100000000)
  to   space 172032K, 0% used [0x00000000eb000000,0x00000000eb000000,0x00000000f5800000)
 ParOldGen       total 609792K, used 393206K [0x00000000a1400000, 0x00000000c6780000, 0x00000000e0700000)
  object space 609792K, 64% used [0x00000000a1400000,0x00000000b93fdad0,0x00000000c6780000)
 Metaspace       used 52468K, capacity 52893K, committed 53376K, reserved 1095680K
  class space    used 6361K, capacity 6510K, committed 6528K, reserved 1048576K
}
Event: 106.443 GC heap before
{Heap before GC invocations=42 (full 9):
 PSYoungGen      total 267776K, used 222911K [0x00000000e0700000, 0x0000000100000000, 0x0000000100000000)
  eden space 173056K, 100% used [0x00000000e0700000,0x00000000eb000000,0x00000000eb000000)
  from space 94720K, 52% used [0x00000000fa380000,0x00000000fd42fd50,0x0000000100000000)
  to   space 172032K, 0% used [0x00000000eb000000,0x00000000eb000000,0x00000000f5800000)
 ParOldGen       total 609792K, used 393206K [0x00000000a1400000, 0x00000000c6780000, 0x00000000e0700000)
  object space 609792K, 64% used [0x00000000a1400000,0x00000000b93fdad0,0x00000000c6780000)
 Metaspace       used 52530K, capacity 53021K, committed 53632K, reserved 1095680K
  class space    used 6363K, capacity 6510K, committed 6528K, reserved 1048576K
Event: 106.513 GC heap after
Heap after GC invocations=42 (full 9):
 PSYoungGen      total 345088K, used 150496K [0x00000000e0700000, 0x0000000100000000, 0x0000000100000000)
  eden space 173056K, 0% used [0x00000000e0700000,0x00000000e0700000,0x00000000eb000000)
  from space 172032K, 87% used [0x00000000eb000000,0x00000000f42f8020,0x00000000f5800000)
  to   space 172032K, 0% used [0x00000000f5800000,0x00000000f5800000,0x0000000100000000)
 ParOldGen       total 609792K, used 393206K [0x00000000a1400000, 0x00000000c6780000, 0x00000000e0700000)
  object space 609792K, 64% used [0x00000000a1400000,0x00000000b93fdad0,0x00000000c6780000)
 Metaspace       used 52530K, capacity 53021K, committed 53632K, reserved 1095680K
  class space    used 6363K, capacity 6510K, committed 6528K, reserved 1048576K
}
Event: 107.089 GC heap before
{Heap before GC invocations=43 (full 9):
 PSYoungGen      total 345088K, used 323552K [0x00000000e0700000, 0x0000000100000000, 0x0000000100000000)
  eden space 173056K, 100% used [0x00000000e0700000,0x00000000eb000000,0x00000000eb000000)
  from space 172032K, 87% used [0x00000000eb000000,0x00000000f42f8020,0x00000000f5800000)
  to   space 172032K, 0% used [0x00000000f5800000,0x00000000f5800000,0x0000000100000000)
 ParOldGen       total 609792K, used 393206K [0x00000000a1400000, 0x00000000c6780000, 0x00000000e0700000)
  object space 609792K, 64% used [0x00000000a1400000,0x00000000b93fdad0,0x00000000c6780000)
 Metaspace       used 52603K, capacity 53091K, committed 53632K, reserved 1095680K
  class space    used 6364K, capacity 6511K, committed 6528K, reserved 1048576K
Event: 107.155 GC heap after
Heap after GC invocations=43 (full 9):
 PSYoungGen      total 345088K, used 172000K [0x00000000e0700000, 0x0000000100000000, 0x0000000100000000)
  eden space 173056K, 0% used [0x00000000e0700000,0x00000000e0700000,0x00000000eb000000)
  from space 172032K, 99% used [0x00000000f5800000,0x00000000ffff8020,0x0000000100000000)
  to   space 172032K, 0% used [0x00000000eb000000,0x00000000eb000000,0x00000000f5800000)
 ParOldGen       total 609792K, used 460861K [0x00000000a1400000, 0x00000000c6780000, 0x00000000e0700000)
  object space 609792K, 75% used [0x00000000a1400000,0x00000000bd60f780,0x00000000c6780000)
 Metaspace       used 52603K, capacity 53091K, committed 53632K, reserved 1095680K
  class space    used 6364K, capacity 6511K, committed 6528K, reserved 1048576K
}
Event: 108.539 GC heap before
{Heap before GC invocations=44 (full 9):
 PSYoungGen      total 345088K, used 345056K [0x00000000e0700000, 0x0000000100000000, 0x0000000100000000)
  eden space 173056K, 100% used [0x00000000e0700000,0x00000000eb000000,0x00000000eb000000)
  from space 172032K, 99% used [0x00000000f5800000,0x00000000ffff8020,0x0000000100000000)
  to   space 172032K, 0% used [0x00000000eb000000,0x00000000eb000000,0x00000000f5800000)
 ParOldGen       total 609792K, used 460861K [0x00000000a1400000, 0x00000000c6780000, 0x00000000e0700000)
  object space 609792K, 75% used [0x00000000a1400000,0x00000000bd60f780,0x00000000c6780000)
 Metaspace       used 52938K, capacity 53283K, committed 53888K, reserved 1097728K
  class space    used 6386K, capacity 6511K, committed 6528K, reserved 1048576K
Event: 108.618 GC heap after
Heap after GC invocations=44 (full 9):
 PSYoungGen      total 345088K, used 172027K [0x00000000e0700000, 0x0000000100000000, 0x0000000100000000)
  eden space 173056K, 0% used [0x00000000e0700000,0x00000000e0700000,0x00000000eb000000)
  from space 172032K, 99% used [0x00000000eb000000,0x00000000f57fee80,0x00000000f5800000)
  to   space 172032K, 0% used [0x00000000f5800000,0x00000000f5800000,0x0000000100000000)
 ParOldGen       total 609792K, used 511458K [0x00000000a1400000, 0x00000000c6780000, 0x00000000e0700000)
  object space 609792K, 83% used [0x00000000a1400000,0x00000000c0778888,0x00000000c6780000)
 Metaspace       used 52938K, capacity 53283K, committed 53888K, reserved 1097728K
  class space    used 6386K, capacity 6511K, committed 6528K, reserved 1048576K
}

