# JRE version: OpenJDK Runtime Environment (8.0_332-b08) (build 1.8.0_332-b08)
# Java VM: OpenJDK 64-Bit Server VM (25.332-b08 mixed mode windows-amd64 compressed oops)
Heap:
 PSYoungGen      total 345088K, used 4834K [0x00000000e0700000, 0x0000000100000000, 0x0000000100000000)
  eden space 173056K, 2% used [0x00000000e0700000,0x00000000e0bb8970,0x00000000eb000000)
  from space 172032K, 0% used [0x00000000f5800000,0x00000000f5800000,0x0000000100000000)
  to   space 172032K, 0% used [0x00000000eb000000,0x00000000eb000000,0x00000000f5800000)
 ParOldGen       total 905216K, used 355487K [0x00000000a1400000, 0x00000000d8800000, 0x00000000e0700000)
  object space 905216K, 39% used [0x00000000a1400000,0x00000000b6f27c60,0x00000000d8800000)
 Metaspace       used 53842K, capacity 54329K, committed 55040K, reserved 1097728K
  class space    used 6431K, capacity 6561K, committed 6656K, reserved 1048576K
GC Heap History (10 events):
Event: 115.147 GC heap before
{Heap before GC invocations=51 (full 11):
 PSYoungGen      total 345088K, used 173056K [0x00000000e0700000, 0x0000000100000000, 0x0000000100000000)
  eden space 173056K, 100% used [0x00000000e0700000,0x00000000eb000000,0x00000000eb000000)
  from space 172032K, 0% used [0x00000000eb000000,0x00000000eb000000,0x00000000f5800000)
  to   space 172032K, 0% used [0x00000000f5800000,0x00000000f5800000,0x0000000100000000)
 ParOldGen       total 905216K, used 574049K [0x00000000a1400000, 0x00000000d8800000, 0x00000000e0700000)
  object space 905216K, 63% used [0x00000000a1400000,0x00000000c44987f0,0x00000000d8800000)
 Metaspace       used 53778K, capacity 54105K, committed 54784K, reserved 1097728K
  class space    used 6423K, capacity 6529K, committed 6656K, reserved 1048576K
Event: 115.190 GC heap after
Heap after GC invocations=51 (full 11):
 PSYoungGen      total 345088K, used 109462K [0x00000000e0700000, 0x0000000100000000, 0x0000000100000000)
  eden space 173056K, 0% used [0x00000000e0700000,0x00000000e0700000,0x00000000eb000000)
  from space 172032K, 63% used [0x00000000f5800000,0x00000000fc2e5b00,0x0000000100000000)
  to   space 172032K, 0% used [0x00000000eb000000,0x00000000eb000000,0x00000000f5800000)
 ParOldGen       total 905216K, used 574057K [0x00000000a1400000, 0x00000000d8800000, 0x00000000e0700000)
  object space 905216K, 63% used [0x00000000a1400000,0x00000000c449a7f0,0x00000000d8800000)
 Metaspace       used 53778K, capacity 54105K, committed 54784K, reserved 1097728K
  class space    used 6423K, capacity 6529K, committed 6656K, reserved 1048576K
}
Event: 122.169 GC heap before
{Heap before GC invocations=52 (full 11):
 PSYoungGen      total 345088K, used 253316K [0x00000000e0700000, 0x0000000100000000, 0x0000000100000000)
  eden space 173056K, 83% used [0x00000000e0700000,0x00000000e937b820,0x00000000eb000000)
  from space 172032K, 63% used [0x00000000f5800000,0x00000000fc2e5b00,0x0000000100000000)
  to   space 172032K, 0% used [0x00000000eb000000,0x00000000eb000000,0x00000000f5800000)
 ParOldGen       total 905216K, used 574057K [0x00000000a1400000, 0x00000000d8800000, 0x00000000e0700000)
  object space 905216K, 63% used [0x00000000a1400000,0x00000000c449a7f0,0x00000000d8800000)
 Metaspace       used 53833K, capacity 54265K, committed 55040K, reserved 1097728K
  class space    used 6430K, capacity 6561K, committed 6656K, reserved 1048576K
Event: 122.178 GC heap after
Heap after GC invocations=52 (full 11):
 PSYoungGen      total 345088K, used 7158K [0x00000000e0700000, 0x0000000100000000, 0x0000000100000000)
  eden space 173056K, 0% used [0x00000000e0700000,0x00000000e0700000,0x00000000eb000000)
  from space 172032K, 4% used [0x00000000eb000000,0x00000000eb6fdb10,0x00000000f5800000)
  to   space 172032K, 0% used [0x00000000f5800000,0x00000000f5800000,0x0000000100000000)
 ParOldGen       total 905216K, used 574065K [0x00000000a1400000, 0x00000000d8800000, 0x00000000e0700000)
  object space 905216K, 63% used [0x00000000a1400000,0x00000000c449c7f0,0x00000000d8800000)
 Metaspace       used 53833K, capacity 54265K, committed 55040K, reserved 1097728K
  class space    used 6430K, capacity 6561K, committed 6656K, reserved 1048576K
}
Event: 122.178 GC heap before
{Heap before GC invocations=53 (full 12):
 PSYoungGen      total 345088K, used 7158K [0x00000000e0700000, 0x0000000100000000, 0x0000000100000000)
  eden space 173056K, 0% used [0x00000000e0700000,0x00000000e0700000,0x00000000eb000000)
  from space 172032K, 4% used [0x00000000eb000000,0x00000000eb6fdb10,0x00000000f5800000)
  to   space 172032K, 0% used [0x00000000f5800000,0x00000000f5800000,0x0000000100000000)
 ParOldGen       total 905216K, used 574065K [0x00000000a1400000, 0x00000000d8800000, 0x00000000e0700000)
  object space 905216K, 63% used [0x00000000a1400000,0x00000000c449c7f0,0x00000000d8800000)
 Metaspace       used 53833K, capacity 54265K, committed 55040K, reserved 1097728K
  class space    used 6430K, capacity 6561K, committed 6656K, reserved 1048576K
Event: 122.629 GC heap after
Heap after GC invocations=53 (full 12):
 PSYoungGen      total 345088K, used 0K [0x00000000e0700000, 0x0000000100000000, 0x0000000100000000)
  eden space 173056K, 0% used [0x00000000e0700000,0x00000000e0700000,0x00000000eb000000)
  from space 172032K, 0% used [0x00000000eb000000,0x00000000eb000000,0x00000000f5800000)
  to   space 172032K, 0% used [0x00000000f5800000,0x00000000f5800000,0x0000000100000000)
 ParOldGen       total 905216K, used 355487K [0x00000000a1400000, 0x00000000d8800000, 0x00000000e0700000)
  object space 905216K, 39% used [0x00000000a1400000,0x00000000b6f27d70,0x00000000d8800000)
 Metaspace       used 53833K, capacity 54265K, committed 55040K, reserved 1097728K
  class space    used 6430K, capacity 6561K, committed 6656K, reserved 1048576K
}
Event: 122.629 GC heap before
{Heap before GC invocations=54 (full 12):
 PSYoungGen      total 345088K, used 0K [0x00000000e0700000, 0x0000000100000000, 0x0000000100000000)
  eden space 173056K, 0% used [0x00000000e0700000,0x00000000e0700000,0x00000000eb000000)
  from space 172032K, 0% used [0x00000000eb000000,0x00000000eb000000,0x00000000f5800000)
  to   space 172032K, 0% used [0x00000000f5800000,0x00000000f5800000,0x0000000100000000)
 ParOldGen       total 905216K, used 355487K [0x00000000a1400000, 0x00000000d8800000, 0x00000000e0700000)
  object space 905216K, 39% used [0x00000000a1400000,0x00000000b6f27d70,0x00000000d8800000)
 Metaspace       used 53833K, capacity 54265K, committed 55040K, reserved 1097728K
  class space    used 6430K, capacity 6561K, committed 6656K, reserved 1048576K
Event: 122.633 GC heap after
Heap after GC invocations=54 (full 12):
 PSYoungGen      total 345088K, used 0K [0x00000000e0700000, 0x0000000100000000, 0x0000000100000000)
  eden space 173056K, 0% used [0x00000000e0700000,0x00000000e0700000,0x00000000eb000000)
  from space 172032K, 0% used [0x00000000f5800000,0x00000000f5800000,0x0000000100000000)
  to   space 172032K, 0% used [0x00000000eb000000,0x00000000eb000000,0x00000000f5800000)
 ParOldGen       total 905216K, used 355487K [0x00000000a1400000, 0x00000000d8800000, 0x00000000e0700000)
  object space 905216K, 39% used [0x00000000a1400000,0x00000000b6f27d70,0x00000000d8800000)
 Metaspace       used 53833K, capacity 54265K, committed 55040K, reserved 1097728K
  class space    used 6430K, capacity 6561K, committed 6656K, reserved 1048576K
}
Event: 122.633 GC heap before
{Heap before GC invocations=55 (full 13):
 PSYoungGen      total 345088K, used 0K [0x00000000e0700000, 0x0000000100000000, 0x0000000100000000)
  eden space 173056K, 0% used [0x00000000e0700000,0x00000000e0700000,0x00000000eb000000)
  from space 172032K, 0% used [0x00000000f5800000,0x00000000f5800000,0x0000000100000000)
  to   space 172032K, 0% used [0x00000000eb000000,0x00000000eb000000,0x00000000f5800000)
 ParOldGen       total 905216K, used 355487K [0x00000000a1400000, 0x00000000d8800000, 0x00000000e0700000)
  object space 905216K, 39% used [0x00000000a1400000,0x00000000b6f27d70,0x00000000d8800000)
 Metaspace       used 53833K, capacity 54265K, committed 55040K, reserved 1097728K
  class space    used 6430K, capacity 6561K, committed 6656K, reserved 1048576K
Event: 122.819 GC heap after
Heap after GC invocations=55 (full 13):
 PSYoungGen      total 345088K, used 0K [0x00000000e0700000, 0x0000000100000000, 0x0000000100000000)
  eden space 173056K, 0% used [0x00000000e0700000,0x00000000e0700000,0x00000000eb000000)
  from space 172032K, 0% used [0x00000000f5800000,0x00000000f5800000,0x0000000100000000)
  to   space 172032K, 0% used [0x00000000eb000000,0x00000000eb000000,0x00000000f5800000)
 ParOldGen       total 905216K, used 355487K [0x00000000a1400000, 0x00000000d8800000, 0x00000000e0700000)
  object space 905216K, 39% used [0x00000000a1400000,0x00000000b6f27c60,0x00000000d8800000)
 Metaspace       used 53833K, capacity 54265K, committed 55040K, reserved 1097728K
  class space    used 6430K, capacity 6561K, committed 6656K, reserved 1048576K
}

