# JRE version: OpenJDK Runtime Environment (8.0_332-b08) (build 1.8.0_332-b08)
# Java VM: OpenJDK 64-Bit Server VM (25.332-b08 mixed mode windows-amd64 compressed oops)
Heap:
 PSYoungGen      total 483328K, used 131328K [0x00000000e0700000, 0x00000000ffe00000, 0x0000000100000000)
  eden space 451584K, 27% used [0x00000000e0700000,0x00000000e7e55d88,0x00000000fc000000)
  from space 31744K, 28% used [0x00000000fc000000,0x00000000fc8ea470,0x00000000fdf00000)
  to   space 30720K, 0% used [0x00000000fe000000,0x00000000fe000000,0x00000000ffe00000)
 ParOldGen       total 656384K, used 505435K [0x00000000a1400000, 0x00000000c9500000, 0x00000000e0700000)
  object space 656384K, 77% used [0x00000000a1400000,0x00000000c0196f00,0x00000000c9500000)
 Metaspace       used 104798K, capacity 108215K, committed 108336K, reserved 1144832K
  class space    used 11712K, capacity 12485K, committed 12592K, reserved 1048576K
GC Heap History (10 events):
Event: 50828.653 GC heap before
{Heap before GC invocations=2181 (full 260):
 PSYoungGen      total 479744K, used 456032K [0x00000000e0700000, 0x00000000ffd80000, 0x0000000100000000)
  eden space 444928K, 100% used [0x00000000e0700000,0x00000000fb980000,0x00000000fb980000)
  from space 34816K, 31% used [0x00000000fdb80000,0x00000000fe658110,0x00000000ffd80000)
  to   space 34816K, 0% used [0x00000000fb980000,0x00000000fb980000,0x00000000fdb80000)
 ParOldGen       total 656384K, used 500345K [0x00000000a1400000, 0x00000000c9500000, 0x00000000e0700000)
  object space 656384K, 76% used [0x00000000a1400000,0x00000000bfc9e5e0,0x00000000c9500000)
 Metaspace       used 104653K, capacity 108047K, committed 108208K, reserved 1144832K
  class space    used 11691K, capacity 12451K, committed 12464K, reserved 1048576K
Event: 50828.671 GC heap after
Heap after GC invocations=2181 (full 260):
 PSYoungGen      total 479744K, used 10360K [0x00000000e0700000, 0x00000000fff00000, 0x0000000100000000)
  eden space 444928K, 0% used [0x00000000e0700000,0x00000000e0700000,0x00000000fb980000)
  from space 34816K, 29% used [0x00000000fb980000,0x00000000fc39e3e0,0x00000000fdb80000)
  to   space 34304K, 0% used [0x00000000fdd80000,0x00000000fdd80000,0x00000000fff00000)
 ParOldGen       total 656384K, used 500857K [0x00000000a1400000, 0x00000000c9500000, 0x00000000e0700000)
  object space 656384K, 76% used [0x00000000a1400000,0x00000000bfd1e5e0,0x00000000c9500000)
 Metaspace       used 104653K, capacity 108047K, committed 108208K, reserved 1144832K
  class space    used 11691K, capacity 12451K, committed 12464K, reserved 1048576K
}
Event: 50833.122 GC heap before
{Heap before GC invocations=2182 (full 260):
 PSYoungGen      total 479744K, used 455288K [0x00000000e0700000, 0x00000000fff00000, 0x0000000100000000)
  eden space 444928K, 100% used [0x00000000e0700000,0x00000000fb980000,0x00000000fb980000)
  from space 34816K, 29% used [0x00000000fb980000,0x00000000fc39e3e0,0x00000000fdb80000)
  to   space 34304K, 0% used [0x00000000fdd80000,0x00000000fdd80000,0x00000000fff00000)
 ParOldGen       total 656384K, used 500857K [0x00000000a1400000, 0x00000000c9500000, 0x00000000e0700000)
  object space 656384K, 76% used [0x00000000a1400000,0x00000000bfd1e5e0,0x00000000c9500000)
 Metaspace       used 104653K, capacity 108047K, committed 108208K, reserved 1144832K
  class space    used 11691K, capacity 12451K, committed 12464K, reserved 1048576K
Event: 50833.139 GC heap after
Heap after GC invocations=2182 (full 260):
 PSYoungGen      total 480768K, used 10170K [0x00000000e0700000, 0x00000000ffd80000, 0x0000000100000000)
  eden space 448000K, 0% used [0x00000000e0700000,0x00000000e0700000,0x00000000fbc80000)
  from space 32768K, 31% used [0x00000000fdd80000,0x00000000fe76eb70,0x00000000ffd80000)
  to   space 33280K, 0% used [0x00000000fbc80000,0x00000000fbc80000,0x00000000fdd00000)
 ParOldGen       total 656384K, used 501081K [0x00000000a1400000, 0x00000000c9500000, 0x00000000e0700000)
  object space 656384K, 76% used [0x00000000a1400000,0x00000000bfd565e0,0x00000000c9500000)
 Metaspace       used 104653K, capacity 108047K, committed 108208K, reserved 1144832K
  class space    used 11691K, capacity 12451K, committed 12464K, reserved 1048576K
}
Event: 50840.266 GC heap before
{Heap before GC invocations=2183 (full 260):
 PSYoungGen      total 480768K, used 458170K [0x00000000e0700000, 0x00000000ffd80000, 0x0000000100000000)
  eden space 448000K, 100% used [0x00000000e0700000,0x00000000fbc80000,0x00000000fbc80000)
  from space 32768K, 31% used [0x00000000fdd80000,0x00000000fe76eb70,0x00000000ffd80000)
  to   space 33280K, 0% used [0x00000000fbc80000,0x00000000fbc80000,0x00000000fdd00000)
 ParOldGen       total 656384K, used 501081K [0x00000000a1400000, 0x00000000c9500000, 0x00000000e0700000)
  object space 656384K, 76% used [0x00000000a1400000,0x00000000bfd565e0,0x00000000c9500000)
 Metaspace       used 104700K, capacity 108149K, committed 108336K, reserved 1144832K
  class space    used 11696K, capacity 12484K, committed 12592K, reserved 1048576K
Event: 50840.303 GC heap after
Heap after GC invocations=2183 (full 260):
 PSYoungGen      total 481280K, used 10860K [0x00000000e0700000, 0x00000000ffe80000, 0x0000000100000000)
  eden space 448000K, 0% used [0x00000000e0700000,0x00000000e0700000,0x00000000fbc80000)
  from space 33280K, 32% used [0x00000000fbc80000,0x00000000fc71b200,0x00000000fdd00000)
  to   space 32256K, 0% used [0x00000000fdf00000,0x00000000fdf00000,0x00000000ffe80000)
 ParOldGen       total 656384K, used 501336K [0x00000000a1400000, 0x00000000c9500000, 0x00000000e0700000)
  object space 656384K, 76% used [0x00000000a1400000,0x00000000bfd96040,0x00000000c9500000)
 Metaspace       used 104700K, capacity 108149K, committed 108336K, reserved 1144832K
  class space    used 11696K, capacity 12484K, committed 12592K, reserved 1048576K
}
Event: 50844.187 GC heap before
{Heap before GC invocations=2184 (full 260):
 PSYoungGen      total 481280K, used 458860K [0x00000000e0700000, 0x00000000ffe80000, 0x0000000100000000)
  eden space 448000K, 100% used [0x00000000e0700000,0x00000000fbc80000,0x00000000fbc80000)
  from space 33280K, 32% used [0x00000000fbc80000,0x00000000fc71b200,0x00000000fdd00000)
  to   space 32256K, 0% used [0x00000000fdf00000,0x00000000fdf00000,0x00000000ffe80000)
 ParOldGen       total 656384K, used 501336K [0x00000000a1400000, 0x00000000c9500000, 0x00000000e0700000)
  object space 656384K, 76% used [0x00000000a1400000,0x00000000bfd96040,0x00000000c9500000)
 Metaspace       used 104701K, capacity 108149K, committed 108336K, reserved 1144832K
  class space    used 11696K, capacity 12484K, committed 12592K, reserved 1048576K
Event: 50844.211 GC heap after
Heap after GC invocations=2184 (full 260):
 PSYoungGen      total 483328K, used 6477K [0x00000000e0700000, 0x00000000ffe00000, 0x0000000100000000)
  eden space 451584K, 0% used [0x00000000e0700000,0x00000000e0700000,0x00000000fc000000)
  from space 31744K, 20% used [0x00000000fdf00000,0x00000000fe553780,0x00000000ffe00000)
  to   space 31744K, 0% used [0x00000000fc000000,0x00000000fc000000,0x00000000fdf00000)
 ParOldGen       total 656384K, used 505315K [0x00000000a1400000, 0x00000000c9500000, 0x00000000e0700000)
  object space 656384K, 76% used [0x00000000a1400000,0x00000000c0178f00,0x00000000c9500000)
 Metaspace       used 104701K, capacity 108149K, committed 108336K, reserved 1144832K
  class space    used 11696K, capacity 12484K, committed 12592K, reserved 1048576K
}
Event: 50847.926 GC heap before
{Heap before GC invocations=2185 (full 260):
 PSYoungGen      total 483328K, used 458061K [0x00000000e0700000, 0x00000000ffe00000, 0x0000000100000000)
  eden space 451584K, 100% used [0x00000000e0700000,0x00000000fc000000,0x00000000fc000000)
  from space 31744K, 20% used [0x00000000fdf00000,0x00000000fe553780,0x00000000ffe00000)
  to   space 31744K, 0% used [0x00000000fc000000,0x00000000fc000000,0x00000000fdf00000)
 ParOldGen       total 656384K, used 505315K [0x00000000a1400000, 0x00000000c9500000, 0x00000000e0700000)
  object space 656384K, 76% used [0x00000000a1400000,0x00000000c0178f00,0x00000000c9500000)
 Metaspace       used 104706K, capacity 108149K, committed 108336K, reserved 1144832K
  class space    used 11696K, capacity 12484K, committed 12592K, reserved 1048576K
Event: 50847.942 GC heap after
Heap after GC invocations=2185 (full 260):
 PSYoungGen      total 483328K, used 9129K [0x00000000e0700000, 0x00000000ffe00000, 0x0000000100000000)
  eden space 451584K, 0% used [0x00000000e0700000,0x00000000e0700000,0x00000000fc000000)
  from space 31744K, 28% used [0x00000000fc000000,0x00000000fc8ea470,0x00000000fdf00000)
  to   space 30720K, 0% used [0x00000000fe000000,0x00000000fe000000,0x00000000ffe00000)
 ParOldGen       total 656384K, used 505435K [0x00000000a1400000, 0x00000000c9500000, 0x00000000e0700000)
  object space 656384K, 77% used [0x00000000a1400000,0x00000000c0196f00,0x00000000c9500000)
 Metaspace       used 104706K, capacity 108149K, committed 108336K, reserved 1144832K
  class space    used 11696K, capacity 12484K, committed 12592K, reserved 1048576K
}

