# JRE version: OpenJDK Runtime Environment (8.0_332-b08) (build 1.8.0_332-b08)
# Java VM: OpenJDK 64-Bit Server VM (25.332-b08 mixed mode windows-amd64 compressed oops)
Heap:
 PSYoungGen      total 486400K, used 12355K [0x00000000e0700000, 0x0000000100000000, 0x0000000100000000)
  eden space 455680K, 2% used [0x00000000e0700000,0x00000000e1310d18,0x00000000fc400000)
  from space 30720K, 0% used [0x00000000fc400000,0x00000000fc400000,0x00000000fe200000)
  to   space 30208K, 0% used [0x00000000fe280000,0x00000000fe280000,0x0000000100000000)
 ParOldGen       total 375296K, used 197087K [0x00000000a1400000, 0x00000000b8280000, 0x00000000e0700000)
  object space 375296K, 52% used [0x00000000a1400000,0x00000000ad477f98,0x00000000b8280000)
 Metaspace       used 56789K, capacity 57489K, committed 57776K, reserved 1099776K
  class space    used 6565K, capacity 6763K, committed 6832K, reserved 1048576K
GC Heap History (10 events):
Event: 2996.816 GC heap before
{Heap before GC invocations=781 (full 130):
 PSYoungGen      total 484352K, used 224K [0x00000000e0700000, 0x0000000100000000, 0x0000000100000000)
  eden space 453632K, 0% used [0x00000000e0700000,0x00000000e0700000,0x00000000fc200000)
  from space 30720K, 0% used [0x00000000fc200000,0x00000000fc238000,0x00000000fe000000)
  to   space 30720K, 0% used [0x00000000fe200000,0x00000000fe200000,0x0000000100000000)
 ParOldGen       total 375296K, used 207327K [0x00000000a1400000, 0x00000000b8280000, 0x00000000e0700000)
  object space 375296K, 55% used [0x00000000a1400000,0x00000000ade77fd8,0x00000000b8280000)
 Metaspace       used 56783K, capacity 57489K, committed 57776K, reserved 1099776K
  class space    used 6564K, capacity 6763K, committed 6832K, reserved 1048576K
Event: 2997.059 GC heap after
Heap after GC invocations=781 (full 130):
 PSYoungGen      total 484352K, used 0K [0x00000000e0700000, 0x0000000100000000, 0x0000000100000000)
  eden space 453632K, 0% used [0x00000000e0700000,0x00000000e0700000,0x00000000fc200000)
  from space 30720K, 0% used [0x00000000fc200000,0x00000000fc200000,0x00000000fe000000)
  to   space 30720K, 0% used [0x00000000fe200000,0x00000000fe200000,0x0000000100000000)
 ParOldGen       total 375296K, used 197087K [0x00000000a1400000, 0x00000000b8280000, 0x00000000e0700000)
  object space 375296K, 52% used [0x00000000a1400000,0x00000000ad477e58,0x00000000b8280000)
 Metaspace       used 56783K, capacity 57489K, committed 57776K, reserved 1099776K
  class space    used 6564K, capacity 6763K, committed 6832K, reserved 1048576K
}
Event: 2997.109 GC heap before
{Heap before GC invocations=782 (full 130):
 PSYoungGen      total 484352K, used 8621K [0x00000000e0700000, 0x0000000100000000, 0x0000000100000000)
  eden space 453632K, 1% used [0x00000000e0700000,0x00000000e0f6b5a8,0x00000000fc200000)
  from space 30720K, 0% used [0x00000000fc200000,0x00000000fc200000,0x00000000fe000000)
  to   space 30720K, 0% used [0x00000000fe200000,0x00000000fe200000,0x0000000100000000)
 ParOldGen       total 375296K, used 197087K [0x00000000a1400000, 0x00000000b8280000, 0x00000000e0700000)
  object space 375296K, 52% used [0x00000000a1400000,0x00000000ad477e58,0x00000000b8280000)
 Metaspace       used 56783K, capacity 57489K, committed 57776K, reserved 1099776K
  class space    used 6564K, capacity 6763K, committed 6832K, reserved 1048576K
Event: 2997.116 GC heap after
Heap after GC invocations=782 (full 130):
 PSYoungGen      total 486400K, used 128K [0x00000000e0700000, 0x0000000100000000, 0x0000000100000000)
  eden space 455680K, 0% used [0x00000000e0700000,0x00000000e0700000,0x00000000fc400000)
  from space 30720K, 0% used [0x00000000fe200000,0x00000000fe220000,0x0000000100000000)
  to   space 30720K, 0% used [0x00000000fc400000,0x00000000fc400000,0x00000000fe200000)
 ParOldGen       total 375296K, used 197087K [0x00000000a1400000, 0x00000000b8280000, 0x00000000e0700000)
  object space 375296K, 52% used [0x00000000a1400000,0x00000000ad477e58,0x00000000b8280000)
 Metaspace       used 56783K, capacity 57489K, committed 57776K, reserved 1099776K
  class space    used 6564K, capacity 6763K, committed 6832K, reserved 1048576K
}
Event: 2997.116 GC heap before
{Heap before GC invocations=783 (full 131):
 PSYoungGen      total 486400K, used 128K [0x00000000e0700000, 0x0000000100000000, 0x0000000100000000)
  eden space 455680K, 0% used [0x00000000e0700000,0x00000000e0700000,0x00000000fc400000)
  from space 30720K, 0% used [0x00000000fe200000,0x00000000fe220000,0x0000000100000000)
  to   space 30720K, 0% used [0x00000000fc400000,0x00000000fc400000,0x00000000fe200000)
 ParOldGen       total 375296K, used 197087K [0x00000000a1400000, 0x00000000b8280000, 0x00000000e0700000)
  object space 375296K, 52% used [0x00000000a1400000,0x00000000ad477e58,0x00000000b8280000)
 Metaspace       used 56783K, capacity 57489K, committed 57776K, reserved 1099776K
  class space    used 6564K, capacity 6763K, committed 6832K, reserved 1048576K
Event: 2997.325 GC heap after
Heap after GC invocations=783 (full 131):
 PSYoungGen      total 486400K, used 0K [0x00000000e0700000, 0x0000000100000000, 0x0000000100000000)
  eden space 455680K, 0% used [0x00000000e0700000,0x00000000e0700000,0x00000000fc400000)
  from space 30720K, 0% used [0x00000000fe200000,0x00000000fe200000,0x0000000100000000)
  to   space 30720K, 0% used [0x00000000fc400000,0x00000000fc400000,0x00000000fe200000)
 ParOldGen       total 375296K, used 197087K [0x00000000a1400000, 0x00000000b8280000, 0x00000000e0700000)
  object space 375296K, 52% used [0x00000000a1400000,0x00000000ad477f98,0x00000000b8280000)
 Metaspace       used 56783K, capacity 57489K, committed 57776K, reserved 1099776K
  class space    used 6564K, capacity 6763K, committed 6832K, reserved 1048576K
}
Event: 2997.325 GC heap before
{Heap before GC invocations=784 (full 131):
 PSYoungGen      total 486400K, used 8K [0x00000000e0700000, 0x0000000100000000, 0x0000000100000000)
  eden space 455680K, 0% used [0x00000000e0700000,0x00000000e07020c0,0x00000000fc400000)
  from space 30720K, 0% used [0x00000000fe200000,0x00000000fe200000,0x0000000100000000)
  to   space 30720K, 0% used [0x00000000fc400000,0x00000000fc400000,0x00000000fe200000)
 ParOldGen       total 375296K, used 197087K [0x00000000a1400000, 0x00000000b8280000, 0x00000000e0700000)
  object space 375296K, 52% used [0x00000000a1400000,0x00000000ad477f98,0x00000000b8280000)
 Metaspace       used 56783K, capacity 57489K, committed 57776K, reserved 1099776K
  class space    used 6564K, capacity 6763K, committed 6832K, reserved 1048576K
Event: 2997.330 GC heap after
Heap after GC invocations=784 (full 131):
 PSYoungGen      total 486400K, used 32K [0x00000000e0700000, 0x0000000100000000, 0x0000000100000000)
  eden space 455680K, 0% used [0x00000000e0700000,0x00000000e0700000,0x00000000fc400000)
  from space 30720K, 0% used [0x00000000fc400000,0x00000000fc408000,0x00000000fe200000)
  to   space 30208K, 0% used [0x00000000fe280000,0x00000000fe280000,0x0000000100000000)
 ParOldGen       total 375296K, used 197087K [0x00000000a1400000, 0x00000000b8280000, 0x00000000e0700000)
  object space 375296K, 52% used [0x00000000a1400000,0x00000000ad477f98,0x00000000b8280000)
 Metaspace       used 56783K, capacity 57489K, committed 57776K, reserved 1099776K
  class space    used 6564K, capacity 6763K, committed 6832K, reserved 1048576K
}
Event: 2997.330 GC heap before
{Heap before GC invocations=785 (full 132):
 PSYoungGen      total 486400K, used 32K [0x00000000e0700000, 0x0000000100000000, 0x0000000100000000)
  eden space 455680K, 0% used [0x00000000e0700000,0x00000000e0700000,0x00000000fc400000)
  from space 30720K, 0% used [0x00000000fc400000,0x00000000fc408000,0x00000000fe200000)
  to   space 30208K, 0% used [0x00000000fe280000,0x00000000fe280000,0x0000000100000000)
 ParOldGen       total 375296K, used 197087K [0x00000000a1400000, 0x00000000b8280000, 0x00000000e0700000)
  object space 375296K, 52% used [0x00000000a1400000,0x00000000ad477f98,0x00000000b8280000)
 Metaspace       used 56783K, capacity 57489K, committed 57776K, reserved 1099776K
  class space    used 6564K, capacity 6763K, committed 6832K, reserved 1048576K
Event: 2997.550 GC heap after
Heap after GC invocations=785 (full 132):
 PSYoungGen      total 486400K, used 0K [0x00000000e0700000, 0x0000000100000000, 0x0000000100000000)
  eden space 455680K, 0% used [0x00000000e0700000,0x00000000e0700000,0x00000000fc400000)
  from space 30720K, 0% used [0x00000000fc400000,0x00000000fc400000,0x00000000fe200000)
  to   space 30208K, 0% used [0x00000000fe280000,0x00000000fe280000,0x0000000100000000)
 ParOldGen       total 375296K, used 197087K [0x00000000a1400000, 0x00000000b8280000, 0x00000000e0700000)
  object space 375296K, 52% used [0x00000000a1400000,0x00000000ad477f98,0x00000000b8280000)
 Metaspace       used 56783K, capacity 57489K, committed 57776K, reserved 1099776K
  class space    used 6564K, capacity 6763K, committed 6832K, reserved 1048576K
}

