# JRE version: OpenJDK Runtime Environment (8.0_332-b08) (build 1.8.0_332-b08)
# Java VM: OpenJDK 64-Bit Server VM (25.332-b08 mixed mode windows-amd64 compressed oops)
Heap:
 PSYoungGen      total 493056K, used 70139K [0x00000000e0700000, 0x00000000fff80000, 0x0000000100000000)
  eden space 470528K, 11% used [0x00000000e0700000,0x00000000e3a313a0,0x00000000fd280000)
  from space 22528K, 78% used [0x00000000fd280000,0x00000000fe3cd9e8,0x00000000fe880000)
  to   space 22016K, 0% used [0x00000000fea00000,0x00000000fea00000,0x00000000fff80000)
 ParOldGen       total 413696K, used 326930K [0x00000000a1400000, 0x00000000ba800000, 0x00000000e0700000)
  object space 413696K, 79% used [0x00000000a1400000,0x00000000b5344a50,0x00000000ba800000)
 Metaspace       used 53715K, capacity 54339K, committed 54656K, reserved 1097728K
  class space    used 6346K, capacity 6524K, committed 6528K, reserved 1048576K
GC Heap History (10 events):
Event: 759.991 GC heap before
{Heap before GC invocations=248 (full 11):
 PSYoungGen      total 492544K, used 486391K [0x00000000e0700000, 0x00000000fff80000, 0x0000000100000000)
  eden space 468480K, 100% used [0x00000000e0700000,0x00000000fd080000,0x00000000fd080000)
  from space 24064K, 74% used [0x00000000fe800000,0x00000000ff97df38,0x00000000fff80000)
  to   space 24064K, 0% used [0x00000000fd080000,0x00000000fd080000,0x00000000fe800000)
 ParOldGen       total 413696K, used 326194K [0x00000000a1400000, 0x00000000ba800000, 0x00000000e0700000)
  object space 413696K, 78% used [0x00000000a1400000,0x00000000b528c960,0x00000000ba800000)
 Metaspace       used 53708K, capacity 54339K, committed 54656K, reserved 1097728K
  class space    used 6344K, capacity 6524K, committed 6528K, reserved 1048576K
Event: 760.004 GC heap after
Heap after GC invocations=248 (full 11):
 PSYoungGen      total 492544K, used 18431K [0x00000000e0700000, 0x0000000100000000, 0x0000000100000000)
  eden space 468480K, 0% used [0x00000000e0700000,0x00000000e0700000,0x00000000fd080000)
  from space 24064K, 76% used [0x00000000fd080000,0x00000000fe27fe78,0x00000000fe800000)
  to   space 24064K, 0% used [0x00000000fe880000,0x00000000fe880000,0x0000000100000000)
 ParOldGen       total 413696K, used 326418K [0x00000000a1400000, 0x00000000ba800000, 0x00000000e0700000)
  object space 413696K, 78% used [0x00000000a1400000,0x00000000b52c49a0,0x00000000ba800000)
 Metaspace       used 53708K, capacity 54339K, committed 54656K, reserved 1097728K
  class space    used 6344K, capacity 6524K, committed 6528K, reserved 1048576K
}
Event: 765.012 GC heap before
{Heap before GC invocations=249 (full 11):
 PSYoungGen      total 492544K, used 486911K [0x00000000e0700000, 0x0000000100000000, 0x0000000100000000)
  eden space 468480K, 100% used [0x00000000e0700000,0x00000000fd080000,0x00000000fd080000)
  from space 24064K, 76% used [0x00000000fd080000,0x00000000fe27fe78,0x00000000fe800000)
  to   space 24064K, 0% used [0x00000000fe880000,0x00000000fe880000,0x0000000100000000)
 ParOldGen       total 413696K, used 326418K [0x00000000a1400000, 0x00000000ba800000, 0x00000000e0700000)
  object space 413696K, 78% used [0x00000000a1400000,0x00000000b52c49a0,0x00000000ba800000)
 Metaspace       used 53708K, capacity 54339K, committed 54656K, reserved 1097728K
  class space    used 6344K, capacity 6524K, committed 6528K, reserved 1048576K
Event: 765.028 GC heap after
Heap after GC invocations=249 (full 11):
 PSYoungGen      total 492032K, used 17382K [0x00000000e0700000, 0x00000000fff00000, 0x0000000100000000)
  eden space 468992K, 0% used [0x00000000e0700000,0x00000000e0700000,0x00000000fd100000)
  from space 23040K, 75% used [0x00000000fe880000,0x00000000ff9799b8,0x00000000fff00000)
  to   space 23552K, 0% used [0x00000000fd100000,0x00000000fd100000,0x00000000fe800000)
 ParOldGen       total 413696K, used 326682K [0x00000000a1400000, 0x00000000ba800000, 0x00000000e0700000)
  object space 413696K, 78% used [0x00000000a1400000,0x00000000b5306a20,0x00000000ba800000)
 Metaspace       used 53708K, capacity 54339K, committed 54656K, reserved 1097728K
  class space    used 6344K, capacity 6524K, committed 6528K, reserved 1048576K
}
Event: 771.875 GC heap before
{Heap before GC invocations=250 (full 11):
 PSYoungGen      total 492032K, used 486374K [0x00000000e0700000, 0x00000000fff00000, 0x0000000100000000)
  eden space 468992K, 100% used [0x00000000e0700000,0x00000000fd100000,0x00000000fd100000)
  from space 23040K, 75% used [0x00000000fe880000,0x00000000ff9799b8,0x00000000fff00000)
  to   space 23552K, 0% used [0x00000000fd100000,0x00000000fd100000,0x00000000fe800000)
 ParOldGen       total 413696K, used 326682K [0x00000000a1400000, 0x00000000ba800000, 0x00000000e0700000)
  object space 413696K, 78% used [0x00000000a1400000,0x00000000b5306a20,0x00000000ba800000)
 Metaspace       used 53708K, capacity 54339K, committed 54656K, reserved 1097728K
  class space    used 6344K, capacity 6524K, committed 6528K, reserved 1048576K
Event: 771.889 GC heap after
Heap after GC invocations=250 (full 11):
 PSYoungGen      total 492544K, used 17235K [0x00000000e0700000, 0x00000000fff80000, 0x0000000100000000)
  eden space 468992K, 0% used [0x00000000e0700000,0x00000000e0700000,0x00000000fd100000)
  from space 23552K, 73% used [0x00000000fd100000,0x00000000fe1d4f98,0x00000000fe800000)
  to   space 23040K, 0% used [0x00000000fe900000,0x00000000fe900000,0x00000000fff80000)
 ParOldGen       total 413696K, used 326722K [0x00000000a1400000, 0x00000000ba800000, 0x00000000e0700000)
  object space 413696K, 78% used [0x00000000a1400000,0x00000000b5310a20,0x00000000ba800000)
 Metaspace       used 53708K, capacity 54339K, committed 54656K, reserved 1097728K
  class space    used 6344K, capacity 6524K, committed 6528K, reserved 1048576K
}
Event: 777.779 GC heap before
{Heap before GC invocations=251 (full 11):
 PSYoungGen      total 492544K, used 486227K [0x00000000e0700000, 0x00000000fff80000, 0x0000000100000000)
  eden space 468992K, 100% used [0x00000000e0700000,0x00000000fd100000,0x00000000fd100000)
  from space 23552K, 73% used [0x00000000fd100000,0x00000000fe1d4f98,0x00000000fe800000)
  to   space 23040K, 0% used [0x00000000fe900000,0x00000000fe900000,0x00000000fff80000)
 ParOldGen       total 413696K, used 326722K [0x00000000a1400000, 0x00000000ba800000, 0x00000000e0700000)
  object space 413696K, 78% used [0x00000000a1400000,0x00000000b5310a20,0x00000000ba800000)
 Metaspace       used 53709K, capacity 54339K, committed 54656K, reserved 1097728K
  class space    used 6344K, capacity 6524K, committed 6528K, reserved 1048576K
Event: 777.794 GC heap after
Heap after GC invocations=251 (full 11):
 PSYoungGen      total 492544K, used 17058K [0x00000000e0700000, 0x00000000ffe80000, 0x0000000100000000)
  eden space 470528K, 0% used [0x00000000e0700000,0x00000000e0700000,0x00000000fd280000)
  from space 22016K, 77% used [0x00000000fe900000,0x00000000ff9a8858,0x00000000ffe80000)
  to   space 22528K, 0% used [0x00000000fd280000,0x00000000fd280000,0x00000000fe880000)
 ParOldGen       total 413696K, used 326762K [0x00000000a1400000, 0x00000000ba800000, 0x00000000e0700000)
  object space 413696K, 78% used [0x00000000a1400000,0x00000000b531aa20,0x00000000ba800000)
 Metaspace       used 53709K, capacity 54339K, committed 54656K, reserved 1097728K
  class space    used 6344K, capacity 6524K, committed 6528K, reserved 1048576K
}
Event: 784.214 GC heap before
{Heap before GC invocations=252 (full 11):
 PSYoungGen      total 492544K, used 487586K [0x00000000e0700000, 0x00000000ffe80000, 0x0000000100000000)
  eden space 470528K, 100% used [0x00000000e0700000,0x00000000fd280000,0x00000000fd280000)
  from space 22016K, 77% used [0x00000000fe900000,0x00000000ff9a8858,0x00000000ffe80000)
  to   space 22528K, 0% used [0x00000000fd280000,0x00000000fd280000,0x00000000fe880000)
 ParOldGen       total 413696K, used 326762K [0x00000000a1400000, 0x00000000ba800000, 0x00000000e0700000)
  object space 413696K, 78% used [0x00000000a1400000,0x00000000b531aa20,0x00000000ba800000)
 Metaspace       used 53709K, capacity 54339K, committed 54656K, reserved 1097728K
  class space    used 6344K, capacity 6524K, committed 6528K, reserved 1048576K
Event: 784.229 GC heap after
Heap after GC invocations=252 (full 11):
 PSYoungGen      total 493056K, used 17718K [0x00000000e0700000, 0x00000000fff80000, 0x0000000100000000)
  eden space 470528K, 0% used [0x00000000e0700000,0x00000000e0700000,0x00000000fd280000)
  from space 22528K, 78% used [0x00000000fd280000,0x00000000fe3cd9e8,0x00000000fe880000)
  to   space 22016K, 0% used [0x00000000fea00000,0x00000000fea00000,0x00000000fff80000)
 ParOldGen       total 413696K, used 326930K [0x00000000a1400000, 0x00000000ba800000, 0x00000000e0700000)
  object space 413696K, 79% used [0x00000000a1400000,0x00000000b5344a50,0x00000000ba800000)
 Metaspace       used 53709K, capacity 54339K, committed 54656K, reserved 1097728K
  class space    used 6344K, capacity 6524K, committed 6528K, reserved 1048576K
}

