# JRE version: OpenJDK Runtime Environment (8.0_332-b08) (build 1.8.0_332-b08)
# Java VM: OpenJDK 64-Bit Server VM (25.332-b08 mixed mode windows-amd64 compressed oops)
Heap:
 PSYoungGen      total 426496K, used 276398K [0x00000000e0700000, 0x0000000100000000, 0x0000000100000000)
  eden space 344064K, 80% used [0x00000000e0700000,0x00000000f14eb860,0x00000000f5700000)
  from space 82432K, 0% used [0x00000000faf80000,0x00000000faf80000,0x0000000100000000)
  to   space 86528K, 0% used [0x00000000f5700000,0x00000000f5700000,0x00000000fab80000)
 ParOldGen       total 350208K, used 249582K [0x00000000a1400000, 0x00000000b6a00000, 0x00000000e0700000)
  object space 350208K, 71% used [0x00000000a1400000,0x00000000b07bb868,0x00000000b6a00000)
 Metaspace       used 54439K, capacity 55075K, committed 55552K, reserved 1097728K
  class space    used 6372K, capacity 6552K, committed 6656K, reserved 1048576K
GC Heap History (10 events):
Event: 2467.016 GC heap before
{Heap before GC invocations=948 (full 194):
 PSYoungGen      total 384000K, used 383946K [0x00000000e0700000, 0x0000000100000000, 0x0000000100000000)
  eden space 352256K, 100% used [0x00000000e0700000,0x00000000f5f00000,0x00000000f5f00000)
  from space 31744K, 99% used [0x00000000f5f00000,0x00000000f7df2910,0x00000000f7e00000)
  to   space 82944K, 0% used [0x00000000faf00000,0x00000000faf00000,0x0000000100000000)
 ParOldGen       total 350208K, used 260808K [0x00000000a1400000, 0x00000000b6a00000, 0x00000000e0700000)
  object space 350208K, 74% used [0x00000000a1400000,0x00000000b12b2098,0x00000000b6a00000)
 Metaspace       used 54429K, capacity 55075K, committed 55552K, reserved 1097728K
  class space    used 6370K, capacity 6552K, committed 6656K, reserved 1048576K
Event: 2467.047 GC heap after
Heap after GC invocations=948 (full 194):
 PSYoungGen      total 434176K, used 31032K [0x00000000e0700000, 0x0000000100000000, 0x0000000100000000)
  eden space 351232K, 0% used [0x00000000e0700000,0x00000000e0700000,0x00000000f5e00000)
  from space 82944K, 37% used [0x00000000faf00000,0x00000000fcd4e3d0,0x0000000100000000)
  to   space 82944K, 0% used [0x00000000f5e00000,0x00000000f5e00000,0x00000000faf00000)
 ParOldGen       total 350208K, used 260808K [0x00000000a1400000, 0x00000000b6a00000, 0x00000000e0700000)
  object space 350208K, 74% used [0x00000000a1400000,0x00000000b12b2098,0x00000000b6a00000)
 Metaspace       used 54429K, capacity 55075K, committed 55552K, reserved 1097728K
  class space    used 6370K, capacity 6552K, committed 6656K, reserved 1048576K
}
Event: 2472.289 GC heap before
{Heap before GC invocations=949 (full 194):
 PSYoungGen      total 434176K, used 382264K [0x00000000e0700000, 0x0000000100000000, 0x0000000100000000)
  eden space 351232K, 100% used [0x00000000e0700000,0x00000000f5e00000,0x00000000f5e00000)
  from space 82944K, 37% used [0x00000000faf00000,0x00000000fcd4e3d0,0x0000000100000000)
  to   space 82944K, 0% used [0x00000000f5e00000,0x00000000f5e00000,0x00000000faf00000)
 ParOldGen       total 350208K, used 260808K [0x00000000a1400000, 0x00000000b6a00000, 0x00000000e0700000)
  object space 350208K, 74% used [0x00000000a1400000,0x00000000b12b2098,0x00000000b6a00000)
 Metaspace       used 54430K, capacity 55075K, committed 55552K, reserved 1097728K
  class space    used 6370K, capacity 6552K, committed 6656K, reserved 1048576K
Event: 2472.326 GC heap after
Heap after GC invocations=949 (full 194):
 PSYoungGen      total 434176K, used 31349K [0x00000000e0700000, 0x0000000100000000, 0x0000000100000000)
  eden space 351232K, 0% used [0x00000000e0700000,0x00000000e0700000,0x00000000f5e00000)
  from space 82944K, 37% used [0x00000000f5e00000,0x00000000f7c9d428,0x00000000faf00000)
  to   space 82432K, 0% used [0x00000000faf80000,0x00000000faf80000,0x0000000100000000)
 ParOldGen       total 350208K, used 260808K [0x00000000a1400000, 0x00000000b6a00000, 0x00000000e0700000)
  object space 350208K, 74% used [0x00000000a1400000,0x00000000b12b2098,0x00000000b6a00000)
 Metaspace       used 54430K, capacity 55075K, committed 55552K, reserved 1097728K
  class space    used 6370K, capacity 6552K, committed 6656K, reserved 1048576K
}
Event: 2472.326 GC heap before
{Heap before GC invocations=950 (full 195):
 PSYoungGen      total 434176K, used 31349K [0x00000000e0700000, 0x0000000100000000, 0x0000000100000000)
  eden space 351232K, 0% used [0x00000000e0700000,0x00000000e0700000,0x00000000f5e00000)
  from space 82944K, 37% used [0x00000000f5e00000,0x00000000f7c9d428,0x00000000faf00000)
  to   space 82432K, 0% used [0x00000000faf80000,0x00000000faf80000,0x0000000100000000)
 ParOldGen       total 350208K, used 260808K [0x00000000a1400000, 0x00000000b6a00000, 0x00000000e0700000)
  object space 350208K, 74% used [0x00000000a1400000,0x00000000b12b2098,0x00000000b6a00000)
 Metaspace       used 54430K, capacity 55075K, committed 55552K, reserved 1097728K
  class space    used 6370K, capacity 6552K, committed 6656K, reserved 1048576K
Event: 2472.796 GC heap after
Heap after GC invocations=950 (full 195):
 PSYoungGen      total 434176K, used 0K [0x00000000e0700000, 0x0000000100000000, 0x0000000100000000)
  eden space 351232K, 0% used [0x00000000e0700000,0x00000000e0700000,0x00000000f5e00000)
  from space 82944K, 0% used [0x00000000f5e00000,0x00000000f5e00000,0x00000000faf00000)
  to   space 82432K, 0% used [0x00000000faf80000,0x00000000faf80000,0x0000000100000000)
 ParOldGen       total 350208K, used 249593K [0x00000000a1400000, 0x00000000b6a00000, 0x00000000e0700000)
  object space 350208K, 71% used [0x00000000a1400000,0x00000000b07be588,0x00000000b6a00000)
 Metaspace       used 54430K, capacity 55075K, committed 55552K, reserved 1097728K
  class space    used 6370K, capacity 6552K, committed 6656K, reserved 1048576K
}
Event: 2477.640 GC heap before
{Heap before GC invocations=951 (full 195):
 PSYoungGen      total 434176K, used 6402K [0x00000000e0700000, 0x0000000100000000, 0x0000000100000000)
  eden space 351232K, 1% used [0x00000000e0700000,0x00000000e0d40808,0x00000000f5e00000)
  from space 82944K, 0% used [0x00000000f5e00000,0x00000000f5e00000,0x00000000faf00000)
  to   space 82432K, 0% used [0x00000000faf80000,0x00000000faf80000,0x0000000100000000)
 ParOldGen       total 350208K, used 249593K [0x00000000a1400000, 0x00000000b6a00000, 0x00000000e0700000)
  object space 350208K, 71% used [0x00000000a1400000,0x00000000b07be588,0x00000000b6a00000)
 Metaspace       used 54431K, capacity 55075K, committed 55552K, reserved 1097728K
  class space    used 6370K, capacity 6552K, committed 6656K, reserved 1048576K
Event: 2477.647 GC heap after
Heap after GC invocations=951 (full 195):
 PSYoungGen      total 426496K, used 192K [0x00000000e0700000, 0x0000000100000000, 0x0000000100000000)
  eden space 344064K, 0% used [0x00000000e0700000,0x00000000e0700000,0x00000000f5700000)
  from space 82432K, 0% used [0x00000000faf80000,0x00000000fafb0000,0x0000000100000000)
  to   space 86528K, 0% used [0x00000000f5700000,0x00000000f5700000,0x00000000fab80000)
 ParOldGen       total 350208K, used 249593K [0x00000000a1400000, 0x00000000b6a00000, 0x00000000e0700000)
  object space 350208K, 71% used [0x00000000a1400000,0x00000000b07be588,0x00000000b6a00000)
 Metaspace       used 54431K, capacity 55075K, committed 55552K, reserved 1097728K
  class space    used 6370K, capacity 6552K, committed 6656K, reserved 1048576K
}
Event: 2477.648 GC heap before
{Heap before GC invocations=952 (full 196):
 PSYoungGen      total 426496K, used 192K [0x00000000e0700000, 0x0000000100000000, 0x0000000100000000)
  eden space 344064K, 0% used [0x00000000e0700000,0x00000000e0700000,0x00000000f5700000)
  from space 82432K, 0% used [0x00000000faf80000,0x00000000fafb0000,0x0000000100000000)
  to   space 86528K, 0% used [0x00000000f5700000,0x00000000f5700000,0x00000000fab80000)
 ParOldGen       total 350208K, used 249593K [0x00000000a1400000, 0x00000000b6a00000, 0x00000000e0700000)
  object space 350208K, 71% used [0x00000000a1400000,0x00000000b07be588,0x00000000b6a00000)
 Metaspace       used 54431K, capacity 55075K, committed 55552K, reserved 1097728K
  class space    used 6370K, capacity 6552K, committed 6656K, reserved 1048576K
Event: 2478.010 GC heap after
Heap after GC invocations=952 (full 196):
 PSYoungGen      total 426496K, used 0K [0x00000000e0700000, 0x0000000100000000, 0x0000000100000000)
  eden space 344064K, 0% used [0x00000000e0700000,0x00000000e0700000,0x00000000f5700000)
  from space 82432K, 0% used [0x00000000faf80000,0x00000000faf80000,0x0000000100000000)
  to   space 86528K, 0% used [0x00000000f5700000,0x00000000f5700000,0x00000000fab80000)
 ParOldGen       total 350208K, used 249582K [0x00000000a1400000, 0x00000000b6a00000, 0x00000000e0700000)
  object space 350208K, 71% used [0x00000000a1400000,0x00000000b07bb868,0x00000000b6a00000)
 Metaspace       used 54431K, capacity 55075K, committed 55552K, reserved 1097728K
  class space    used 6370K, capacity 6552K, committed 6656K, reserved 1048576K
}

