# JRE version: OpenJDK Runtime Environment (8.0_332-b08) (build 1.8.0_332-b08)
# Java VM: OpenJDK 64-Bit Server VM (25.332-b08 mixed mode windows-amd64 compressed oops)
Heap:
 PSYoungGen      total 141824K, used 13266K [0x00000000e0700000, 0x00000000ed800000, 0x0000000100000000)
  eden space 136192K, 5% used [0x00000000e0700000,0x00000000e0e77fe8,0x00000000e8c00000)
  from space 5632K, 99% used [0x00000000ed280000,0x00000000ed7fc830,0x00000000ed800000)
  to   space 7680K, 0% used [0x00000000ec900000,0x00000000ec900000,0x00000000ed080000)
 ParOldGen       total 395264K, used 315261K [0x00000000a1400000, 0x00000000b9600000, 0x00000000e0700000)
  object space 395264K, 79% used [0x00000000a1400000,0x00000000b47df778,0x00000000b9600000)
 Metaspace       used 53089K, capacity 53581K, committed 54144K, reserved 1097728K
  class space    used 6311K, capacity 6443K, committed 6528K, reserved 1048576K
GC Heap History (10 events):
Event: 947.393 GC heap before
{Heap before GC invocations=213 (full 7):
 PSYoungGen      total 145408K, used 145229K [0x00000000e0700000, 0x00000000ee100000, 0x0000000100000000)
  eden space 139264K, 100% used [0x00000000e0700000,0x00000000e8f00000,0x00000000e8f00000)
  from space 6144K, 97% used [0x00000000ed580000,0x00000000edb53690,0x00000000edb80000)
  to   space 5632K, 0% used [0x00000000edb80000,0x00000000edb80000,0x00000000ee100000)
 ParOldGen       total 395264K, used 314085K [0x00000000a1400000, 0x00000000b9600000, 0x00000000e0700000)
  object space 395264K, 79% used [0x00000000a1400000,0x00000000b46b9778,0x00000000b9600000)
 Metaspace       used 53082K, capacity 53581K, committed 54144K, reserved 1097728K
  class space    used 6309K, capacity 6443K, committed 6528K, reserved 1048576K
Event: 947.400 GC heap after
Heap after GC invocations=213 (full 7):
 PSYoungGen      total 148992K, used 5599K [0x00000000e0700000, 0x00000000ee100000, 0x0000000100000000)
  eden space 143360K, 0% used [0x00000000e0700000,0x00000000e0700000,0x00000000e9300000)
  from space 5632K, 99% used [0x00000000edb80000,0x00000000ee0f7c80,0x00000000ee100000)
  to   space 8192K, 0% used [0x00000000ed100000,0x00000000ed100000,0x00000000ed900000)
 ParOldGen       total 395264K, used 314085K [0x00000000a1400000, 0x00000000b9600000, 0x00000000e0700000)
  object space 395264K, 79% used [0x00000000a1400000,0x00000000b46b9778,0x00000000b9600000)
 Metaspace       used 53082K, capacity 53581K, committed 54144K, reserved 1097728K
  class space    used 6309K, capacity 6443K, committed 6528K, reserved 1048576K
}
Event: 949.181 GC heap before
{Heap before GC invocations=214 (full 7):
 PSYoungGen      total 148992K, used 148959K [0x00000000e0700000, 0x00000000ee100000, 0x0000000100000000)
  eden space 143360K, 100% used [0x00000000e0700000,0x00000000e9300000,0x00000000e9300000)
  from space 5632K, 99% used [0x00000000edb80000,0x00000000ee0f7c80,0x00000000ee100000)
  to   space 8192K, 0% used [0x00000000ed100000,0x00000000ed100000,0x00000000ed900000)
 ParOldGen       total 395264K, used 314085K [0x00000000a1400000, 0x00000000b9600000, 0x00000000e0700000)
  object space 395264K, 79% used [0x00000000a1400000,0x00000000b46b9778,0x00000000b9600000)
 Metaspace       used 53082K, capacity 53581K, committed 54144K, reserved 1097728K
  class space    used 6309K, capacity 6443K, committed 6528K, reserved 1048576K
Event: 949.189 GC heap after
Heap after GC invocations=214 (full 7):
 PSYoungGen      total 154624K, used 6569K [0x00000000e0700000, 0x00000000edc00000, 0x0000000100000000)
  eden space 147968K, 0% used [0x00000000e0700000,0x00000000e0700000,0x00000000e9780000)
  from space 6656K, 98% used [0x00000000ed100000,0x00000000ed76a4f0,0x00000000ed780000)
  to   space 4608K, 0% used [0x00000000ed780000,0x00000000ed780000,0x00000000edc00000)
 ParOldGen       total 395264K, used 314149K [0x00000000a1400000, 0x00000000b9600000, 0x00000000e0700000)
  object space 395264K, 79% used [0x00000000a1400000,0x00000000b46c9778,0x00000000b9600000)
 Metaspace       used 53082K, capacity 53581K, committed 54144K, reserved 1097728K
  class space    used 6309K, capacity 6443K, committed 6528K, reserved 1048576K
}
Event: 951.054 GC heap before
{Heap before GC invocations=215 (full 7):
 PSYoungGen      total 154624K, used 154537K [0x00000000e0700000, 0x00000000edc00000, 0x0000000100000000)
  eden space 147968K, 100% used [0x00000000e0700000,0x00000000e9780000,0x00000000e9780000)
  from space 6656K, 98% used [0x00000000ed100000,0x00000000ed76a4f0,0x00000000ed780000)
  to   space 4608K, 0% used [0x00000000ed780000,0x00000000ed780000,0x00000000edc00000)
 ParOldGen       total 395264K, used 314149K [0x00000000a1400000, 0x00000000b9600000, 0x00000000e0700000)
  object space 395264K, 79% used [0x00000000a1400000,0x00000000b46c9778,0x00000000b9600000)
 Metaspace       used 53082K, capacity 53581K, committed 54144K, reserved 1097728K
  class space    used 6309K, capacity 6443K, committed 6528K, reserved 1048576K
Event: 951.060 GC heap after
Heap after GC invocations=215 (full 7):
 PSYoungGen      total 148480K, used 4604K [0x00000000e0700000, 0x00000000edc00000, 0x0000000100000000)
  eden space 143872K, 0% used [0x00000000e0700000,0x00000000e0700000,0x00000000e9380000)
  from space 4608K, 99% used [0x00000000ed780000,0x00000000edbff3d8,0x00000000edc00000)
  to   space 8192K, 0% used [0x00000000ecc00000,0x00000000ecc00000,0x00000000ed400000)
 ParOldGen       total 395264K, used 314805K [0x00000000a1400000, 0x00000000b9600000, 0x00000000e0700000)
  object space 395264K, 79% used [0x00000000a1400000,0x00000000b476d778,0x00000000b9600000)
 Metaspace       used 53082K, capacity 53581K, committed 54144K, reserved 1097728K
  class space    used 6309K, capacity 6443K, committed 6528K, reserved 1048576K
}
Event: 952.831 GC heap before
{Heap before GC invocations=216 (full 7):
 PSYoungGen      total 148480K, used 148476K [0x00000000e0700000, 0x00000000edc00000, 0x0000000100000000)
  eden space 143872K, 100% used [0x00000000e0700000,0x00000000e9380000,0x00000000e9380000)
  from space 4608K, 99% used [0x00000000ed780000,0x00000000edbff3d8,0x00000000edc00000)
  to   space 8192K, 0% used [0x00000000ecc00000,0x00000000ecc00000,0x00000000ed400000)
 ParOldGen       total 395264K, used 314805K [0x00000000a1400000, 0x00000000b9600000, 0x00000000e0700000)
  object space 395264K, 79% used [0x00000000a1400000,0x00000000b476d778,0x00000000b9600000)
 Metaspace       used 53082K, capacity 53581K, committed 54144K, reserved 1097728K
  class space    used 6309K, capacity 6443K, committed 6528K, reserved 1048576K
Event: 952.838 GC heap after
Heap after GC invocations=216 (full 7):
 PSYoungGen      total 146432K, used 6178K [0x00000000e0700000, 0x00000000ed800000, 0x0000000100000000)
  eden space 139776K, 0% used [0x00000000e0700000,0x00000000e0700000,0x00000000e8f80000)
  from space 6656K, 92% used [0x00000000ecc00000,0x00000000ed208840,0x00000000ed280000)
  to   space 5632K, 0% used [0x00000000ed280000,0x00000000ed280000,0x00000000ed800000)
 ParOldGen       total 395264K, used 314885K [0x00000000a1400000, 0x00000000b9600000, 0x00000000e0700000)
  object space 395264K, 79% used [0x00000000a1400000,0x00000000b4781778,0x00000000b9600000)
 Metaspace       used 53082K, capacity 53581K, committed 54144K, reserved 1097728K
  class space    used 6309K, capacity 6443K, committed 6528K, reserved 1048576K
}
Event: 955.002 GC heap before
{Heap before GC invocations=217 (full 7):
 PSYoungGen      total 146432K, used 145954K [0x00000000e0700000, 0x00000000ed800000, 0x0000000100000000)
  eden space 139776K, 100% used [0x00000000e0700000,0x00000000e8f80000,0x00000000e8f80000)
  from space 6656K, 92% used [0x00000000ecc00000,0x00000000ed208840,0x00000000ed280000)
  to   space 5632K, 0% used [0x00000000ed280000,0x00000000ed280000,0x00000000ed800000)
 ParOldGen       total 395264K, used 314885K [0x00000000a1400000, 0x00000000b9600000, 0x00000000e0700000)
  object space 395264K, 79% used [0x00000000a1400000,0x00000000b4781778,0x00000000b9600000)
 Metaspace       used 53082K, capacity 53581K, committed 54144K, reserved 1097728K
  class space    used 6309K, capacity 6443K, committed 6528K, reserved 1048576K
Event: 955.009 GC heap after
Heap after GC invocations=217 (full 7):
 PSYoungGen      total 141824K, used 5618K [0x00000000e0700000, 0x00000000ed800000, 0x0000000100000000)
  eden space 136192K, 0% used [0x00000000e0700000,0x00000000e0700000,0x00000000e8c00000)
  from space 5632K, 99% used [0x00000000ed280000,0x00000000ed7fc830,0x00000000ed800000)
  to   space 7680K, 0% used [0x00000000ec900000,0x00000000ec900000,0x00000000ed080000)
 ParOldGen       total 395264K, used 315261K [0x00000000a1400000, 0x00000000b9600000, 0x00000000e0700000)
  object space 395264K, 79% used [0x00000000a1400000,0x00000000b47df778,0x00000000b9600000)
 Metaspace       used 53082K, capacity 53581K, committed 54144K, reserved 1097728K
  class space    used 6309K, capacity 6443K, committed 6528K, reserved 1048576K
}

