# JRE version: OpenJDK Runtime Environment (8.0_332-b08) (build 1.8.0_332-b08)
# Java VM: OpenJDK 64-Bit Server VM (25.332-b08 mixed mode windows-amd64 compressed oops)
Heap:
 PSYoungGen      total 429568K, used 21998K [0x00000000e0700000, 0x0000000100000000, 0x0000000100000000)
  eden space 429056K, 5% used [0x00000000e0700000,0x00000000e1c7bae8,0x00000000faa00000)
  from space 512K, 0% used [0x00000000faa00000,0x00000000faa00000,0x00000000faa80000)
  to   space 45056K, 0% used [0x00000000fd400000,0x00000000fd400000,0x0000000100000000)
 ParOldGen       total 531456K, used 278471K [0x00000000a1400000, 0x00000000c1b00000, 0x00000000e0700000)
  object space 531456K, 52% used [0x00000000a1400000,0x00000000b23f1f00,0x00000000c1b00000)
 Metaspace       used 105345K, capacity 108679K, committed 108976K, reserved 1146880K
  class space    used 11650K, capacity 12402K, committed 12464K, reserved 1048576K
GC Heap History (10 events):
Event: 4097.702 GC heap before
{Heap before GC invocations=964 (full 49):
 PSYoungGen      total 469504K, used 33561K [0x00000000e0700000, 0x0000000100000000, 0x0000000100000000)
  eden space 430080K, 0% used [0x00000000e0700000,0x00000000e0700000,0x00000000fab00000)
  from space 39424K, 85% used [0x00000000fab00000,0x00000000fcbc6540,0x00000000fd180000)
  to   space 42496K, 0% used [0x00000000fd680000,0x00000000fd680000,0x0000000100000000)
 ParOldGen       total 531456K, used 271637K [0x00000000a1400000, 0x00000000c1b00000, 0x00000000e0700000)
  object space 531456K, 51% used [0x00000000a1400000,0x00000000b1d455f0,0x00000000c1b00000)
 Metaspace       used 105221K, capacity 108509K, committed 108720K, reserved 1144832K
  class space    used 11630K, capacity 12367K, committed 12464K, reserved 1048576K
Event: 4098.210 GC heap after
Heap after GC invocations=964 (full 49):
 PSYoungGen      total 469504K, used 0K [0x00000000e0700000, 0x0000000100000000, 0x0000000100000000)
  eden space 430080K, 0% used [0x00000000e0700000,0x00000000e0700000,0x00000000fab00000)
  from space 39424K, 0% used [0x00000000fab00000,0x00000000fab00000,0x00000000fd180000)
  to   space 42496K, 0% used [0x00000000fd680000,0x00000000fd680000,0x0000000100000000)
 ParOldGen       total 531456K, used 278705K [0x00000000a1400000, 0x00000000c1b00000, 0x00000000e0700000)
  object space 531456K, 52% used [0x00000000a1400000,0x00000000b242c590,0x00000000c1b00000)
 Metaspace       used 105221K, capacity 108509K, committed 108720K, reserved 1144832K
  class space    used 11630K, capacity 12367K, committed 12464K, reserved 1048576K
}
Event: 4098.234 GC heap before
{Heap before GC invocations=965 (full 49):
 PSYoungGen      total 469504K, used 7699K [0x00000000e0700000, 0x0000000100000000, 0x0000000100000000)
  eden space 430080K, 1% used [0x00000000e0700000,0x00000000e0e84c18,0x00000000fab00000)
  from space 39424K, 0% used [0x00000000fab00000,0x00000000fab00000,0x00000000fd180000)
  to   space 42496K, 0% used [0x00000000fd680000,0x00000000fd680000,0x0000000100000000)
 ParOldGen       total 531456K, used 278705K [0x00000000a1400000, 0x00000000c1b00000, 0x00000000e0700000)
  object space 531456K, 52% used [0x00000000a1400000,0x00000000b242c590,0x00000000c1b00000)
 Metaspace       used 105224K, capacity 108509K, committed 108720K, reserved 1144832K
  class space    used 11630K, capacity 12367K, committed 12464K, reserved 1048576K
Event: 4098.242 GC heap after
Heap after GC invocations=965 (full 49):
 PSYoungGen      total 471552K, used 384K [0x00000000e0700000, 0x0000000100000000, 0x0000000100000000)
  eden space 429056K, 0% used [0x00000000e0700000,0x00000000e0700000,0x00000000faa00000)
  from space 42496K, 0% used [0x00000000fd680000,0x00000000fd6e0000,0x0000000100000000)
  to   space 44032K, 0% used [0x00000000faa00000,0x00000000faa00000,0x00000000fd500000)
 ParOldGen       total 531456K, used 278705K [0x00000000a1400000, 0x00000000c1b00000, 0x00000000e0700000)
  object space 531456K, 52% used [0x00000000a1400000,0x00000000b242c590,0x00000000c1b00000)
 Metaspace       used 105224K, capacity 108509K, committed 108720K, reserved 1144832K
  class space    used 11630K, capacity 12367K, committed 12464K, reserved 1048576K
}
Event: 4098.242 GC heap before
{Heap before GC invocations=966 (full 50):
 PSYoungGen      total 471552K, used 384K [0x00000000e0700000, 0x0000000100000000, 0x0000000100000000)
  eden space 429056K, 0% used [0x00000000e0700000,0x00000000e0700000,0x00000000faa00000)
  from space 42496K, 0% used [0x00000000fd680000,0x00000000fd6e0000,0x0000000100000000)
  to   space 44032K, 0% used [0x00000000faa00000,0x00000000faa00000,0x00000000fd500000)
 ParOldGen       total 531456K, used 278705K [0x00000000a1400000, 0x00000000c1b00000, 0x00000000e0700000)
  object space 531456K, 52% used [0x00000000a1400000,0x00000000b242c590,0x00000000c1b00000)
 Metaspace       used 105224K, capacity 108509K, committed 108720K, reserved 1144832K
  class space    used 11630K, capacity 12367K, committed 12464K, reserved 1048576K
Event: 4098.638 GC heap after
Heap after GC invocations=966 (full 50):
 PSYoungGen      total 471552K, used 0K [0x00000000e0700000, 0x0000000100000000, 0x0000000100000000)
  eden space 429056K, 0% used [0x00000000e0700000,0x00000000e0700000,0x00000000faa00000)
  from space 42496K, 0% used [0x00000000fd680000,0x00000000fd680000,0x0000000100000000)
  to   space 44032K, 0% used [0x00000000faa00000,0x00000000faa00000,0x00000000fd500000)
 ParOldGen       total 531456K, used 278474K [0x00000000a1400000, 0x00000000c1b00000, 0x00000000e0700000)
  object space 531456K, 52% used [0x00000000a1400000,0x00000000b23f2ae0,0x00000000c1b00000)
 Metaspace       used 105224K, capacity 108509K, committed 108720K, reserved 1144832K
  class space    used 11630K, capacity 12367K, committed 12464K, reserved 1048576K
}
Event: 4098.639 GC heap before
{Heap before GC invocations=967 (full 50):
 PSYoungGen      total 471552K, used 2740K [0x00000000e0700000, 0x0000000100000000, 0x0000000100000000)
  eden space 429056K, 0% used [0x00000000e0700000,0x00000000e09ad120,0x00000000faa00000)
  from space 42496K, 0% used [0x00000000fd680000,0x00000000fd680000,0x0000000100000000)
  to   space 44032K, 0% used [0x00000000faa00000,0x00000000faa00000,0x00000000fd500000)
 ParOldGen       total 531456K, used 278474K [0x00000000a1400000, 0x00000000c1b00000, 0x00000000e0700000)
  object space 531456K, 52% used [0x00000000a1400000,0x00000000b23f2ae0,0x00000000c1b00000)
 Metaspace       used 105224K, capacity 108509K, committed 108720K, reserved 1144832K
  class space    used 11630K, capacity 12367K, committed 12464K, reserved 1048576K
Event: 4098.647 GC heap after
Heap after GC invocations=967 (full 50):
 PSYoungGen      total 429568K, used 128K [0x00000000e0700000, 0x0000000100000000, 0x0000000100000000)
  eden space 429056K, 0% used [0x00000000e0700000,0x00000000e0700000,0x00000000faa00000)
  from space 512K, 25% used [0x00000000faa00000,0x00000000faa20000,0x00000000faa80000)
  to   space 45056K, 0% used [0x00000000fd400000,0x00000000fd400000,0x0000000100000000)
 ParOldGen       total 531456K, used 278474K [0x00000000a1400000, 0x00000000c1b00000, 0x00000000e0700000)
  object space 531456K, 52% used [0x00000000a1400000,0x00000000b23f2ae0,0x00000000c1b00000)
 Metaspace       used 105224K, capacity 108509K, committed 108720K, reserved 1144832K
  class space    used 11630K, capacity 12367K, committed 12464K, reserved 1048576K
}
Event: 4098.647 GC heap before
{Heap before GC invocations=968 (full 51):
 PSYoungGen      total 429568K, used 128K [0x00000000e0700000, 0x0000000100000000, 0x0000000100000000)
  eden space 429056K, 0% used [0x00000000e0700000,0x00000000e0700000,0x00000000faa00000)
  from space 512K, 25% used [0x00000000faa00000,0x00000000faa20000,0x00000000faa80000)
  to   space 45056K, 0% used [0x00000000fd400000,0x00000000fd400000,0x0000000100000000)
 ParOldGen       total 531456K, used 278474K [0x00000000a1400000, 0x00000000c1b00000, 0x00000000e0700000)
  object space 531456K, 52% used [0x00000000a1400000,0x00000000b23f2ae0,0x00000000c1b00000)
 Metaspace       used 105224K, capacity 108509K, committed 108720K, reserved 1144832K
  class space    used 11630K, capacity 12367K, committed 12464K, reserved 1048576K
Event: 4099.198 GC heap after
Heap after GC invocations=968 (full 51):
 PSYoungGen      total 429568K, used 0K [0x00000000e0700000, 0x0000000100000000, 0x0000000100000000)
  eden space 429056K, 0% used [0x00000000e0700000,0x00000000e0700000,0x00000000faa00000)
  from space 512K, 0% used [0x00000000faa00000,0x00000000faa00000,0x00000000faa80000)
  to   space 45056K, 0% used [0x00000000fd400000,0x00000000fd400000,0x0000000100000000)
 ParOldGen       total 531456K, used 278471K [0x00000000a1400000, 0x00000000c1b00000, 0x00000000e0700000)
  object space 531456K, 52% used [0x00000000a1400000,0x00000000b23f1f00,0x00000000c1b00000)
 Metaspace       used 105224K, capacity 108509K, committed 108720K, reserved 1144832K
  class space    used 11630K, capacity 12367K, committed 12464K, reserved 1048576K
}

