# JRE version: OpenJDK Runtime Environment (8.0_332-b08) (build 1.8.0_332-b08)
# Java VM: OpenJDK 64-Bit Server VM (25.332-b08 mixed mode windows-amd64 compressed oops)
Heap:
 PSYoungGen      total 303104K, used 214532K [0x00000000e0700000, 0x00000000f7300000, 0x0000000100000000)
  eden space 236544K, 84% used [0x00000000e0700000,0x00000000ecaaeeb0,0x00000000eee00000)
  from space 66560K, 21% used [0x00000000f3200000,0x00000000f3fd2190,0x00000000f7300000)
  to   space 68096K, 0% used [0x00000000eee00000,0x00000000eee00000,0x00000000f3080000)
 ParOldGen       total 968704K, used 926004K [0x00000000a1400000, 0x00000000dc600000, 0x00000000e0700000)
  object space 968704K, 95% used [0x00000000a1400000,0x00000000d9c4d3e0,0x00000000dc600000)
 Metaspace       used 55531K, capacity 55997K, committed 56704K, reserved 1099776K
  class space    used 6507K, capacity 6675K, committed 6784K, reserved 1048576K
GC Heap History (10 events):
Event: 209.519 GC heap before
{Heap before GC invocations=119 (full 11):
 PSYoungGen      total 307712K, used 254346K [0x00000000e0700000, 0x00000000f7d00000, 0x0000000100000000)
  eden space 230912K, 100% used [0x00000000e0700000,0x00000000ee880000,0x00000000ee880000)
  from space 76800K, 30% used [0x00000000ee880000,0x00000000eff629f0,0x00000000f3380000)
  to   space 74752K, 0% used [0x00000000f3400000,0x00000000f3400000,0x00000000f7d00000)
 ParOldGen       total 968704K, used 920656K [0x00000000a1400000, 0x00000000dc600000, 0x00000000e0700000)
  object space 968704K, 95% used [0x00000000a1400000,0x00000000d97142a0,0x00000000dc600000)
 Metaspace       used 55364K, capacity 55869K, committed 56576K, reserved 1099776K
  class space    used 6494K, capacity 6611K, committed 6656K, reserved 1048576K
Event: 209.530 GC heap after
Heap after GC invocations=119 (full 11):
 PSYoungGen      total 305152K, used 17777K [0x00000000e0700000, 0x00000000f7a80000, 0x0000000100000000)
  eden space 232960K, 0% used [0x00000000e0700000,0x00000000e0700000,0x00000000eea80000)
  from space 72192K, 24% used [0x00000000f3400000,0x00000000f455c5e0,0x00000000f7a80000)
  to   space 73728K, 0% used [0x00000000eea80000,0x00000000eea80000,0x00000000f3280000)
 ParOldGen       total 968704K, used 921891K [0x00000000a1400000, 0x00000000dc600000, 0x00000000e0700000)
  object space 968704K, 95% used [0x00000000a1400000,0x00000000d9848f20,0x00000000dc600000)
 Metaspace       used 55364K, capacity 55869K, committed 56576K, reserved 1099776K
  class space    used 6494K, capacity 6611K, committed 6656K, reserved 1048576K
}
Event: 211.317 GC heap before
{Heap before GC invocations=120 (full 11):
 PSYoungGen      total 305152K, used 250737K [0x00000000e0700000, 0x00000000f7a80000, 0x0000000100000000)
  eden space 232960K, 100% used [0x00000000e0700000,0x00000000eea80000,0x00000000eea80000)
  from space 72192K, 24% used [0x00000000f3400000,0x00000000f455c5e0,0x00000000f7a80000)
  to   space 73728K, 0% used [0x00000000eea80000,0x00000000eea80000,0x00000000f3280000)
 ParOldGen       total 968704K, used 921891K [0x00000000a1400000, 0x00000000dc600000, 0x00000000e0700000)
  object space 968704K, 95% used [0x00000000a1400000,0x00000000d9848f20,0x00000000dc600000)
 Metaspace       used 55463K, capacity 55933K, committed 56576K, reserved 1099776K
  class space    used 6500K, capacity 6611K, committed 6656K, reserved 1048576K
Event: 211.330 GC heap after
Heap after GC invocations=120 (full 11):
 PSYoungGen      total 306688K, used 17754K [0x00000000e0700000, 0x00000000f7980000, 0x0000000100000000)
  eden space 232960K, 0% used [0x00000000e0700000,0x00000000e0700000,0x00000000eea80000)
  from space 73728K, 24% used [0x00000000eea80000,0x00000000efbd6830,0x00000000f3280000)
  to   space 72192K, 0% used [0x00000000f3300000,0x00000000f3300000,0x00000000f7980000)
 ParOldGen       total 968704K, used 923465K [0x00000000a1400000, 0x00000000dc600000, 0x00000000e0700000)
  object space 968704K, 95% used [0x00000000a1400000,0x00000000d99d2420,0x00000000dc600000)
 Metaspace       used 55463K, capacity 55933K, committed 56576K, reserved 1099776K
  class space    used 6500K, capacity 6611K, committed 6656K, reserved 1048576K
}
Event: 213.029 GC heap before
{Heap before GC invocations=121 (full 11):
 PSYoungGen      total 306688K, used 250714K [0x00000000e0700000, 0x00000000f7980000, 0x0000000100000000)
  eden space 232960K, 100% used [0x00000000e0700000,0x00000000eea80000,0x00000000eea80000)
  from space 73728K, 24% used [0x00000000eea80000,0x00000000efbd6830,0x00000000f3280000)
  to   space 72192K, 0% used [0x00000000f3300000,0x00000000f3300000,0x00000000f7980000)
 ParOldGen       total 968704K, used 923465K [0x00000000a1400000, 0x00000000dc600000, 0x00000000e0700000)
  object space 968704K, 95% used [0x00000000a1400000,0x00000000d99d2420,0x00000000dc600000)
 Metaspace       used 55466K, capacity 55933K, committed 56576K, reserved 1099776K
  class space    used 6500K, capacity 6611K, committed 6656K, reserved 1048576K
Event: 213.040 GC heap after
Heap after GC invocations=121 (full 11):
 PSYoungGen      total 303104K, used 18206K [0x00000000e0700000, 0x00000000f7580000, 0x0000000100000000)
  eden space 235008K, 0% used [0x00000000e0700000,0x00000000e0700000,0x00000000eec80000)
  from space 68096K, 26% used [0x00000000f3300000,0x00000000f44c7b70,0x00000000f7580000)
  to   space 70144K, 0% used [0x00000000eec80000,0x00000000eec80000,0x00000000f3100000)
 ParOldGen       total 968704K, used 924082K [0x00000000a1400000, 0x00000000dc600000, 0x00000000e0700000)
  object space 968704K, 95% used [0x00000000a1400000,0x00000000d9a6c930,0x00000000dc600000)
 Metaspace       used 55466K, capacity 55933K, committed 56576K, reserved 1099776K
  class space    used 6500K, capacity 6611K, committed 6656K, reserved 1048576K
}
Event: 217.673 GC heap before
{Heap before GC invocations=122 (full 11):
 PSYoungGen      total 303104K, used 253214K [0x00000000e0700000, 0x00000000f7580000, 0x0000000100000000)
  eden space 235008K, 100% used [0x00000000e0700000,0x00000000eec80000,0x00000000eec80000)
  from space 68096K, 26% used [0x00000000f3300000,0x00000000f44c7b70,0x00000000f7580000)
  to   space 70144K, 0% used [0x00000000eec80000,0x00000000eec80000,0x00000000f3100000)
 ParOldGen       total 968704K, used 924082K [0x00000000a1400000, 0x00000000dc600000, 0x00000000e0700000)
  object space 968704K, 95% used [0x00000000a1400000,0x00000000d9a6c930,0x00000000dc600000)
 Metaspace       used 55468K, capacity 55933K, committed 56576K, reserved 1099776K
  class space    used 6500K, capacity 6611K, committed 6656K, reserved 1048576K
Event: 217.692 GC heap after
Heap after GC invocations=122 (full 11):
 PSYoungGen      total 305152K, used 37669K [0x00000000e0700000, 0x00000000f7580000, 0x0000000100000000)
  eden space 235008K, 0% used [0x00000000e0700000,0x00000000e0700000,0x00000000eec80000)
  from space 70144K, 53% used [0x00000000eec80000,0x00000000f1149778,0x00000000f3100000)
  to   space 69120K, 0% used [0x00000000f3200000,0x00000000f3200000,0x00000000f7580000)
 ParOldGen       total 968704K, used 925097K [0x00000000a1400000, 0x00000000dc600000, 0x00000000e0700000)
  object space 968704K, 95% used [0x00000000a1400000,0x00000000d9b6a6e0,0x00000000dc600000)
 Metaspace       used 55468K, capacity 55933K, committed 56576K, reserved 1099776K
  class space    used 6500K, capacity 6611K, committed 6656K, reserved 1048576K
}
Event: 224.757 GC heap before
{Heap before GC invocations=123 (full 11):
 PSYoungGen      total 305152K, used 272677K [0x00000000e0700000, 0x00000000f7580000, 0x0000000100000000)
  eden space 235008K, 100% used [0x00000000e0700000,0x00000000eec80000,0x00000000eec80000)
  from space 70144K, 53% used [0x00000000eec80000,0x00000000f1149778,0x00000000f3100000)
  to   space 69120K, 0% used [0x00000000f3200000,0x00000000f3200000,0x00000000f7580000)
 ParOldGen       total 968704K, used 925097K [0x00000000a1400000, 0x00000000dc600000, 0x00000000e0700000)
  object space 968704K, 95% used [0x00000000a1400000,0x00000000d9b6a6e0,0x00000000dc600000)
 Metaspace       used 55471K, capacity 55933K, committed 56576K, reserved 1099776K
  class space    used 6500K, capacity 6611K, committed 6656K, reserved 1048576K
Event: 224.767 GC heap after
Heap after GC invocations=123 (full 11):
 PSYoungGen      total 303104K, used 14152K [0x00000000e0700000, 0x00000000f7300000, 0x0000000100000000)
  eden space 236544K, 0% used [0x00000000e0700000,0x00000000e0700000,0x00000000eee00000)
  from space 66560K, 21% used [0x00000000f3200000,0x00000000f3fd2190,0x00000000f7300000)
  to   space 68096K, 0% used [0x00000000eee00000,0x00000000eee00000,0x00000000f3080000)
 ParOldGen       total 968704K, used 926004K [0x00000000a1400000, 0x00000000dc600000, 0x00000000e0700000)
  object space 968704K, 95% used [0x00000000a1400000,0x00000000d9c4d3e0,0x00000000dc600000)
 Metaspace       used 55471K, capacity 55933K, committed 56576K, reserved 1099776K
  class space    used 6500K, capacity 6611K, committed 6656K, reserved 1048576K
}

